Log file open, 08/03/16 15:29:51
LogInit:Display: Running engine for game: FlexProject
LogPlatformFile: Not using cached read wrapper
LogInit:Display: RandInit(-2025117851) SRandInit(-2025117850).
LogInit: Using version manifest at CL 0 with build ID '7c48e37e-af59-471d-a33a-e5509b5ef975'
LogTaskGraph: Started task graph with 4 named threads and 7 total threads with 1 sets of task threads.
LogStats: Stats thread started at 0.070390
LogInit: Version: 4.12.4-0+UE4
LogInit: API Version: 0
LogInit: Net Version: 0
LogDevObjectVersion: Number of dev versions registered: 13
LogDevObjectVersion:   Dev-Blueprints (B0D832E4-1F89-4F0D-ACCF-7EB736FD4AA2): 3
LogDevObjectVersion:   Dev-Build (E1C64328-A22C-4D53-A36C-8E866417BD8C): 0
LogDevObjectVersion:   Dev-Core (375EC13C-06E4-48FB-B500-84F0262A717E): 1
LogDevObjectVersion:   Dev-Editor (E4B068ED-F494-42E9-A231-DA0B2E46BB41): 2
LogDevObjectVersion:   Dev-Framework (CFFC743F-43B0-4480-9391-14DF171D2073): 6
LogDevObjectVersion:   Dev-Mobile (B02B49B5-BB20-44E9-A304-32B752E40360): 0
LogDevObjectVersion:   Dev-Networking (A4E4105C-59A1-49B5-A7C5-40C4547EDFEE): 0
LogDevObjectVersion:   Dev-Online (39C831C9-5AE6-47DC-9A44-9C173E1C8E7C): 0
LogDevObjectVersion:   Dev-Physics (78F01B33-EBEA-4F98-B9B4-84EACCB95AA2): 0
LogDevObjectVersion:   Dev-Platform (6631380F-2D4D-43E0-8009-CF276956A95A): 0
LogDevObjectVersion:   Dev-Rendering (12F88B9F-8875-4AFC-A67C-D90C383ABD29): 2
LogDevObjectVersion:   Dev-Sequencer (7B5AE74C-D270-4C10-A958-57980B212A5A): 0
LogDevObjectVersion:   Dev-VR (D7296918-1DD6-4BDD-9DE2-64A83CC13884): 0
LogInit: Compiled (64-bit): Aug  3 2016 13:12:31
LogInit: Compiled with Visual C++: 19.00.23506.00
LogInit: Build Configuration: Development
LogInit: Branch Name: UE4
LogInit: Command line:  
LogInit: Base directory: D:/UnrealEngine-FleX/UnrealEngine-FleX/Engine/Binaries/Win64/
LogInit: Installed Engine Build: 0
LogInit: Using libcurl 7.41.0
LogInit:  - built for x86_64-pc-win32
LogInit:  - supports SSL with WinSSL
LogInit:  - other features:
LogInit:      CURL_VERSION_SSL
LogInit:      CURL_VERSION_IPV6
LogInit:      CURL_VERSION_ASYNCHDNS
LogInit:      CURL_VERSION_LARGEFILE
LogInit:      CURL_VERSION_IDN
LogInit:  CurlRequestOptions (configurable via config and command line):
LogInit:  - bVerifyPeer = true  - Libcurl will verify peer certificate
LogInit:  - bUseHttpProxy = false  - Libcurl will NOT use HTTP proxy
LogInit:  - bDontReuseConnections = false  - Libcurl will reuse connections
LogInit:  - CertBundlePath = nullptr  - Libcurl will use whatever was configured at build time.
LogInit: Presizing for max 8388607 objects, including 0 objects not considered by GC, pre-allocating 0 bytes for permanent pool.
LogInit: Object subsystem initialized
[2016.08.03-20.29.51:796][  0]LogInit: Selected Device Profile: [Windows]
[2016.08.03-20.29.51:796][  0]LogInit: Applying CVar settings loaded from the selected device profile: [Windows]
[2016.08.03-20.29.51:827][  0]LogInit: Computer: DESKTOP-LAGTANL
[2016.08.03-20.29.51:827][  0]LogInit: User: emman
[2016.08.03-20.29.51:827][  0]LogInit: CPU Page size=65536, Cores=4
[2016.08.03-20.29.51:827][  0]LogInit: High frequency timer resolution =2.531251 MHz
[2016.08.03-20.29.51:827][  0]LogMemory: Memory total: Physical=15.9GB (16GB approx)
[2016.08.03-20.29.51:827][  0]LogMemory: Platform Memory Stats for Windows
[2016.08.03-20.29.51:827][  0]LogMemory: Process Physical Memory: 190.55 MB used, 190.55 MB peak
[2016.08.03-20.29.51:827][  0]LogMemory: Process Virtual Memory: 195.32 MB used, 195.32 MB peak
[2016.08.03-20.29.51:827][  0]LogMemory: Physical Memory: 4434.72 MB used, 16282.52 MB total
[2016.08.03-20.29.51:827][  0]LogMemory: Virtual Memory: 553.53 MB used, 134217728.00 MB total
[2016.08.03-20.29.52:330][  0]LogTextLocalizationManager: No specific translations for ('en-US') exist, so ('en') translations will be used.
[2016.08.03-20.29.52:700][  0]LogD3D11RHI: D3D11 adapters:
[2016.08.03-20.29.52:776][  0]LogD3D11RHI:    0. 'NVIDIA GeForce GTX 960M' (Feature Level 11_0)
[2016.08.03-20.29.52:776][  0]LogD3D11RHI:       2018/0/8141 MB DedicatedVideo/DedicatedSystem/SharedSystem, Outputs:1, VendorId:0x10de
[2016.08.03-20.29.52:784][  0]LogD3D11RHI:    1. 'Intel(R) HD Graphics 530' (Feature Level 11_0)
[2016.08.03-20.29.52:784][  0]LogD3D11RHI:       128/0/8141 MB DedicatedVideo/DedicatedSystem/SharedSystem, Outputs:0, VendorId:0x8086
[2016.08.03-20.29.52:786][  0]LogD3D11RHI:    2. 'Microsoft Basic Render Driver' (Feature Level 11_0)
[2016.08.03-20.29.52:786][  0]LogD3D11RHI:       0/0/8141 MB DedicatedVideo/DedicatedSystem/SharedSystem, Outputs:0, VendorId:0x1414
[2016.08.03-20.29.52:786][  0]LogD3D11RHI: Chosen D3D11 Adapter: 0
[2016.08.03-20.29.52:791][  0]LogD3D11RHI: Creating new Direct3DDevice
[2016.08.03-20.29.52:791][  0]LogD3D11RHI:     GPU DeviceId: 0x139b (for the marketing name, search the web for "GPU Device Id")
[2016.08.03-20.29.52:791][  0]LogWindows: EnumDisplayDevices:
[2016.08.03-20.29.52:791][  0]LogWindows:    0. 'Intel(R) HD Graphics 530' (P:1 D:1)
[2016.08.03-20.29.52:791][  0]LogWindows:    1. 'Intel(R) HD Graphics 530' (P:0 D:0)
[2016.08.03-20.29.52:792][  0]LogWindows:    2. 'Intel(R) HD Graphics 530' (P:0 D:0)
[2016.08.03-20.29.52:792][  0]LogWindows: DebugString: PrimaryIsNotTheChoosenAdapter PrimaryIsNotTheChoosenAdapter PrimaryIsNotTheChoosenAdapter FoundDriverCount:0 
[2016.08.03-20.29.52:792][  0]LogD3D11RHI:     Adapter Name: NVIDIA GeForce GTX 960M
[2016.08.03-20.29.52:792][  0]LogD3D11RHI:   Driver Version: Unknown (internal:Unknown, unified:Unknown)
[2016.08.03-20.29.52:792][  0]LogD3D11RHI:      Driver Date: Unknown
[2016.08.03-20.29.52:792][  0]LogRHI: Texture pool is 1361 MB (70% of 1945 MB)
[2016.08.03-20.29.52:822][  0]LogD3D11RHI: Async texture creation enabled
[2016.08.03-20.29.52:833][  0]LogD3D11RHI: GPU Timing Frequency: 1000.000000 (Debug: 2 1)
[2016.08.03-20.29.52:833][  0]LogShaderCompilers: Guid format shader working directory is 26 characters bigger than the processId version (../../../FlexProject/Intermediate/Shaders/WorkingDirectory/8444/).
[2016.08.03-20.29.52:834][  0]LogShaderCompilers: Cleaned the shader compiler working directory 'C:/Users/emman/AppData/Local/Temp/UnrealShaderWorkingDir/948EA8414D691B028DAE4BA36DB7F4B7/'.
[2016.08.03-20.29.52:834][  0]LogShaderCompilers:Display: Using Local Shader Compiler.
[2016.08.03-20.29.53:582][  0]LogTemp:Display: Loaded TP WindowsTargetPlatform
[2016.08.03-20.29.53:588][  0]LogTemp:Display: Loaded TP WindowsNoEditorTargetPlatform
[2016.08.03-20.29.53:595][  0]LogTemp:Display: Loaded TP WindowsServerTargetPlatform
[2016.08.03-20.29.53:601][  0]LogTemp:Display: Loaded TP WindowsClientTargetPlatform
[2016.08.03-20.29.53:607][  0]LogTemp:Display: Loaded TP AllDesktopTargetPlatform
[2016.08.03-20.29.53:613][  0]LogTemp:Display: Loaded TP AndroidTargetPlatform
[2016.08.03-20.29.53:619][  0]LogTemp:Display: Loaded TP Android_PVRTCTargetPlatform
[2016.08.03-20.29.53:625][  0]LogTemp:Display: Loaded TP Android_ATCTargetPlatform
[2016.08.03-20.29.53:631][  0]LogTemp:Display: Loaded TP Android_DXTTargetPlatform
[2016.08.03-20.29.53:637][  0]LogTemp:Display: Loaded TP Android_ETC1TargetPlatform
[2016.08.03-20.29.53:643][  0]LogTemp:Display: Loaded TP Android_ETC2TargetPlatform
[2016.08.03-20.29.53:649][  0]LogTemp:Display: Loaded TP Android_ASTCTargetPlatform
[2016.08.03-20.29.53:655][  0]LogTemp:Display: Loaded TP Android_MultiTargetPlatform
[2016.08.03-20.29.53:656][  0]LogTemp:Display: Loaded TP HTML5TargetPlatform
[2016.08.03-20.29.53:675][  0]LogTemp:Display: Loaded TP IOSTargetPlatform
[2016.08.03-20.29.53:680][  0]LogTemp:Display: Loaded TP TVOSTargetPlatform
[2016.08.03-20.29.53:680][  0]LogTargetPlatformManager:Display: Building Assets For Windows
[2016.08.03-20.29.53:739][  0]LogDerivedDataCache:Display: Max Cache Size: 512 MB
[2016.08.03-20.29.53:787][  0]LogDerivedDataCache: Loaded boot cache 0.05s 52MB ../../../FlexProject/DerivedDataCache/Boot.ddc.
[2016.08.03-20.29.53:787][  0]LogDerivedDataCache:Display: Loaded Boot cache: ../../../FlexProject/DerivedDataCache/Boot.ddc
[2016.08.03-20.29.53:787][  0]LogDerivedDataCache: FDerivedDataBackendGraph:  Pak pak cache file ../../../FlexProject/DerivedDataCache/DDC.ddp not found, will not use a pak cache.
[2016.08.03-20.29.53:787][  0]LogDerivedDataCache: Unable to find inner node Pak for hierarchical cache Hierarchy.
[2016.08.03-20.29.53:787][  0]LogDerivedDataCache: FDerivedDataBackendGraph:  EnginePak pak cache file ../../../Engine/DerivedDataCache/DDC.ddp not found, will not use a pak cache.
[2016.08.03-20.29.53:787][  0]LogDerivedDataCache: Unable to find inner node EnginePak for hierarchical cache Hierarchy.
[2016.08.03-20.29.53:800][  0]LogDerivedDataCache: Using Local data cache path ../../../Engine/DerivedDataCache: Writable
[2016.08.03-20.29.53:800][  0]LogDerivedDataCache: Shared data cache path not found in *engine.ini, will not use an Shared cache.
[2016.08.03-20.29.53:800][  0]LogDerivedDataCache: Unable to find inner node Shared for hierarchical cache Hierarchy.
[2016.08.03-20.29.53:966][  0]LogInit: Selected Device Profile: [Windows]
[2016.08.03-20.29.53:966][  0]LogContentStreaming: Texture pool size is 0.00 MB
[2016.08.03-20.29.54:127][  0]LogMeshUtilities: No automatic mesh reduction module available
[2016.08.03-20.29.54:127][  0]LogMeshUtilities: No automatic mesh merging module available
[2016.08.03-20.29.54:127][  0]LogMeshUtilities: No distributed automatic mesh merging module available
[2016.08.03-20.29.54:353][  0]LogAssetRegistry: FAssetRegistry took 0.0212 seconds to start up
[2016.08.03-20.29.54:370][  0]LogPackageLocalizationCache: Processed 3 localized package path(s) for 2 prioritized culture(s) in 0.016155 seconds
[2016.08.03-20.29.54:375][  0]LogUObjectArray: 28946 objects as part of root set at end of initial load.
[2016.08.03-20.29.54:375][  0]LogUObjectAllocator: 5899888 out of 0 bytes used by permanent object pool.
[2016.08.03-20.29.54:375][  0]LogUObjectArray: CloseDisregardForGC: 0/0 objects in disregard for GC pool
[2016.08.03-20.29.54:379][  0]LogInit: WinSock: version 1.1 (2.2), MaxSocks=32767, MaxUdp=65467
[2016.08.03-20.29.57:677][  0]LogSlate: SlateFontCache - WITH_FREETYPE: 1, WITH_HARFBUZZ: 1
[2016.08.03-20.29.57:677][  0]LogSlate: SlateFontCache - WITH_FREETYPE: 1, WITH_HARFBUZZ: 1
[2016.08.03-20.30.09:646][  0]LogUdpMessaging: Initializing bridge on interface 0.0.0.0:0 to multicast group 230.0.0.1:6666.
[2016.08.03-20.30.12:730][  0]SourceControl: Info Source control is disabled
[2016.08.03-20.30.12:743][  0]SourceControl: Info Source control is disabled
[2016.08.03-20.30.12:900][  0]SourceControl: Info Source control is disabled
[2016.08.03-20.30.13:687][  0]SourceControl: Info Source control is disabled
[2016.08.03-20.30.19:347][  0]LogEngine: Initializing Engine...
[2016.08.03-20.30.19:348][  0]LogHMD: SteamVR failed to initialize.  Err: 110
[2016.08.03-20.30.19:349][  0]LogHMD: SteamVR failed to initialize.  Err: 110
[2016.08.03-20.30.20:279][  0]LogAIModule: Creating AISystem for world NewWorld
[2016.08.03-20.30.20:286][  0]LogInit: XAudio2 using 'Speakers (Conexant SmartAudio HD)' : 2 channels at 48 kHz using 32 bits per sample (channel mask 0x3)
[2016.08.03-20.30.20:301][  0]LogInit: FAudioDevice initialized.
[2016.08.03-20.30.20:303][  0]LogDerivedDataCache:Error: Could not save memory cache ../../../FlexProject/DerivedDataCache/Boot.ddc.
[2016.08.03-20.30.20:309][  0]LogInit: Texture streaming: Enabled
[2016.08.03-20.30.21:746][  0]LogInit: Transaction tracking system initialized
[2016.08.03-20.30.22:736][  0]BlueprintLog: New page: Editor Load
[2016.08.03-20.30.28:762][  0]LocalizationService: Info Localization service is disabled
[2016.08.03-20.30.31:870][  0]LogConsoleResponse:Display: 
[2016.08.03-20.30.33:490][  0]LogCook:Display: Max memory allowance for cook 8192mb
[2016.08.03-20.30.33:490][  0]LogCook:Display: Mobile HDR setting 1
[2016.08.03-20.30.33:908][  0]LogFileCache: Scanning file cache for directory 'D:/UnrealEngine-FleX/UnrealEngine-FleX/FlexProject/Content/' took 0.01s
[2016.08.03-20.30.38:261][  0]SourceControl: Info Source control is disabled
[2016.08.03-20.30.38:261][  0]Cmd: MAP LOAD FILE="../../../FlexProject/Content/Maps/flexSoftTestMap.umap" TEMPLATE=0 SHOWPROGRESS=1 FEATURELEVEL=3
[2016.08.03-20.30.38:262][  0]LightingResults: New page: Lighting Build
[2016.08.03-20.30.38:263][  0]MapCheck: New page: Map Check
[2016.08.03-20.30.38:263][  0]LightingResults: New page: Lighting Build
[2016.08.03-20.30.39:544][  0]LogAIModule: Creating AISystem for world flexSoftTestMap
[2016.08.03-20.30.39:724][  0]LogEditorServer: Finished looking for orphan Actors (0.000 secs)
[2016.08.03-20.30.39:724][  0]Cmd: MAP CHECKDEP NOCLEARLOG
[2016.08.03-20.30.39:754][  0]MapCheck: Info Map check complete: 0 Error(s), 0 Warning(s), took 28.931ms to complete.
[2016.08.03-20.30.39:754][  0]LogFileHelpers: Loading map 'flexSoftTestMap' took 1.492
[2016.08.03-20.30.40:134][  0]LogCollectionManager: Loaded 0 collections in 0.000768 seconds
[2016.08.03-20.30.40:171][  0]LogFileCache: Scanning file cache for directory 'D:/UnrealEngine-FleX/UnrealEngine-FleX/FlexProject/Saved/Collections/' took 0.01s
[2016.08.03-20.30.40:171][  0]LogFileCache: Scanning file cache for directory 'D:/UnrealEngine-FleX/UnrealEngine-FleX/FlexProject/Content/Developers/emman/Collections/' took 0.01s
[2016.08.03-20.30.40:171][  0]LogFileCache: Scanning file cache for directory 'D:/UnrealEngine-FleX/UnrealEngine-FleX/FlexProject/Content/Collections/' took 0.01s
[2016.08.03-20.30.40:171][  0]LogCollectionManager: Rebuilt the GUID cache for 0 collections in 0.000003 seconds
[2016.08.03-20.30.40:181][  0]LogContentBrowser: Native class hierarchy populated in 0.0088 seconds. Added 2065 classes and 368 folders.
[2016.08.03-20.30.40:184][  0]LogStats: UGameplayTagsManager::ConstructGameplayTagTree: Construct from data asset -  0.000 s
[2016.08.03-20.30.40:184][  0]LogStats: UGameplayTagsManager::ConstructGameplayTagTree: GameplayTagTreeChangedEvent.Broadcast -  0.000 s
[2016.08.03-20.30.40:184][  0]LogContentBrowser: Native class hierarchy updated for 'GameplayTags' in 0.0004 seconds. Added 12 classes and 0 folders.
[2016.08.03-20.30.40:187][  0]LogContentBrowser: Native class hierarchy updated for 'WidgetCarousel' in 0.0003 seconds. Added 0 classes and 0 folders.
[2016.08.03-20.30.41:362][  0]LogContentBrowser: Native class hierarchy updated for 'AddContentDialog' in 0.0004 seconds. Added 0 classes and 0 folders.
[2016.08.03-20.30.41:590][  0]LogContentBrowser: Native class hierarchy updated for 'SceneOutliner' in 0.0003 seconds. Added 1 classes and 2 folders.
[2016.08.03-20.30.42:661][  0]LogCrashTracker: Crashtracker disabled due to settings.
[2016.08.03-20.30.42:668][  0]LogUObjectGlobals:Warning: Failed to find object 'Class None.'
[2016.08.03-20.30.42:693][  0]LogContentBrowser: Native class hierarchy updated for 'HierarchicalLODOutliner' in 0.0004 seconds. Added 1 classes and 2 folders.
[2016.08.03-20.30.42:694][  0]LogLoad: Full Startup: 51.87 seconds (BP compile: 0.03 seconds)
[2016.08.03-20.30.42:694][  0]LogExternalProfiler: No external profilers were discovered.  External profiling features will not be available.
[2016.08.03-20.30.42:711][  0]LogWindowsTextInputMethodSystem:Display: IME system now deactivated.
[2016.08.03-20.30.42:711][  0]LogOcInput: OculusInput pre-init called
[2016.08.03-20.30.42:730][  0]LogContentStreaming: Texture pool size now 200 MB
[2016.08.03-20.30.43:113][  0]LogRenderer: Reallocating scene render targets to support 964x436 (Frame:2).
[2016.08.03-20.30.43:256][  1]LogAssetRegistry: Asset discovery search completed in 48.9246 seconds
[2016.08.03-20.30.43:256][  1]LogCollectionManager: Rebuilt the object cache for 0 collections in 0.000001 seconds (found 0 objects)
[2016.08.03-20.30.43:256][  1]LogCollectionManager: Fixed up redirectors for 0 collections in 0.000064 seconds (updated 0 objects)
[2016.08.03-20.51.26:694][158]LogBlueprintUserMessages: Early PlayInEditor Detection: Level '/Game/Maps/flexSoftTestMap.flexSoftTestMap:PersistentLevel' has LevelScriptBlueprint '/Game/Maps/flexSoftTestMap.flexSoftTestMap:PersistentLevel.flexSoftTestMap' with GeneratedClass '/Game/Maps/flexSoftTestMap.flexSoftTestMap_C' with ClassGeneratedBy '/Game/Maps/flexSoftTestMap.flexSoftTestMap:PersistentLevel.flexSoftTestMap'
[2016.08.03-20.51.26:694][158]LogPlayLevel: PlayLevel: No blueprints needed recompiling
[2016.08.03-20.51.26:746][158]PIE: New page: PIE session: flexSoftTestMap (Aug 3, 2016, 10:51:26 AM)
[2016.08.03-20.51.26:746][158]LogPlayLevel: Creating play world package: /Game/Maps/UEDPIE_0_flexSoftTestMap
[2016.08.03-20.51.26:780][158]LogPlayLevel: PIE: StaticDuplicateObject took: (0.033208s)
[2016.08.03-20.51.26:782][158]LogAIModule: Creating AISystem for world flexSoftTestMap
[2016.08.03-20.51.26:783][158]LogPlayLevel: PIE: World Init took: (0.002453s)
[2016.08.03-20.51.26:783][158]LogPlayLevel: PIE: Created PIE world by copying editor world from /Game/Maps/flexSoftTestMap.flexSoftTestMap to /Game/Maps/UEDPIE_0_flexSoftTestMap.flexSoftTestMap (0.036868s)
[2016.08.03-20.51.26:813][158]LogInit: XAudio2 using 'Speakers (Conexant SmartAudio HD)' : 2 channels at 48 kHz using 32 bits per sample (channel mask 0x3)
[2016.08.03-20.51.26:824][158]LogInit: FAudioDevice initialized.
[2016.08.03-20.51.27:104][158]LogBlueprint:Warning: Node '/Game/Blueprints/MyCharacter.MyCharacter:EdGraph_0.K2Node_FunctionEntry_19' missing NodeGuid because of upgrade from old package version, this can cause deterministic cooking issues please resave package.
[2016.08.03-20.51.27:111][158]LogBlueprint:Warning: Node '/Game/Blueprints/MyCharacter.MyCharacter:EdGraph_1.K2Node_FunctionEntry_19' missing NodeGuid because of upgrade from old package version, this can cause deterministic cooking issues please resave package.
[2016.08.03-20.51.27:120][158]LogBlueprint:Warning: Node '/Game/Blueprints/MyCharacter.MyCharacter:EdGraph_2.K2Node_FunctionEntry_19' missing NodeGuid because of upgrade from old package version, this can cause deterministic cooking issues please resave package.
[2016.08.03-20.51.27:124][158]LogBlueprint:Warning: Node '/Game/Blueprints/MyGame.MyGame:EdGraph_0.K2Node_FunctionEntry_34' missing NodeGuid because of upgrade from old package version, this can cause deterministic cooking issues please resave package.
[2016.08.03-20.51.27:124][158]LogBlueprint:Warning: Node '/Game/Blueprints/MyGame.MyGame:EdGraph_1.K2Node_FunctionEntry_34' missing NodeGuid because of upgrade from old package version, this can cause deterministic cooking issues please resave package.
[2016.08.03-20.51.27:154][158]LogBlueprint:Warning: Node '/Game/Character/HeroTPP_AnimBlueprint.HeroTPP_AnimBlueprint:AnimGraph.AnimGraphNode_StateMachine_1.Default.AnimStateNode_1.Idle/Run.AnimGraphNode_BlendSpacePlayer_9' missing NodeGuid because of upgrade from old package version, this can cause deterministic cooking issues please resave package.
[2016.08.03-20.51.27:154][158]LogBlueprint:Warning: Node '/Game/Character/HeroTPP_AnimBlueprint.HeroTPP_AnimBlueprint:AnimGraph.AnimGraphNode_Root_5' missing NodeGuid because of upgrade from old package version, this can cause deterministic cooking issues please resave package.
[2016.08.03-20.51.27:154][158]LogBlueprint:Warning: Node '/Game/Character/HeroTPP_AnimBlueprint.HeroTPP_AnimBlueprint:AnimGraph.AnimGraphNode_StateMachine_1.Default.AnimStateNode_4.JumpStart.AnimGraphNode_SequencePlayer_34' missing NodeGuid because of upgrade from old package version, this can cause deterministic cooking issues please resave package.
[2016.08.03-20.51.27:154][158]LogBlueprint:Warning: Node '/Game/Character/HeroTPP_AnimBlueprint.HeroTPP_AnimBlueprint:AnimGraph.AnimGraphNode_StateMachine_1.Default.AnimStateNode_6.JumpLoop.AnimGraphNode_SequencePlayer_40' missing NodeGuid because of upgrade from old package version, this can cause deterministic cooking issues please resave package.
[2016.08.03-20.51.27:154][158]LogBlueprint:Warning: Node '/Game/Character/HeroTPP_AnimBlueprint.HeroTPP_AnimBlueprint:AnimGraph.AnimGraphNode_StateMachine_1.Default.AnimStateNode_8.JumpEnd.AnimGraphNode_SequencePlayer_46' missing NodeGuid because of upgrade from old package version, this can cause deterministic cooking issues please resave package.
[2016.08.03-20.51.27:154][158]LogBlueprint:Warning: Node '/Game/Character/HeroTPP_AnimBlueprint.HeroTPP_AnimBlueprint:AnimGraph.AnimGraphNode_StateMachine_1' missing NodeGuid because of upgrade from old package version, this can cause deterministic cooking issues please resave package.
[2016.08.03-20.51.27:154][158]LogBlueprint:Warning: Node '/Game/Character/HeroTPP_AnimBlueprint.HeroTPP_AnimBlueprint:AnimGraph.AnimGraphNode_StateMachine_1.Default.AnimStateNode_1.Idle/Run.AnimGraphNode_StateResult_0' missing NodeGuid because of upgrade from old package version, this can cause deterministic cooking issues please resave package.
[2016.08.03-20.51.27:154][158]LogBlueprint:Warning: Node '/Game/Character/HeroTPP_AnimBlueprint.HeroTPP_AnimBlueprint:AnimGraph.AnimGraphNode_StateMachine_1.Default.AnimStateNode_4.JumpStart.AnimGraphNode_StateResult_9' missing NodeGuid because of upgrade from old package version, this can cause deterministic cooking issues please resave package.
[2016.08.03-20.51.27:154][158]LogBlueprint:Warning: Node '/Game/Character/HeroTPP_AnimBlueprint.HeroTPP_AnimBlueprint:AnimGraph.AnimGraphNode_StateMachine_1.Default.AnimStateNode_6.JumpLoop.AnimGraphNode_StateResult_16' missing NodeGuid because of upgrade from old package version, this can cause deterministic cooking issues please resave package.
[2016.08.03-20.51.27:154][158]LogBlueprint:Warning: Node '/Game/Character/HeroTPP_AnimBlueprint.HeroTPP_AnimBlueprint:AnimGraph.AnimGraphNode_StateMachine_1.Default.AnimStateNode_8.JumpEnd.AnimGraphNode_StateResult_26' missing NodeGuid because of upgrade from old package version, this can cause deterministic cooking issues please resave package.
[2016.08.03-20.51.27:154][158]LogBlueprint:Warning: Node '/Game/Character/HeroTPP_AnimBlueprint.HeroTPP_AnimBlueprint:AnimGraph.AnimGraphNode_StateMachine_1.Default.AnimStateTransitionNode_1.Transition.AnimGraphNode_TransitionResult_0' missing NodeGuid because of upgrade from old package version, this can cause deterministic cooking issues please resave package.
[2016.08.03-20.51.27:154][158]LogBlueprint:Warning: Node '/Game/Character/HeroTPP_AnimBlueprint.HeroTPP_AnimBlueprint:AnimGraph.AnimGraphNode_StateMachine_1.Default.AnimStateTransitionNode_3.Transition.AnimGraphNode_TransitionResult_3' missing NodeGuid because of upgrade from old package version, this can cause deterministic cooking issues please resave package.
[2016.08.03-20.51.27:154][158]LogBlueprint:Warning: Node '/Game/Character/HeroTPP_AnimBlueprint.HeroTPP_AnimBlueprint:AnimGraph.AnimGraphNode_StateMachine_1.Default.AnimStateTransitionNode_5.Transition.AnimGraphNode_TransitionResult_9' missing NodeGuid because of upgrade from old package version, this can cause deterministic cooking issues please resave package.
[2016.08.03-20.51.27:154][158]LogBlueprint:Warning: Node '/Game/Character/HeroTPP_AnimBlueprint.HeroTPP_AnimBlueprint:AnimGraph.AnimGraphNode_StateMachine_1.Default.AnimStateTransitionNode_7.Transition.AnimGraphNode_TransitionResult_18' missing NodeGuid because of upgrade from old package version, this can cause deterministic cooking issues please resave package.
[2016.08.03-20.51.27:154][158]LogBlueprint:Warning: Node '/Game/Character/HeroTPP_AnimBlueprint.HeroTPP_AnimBlueprint:AnimGraph.AnimGraphNode_StateMachine_1.Default.AnimStateEntryNode_0' missing NodeGuid because of upgrade from old package version, this can cause deterministic cooking issues please resave package.
[2016.08.03-20.51.27:154][158]LogBlueprint:Warning: Node '/Game/Character/HeroTPP_AnimBlueprint.HeroTPP_AnimBlueprint:AnimGraph.AnimGraphNode_StateMachine_1.Default.AnimStateNode_1' missing NodeGuid because of upgrade from old package version, this can cause deterministic cooking issues please resave package.
[2016.08.03-20.51.27:154][158]LogBlueprint:Warning: Node '/Game/Character/HeroTPP_AnimBlueprint.HeroTPP_AnimBlueprint:AnimGraph.AnimGraphNode_StateMachine_1.Default.AnimStateNode_4' missing NodeGuid because of upgrade from old package version, this can cause deterministic cooking issues please resave package.
[2016.08.03-20.51.27:154][158]LogBlueprint:Warning: Node '/Game/Character/HeroTPP_AnimBlueprint.HeroTPP_AnimBlueprint:AnimGraph.AnimGraphNode_StateMachine_1.Default.AnimStateNode_6' missing NodeGuid because of upgrade from old package version, this can cause deterministic cooking issues please resave package.
[2016.08.03-20.51.27:154][158]LogBlueprint:Warning: Node '/Game/Character/HeroTPP_AnimBlueprint.HeroTPP_AnimBlueprint:AnimGraph.AnimGraphNode_StateMachine_1.Default.AnimStateNode_8' missing NodeGuid because of upgrade from old package version, this can cause deterministic cooking issues please resave package.
[2016.08.03-20.51.27:154][158]LogBlueprint:Warning: Node '/Game/Character/HeroTPP_AnimBlueprint.HeroTPP_AnimBlueprint:AnimGraph.AnimGraphNode_StateMachine_1.Default.AnimStateTransitionNode_1' missing NodeGuid because of upgrade from old package version, this can cause deterministic cooking issues please resave package.
[2016.08.03-20.51.27:154][158]LogBlueprint:Warning: Node '/Game/Character/HeroTPP_AnimBlueprint.HeroTPP_AnimBlueprint:AnimGraph.AnimGraphNode_StateMachine_1.Default.AnimStateTransitionNode_3' missing NodeGuid because of upgrade from old package version, this can cause deterministic cooking issues please resave package.
[2016.08.03-20.51.27:154][158]LogBlueprint:Warning: Node '/Game/Character/HeroTPP_AnimBlueprint.HeroTPP_AnimBlueprint:AnimGraph.AnimGraphNode_StateMachine_1.Default.AnimStateTransitionNode_5' missing NodeGuid because of upgrade from old package version, this can cause deterministic cooking issues please resave package.
[2016.08.03-20.51.27:154][158]LogBlueprint:Warning: Node '/Game/Character/HeroTPP_AnimBlueprint.HeroTPP_AnimBlueprint:AnimGraph.AnimGraphNode_StateMachine_1.Default.AnimStateTransitionNode_7' missing NodeGuid because of upgrade from old package version, this can cause deterministic cooking issues please resave package.
[2016.08.03-20.51.27:154][158]LogBlueprint:Warning: Node '/Game/Character/HeroTPP_AnimBlueprint.HeroTPP_AnimBlueprint:EventGraph.EdGraphNode_Comment_19' missing NodeGuid because of upgrade from old package version, this can cause deterministic cooking issues please resave package.
[2016.08.03-20.51.27:154][158]LogBlueprint:Warning: Node '/Game/Character/HeroTPP_AnimBlueprint.HeroTPP_AnimBlueprint:EventGraph.K2Node_Comment_22' missing NodeGuid because of upgrade from old package version, this can cause deterministic cooking issues please resave package.
[2016.08.03-20.51.27:154][158]LogBlueprint:Warning: Node '/Game/Character/HeroTPP_AnimBlueprint.HeroTPP_AnimBlueprint:EventGraph.K2Node_Comment_25' missing NodeGuid because of upgrade from old package version, this can cause deterministic cooking issues please resave package.
[2016.08.03-20.51.27:155][158]LogBlueprint:Warning: Node '/Game/Character/HeroTPP_AnimBlueprint.HeroTPP_AnimBlueprint:AnimGraph.AnimGraphNode_StateMachine_1.Default.AnimStateTransitionNode_3.Transition.K2Node_CallFunction_7960' missing NodeGuid because of upgrade from old package version, this can cause deterministic cooking issues please resave package.
[2016.08.03-20.51.27:155][158]LogBlueprint:Warning: Node '/Game/Character/HeroTPP_AnimBlueprint.HeroTPP_AnimBlueprint:AnimGraph.AnimGraphNode_StateMachine_1.Default.AnimStateTransitionNode_5.Transition.K2Node_CallFunction_8008' missing NodeGuid because of upgrade from old package version, this can cause deterministic cooking issues please resave package.
[2016.08.03-20.51.27:155][158]LogBlueprint:Warning: Node '/Game/Character/HeroTPP_AnimBlueprint.HeroTPP_AnimBlueprint:AnimGraph.AnimGraphNode_StateMachine_1.Default.AnimStateTransitionNode_7.Transition.K2Node_CallFunction_8428' missing NodeGuid because of upgrade from old package version, this can cause deterministic cooking issues please resave package.
[2016.08.03-20.51.27:155][158]LogBlueprint:Warning: Node '/Game/Character/HeroTPP_AnimBlueprint.HeroTPP_AnimBlueprint:EventGraph.K2Node_CallFunction_11813' missing NodeGuid because of upgrade from old package version, this can cause deterministic cooking issues please resave package.
[2016.08.03-20.51.27:155][158]LogBlueprint:Warning: Node '/Game/Character/HeroTPP_AnimBlueprint.HeroTPP_AnimBlueprint:EventGraph.K2Node_CallFunction_11990' missing NodeGuid because of upgrade from old package version, this can cause deterministic cooking issues please resave package.
[2016.08.03-20.51.27:155][158]LogBlueprint:Warning: Node '/Game/Character/HeroTPP_AnimBlueprint.HeroTPP_AnimBlueprint:EventGraph.K2Node_CallFunction_2246' missing NodeGuid because of upgrade from old package version, this can cause deterministic cooking issues please resave package.
[2016.08.03-20.51.27:155][158]LogBlueprint:Warning: Node '/Game/Character/HeroTPP_AnimBlueprint.HeroTPP_AnimBlueprint:EventGraph.K2Node_CallFunction_2731' missing NodeGuid because of upgrade from old package version, this can cause deterministic cooking issues please resave package.
[2016.08.03-20.51.27:155][158]LogBlueprint:Warning: Node '/Game/Character/HeroTPP_AnimBlueprint.HeroTPP_AnimBlueprint:EventGraph.K2Node_CallFunction_846' missing NodeGuid because of upgrade from old package version, this can cause deterministic cooking issues please resave package.
[2016.08.03-20.51.27:155][158]LogBlueprint:Warning: Node '/Game/Character/HeroTPP_AnimBlueprint.HeroTPP_AnimBlueprint:EventGraph.K2Node_Event_14' missing NodeGuid because of upgrade from old package version, this can cause deterministic cooking issues please resave package.
[2016.08.03-20.51.27:155][158]LogBlueprint:Warning: Node '/Game/Character/HeroTPP_AnimBlueprint.HeroTPP_AnimBlueprint:EventGraph.K2Node_MacroInstance_40' missing NodeGuid because of upgrade from old package version, this can cause deterministic cooking issues please resave package.
[2016.08.03-20.51.27:155][158]LogBlueprint:Warning: Node '/Game/Character/HeroTPP_AnimBlueprint.HeroTPP_AnimBlueprint:AnimGraph.AnimGraphNode_StateMachine_1.Default.AnimStateTransitionNode_3.Transition.K2Node_TransitionRuleGetter_44' missing NodeGuid because of upgrade from old package version, this can cause deterministic cooking issues please resave package.
[2016.08.03-20.51.27:155][158]LogBlueprint:Warning: Node '/Game/Character/HeroTPP_AnimBlueprint.HeroTPP_AnimBlueprint:AnimGraph.AnimGraphNode_StateMachine_1.Default.AnimStateTransitionNode_7.Transition.K2Node_TransitionRuleGetter_53' missing NodeGuid because of upgrade from old package version, this can cause deterministic cooking issues please resave package.
[2016.08.03-20.51.27:155][158]LogBlueprint:Warning: Node '/Game/Character/HeroTPP_AnimBlueprint.HeroTPP_AnimBlueprint:AnimGraph.AnimGraphNode_StateMachine_1.Default.AnimStateNode_1.Idle/Run.K2Node_VariableGet_75' missing NodeGuid because of upgrade from old package version, this can cause deterministic cooking issues please resave package.
[2016.08.03-20.51.27:155][158]LogBlueprint:Warning: Node '/Game/Character/HeroTPP_AnimBlueprint.HeroTPP_AnimBlueprint:AnimGraph.AnimGraphNode_StateMachine_1.Default.AnimStateTransitionNode_1.Transition.K2Node_VariableGet_120' missing NodeGuid because of upgrade from old package version, this can cause deterministic cooking issues please resave package.
[2016.08.03-20.51.27:155][158]LogBlueprint:Warning: Node '/Game/Character/HeroTPP_AnimBlueprint.HeroTPP_AnimBlueprint:AnimGraph.AnimGraphNode_StateMachine_1.Default.AnimStateTransitionNode_5.Transition.K2Node_VariableGet_122' missing NodeGuid because of upgrade from old package version, this can cause deterministic cooking issues please resave package.
[2016.08.03-20.51.27:155][158]LogBlueprint:Warning: Node '/Game/Character/HeroTPP_AnimBlueprint.HeroTPP_AnimBlueprint:EventGraph.K2Node_VariableSet_24' missing NodeGuid because of upgrade from old package version, this can cause deterministic cooking issues please resave package.
[2016.08.03-20.51.27:155][158]LogBlueprint:Warning: Node '/Game/Character/HeroTPP_AnimBlueprint.HeroTPP_AnimBlueprint:EventGraph.K2Node_VariableSet_64' missing NodeGuid because of upgrade from old package version, this can cause deterministic cooking issues please resave package.
[2016.08.03-20.51.27:164][158]LogBlueprint:Warning: Node '/Game/Blueprints/MyCharacter.MyCharacter:EventGraph.EdGraphNode_Comment_42' missing NodeGuid because of upgrade from old package version, this can cause deterministic cooking issues please resave package.
[2016.08.03-20.51.27:164][158]LogBlueprint:Warning: Node '/Game/Blueprints/MyCharacter.MyCharacter:EventGraph.EdGraphNode_Comment_93' missing NodeGuid because of upgrade from old package version, this can cause deterministic cooking issues please resave package.
[2016.08.03-20.51.27:164][158]LogBlueprint:Warning: Node '/Game/Blueprints/MyCharacter.MyCharacter:EventGraph.K2Node_Comment_1' missing NodeGuid because of upgrade from old package version, this can cause deterministic cooking issues please resave package.
[2016.08.03-20.51.27:164][158]LogBlueprint:Warning: Node '/Game/Blueprints/MyCharacter.MyCharacter:EventGraph.K2Node_Comment_39' missing NodeGuid because of upgrade from old package version, this can cause deterministic cooking issues please resave package.
[2016.08.03-20.51.27:164][158]LogBlueprint:Warning: Node '/Game/Blueprints/MyCharacter.MyCharacter:EventGraph.K2Node_Comment_56' missing NodeGuid because of upgrade from old package version, this can cause deterministic cooking issues please resave package.
[2016.08.03-20.51.27:164][158]LogBlueprint:Warning: Node '/Game/Blueprints/MyCharacter.MyCharacter:EventGraph.K2Node_CallFunction_1193' missing NodeGuid because of upgrade from old package version, this can cause deterministic cooking issues please resave package.
[2016.08.03-20.51.27:164][158]LogBlueprint:Warning: Node '/Game/Blueprints/MyCharacter.MyCharacter:EventGraph.K2Node_CallFunction_20844' missing NodeGuid because of upgrade from old package version, this can cause deterministic cooking issues please resave package.
[2016.08.03-20.51.27:164][158]LogBlueprint:Warning: Node '/Game/Blueprints/MyCharacter.MyCharacter:EventGraph.K2Node_CallFunction_21305' missing NodeGuid because of upgrade from old package version, this can cause deterministic cooking issues please resave package.
[2016.08.03-20.51.27:164][158]LogBlueprint:Warning: Node '/Game/Blueprints/MyCharacter.MyCharacter:EventGraph.K2Node_CallFunction_3334' missing NodeGuid because of upgrade from old package version, this can cause deterministic cooking issues please resave package.
[2016.08.03-20.51.27:165][158]LogBlueprint:Warning: Node '/Game/Blueprints/MyCharacter.MyCharacter:EventGraph.K2Node_CallFunction_3716' missing NodeGuid because of upgrade from old package version, this can cause deterministic cooking issues please resave package.
[2016.08.03-20.51.27:165][158]LogBlueprint:Warning: Node '/Game/Blueprints/MyCharacter.MyCharacter:EventGraph.K2Node_CallFunction_4184' missing NodeGuid because of upgrade from old package version, this can cause deterministic cooking issues please resave package.
[2016.08.03-20.51.27:165][158]LogBlueprint:Warning: Node '/Game/Blueprints/MyCharacter.MyCharacter:EventGraph.K2Node_CallFunction_4223' missing NodeGuid because of upgrade from old package version, this can cause deterministic cooking issues please resave package.
[2016.08.03-20.51.27:165][158]LogBlueprint:Warning: Node '/Game/Blueprints/MyCharacter.MyCharacter:EventGraph.K2Node_CallFunction_4678' missing NodeGuid because of upgrade from old package version, this can cause deterministic cooking issues please resave package.
[2016.08.03-20.51.27:165][158]LogBlueprint:Warning: Node '/Game/Blueprints/MyCharacter.MyCharacter:EventGraph.K2Node_CallFunction_7346' missing NodeGuid because of upgrade from old package version, this can cause deterministic cooking issues please resave package.
[2016.08.03-20.51.27:165][158]LogBlueprint:Warning: Node '/Game/Blueprints/MyCharacter.MyCharacter:EventGraph.K2Node_CallFunction_7445' missing NodeGuid because of upgrade from old package version, this can cause deterministic cooking issues please resave package.
[2016.08.03-20.51.27:165][158]LogBlueprint:Warning: Node '/Game/Blueprints/MyCharacter.MyCharacter:EventGraph.K2Node_CallFunction_8160' missing NodeGuid because of upgrade from old package version, this can cause deterministic cooking issues please resave package.
[2016.08.03-20.51.27:165][158]LogBlueprint:Warning: Node '/Game/Blueprints/MyCharacter.MyCharacter:EventGraph.K2Node_CallFunction_8427' missing NodeGuid because of upgrade from old package version, this can cause deterministic cooking issues please resave package.
[2016.08.03-20.51.27:165][158]LogBlueprint:Warning: Node '/Game/Blueprints/MyCharacter.MyCharacter:EventGraph.K2Node_CallFunction_8428' missing NodeGuid because of upgrade from old package version, this can cause deterministic cooking issues please resave package.
[2016.08.03-20.51.27:165][158]LogBlueprint:Warning: Node '/Game/Blueprints/MyCharacter.MyCharacter:EventGraph.K2Node_CallFunction_8733' missing NodeGuid because of upgrade from old package version, this can cause deterministic cooking issues please resave package.
[2016.08.03-20.51.27:165][158]LogBlueprint:Warning: Node '/Game/Blueprints/MyCharacter.MyCharacter:EventGraph.K2Node_CallFunction_8767' missing NodeGuid because of upgrade from old package version, this can cause deterministic cooking issues please resave package.
[2016.08.03-20.51.27:165][158]LogBlueprint:Warning: Node '/Game/Blueprints/MyCharacter.MyCharacter:EventGraph.K2Node_CallFunction_9386' missing NodeGuid because of upgrade from old package version, this can cause deterministic cooking issues please resave package.
[2016.08.03-20.51.27:165][158]LogBlueprint:Warning: Node '/Game/Blueprints/MyCharacter.MyCharacter:EventGraph.K2Node_CallFunction_9755' missing NodeGuid because of upgrade from old package version, this can cause deterministic cooking issues please resave package.
[2016.08.03-20.51.27:165][158]LogBlueprint:Warning: Node '/Game/Blueprints/MyCharacter.MyCharacter:EventGraph.K2Node_CommutativeAssociativeBinaryOperator_153' missing NodeGuid because of upgrade from old package version, this can cause deterministic cooking issues please resave package.
[2016.08.03-20.51.27:165][158]LogBlueprint:Warning: Node '/Game/Blueprints/MyCharacter.MyCharacter:EventGraph.K2Node_CommutativeAssociativeBinaryOperator_155' missing NodeGuid because of upgrade from old package version, this can cause deterministic cooking issues please resave package.
[2016.08.03-20.51.27:165][158]LogBlueprint:Warning: Node '/Game/Blueprints/MyCharacter.MyCharacter:EventGraph.K2Node_EnumEquality_7' missing NodeGuid because of upgrade from old package version, this can cause deterministic cooking issues please resave package.
[2016.08.03-20.51.27:165][158]LogBlueprint:Warning: Node '/Game/Blueprints/MyCharacter.MyCharacter:UserConstructionScript.K2Node_FunctionEntry_19' missing NodeGuid because of upgrade from old package version, this can cause deterministic cooking issues please resave package.
[2016.08.03-20.51.27:165][158]LogBlueprint:Warning: Node '/Game/Blueprints/MyCharacter.MyCharacter:EventGraph.K2Node_IfThenElse_18' missing NodeGuid because of upgrade from old package version, this can cause deterministic cooking issues please resave package.
[2016.08.03-20.51.27:165][158]LogBlueprint:Warning: Node '/Game/Blueprints/MyCharacter.MyCharacter:EventGraph.K2Node_IfThenElse_19' missing NodeGuid because of upgrade from old package version, this can cause deterministic cooking issues please resave package.
[2016.08.03-20.51.27:165][158]LogBlueprint:Warning: Node '/Game/Blueprints/MyCharacter.MyCharacter:EventGraph.K2Node_InputAction_60' missing NodeGuid because of upgrade from old package version, this can cause deterministic cooking issues please resave package.
[2016.08.03-20.51.27:165][158]LogBlueprint:Warning: Node '/Game/Blueprints/MyCharacter.MyCharacter:EventGraph.K2Node_InputAxisEvent_42' missing NodeGuid because of upgrade from old package version, this can cause deterministic cooking issues please resave package.
[2016.08.03-20.51.27:165][158]LogBlueprint:Warning: Node '/Game/Blueprints/MyCharacter.MyCharacter:EventGraph.K2Node_InputAxisEvent_43' missing NodeGuid because of upgrade from old package version, this can cause deterministic cooking issues please resave package.
[2016.08.03-20.51.27:165][158]LogBlueprint:Warning: Node '/Game/Blueprints/MyCharacter.MyCharacter:EventGraph.K2Node_InputAxisEvent_50' missing NodeGuid because of upgrade from old package version, this can cause deterministic cooking issues please resave package.
[2016.08.03-20.51.27:165][158]LogBlueprint:Warning: Node '/Game/Blueprints/MyCharacter.MyCharacter:EventGraph.K2Node_InputAxisEvent_55' missing NodeGuid because of upgrade from old package version, this can cause deterministic cooking issues please resave package.
[2016.08.03-20.51.27:165][158]LogBlueprint:Warning: Node '/Game/Blueprints/MyCharacter.MyCharacter:EventGraph.K2Node_InputAxisEvent_85' missing NodeGuid because of upgrade from old package version, this can cause deterministic cooking issues please resave package.
[2016.08.03-20.51.27:165][158]LogBlueprint:Warning: Node '/Game/Blueprints/MyCharacter.MyCharacter:EventGraph.K2Node_InputAxisEvent_95' missing NodeGuid because of upgrade from old package version, this can cause deterministic cooking issues please resave package.
[2016.08.03-20.51.27:165][158]LogBlueprint:Warning: Node '/Game/Blueprints/MyCharacter.MyCharacter:EventGraph.K2Node_InputTouch_3' missing NodeGuid because of upgrade from old package version, this can cause deterministic cooking issues please resave package.
[2016.08.03-20.51.27:165][158]LogBlueprint:Warning: Node '/Game/Blueprints/MyCharacter.MyCharacter:EventGraph.K2Node_VariableGet_91' missing NodeGuid because of upgrade from old package version, this can cause deterministic cooking issues please resave package.
[2016.08.03-20.51.27:165][158]LogBlueprint:Warning: Node '/Game/Blueprints/MyCharacter.MyCharacter:EventGraph.K2Node_VariableGet_93' missing NodeGuid because of upgrade from old package version, this can cause deterministic cooking issues please resave package.
[2016.08.03-20.51.27:166][158]LogBlueprint:Warning: Node '/Game/Blueprints/MyGame.MyGame:UserConstructionScript.K2Node_FunctionEntry_34' missing NodeGuid because of upgrade from old package version, this can cause deterministic cooking issues please resave package.
[2016.08.03-20.51.27:166][158]LogWorld: Game class is 'MyGame_C'
[2016.08.03-20.51.27:169][158]LogFlex:Display: Creating a FLEX system for...
[2016.08.03-20.51.27:184][158]LogWorld: Bringing World /Game/Maps/UEDPIE_0_flexSoftTestMap.flexSoftTestMap up for play (max tick rate 60) at 2016.08.03-15.51.27
[2016.08.03-20.51.27:184][158]LogWorld: Bringing up level for play took: 0.016303
[2016.08.03-20.51.27:187][158]LogContentBrowser: Native class hierarchy updated for 'MovieSceneCapture' in 0.0004 seconds. Added 11 classes and 0 folders.
[2016.08.03-20.51.27:189][158]PIE: Info Play in editor start time for /Game/Maps/UEDPIE_0_flexSoftTestMap 1.072
[2016.08.03-20.51.27:189][158]LogBlueprintUserMessages: Late PlayInEditor Detection: Level '/Game/Maps/flexSoftTestMap.flexSoftTestMap:PersistentLevel' has LevelScriptBlueprint '/Game/Maps/flexSoftTestMap.flexSoftTestMap:PersistentLevel.flexSoftTestMap' with GeneratedClass '/Game/Maps/flexSoftTestMap.flexSoftTestMap_C' with ClassGeneratedBy '/Game/Maps/flexSoftTestMap.flexSoftTestMap:PersistentLevel.flexSoftTestMap'
[2016.08.03-20.51.30:464][342]LogBlueprintUserMessages: Early EndPlayMap Detection: Level '/Game/Maps/flexSoftTestMap.flexSoftTestMap:PersistentLevel' has LevelScriptBlueprint '/Game/Maps/flexSoftTestMap.flexSoftTestMap:PersistentLevel.flexSoftTestMap' with GeneratedClass '/Game/Maps/flexSoftTestMap.flexSoftTestMap_C' with ClassGeneratedBy '/Game/Maps/flexSoftTestMap.flexSoftTestMap:PersistentLevel.flexSoftTestMap'
[2016.08.03-20.51.30:548][342]LogBlueprintUserMessages: Late EndPlayMap Detection: Level '/Game/Maps/flexSoftTestMap.flexSoftTestMap:PersistentLevel' has LevelScriptBlueprint '/Game/Maps/flexSoftTestMap.flexSoftTestMap:PersistentLevel.flexSoftTestMap' with GeneratedClass '/Game/Maps/flexSoftTestMap.flexSoftTestMap_C' with ClassGeneratedBy '/Game/Maps/flexSoftTestMap.flexSoftTestMap:PersistentLevel.flexSoftTestMap'
[2016.08.03-20.51.44:009][ 10]Cmd: SELECT NONE
[2016.08.03-21.24.48:491][476]LogBlueprintUserMessages: Early PlayInEditor Detection: Level '/Game/Maps/flexSoftTestMap.flexSoftTestMap:PersistentLevel' has LevelScriptBlueprint '/Game/Maps/flexSoftTestMap.flexSoftTestMap:PersistentLevel.flexSoftTestMap' with GeneratedClass '/Game/Maps/flexSoftTestMap.flexSoftTestMap_C' with ClassGeneratedBy '/Game/Maps/flexSoftTestMap.flexSoftTestMap:PersistentLevel.flexSoftTestMap'
[2016.08.03-21.24.48:491][476]LogPlayLevel: PlayLevel: No blueprints needed recompiling
[2016.08.03-21.24.48:491][476]PIE: New page: PIE session: flexSoftTestMap (Aug 3, 2016, 11:24:48 AM)
[2016.08.03-21.24.48:491][476]LogPlayLevel: Creating play world package: /Game/Maps/UEDPIE_0_flexSoftTestMap
[2016.08.03-21.24.48:513][476]LogPlayLevel: PIE: StaticDuplicateObject took: (0.022340s)
[2016.08.03-21.24.48:514][476]LogAIModule: Creating AISystem for world flexSoftTestMap
[2016.08.03-21.24.48:514][476]LogPlayLevel: PIE: World Init took: (0.000922s)
[2016.08.03-21.24.48:514][476]LogPlayLevel: PIE: Created PIE world by copying editor world from /Game/Maps/flexSoftTestMap.flexSoftTestMap to /Game/Maps/UEDPIE_0_flexSoftTestMap.flexSoftTestMap (0.023540s)
[2016.08.03-21.24.48:535][476]LogInit: XAudio2 using 'Speakers (Conexant SmartAudio HD)' : 2 channels at 48 kHz using 32 bits per sample (channel mask 0x3)
[2016.08.03-21.24.48:551][476]LogInit: FAudioDevice initialized.
[2016.08.03-21.24.48:599][476]LogWorld: Game class is 'MyGame_C'
[2016.08.03-21.24.48:602][476]LogFlex:Display: Creating a FLEX system for...
[2016.08.03-21.24.48:612][476]LogWorld: Bringing World /Game/Maps/UEDPIE_0_flexSoftTestMap.flexSoftTestMap up for play (max tick rate 0) at 2016.08.03-16.24.48
[2016.08.03-21.24.48:613][476]LogWorld: Bringing up level for play took: 0.012427
[2016.08.03-21.24.48:615][476]PIE: Info Play in editor start time for /Game/Maps/UEDPIE_0_flexSoftTestMap 0.498
[2016.08.03-21.24.48:615][476]LogBlueprintUserMessages: Late PlayInEditor Detection: Level '/Game/Maps/flexSoftTestMap.flexSoftTestMap:PersistentLevel' has LevelScriptBlueprint '/Game/Maps/flexSoftTestMap.flexSoftTestMap:PersistentLevel.flexSoftTestMap' with GeneratedClass '/Game/Maps/flexSoftTestMap.flexSoftTestMap_C' with ClassGeneratedBy '/Game/Maps/flexSoftTestMap.flexSoftTestMap:PersistentLevel.flexSoftTestMap'
[2016.08.03-21.25.23:657][617]LogBlueprintUserMessages: Early EndPlayMap Detection: Level '/Game/Maps/flexSoftTestMap.flexSoftTestMap:PersistentLevel' has LevelScriptBlueprint '/Game/Maps/flexSoftTestMap.flexSoftTestMap:PersistentLevel.flexSoftTestMap' with GeneratedClass '/Game/Maps/flexSoftTestMap.flexSoftTestMap_C' with ClassGeneratedBy '/Game/Maps/flexSoftTestMap.flexSoftTestMap:PersistentLevel.flexSoftTestMap'
[2016.08.03-21.25.23:699][617]LogBlueprintUserMessages: Late EndPlayMap Detection: Level '/Game/Maps/flexSoftTestMap.flexSoftTestMap:PersistentLevel' has LevelScriptBlueprint '/Game/Maps/flexSoftTestMap.flexSoftTestMap:PersistentLevel.flexSoftTestMap' with GeneratedClass '/Game/Maps/flexSoftTestMap.flexSoftTestMap_C' with ClassGeneratedBy '/Game/Maps/flexSoftTestMap.flexSoftTestMap:PersistentLevel.flexSoftTestMap'
[2016.08.03-21.26.43:008][ 47]Cmd: QUIT_EDITOR
[2016.08.03-21.26.43:483][ 47]LogWindowsTextInputMethodSystem:Display: IME system now deactivated.
[2016.08.03-21.26.43:515][ 47]LogExit: Preparing to exit.
[2016.08.03-21.26.44:027][ 47]LogExit: Editor shut down
[2016.08.03-21.26.44:028][ 47]LogExit: Transaction tracking system shut down
[2016.08.03-21.26.44:119][ 47]LogObj: Freed 0b from 0 cluster array pools.
[2016.08.03-21.26.44:119][ 47]LogExit: Object subsystem successfully closed.
[2016.08.03-21.26.44:316][ 47]LogD3D11RHI: Shutdown
[2016.08.03-21.26.44:316][ 47]LogD3D11RHI: CleanupD3DDevice
[2016.08.03-21.26.44:521][ 47]LogD3D11RHI: ~FD3D11DynamicRHI
[2016.08.03-21.26.44:529][ 47]LogModuleManager: Shutting down and abandoning module MovieSceneCapture (209)
[2016.08.03-21.26.44:529][ 47]LogModuleManager: Shutting down and abandoning module HierarchicalLODOutliner (208)
[2016.08.03-21.26.44:529][ 47]LogModuleManager: Shutting down and abandoning module CrashTracker (207)
[2016.08.03-21.26.44:529][ 47]LogModuleManager: Shutting down and abandoning module SceneOutliner (206)
[2016.08.03-21.26.44:529][ 47]LogModuleManager: Shutting down and abandoning module WidgetCarousel (205)
[2016.08.03-21.26.44:529][ 47]LogModuleManager: Shutting down and abandoning module AddContentDialog (204)
[2016.08.03-21.26.44:532][ 47]LogModuleManager: Shutting down and abandoning module GameplayTags (203)
[2016.08.03-21.26.44:532][ 47]LogModuleManager: Shutting down and abandoning module EditorWidgets (202)
[2016.08.03-21.26.44:532][ 47]LogModuleManager: Shutting down and abandoning module CollectionManager (201)
[2016.08.03-21.26.44:533][ 47]LogModuleManager: Shutting down and abandoning module StatsViewer (200)
[2016.08.03-21.26.44:533][ 47]LogModuleManager: Shutting down and abandoning module FoliageEdit (199)
[2016.08.03-21.26.44:533][ 47]LogModuleManager: Shutting down and abandoning module LandscapeEditor (198)
[2016.08.03-21.26.44:533][ 47]LogModuleManager: Shutting down and abandoning module SceneDepthPickerMode (197)
[2016.08.03-21.26.44:533][ 47]LogModuleManager: Shutting down and abandoning module ActorPickerMode (196)
[2016.08.03-21.26.44:533][ 47]LogModuleManager: Shutting down and abandoning module GeometryMode (195)
[2016.08.03-21.26.44:533][ 47]LogModuleManager: Shutting down and abandoning module TextureAlignMode (194)
[2016.08.03-21.26.44:533][ 47]LogModuleManager: Shutting down and abandoning module BspMode (193)
[2016.08.03-21.26.44:533][ 47]LogModuleManager: Shutting down and abandoning module HardwareSurvey (192)
[2016.08.03-21.26.44:533][ 47]LogModuleManager: Shutting down and abandoning module SequenceRecorderSections (191)
[2016.08.03-21.26.44:533][ 47]LogModuleManager: Shutting down and abandoning module SequenceRecorder (190)
[2016.08.03-21.26.44:533][ 47]LogModuleManager: Shutting down and abandoning module AutomationWorker (189)
[2016.08.03-21.26.44:533][ 47]LogModuleManager: Shutting down and abandoning module MatineeToLevelSequence (188)
[2016.08.03-21.26.44:533][ 47]LogModuleManager: Shutting down and abandoning module PlacementMode (187)
[2016.08.03-21.26.44:533][ 47]LogModuleManager: Shutting down and abandoning module LevelSequenceEditor (186)
[2016.08.03-21.26.44:533][ 47]LogModuleManager: Shutting down and abandoning module CharacterAI (185)
[2016.08.03-21.26.44:533][ 47]LogModuleManager: Shutting down and abandoning module SmartSnapping (184)
[2016.08.03-21.26.44:533][ 47]LogModuleManager: Shutting down and abandoning module SessionServices (183)
[2016.08.03-21.26.44:533][ 47]LogModuleManager: Shutting down and abandoning module ViewportSnapping (182)
[2016.08.03-21.26.44:534][ 47]LogModuleManager: Shutting down and abandoning module LogVisualizer (181)
[2016.08.03-21.26.44:534][ 47]LogModuleManager: Shutting down and abandoning module GameProjectGeneration (180)
[2016.08.03-21.26.44:534][ 47]LogModuleManager: Shutting down and abandoning module IntroTutorials (179)
[2016.08.03-21.26.44:534][ 47]LogModuleManager: Shutting down and abandoning module EditorLiveStreaming (178)
[2016.08.03-21.26.44:534][ 47]LogModuleManager: Shutting down and abandoning module IOSPlatformEditor (177)
[2016.08.03-21.26.44:534][ 47]LogModuleManager: Shutting down and abandoning module HTML5PlatformEditor (176)
[2016.08.03-21.26.44:534][ 47]LogModuleManager: Shutting down and abandoning module AndroidDeviceDetection (175)
[2016.08.03-21.26.45:040][ 47]LogModuleManager: Shutting down and abandoning module AndroidPlatformEditor (174)
[2016.08.03-21.26.45:040][ 47]LogModuleManager: Shutting down and abandoning module IOSRuntimeSettings (173)
[2016.08.03-21.26.45:040][ 47]LogModuleManager: Shutting down and abandoning module AndroidRuntimeSettings (172)
[2016.08.03-21.26.45:040][ 47]LogModuleManager: Shutting down and abandoning module MergeActors (171)
[2016.08.03-21.26.45:040][ 47]LogModuleManager: Shutting down and abandoning module SizeMap (170)
[2016.08.03-21.26.45:040][ 47]LogModuleManager: Shutting down and abandoning module TreeMap (169)
[2016.08.03-21.26.45:040][ 47]LogModuleManager: Shutting down and abandoning module ReferenceViewer (168)
[2016.08.03-21.26.45:040][ 47]LogModuleManager: Shutting down and abandoning module LocalizationService (167)
[2016.08.03-21.26.45:040][ 47]LogModuleManager: Shutting down and abandoning module LocalizationDashboard (166)
[2016.08.03-21.26.45:041][ 47]LogModuleManager: Shutting down and abandoning module HardwareTargeting (165)
[2016.08.03-21.26.45:041][ 47]LogModuleManager: Shutting down and abandoning module DeviceProfileEditor (164)
[2016.08.03-21.26.45:041][ 47]LogModuleManager: Shutting down and abandoning module UndoHistory (163)
[2016.08.03-21.26.45:041][ 47]LogModuleManager: Shutting down and abandoning module UserFeedback (162)
[2016.08.03-21.26.45:041][ 47]LogModuleManager: Shutting down and abandoning module XmlParser (161)
[2016.08.03-21.26.45:041][ 47]LogModuleManager: Shutting down and abandoning module Blutility (160)
[2016.08.03-21.26.45:041][ 47]LogModuleManager: Shutting down and abandoning module ProjectTargetPlatformEditor (159)
[2016.08.03-21.26.45:041][ 47]LogModuleManager: Shutting down and abandoning module ProjectSettingsViewer (158)
[2016.08.03-21.26.45:041][ 47]LogModuleManager: Shutting down and abandoning module InputBindingEditor (157)
[2016.08.03-21.26.45:041][ 47]LogModuleManager: Shutting down and abandoning module EditorSettingsViewer (156)
[2016.08.03-21.26.45:041][ 47]LogModuleManager: Shutting down and abandoning module SettingsEditor (155)
[2016.08.03-21.26.45:041][ 47]LogModuleManager: Shutting down and abandoning module ProjectLauncher (154)
[2016.08.03-21.26.45:041][ 47]LogModuleManager: Shutting down and abandoning module SessionFrontend (153)
[2016.08.03-21.26.45:041][ 47]LogModuleManager: Shutting down and abandoning module ProfilerClient (152)
[2016.08.03-21.26.45:041][ 47]LogModuleManager: Shutting down and abandoning module TargetDeviceServices (151)
[2016.08.03-21.26.45:041][ 47]LogModuleManager: Shutting down and abandoning module DeviceManager (150)
[2016.08.03-21.26.45:096][ 47]LogModuleManager: Shutting down and abandoning module AutomationController (149)
[2016.08.03-21.26.45:096][ 47]LogModuleManager: Shutting down and abandoning module AutomationWindow (148)
[2016.08.03-21.26.45:096][ 47]LogModuleManager: Shutting down and abandoning module Layers (147)
[2016.08.03-21.26.45:096][ 47]LogModuleManager: Shutting down and abandoning module ComponentVisualizers (146)
[2016.08.03-21.26.45:096][ 47]LogModuleManager: Shutting down and abandoning module DetailCustomizations (145)
[2016.08.03-21.26.45:096][ 47]LogModuleManager: Shutting down and abandoning module PackagesDialog (144)
[2016.08.03-21.26.45:096][ 47]LogModuleManager: Shutting down and abandoning module Persona (143)
[2016.08.03-21.26.45:096][ 47]LogModuleManager: Shutting down and abandoning module Kismet (142)
[2016.08.03-21.26.45:096][ 47]LogModuleManager: Shutting down and abandoning module GraphEditor (141)
[2016.08.03-21.26.45:096][ 47]LogModuleManager: Shutting down and abandoning module ClassViewer (140)
[2016.08.03-21.26.45:096][ 47]LogModuleManager: Shutting down and abandoning module Toolbox (139)
[2016.08.03-21.26.45:096][ 47]LogModuleManager: Shutting down and abandoning module ModuleUI (138)
[2016.08.03-21.26.45:096][ 47]LogModuleManager: Shutting down and abandoning module MovieSceneTools (137)
[2016.08.03-21.26.45:096][ 47]LogModuleManager: Shutting down and abandoning module OutputLog (136)
[2016.08.03-21.26.45:096][ 47]LogModuleManager: Shutting down and abandoning module GammaUI (135)
[2016.08.03-21.26.45:096][ 47]LogModuleManager: Shutting down and abandoning module Documentation (134)
[2016.08.03-21.26.45:096][ 47]LogModuleManager: Shutting down and abandoning module StreamingPauseRendering (133)
[2016.08.03-21.26.45:096][ 47]LogModuleManager: Shutting down and abandoning module AnalyticsET (132)
[2016.08.03-21.26.45:096][ 47]LogModuleManager: Shutting down and abandoning module Analytics (131)
[2016.08.03-21.26.45:096][ 47]LogModuleManager: Shutting down and abandoning module PortalServices (130)
[2016.08.03-21.26.45:096][ 47]LogModuleManager: Shutting down and abandoning module PortalRpc (129)
[2016.08.03-21.26.45:096][ 47]LogModuleManager: Shutting down and abandoning module MessagingRpc (128)
[2016.08.03-21.26.45:096][ 47]LogModuleManager: Shutting down and abandoning module GameplayDebugger (127)
[2016.08.03-21.26.45:096][ 47]LogModuleManager: Shutting down and abandoning module AITestSuite (126)
[2016.08.03-21.26.45:096][ 47]LogModuleManager: Shutting down and abandoning module AIModule (125)
[2016.08.03-21.26.45:096][ 47]LogModuleManager: Shutting down and abandoning module ProfilerService (124)
[2016.08.03-21.26.45:294][ 47]LogModuleManager: Shutting down and abandoning module TaskGraph (123)
[2016.08.03-21.26.45:294][ 47]LogModuleManager: Shutting down and abandoning module SlateRemote (122)
[2016.08.03-21.26.45:294][ 47]LogModuleManager: Shutting down and abandoning module SteamVRController (121)
[2016.08.03-21.26.45:294][ 47]LogModuleManager: Shutting down and abandoning module SteamVR (120)
[2016.08.03-21.26.45:294][ 47]LogModuleManager: Shutting down and abandoning module ProceduralMeshComponent (119)
[2016.08.03-21.26.45:294][ 47]LogModuleManager: Shutting down and abandoning module OculusLibrary (118)
[2016.08.03-21.26.45:294][ 47]LogModuleManager: Shutting down and abandoning module OculusInput (117)
[2016.08.03-21.26.45:294][ 47]LogModuleManager: Shutting down and abandoning module CustomMeshComponent (116)
[2016.08.03-21.26.45:294][ 47]LogModuleManager: Shutting down and abandoning module CableComponent (115)
[2016.08.03-21.26.45:294][ 47]LogModuleManager: Shutting down and abandoning module ArchVisCharacter (114)
[2016.08.03-21.26.45:294][ 47]LogModuleManager: Shutting down and abandoning module MediaPlayerEditor (113)
[2016.08.03-21.26.45:294][ 47]LogModuleManager: Shutting down and abandoning module HTML5Networking (112)
[2016.08.03-21.26.45:294][ 47]LogModuleManager: Shutting down and abandoning module SuperSearch (111)
[2016.08.03-21.26.45:294][ 47]LogModuleManager: Shutting down and abandoning module SuperSearchEditor (110)
[2016.08.03-21.26.45:294][ 47]LogModuleManager: Shutting down and abandoning module SpeedTreeImporter (109)
[2016.08.03-21.26.45:294][ 47]LogModuleManager: Shutting down and abandoning module PluginBrowser (108)
[2016.08.03-21.26.45:294][ 47]LogModuleManager: Shutting down and abandoning module EpicSurvey (107)
[2016.08.03-21.26.45:294][ 47]LogModuleManager: Shutting down and abandoning module DesktopPlatform (106)
[2016.08.03-21.26.45:294][ 47]LogModuleManager: Shutting down and abandoning module VisualStudioSourceCodeAccess (105)
[2016.08.03-21.26.45:294][ 47]LogModuleManager: Shutting down and abandoning module UObjectPlugin (104)
[2016.08.03-21.26.45:294][ 47]LogModuleManager: Shutting down and abandoning module SubversionSourceControl (103)
[2016.08.03-21.26.45:294][ 47]LogModuleManager: Shutting down and abandoning module PerforceSourceControl (102)
[2016.08.03-21.26.45:294][ 47]LogModuleManager: Shutting down and abandoning module SourceControl (101)
[2016.08.03-21.26.45:294][ 47]LogModuleManager: Shutting down and abandoning module GitSourceControl (100)
[2016.08.03-21.26.45:294][ 47]LogModuleManager: Shutting down and abandoning module LightPropagationVolumeEditor (99)
[2016.08.03-21.26.45:294][ 47]LogModuleManager: Shutting down and abandoning module PaperTiledImporter (98)
[2016.08.03-21.26.45:295][ 47]LogModuleManager: Shutting down and abandoning module PaperSpriteSheetImporter (97)
[2016.08.03-21.26.45:295][ 47]LogModuleManager: Shutting down and abandoning module MeshPaint (96)
[2016.08.03-21.26.45:295][ 47]LogModuleManager: Shutting down and abandoning module PixelInspectorModule (95)
[2016.08.03-21.26.45:295][ 47]LogModuleManager: Shutting down and abandoning module HotReload (94)
[2016.08.03-21.26.45:295][ 47]LogModuleManager: Shutting down and abandoning module MainFrame (93)
[2016.08.03-21.26.45:295][ 47]LogModuleManager: Shutting down and abandoning module LevelEditor (92)
[2016.08.03-21.26.45:295][ 47]LogModuleManager: Shutting down and abandoning module ContentBrowser (91)
[2016.08.03-21.26.45:296][ 47]LogModuleManager: Shutting down and abandoning module Paper2DEditor (90)
[2016.08.03-21.26.45:296][ 47]LogModuleManager: Shutting down and abandoning module UdpMessaging (89)
[2016.08.03-21.26.45:397][ 47]LogModuleManager: Shutting down and abandoning module LightPropagationVolumeRuntime (88)
[2016.08.03-21.26.45:397][ 47]LogModuleManager: Shutting down and abandoning module Paper2D (87)
[2016.08.03-21.26.45:397][ 47]LogModuleManager: Shutting down and abandoning module WindowsMoviePlayer (86)
[2016.08.03-21.26.45:397][ 47]LogModuleManager: Shutting down and abandoning module Media (85)
[2016.08.03-21.26.45:397][ 47]LogModuleManager: Shutting down and abandoning module WmfMedia (84)
[2016.08.03-21.26.45:397][ 47]LogModuleManager: Shutting down and abandoning module MediaAssets (83)
[2016.08.03-21.26.45:397][ 47]LogModuleManager: Shutting down and abandoning module GameLiveStreaming (82)
[2016.08.03-21.26.45:397][ 47]LogModuleManager: Shutting down and abandoning module GameplayTagsEditor (81)
[2016.08.03-21.26.45:397][ 47]LogModuleManager: Shutting down and abandoning module OnlineBlueprintSupport (80)
[2016.08.03-21.26.45:397][ 47]LogModuleManager: Shutting down and abandoning module VREditor (79)
[2016.08.03-21.26.45:397][ 47]LogModuleManager: Shutting down and abandoning module GameplayTasksEditor (78)
[2016.08.03-21.26.45:397][ 47]LogModuleManager: Shutting down and abandoning module PropertyEditor (77)
[2016.08.03-21.26.45:397][ 47]LogModuleManager: Shutting down and abandoning module BehaviorTreeEditor (76)
[2016.08.03-21.26.45:397][ 47]LogModuleManager: Shutting down and abandoning module FunctionalTesting (75)
[2016.08.03-21.26.45:397][ 47]LogModuleManager: Shutting down and abandoning module CollisionAnalyzer (74)
[2016.08.03-21.26.45:397][ 47]LogModuleManager: Shutting down and abandoning module Sequencer (73)
[2016.08.03-21.26.45:397][ 47]LogModuleManager: Shutting down and abandoning module WorkspaceMenuStructure (72)
[2016.08.03-21.26.45:397][ 47]LogModuleManager: Shutting down and abandoning module MessageLog (71)
[2016.08.03-21.26.45:397][ 47]LogModuleManager: Shutting down and abandoning module AssetTools (70)
[2016.08.03-21.26.45:397][ 47]LogModuleManager: Shutting down and abandoning module UMGEditor (69)
[2016.08.03-21.26.45:397][ 47]LogModuleManager: Shutting down and abandoning module UMG (68)
[2016.08.03-21.26.45:397][ 47]LogModuleManager: Shutting down and abandoning module SlateReflector (67)
[2016.08.03-21.26.45:397][ 47]LogModuleManager: Shutting down and abandoning module Slate (66)
[2016.08.03-21.26.45:397][ 47]LogModuleManager: Shutting down and abandoning module EditorStyle (65)
[2016.08.03-21.26.45:399][ 47]LogModuleManager: Shutting down and abandoning module SourceCodeAccess (64)
[2016.08.03-21.26.45:399][ 47]LogModuleManager: Shutting down and abandoning module HeadMountedDisplay (63)
[2016.08.03-21.26.45:399][ 47]LogModuleManager: Shutting down and abandoning module XAudio2 (62)
[2016.08.03-21.26.45:400][ 47]LogModuleManager: Shutting down and abandoning module Networking (60)
[2016.08.03-21.26.45:400][ 47]LogModuleManager: Shutting down and abandoning module Core (59)
[2016.08.03-21.26.45:400][ 47]LogModuleManager: Shutting down and abandoning module DirectoryWatcher (58)
[2016.08.03-21.26.45:400][ 47]LogModuleManager: Shutting down and abandoning module AssetRegistry (57)
[2016.08.03-21.26.45:435][ 47]LogModuleManager: Shutting down and abandoning module KismetCompiler (56)
[2016.08.03-21.26.45:435][ 47]LogModuleManager: Shutting down and abandoning module PhysXFormats (55)
[2016.08.03-21.26.45:435][ 47]LogModuleManager: Shutting down and abandoning module MeshUtilities (54)
[2016.08.03-21.26.45:435][ 47]LogModuleManager: Shutting down and abandoning module DerivedDataCache (53)
[2016.08.03-21.26.45:507][ 47]LogDerivedDataCache: Shutdown
[2016.08.03-21.26.45:507][ 47]LogModuleManager: Shutting down and abandoning module MetalShaderFormat (52)
[2016.08.03-21.26.45:507][ 47]LogModuleManager: Shutting down and abandoning module VulkanShaderFormat (51)
[2016.08.03-21.26.45:507][ 47]LogModuleManager: Shutting down and abandoning module ShaderFormatD3D (50)
[2016.08.03-21.26.45:507][ 47]LogModuleManager: Shutting down and abandoning module ShaderFormatOpenGL (49)
[2016.08.03-21.26.45:507][ 47]LogModuleManager: Shutting down and abandoning module TextureFormatUncompressed (48)
[2016.08.03-21.26.45:507][ 47]LogModuleManager: Shutting down and abandoning module ImageWrapper (47)
[2016.08.03-21.26.45:507][ 47]LogModuleManager: Shutting down and abandoning module TextureFormatASTC (46)
[2016.08.03-21.26.45:507][ 47]LogModuleManager: Shutting down and abandoning module TextureFormatPVR (45)
[2016.08.03-21.26.45:507][ 47]LogModuleManager: Shutting down and abandoning module TextureFormatDXT (44)
[2016.08.03-21.26.45:507][ 47]LogModuleManager: Shutting down and abandoning module TextureFormatIntelISPCTexComp (43)
[2016.08.03-21.26.45:507][ 47]LogModuleManager: Shutting down and abandoning module AudioFormatOpus (42)
[2016.08.03-21.26.45:507][ 47]LogModuleManager: Shutting down and abandoning module AudioFormatOgg (41)
[2016.08.03-21.26.45:507][ 47]LogModuleManager: Shutting down and abandoning module AudioFormatADPCM (40)
[2016.08.03-21.26.45:507][ 47]LogModuleManager: Shutting down and abandoning module TVOSTargetPlatform (39)
[2016.08.03-21.26.45:507][ 47]LogModuleManager: Shutting down and abandoning module Messaging (38)
[2016.08.03-21.26.45:507][ 47]LogModuleManager: Shutting down and abandoning module IOSTargetPlatform (37)
[2016.08.03-21.26.45:507][ 47]LogModuleManager: Shutting down and abandoning module HTML5TargetPlatform (36)
[2016.08.03-21.26.45:507][ 47]LogModuleManager: Shutting down and abandoning module Android_MultiTargetPlatform (35)
[2016.08.03-21.26.45:507][ 47]LogModuleManager: Shutting down and abandoning module Android_ASTCTargetPlatform (34)
[2016.08.03-21.26.45:507][ 47]LogModuleManager: Shutting down and abandoning module Android_ETC2TargetPlatform (33)
[2016.08.03-21.26.45:507][ 47]LogModuleManager: Shutting down and abandoning module Android_ETC1TargetPlatform (32)
[2016.08.03-21.26.45:507][ 47]LogModuleManager: Shutting down and abandoning module Android_DXTTargetPlatform (31)
[2016.08.03-21.26.45:507][ 47]LogModuleManager: Shutting down and abandoning module Android_ATCTargetPlatform (30)
[2016.08.03-21.26.45:507][ 47]LogModuleManager: Shutting down and abandoning module Android_PVRTCTargetPlatform (29)
[2016.08.03-21.26.45:507][ 47]LogModuleManager: Shutting down and abandoning module AndroidTargetPlatform (28)
[2016.08.03-21.26.45:507][ 47]LogModuleManager: Shutting down and abandoning module AllDesktopTargetPlatform (27)
[2016.08.03-21.26.45:507][ 47]LogModuleManager: Shutting down and abandoning module WindowsClientTargetPlatform (26)
[2016.08.03-21.26.45:507][ 47]LogModuleManager: Shutting down and abandoning module WindowsServerTargetPlatform (25)
[2016.08.03-21.26.45:507][ 47]LogModuleManager: Shutting down and abandoning module WindowsNoEditorTargetPlatform (24)
[2016.08.03-21.26.45:507][ 47]LogModuleManager: Shutting down and abandoning module WindowsTargetPlatform (23)
[2016.08.03-21.26.45:507][ 47]LogModuleManager: Shutting down and abandoning module TargetPlatform (22)
[2016.08.03-21.26.45:507][ 47]LogModuleManager: Shutting down and abandoning module InputCore (21)
[2016.08.03-21.26.45:507][ 47]LogModuleManager: Shutting down and abandoning module Settings (20)
[2016.08.03-21.26.45:507][ 47]LogModuleManager: Shutting down and abandoning module OnlineSubsystem (18)
[2016.08.03-21.26.45:507][ 47]LogModuleManager: Shutting down and abandoning module HTTP (17)
[2016.08.03-21.26.47:009][ 47]LogModuleManager: Shutting down and abandoning module OculusRift (16)
[2016.08.03-21.26.47:010][ 47]LogModuleManager: Shutting down and abandoning module ExampleDeviceProfileSelector (15)
[2016.08.03-21.26.47:010][ 47]LogModuleManager: Shutting down and abandoning module TextureCompressor (14)
[2016.08.03-21.26.47:010][ 47]LogModuleManager: Shutting down and abandoning module ShaderCore (13)
[2016.08.03-21.26.47:010][ 47]LogModuleManager: Shutting down and abandoning module Landscape (12)
[2016.08.03-21.26.47:010][ 47]LogModuleManager: Shutting down and abandoning module SlateRHIRenderer (11)
[2016.08.03-21.26.47:011][ 47]LogModuleManager: Shutting down and abandoning module OpenGLDrv (10)
[2016.08.03-21.26.47:011][ 47]LogModuleManager: Shutting down and abandoning module D3D11RHI (9)
[2016.08.03-21.26.47:011][ 47]LogModuleManager: Shutting down and abandoning module AnimGraphRuntime (8)
[2016.08.03-21.26.47:011][ 47]LogModuleManager: Shutting down and abandoning module Renderer (7)
[2016.08.03-21.26.47:011][ 47]LogModuleManager: Shutting down and abandoning module Engine (6)
[2016.08.03-21.26.47:011][ 47]LogModuleManager: Shutting down and abandoning module CoreUObject (5)
[2016.08.03-21.26.47:011][ 47]LogModuleManager: Shutting down and abandoning module NetworkFile (4)
[2016.08.03-21.26.47:011][ 47]LogModuleManager: Shutting down and abandoning module StreamingFile (3)
[2016.08.03-21.26.47:011][ 47]LogModuleManager: Shutting down and abandoning module SandboxFile (2)
[2016.08.03-21.26.47:011][ 47]LogModuleManager: Shutting down and abandoning module PakFile (1)
[2016.08.03-21.26.47:013][ 47]LogExit: Exiting.
[2016.08.03-21.26.47:049][ 47]Log file closed, 08/03/16 16:26:47
