Log file open, 08/12/16 20:04:10
LogInit:Display: Running engine for game: FlexProject
LogPlatformFile: Not using cached read wrapper
LogInit:Display: RandInit(-533813251) SRandInit(-533813250).
LogInit: Using version manifest at CL 0 with build ID '7c48e37e-af59-471d-a33a-e5509b5ef975'
LogTaskGraph: Started task graph with 4 named threads and 7 total threads with 1 sets of task threads.
LogStats: Stats thread started at 0.070645
LogInit: Version: 4.12.4-0+UE4
LogInit: API Version: 0
LogInit: Net Version: 0
LogDevObjectVersion: Number of dev versions registered: 13
LogDevObjectVersion:   Dev-Blueprints (B0D832E4-1F89-4F0D-ACCF-7EB736FD4AA2): 3
LogDevObjectVersion:   Dev-Build (E1C64328-A22C-4D53-A36C-8E866417BD8C): 0
LogDevObjectVersion:   Dev-Core (375EC13C-06E4-48FB-B500-84F0262A717E): 1
LogDevObjectVersion:   Dev-Editor (E4B068ED-F494-42E9-A231-DA0B2E46BB41): 2
LogDevObjectVersion:   Dev-Framework (CFFC743F-43B0-4480-9391-14DF171D2073): 6
LogDevObjectVersion:   Dev-Mobile (B02B49B5-BB20-44E9-A304-32B752E40360): 0
LogDevObjectVersion:   Dev-Networking (A4E4105C-59A1-49B5-A7C5-40C4547EDFEE): 0
LogDevObjectVersion:   Dev-Online (39C831C9-5AE6-47DC-9A44-9C173E1C8E7C): 0
LogDevObjectVersion:   Dev-Physics (78F01B33-EBEA-4F98-B9B4-84EACCB95AA2): 0
LogDevObjectVersion:   Dev-Platform (6631380F-2D4D-43E0-8009-CF276956A95A): 0
LogDevObjectVersion:   Dev-Rendering (12F88B9F-8875-4AFC-A67C-D90C383ABD29): 2
LogDevObjectVersion:   Dev-Sequencer (7B5AE74C-D270-4C10-A958-57980B212A5A): 0
LogDevObjectVersion:   Dev-VR (D7296918-1DD6-4BDD-9DE2-64A83CC13884): 0
LogInit: Compiled (64-bit): Aug  3 2016 13:12:31
LogInit: Compiled with Visual C++: 19.00.23506.00
LogInit: Build Configuration: Development
LogInit: Branch Name: UE4
LogInit: Command line:  
LogInit: Base directory: D:/UnrealEngine-FleX/UnrealEngine-FleX/Engine/Binaries/Win64/
LogInit: Installed Engine Build: 0
LogInit: Using libcurl 7.41.0
LogInit:  - built for x86_64-pc-win32
LogInit:  - supports SSL with WinSSL
LogInit:  - other features:
LogInit:      CURL_VERSION_SSL
LogInit:      CURL_VERSION_IPV6
LogInit:      CURL_VERSION_ASYNCHDNS
LogInit:      CURL_VERSION_LARGEFILE
LogInit:      CURL_VERSION_IDN
LogInit:  CurlRequestOptions (configurable via config and command line):
LogInit:  - bVerifyPeer = true  - Libcurl will verify peer certificate
LogInit:  - bUseHttpProxy = false  - Libcurl will NOT use HTTP proxy
LogInit:  - bDontReuseConnections = false  - Libcurl will reuse connections
LogInit:  - CertBundlePath = nullptr  - Libcurl will use whatever was configured at build time.
LogInit: Presizing for max 8388607 objects, including 0 objects not considered by GC, pre-allocating 0 bytes for permanent pool.
LogInit: Object subsystem initialized
[2016.08.13-01.04.10:312][  0]LogInit: Selected Device Profile: [Windows]
[2016.08.13-01.04.10:312][  0]LogInit: Applying CVar settings loaded from the selected device profile: [Windows]
[2016.08.13-01.04.10:330][  0]LogInit: Computer: DESKTOP-LAGTANL
[2016.08.13-01.04.10:330][  0]LogInit: User: emman
[2016.08.13-01.04.10:330][  0]LogInit: CPU Page size=65536, Cores=4
[2016.08.13-01.04.10:330][  0]LogInit: High frequency timer resolution =2.531252 MHz
[2016.08.13-01.04.10:331][  0]LogMemory: Memory total: Physical=15.9GB (16GB approx)
[2016.08.13-01.04.10:331][  0]LogMemory: Platform Memory Stats for Windows
[2016.08.13-01.04.10:331][  0]LogMemory: Process Physical Memory: 190.61 MB used, 190.61 MB peak
[2016.08.13-01.04.10:331][  0]LogMemory: Process Virtual Memory: 195.35 MB used, 195.35 MB peak
[2016.08.13-01.04.10:331][  0]LogMemory: Physical Memory: 5798.92 MB used, 16282.52 MB total
[2016.08.13-01.04.10:331][  0]LogMemory: Virtual Memory: 553.54 MB used, 134217728.00 MB total
[2016.08.13-01.04.11:502][  0]LogTextLocalizationManager: No specific translations for ('en-US') exist, so ('en') translations will be used.
[2016.08.13-01.04.12:008][  0]LogD3D11RHI: D3D11 adapters:
[2016.08.13-01.04.12:035][  0]LogD3D11RHI:    0. 'NVIDIA GeForce GTX 960M' (Feature Level 11_0)
[2016.08.13-01.04.12:035][  0]LogD3D11RHI:       2018/0/8141 MB DedicatedVideo/DedicatedSystem/SharedSystem, Outputs:1, VendorId:0x10de
[2016.08.13-01.04.12:044][  0]LogD3D11RHI:    1. 'Intel(R) HD Graphics 530' (Feature Level 11_0)
[2016.08.13-01.04.12:044][  0]LogD3D11RHI:       128/0/8141 MB DedicatedVideo/DedicatedSystem/SharedSystem, Outputs:0, VendorId:0x8086
[2016.08.13-01.04.12:046][  0]LogD3D11RHI:    2. 'Microsoft Basic Render Driver' (Feature Level 11_0)
[2016.08.13-01.04.12:046][  0]LogD3D11RHI:       0/0/8141 MB DedicatedVideo/DedicatedSystem/SharedSystem, Outputs:0, VendorId:0x1414
[2016.08.13-01.04.12:046][  0]LogD3D11RHI: Chosen D3D11 Adapter: 0
[2016.08.13-01.04.12:052][  0]LogD3D11RHI: Creating new Direct3DDevice
[2016.08.13-01.04.12:052][  0]LogD3D11RHI:     GPU DeviceId: 0x139b (for the marketing name, search the web for "GPU Device Id")
[2016.08.13-01.04.12:052][  0]LogWindows: EnumDisplayDevices:
[2016.08.13-01.04.12:052][  0]LogWindows:    0. 'Intel(R) HD Graphics 530' (P:1 D:1)
[2016.08.13-01.04.12:053][  0]LogWindows:    1. 'Intel(R) HD Graphics 530' (P:0 D:0)
[2016.08.13-01.04.12:053][  0]LogWindows:    2. 'Intel(R) HD Graphics 530' (P:0 D:0)
[2016.08.13-01.04.12:053][  0]LogWindows: DebugString: PrimaryIsNotTheChoosenAdapter PrimaryIsNotTheChoosenAdapter PrimaryIsNotTheChoosenAdapter FoundDriverCount:0 
[2016.08.13-01.04.12:053][  0]LogD3D11RHI:     Adapter Name: NVIDIA GeForce GTX 960M
[2016.08.13-01.04.12:053][  0]LogD3D11RHI:   Driver Version: Unknown (internal:Unknown, unified:Unknown)
[2016.08.13-01.04.12:053][  0]LogD3D11RHI:      Driver Date: Unknown
[2016.08.13-01.04.12:053][  0]LogRHI: Texture pool is 1361 MB (70% of 1945 MB)
[2016.08.13-01.04.12:067][  0]LogD3D11RHI: Async texture creation enabled
[2016.08.13-01.04.12:077][  0]LogD3D11RHI: GPU Timing Frequency: 1000.000000 (Debug: 2 1)
[2016.08.13-01.04.12:078][  0]LogShaderCompilers: Guid format shader working directory is 25 characters bigger than the processId version (../../../FlexProject/Intermediate/Shaders/WorkingDirectory/15172/).
[2016.08.13-01.04.12:078][  0]LogShaderCompilers: Cleaned the shader compiler working directory 'C:/Users/emman/AppData/Local/Temp/UnrealShaderWorkingDir/5B0BE89E4A74269AA0D7B3ABB0AC9F19/'.
[2016.08.13-01.04.12:078][  0]LogShaderCompilers:Display: Using Local Shader Compiler.
[2016.08.13-01.04.12:937][  0]LogTemp:Display: Loaded TP WindowsTargetPlatform
[2016.08.13-01.04.12:943][  0]LogTemp:Display: Loaded TP WindowsNoEditorTargetPlatform
[2016.08.13-01.04.12:950][  0]LogTemp:Display: Loaded TP WindowsServerTargetPlatform
[2016.08.13-01.04.12:957][  0]LogTemp:Display: Loaded TP WindowsClientTargetPlatform
[2016.08.13-01.04.12:963][  0]LogTemp:Display: Loaded TP AllDesktopTargetPlatform
[2016.08.13-01.04.12:969][  0]LogTemp:Display: Loaded TP AndroidTargetPlatform
[2016.08.13-01.04.12:975][  0]LogTemp:Display: Loaded TP Android_PVRTCTargetPlatform
[2016.08.13-01.04.12:981][  0]LogTemp:Display: Loaded TP Android_ATCTargetPlatform
[2016.08.13-01.04.12:987][  0]LogTemp:Display: Loaded TP Android_DXTTargetPlatform
[2016.08.13-01.04.12:993][  0]LogTemp:Display: Loaded TP Android_ETC1TargetPlatform
[2016.08.13-01.04.12:999][  0]LogTemp:Display: Loaded TP Android_ETC2TargetPlatform
[2016.08.13-01.04.13:005][  0]LogTemp:Display: Loaded TP Android_ASTCTargetPlatform
[2016.08.13-01.04.13:011][  0]LogTemp:Display: Loaded TP Android_MultiTargetPlatform
[2016.08.13-01.04.13:013][  0]LogTemp:Display: Loaded TP HTML5TargetPlatform
[2016.08.13-01.04.13:032][  0]LogTemp:Display: Loaded TP IOSTargetPlatform
[2016.08.13-01.04.13:038][  0]LogTemp:Display: Loaded TP TVOSTargetPlatform
[2016.08.13-01.04.13:038][  0]LogTargetPlatformManager:Display: Building Assets For Windows
[2016.08.13-01.04.13:098][  0]LogDerivedDataCache:Display: Max Cache Size: 512 MB
[2016.08.13-01.04.13:585][  0]LogDerivedDataCache: Loaded boot cache 0.49s 54MB ../../../FlexProject/DerivedDataCache/Boot.ddc.
[2016.08.13-01.04.13:585][  0]LogDerivedDataCache:Display: Loaded Boot cache: ../../../FlexProject/DerivedDataCache/Boot.ddc
[2016.08.13-01.04.13:585][  0]LogDerivedDataCache: FDerivedDataBackendGraph:  Pak pak cache file ../../../FlexProject/DerivedDataCache/DDC.ddp not found, will not use a pak cache.
[2016.08.13-01.04.13:585][  0]LogDerivedDataCache: Unable to find inner node Pak for hierarchical cache Hierarchy.
[2016.08.13-01.04.13:586][  0]LogDerivedDataCache: FDerivedDataBackendGraph:  EnginePak pak cache file ../../../Engine/DerivedDataCache/DDC.ddp not found, will not use a pak cache.
[2016.08.13-01.04.13:586][  0]LogDerivedDataCache: Unable to find inner node EnginePak for hierarchical cache Hierarchy.
[2016.08.13-01.04.13:598][  0]LogDerivedDataCache: Using Local data cache path ../../../Engine/DerivedDataCache: Writable
[2016.08.13-01.04.13:598][  0]LogDerivedDataCache: Shared data cache path not found in *engine.ini, will not use an Shared cache.
[2016.08.13-01.04.13:598][  0]LogDerivedDataCache: Unable to find inner node Shared for hierarchical cache Hierarchy.
[2016.08.13-01.04.14:429][  0]LogInit: Selected Device Profile: [Windows]
[2016.08.13-01.04.14:430][  0]LogContentStreaming: Texture pool size is 0.00 MB
[2016.08.13-01.04.14:638][  0]LogMeshUtilities: No automatic mesh reduction module available
[2016.08.13-01.04.14:638][  0]LogMeshUtilities: No automatic mesh merging module available
[2016.08.13-01.04.14:638][  0]LogMeshUtilities: No distributed automatic mesh merging module available
[2016.08.13-01.04.15:080][  0]LogAssetRegistry: FAssetRegistry took 0.0225 seconds to start up
[2016.08.13-01.04.15:101][  0]LogPackageLocalizationCache: Processed 3 localized package path(s) for 2 prioritized culture(s) in 0.019472 seconds
[2016.08.13-01.04.15:105][  0]LogUObjectArray: 28946 objects as part of root set at end of initial load.
[2016.08.13-01.04.15:105][  0]LogUObjectAllocator: 5899896 out of 0 bytes used by permanent object pool.
[2016.08.13-01.04.15:105][  0]LogUObjectArray: CloseDisregardForGC: 0/0 objects in disregard for GC pool
[2016.08.13-01.04.15:109][  0]LogInit: WinSock: version 1.1 (2.2), MaxSocks=32767, MaxUdp=65467
[2016.08.13-01.04.16:000][  0]LogSlate: SlateFontCache - WITH_FREETYPE: 1, WITH_HARFBUZZ: 1
[2016.08.13-01.04.16:000][  0]LogSlate: SlateFontCache - WITH_FREETYPE: 1, WITH_HARFBUZZ: 1
[2016.08.13-01.04.30:746][  0]LogUdpMessaging: Initializing bridge on interface 0.0.0.0:0 to multicast group 230.0.0.1:6666.
[2016.08.13-01.04.31:202][  0]SourceControl: Info Source control is disabled
[2016.08.13-01.04.31:341][  0]SourceControl: Info Source control is disabled
[2016.08.13-01.04.31:350][  0]SourceControl: Info Source control is disabled
[2016.08.13-01.04.31:358][  0]SourceControl: Info Source control is disabled
[2016.08.13-01.04.31:805][  0]LogEngine: Initializing Engine...
[2016.08.13-01.04.31:879][  0]LogHMD: SteamVR failed to initialize.  Err: 110
[2016.08.13-01.04.31:880][  0]LogHMD: SteamVR failed to initialize.  Err: 110
[2016.08.13-01.04.32:070][  0]LogAIModule: Creating AISystem for world NewWorld
[2016.08.13-01.04.32:075][  0]LogInit: XAudio2 using 'Speakers (Conexant SmartAudio HD)' : 2 channels at 48 kHz using 32 bits per sample (channel mask 0x3)
[2016.08.13-01.04.32:091][  0]LogInit: FAudioDevice initialized.
[2016.08.13-01.04.32:115][  0]LogDerivedDataCache: Saved boot cache 0.02s 54MB ../../../FlexProject/DerivedDataCache/Boot.ddc.
[2016.08.13-01.04.32:120][  0]LogInit: Texture streaming: Enabled
[2016.08.13-01.04.32:142][  0]LogWindowsTextInputMethodSystem:Display: IME system now deactivated.
[2016.08.13-01.04.32:168][  0]LogInit: Transaction tracking system initialized
[2016.08.13-01.04.32:182][  0]BlueprintLog: New page: Editor Load
[2016.08.13-01.04.32:320][  0]LocalizationService: Info Localization service is disabled
[2016.08.13-01.04.32:822][  0]LogConsoleResponse:Display: 
[2016.08.13-01.04.35:517][  0]LogCook:Display: Max memory allowance for cook 8192mb
[2016.08.13-01.04.35:517][  0]LogCook:Display: Mobile HDR setting 1
[2016.08.13-01.04.36:462][  0]LogFileCache: Scanning file cache for directory 'D:/UnrealEngine-FleX/UnrealEngine-FleX/FlexProject/Content/' took 0.01s
[2016.08.13-01.04.36:504][  0]SourceControl: Info Source control is disabled
[2016.08.13-01.04.36:504][  0]Cmd: MAP LOAD FILE="../../../FlexProject/Content/Maps/flexSoftTestMap.umap" TEMPLATE=0 SHOWPROGRESS=1 FEATURELEVEL=3
[2016.08.13-01.04.36:505][  0]LightingResults: New page: Lighting Build
[2016.08.13-01.04.36:507][  0]MapCheck: New page: Map Check
[2016.08.13-01.04.36:507][  0]LightingResults: New page: Lighting Build
[2016.08.13-01.04.38:480][  0]LogAIModule: Creating AISystem for world flexSoftTestMap
[2016.08.13-01.04.38:564][  0]LogEditorServer: Finished looking for orphan Actors (0.000 secs)
[2016.08.13-01.04.38:564][  0]Cmd: MAP CHECKDEP NOCLEARLOG
[2016.08.13-01.04.38:594][  0]MapCheck: Info Map check complete: 0 Error(s), 0 Warning(s), took 29.863ms to complete.
[2016.08.13-01.04.38:594][  0]LogFileHelpers: Loading map 'flexSoftTestMap' took 2.090
[2016.08.13-01.04.38:733][  0]LogCollectionManager: Loaded 0 collections in 0.001074 seconds
[2016.08.13-01.04.38:772][  0]LogFileCache: Scanning file cache for directory 'D:/UnrealEngine-FleX/UnrealEngine-FleX/FlexProject/Saved/Collections/' took 0.01s
[2016.08.13-01.04.38:772][  0]LogFileCache: Scanning file cache for directory 'D:/UnrealEngine-FleX/UnrealEngine-FleX/FlexProject/Content/Developers/emman/Collections/' took 0.01s
[2016.08.13-01.04.38:772][  0]LogFileCache: Scanning file cache for directory 'D:/UnrealEngine-FleX/UnrealEngine-FleX/FlexProject/Content/Collections/' took 0.01s
[2016.08.13-01.04.38:772][  0]LogCollectionManager: Rebuilt the GUID cache for 0 collections in 0.000002 seconds
[2016.08.13-01.04.38:780][  0]LogContentBrowser: Native class hierarchy populated in 0.0081 seconds. Added 2065 classes and 368 folders.
[2016.08.13-01.04.38:784][  0]LogStats: UGameplayTagsManager::ConstructGameplayTagTree: Construct from data asset -  0.000 s
[2016.08.13-01.04.38:784][  0]LogStats: UGameplayTagsManager::ConstructGameplayTagTree: GameplayTagTreeChangedEvent.Broadcast -  0.000 s
[2016.08.13-01.04.38:784][  0]LogContentBrowser: Native class hierarchy updated for 'GameplayTags' in 0.0005 seconds. Added 12 classes and 0 folders.
[2016.08.13-01.04.38:788][  0]LogContentBrowser: Native class hierarchy updated for 'WidgetCarousel' in 0.0003 seconds. Added 0 classes and 0 folders.
[2016.08.13-01.04.39:372][  0]LogContentBrowser: Native class hierarchy updated for 'AddContentDialog' in 0.0013 seconds. Added 0 classes and 0 folders.
[2016.08.13-01.04.39:383][  0]LogContentBrowser: Native class hierarchy updated for 'SceneOutliner' in 0.0012 seconds. Added 1 classes and 2 folders.
[2016.08.13-01.04.39:553][  0]LogCrashTracker: Crashtracker disabled due to settings.
[2016.08.13-01.04.39:649][  0]LogUObjectGlobals:Warning: Failed to find object 'Class None.'
[2016.08.13-01.04.39:682][  0]LogContentBrowser: Native class hierarchy updated for 'HierarchicalLODOutliner' in 0.0013 seconds. Added 1 classes and 2 folders.
[2016.08.13-01.04.39:683][  0]LogLoad: Full Startup: 30.03 seconds (BP compile: 0.10 seconds)
[2016.08.13-01.04.39:683][  0]LogExternalProfiler: No external profilers were discovered.  External profiling features will not be available.
[2016.08.13-01.04.39:694][  0]LogOcInput: OculusInput pre-init called
[2016.08.13-01.04.39:736][  0]LogContentStreaming: Texture pool size now 200 MB
[2016.08.13-01.04.40:305][  0]LogRenderer: Reallocating scene render targets to support 964x436 (Frame:2).
[2016.08.13-01.04.40:777][  4]LogAssetRegistry: Asset discovery search completed in 25.7202 seconds
[2016.08.13-01.04.40:778][  4]LogCollectionManager: Rebuilt the object cache for 0 collections in 0.000001 seconds (found 0 objects)
[2016.08.13-01.04.40:778][  4]LogCollectionManager: Fixed up redirectors for 0 collections in 0.000070 seconds (updated 0 objects)
[2016.08.13-01.04.47:533][263]LogBlueprintUserMessages: Early PlayInEditor Detection: Level '/Game/Maps/flexSoftTestMap.flexSoftTestMap:PersistentLevel' has LevelScriptBlueprint '/Game/Maps/flexSoftTestMap.flexSoftTestMap:PersistentLevel.flexSoftTestMap' with GeneratedClass '/Game/Maps/flexSoftTestMap.flexSoftTestMap_C' with ClassGeneratedBy '/Game/Maps/flexSoftTestMap.flexSoftTestMap:PersistentLevel.flexSoftTestMap'
[2016.08.13-01.04.47:533][263]LogPlayLevel: PlayLevel: No blueprints needed recompiling
[2016.08.13-01.04.47:595][263]PIE: New page: PIE session: flexSoftTestMap (Aug 12, 2016, 3:04:47 PM)
[2016.08.13-01.04.47:595][263]LogPlayLevel: Creating play world package: /Game/Maps/UEDPIE_0_flexSoftTestMap
[2016.08.13-01.04.47:680][263]LogPlayLevel: PIE: StaticDuplicateObject took: (0.084239s)
[2016.08.13-01.04.47:681][263]LogAIModule: Creating AISystem for world flexSoftTestMap
[2016.08.13-01.04.47:681][263]LogPlayLevel: PIE: World Init took: (0.001653s)
[2016.08.13-01.04.47:682][263]LogPlayLevel: PIE: Created PIE world by copying editor world from /Game/Maps/flexSoftTestMap.flexSoftTestMap to /Game/Maps/UEDPIE_0_flexSoftTestMap.flexSoftTestMap (0.086487s)
[2016.08.13-01.04.47:736][263]LogInit: XAudio2 using 'Speakers (Conexant SmartAudio HD)' : 2 channels at 48 kHz using 32 bits per sample (channel mask 0x3)
[2016.08.13-01.04.47:773][263]LogInit: FAudioDevice initialized.
[2016.08.13-01.04.48:151][263]LogBlueprint:Warning: Node '/Game/Blueprints/MyCharacter.MyCharacter:EdGraph_0.K2Node_FunctionEntry_19' missing NodeGuid because of upgrade from old package version, this can cause deterministic cooking issues please resave package.
[2016.08.13-01.04.48:176][263]LogBlueprint:Warning: Node '/Game/Blueprints/MyCharacter.MyCharacter:EdGraph_1.K2Node_FunctionEntry_19' missing NodeGuid because of upgrade from old package version, this can cause deterministic cooking issues please resave package.
[2016.08.13-01.04.48:206][263]LogBlueprint:Warning: Node '/Game/Blueprints/MyCharacter.MyCharacter:EdGraph_2.K2Node_FunctionEntry_19' missing NodeGuid because of upgrade from old package version, this can cause deterministic cooking issues please resave package.
[2016.08.13-01.04.48:220][263]LogBlueprint:Warning: Node '/Game/Blueprints/MyGame.MyGame:EdGraph_0.K2Node_FunctionEntry_34' missing NodeGuid because of upgrade from old package version, this can cause deterministic cooking issues please resave package.
[2016.08.13-01.04.48:224][263]LogBlueprint:Warning: Node '/Game/Blueprints/MyGame.MyGame:EdGraph_1.K2Node_FunctionEntry_34' missing NodeGuid because of upgrade from old package version, this can cause deterministic cooking issues please resave package.
[2016.08.13-01.04.48:261][263]LogBlueprint:Warning: Node '/Game/Blueprints/MyCharacter.MyCharacter:EventGraph.EdGraphNode_Comment_42' missing NodeGuid because of upgrade from old package version, this can cause deterministic cooking issues please resave package.
[2016.08.13-01.04.48:261][263]LogBlueprint:Warning: Node '/Game/Blueprints/MyCharacter.MyCharacter:EventGraph.EdGraphNode_Comment_93' missing NodeGuid because of upgrade from old package version, this can cause deterministic cooking issues please resave package.
[2016.08.13-01.04.48:261][263]LogBlueprint:Warning: Node '/Game/Blueprints/MyCharacter.MyCharacter:EventGraph.K2Node_Comment_1' missing NodeGuid because of upgrade from old package version, this can cause deterministic cooking issues please resave package.
[2016.08.13-01.04.48:261][263]LogBlueprint:Warning: Node '/Game/Blueprints/MyCharacter.MyCharacter:EventGraph.K2Node_Comment_39' missing NodeGuid because of upgrade from old package version, this can cause deterministic cooking issues please resave package.
[2016.08.13-01.04.48:261][263]LogBlueprint:Warning: Node '/Game/Blueprints/MyCharacter.MyCharacter:EventGraph.K2Node_Comment_56' missing NodeGuid because of upgrade from old package version, this can cause deterministic cooking issues please resave package.
[2016.08.13-01.04.48:262][263]LogBlueprint:Warning: Node '/Game/Blueprints/MyCharacter.MyCharacter:EventGraph.K2Node_CallFunction_1193' missing NodeGuid because of upgrade from old package version, this can cause deterministic cooking issues please resave package.
[2016.08.13-01.04.48:263][263]LogBlueprint:Warning: Node '/Game/Blueprints/MyCharacter.MyCharacter:EventGraph.K2Node_CallFunction_20844' missing NodeGuid because of upgrade from old package version, this can cause deterministic cooking issues please resave package.
[2016.08.13-01.04.48:263][263]LogBlueprint:Warning: Node '/Game/Blueprints/MyCharacter.MyCharacter:EventGraph.K2Node_CallFunction_21305' missing NodeGuid because of upgrade from old package version, this can cause deterministic cooking issues please resave package.
[2016.08.13-01.04.48:263][263]LogBlueprint:Warning: Node '/Game/Blueprints/MyCharacter.MyCharacter:EventGraph.K2Node_CallFunction_3334' missing NodeGuid because of upgrade from old package version, this can cause deterministic cooking issues please resave package.
[2016.08.13-01.04.48:263][263]LogBlueprint:Warning: Node '/Game/Blueprints/MyCharacter.MyCharacter:EventGraph.K2Node_CallFunction_3716' missing NodeGuid because of upgrade from old package version, this can cause deterministic cooking issues please resave package.
[2016.08.13-01.04.48:263][263]LogBlueprint:Warning: Node '/Game/Blueprints/MyCharacter.MyCharacter:EventGraph.K2Node_CallFunction_4184' missing NodeGuid because of upgrade from old package version, this can cause deterministic cooking issues please resave package.
[2016.08.13-01.04.48:263][263]LogBlueprint:Warning: Node '/Game/Blueprints/MyCharacter.MyCharacter:EventGraph.K2Node_CallFunction_4223' missing NodeGuid because of upgrade from old package version, this can cause deterministic cooking issues please resave package.
[2016.08.13-01.04.48:263][263]LogBlueprint:Warning: Node '/Game/Blueprints/MyCharacter.MyCharacter:EventGraph.K2Node_CallFunction_4678' missing NodeGuid because of upgrade from old package version, this can cause deterministic cooking issues please resave package.
[2016.08.13-01.04.48:263][263]LogBlueprint:Warning: Node '/Game/Blueprints/MyCharacter.MyCharacter:EventGraph.K2Node_CallFunction_7346' missing NodeGuid because of upgrade from old package version, this can cause deterministic cooking issues please resave package.
[2016.08.13-01.04.48:264][263]LogBlueprint:Warning: Node '/Game/Blueprints/MyCharacter.MyCharacter:EventGraph.K2Node_CallFunction_7445' missing NodeGuid because of upgrade from old package version, this can cause deterministic cooking issues please resave package.
[2016.08.13-01.04.48:264][263]LogBlueprint:Warning: Node '/Game/Blueprints/MyCharacter.MyCharacter:EventGraph.K2Node_CallFunction_8160' missing NodeGuid because of upgrade from old package version, this can cause deterministic cooking issues please resave package.
[2016.08.13-01.04.48:264][263]LogBlueprint:Warning: Node '/Game/Blueprints/MyCharacter.MyCharacter:EventGraph.K2Node_CallFunction_8427' missing NodeGuid because of upgrade from old package version, this can cause deterministic cooking issues please resave package.
[2016.08.13-01.04.48:264][263]LogBlueprint:Warning: Node '/Game/Blueprints/MyCharacter.MyCharacter:EventGraph.K2Node_CallFunction_8428' missing NodeGuid because of upgrade from old package version, this can cause deterministic cooking issues please resave package.
[2016.08.13-01.04.48:264][263]LogBlueprint:Warning: Node '/Game/Blueprints/MyCharacter.MyCharacter:EventGraph.K2Node_CallFunction_8733' missing NodeGuid because of upgrade from old package version, this can cause deterministic cooking issues please resave package.
[2016.08.13-01.04.48:264][263]LogBlueprint:Warning: Node '/Game/Blueprints/MyCharacter.MyCharacter:EventGraph.K2Node_CallFunction_8767' missing NodeGuid because of upgrade from old package version, this can cause deterministic cooking issues please resave package.
[2016.08.13-01.04.48:264][263]LogBlueprint:Warning: Node '/Game/Blueprints/MyCharacter.MyCharacter:EventGraph.K2Node_CallFunction_9386' missing NodeGuid because of upgrade from old package version, this can cause deterministic cooking issues please resave package.
[2016.08.13-01.04.48:264][263]LogBlueprint:Warning: Node '/Game/Blueprints/MyCharacter.MyCharacter:EventGraph.K2Node_CallFunction_9755' missing NodeGuid because of upgrade from old package version, this can cause deterministic cooking issues please resave package.
[2016.08.13-01.04.48:265][263]LogBlueprint:Warning: Node '/Game/Blueprints/MyCharacter.MyCharacter:EventGraph.K2Node_CommutativeAssociativeBinaryOperator_153' missing NodeGuid because of upgrade from old package version, this can cause deterministic cooking issues please resave package.
[2016.08.13-01.04.48:265][263]LogBlueprint:Warning: Node '/Game/Blueprints/MyCharacter.MyCharacter:EventGraph.K2Node_CommutativeAssociativeBinaryOperator_155' missing NodeGuid because of upgrade from old package version, this can cause deterministic cooking issues please resave package.
[2016.08.13-01.04.48:265][263]LogBlueprint:Warning: Node '/Game/Blueprints/MyCharacter.MyCharacter:EventGraph.K2Node_EnumEquality_7' missing NodeGuid because of upgrade from old package version, this can cause deterministic cooking issues please resave package.
[2016.08.13-01.04.48:265][263]LogBlueprint:Warning: Node '/Game/Blueprints/MyCharacter.MyCharacter:UserConstructionScript.K2Node_FunctionEntry_19' missing NodeGuid because of upgrade from old package version, this can cause deterministic cooking issues please resave package.
[2016.08.13-01.04.48:265][263]LogBlueprint:Warning: Node '/Game/Blueprints/MyCharacter.MyCharacter:EventGraph.K2Node_IfThenElse_18' missing NodeGuid because of upgrade from old package version, this can cause deterministic cooking issues please resave package.
[2016.08.13-01.04.48:265][263]LogBlueprint:Warning: Node '/Game/Blueprints/MyCharacter.MyCharacter:EventGraph.K2Node_IfThenElse_19' missing NodeGuid because of upgrade from old package version, this can cause deterministic cooking issues please resave package.
[2016.08.13-01.04.48:265][263]LogBlueprint:Warning: Node '/Game/Blueprints/MyCharacter.MyCharacter:EventGraph.K2Node_InputAction_60' missing NodeGuid because of upgrade from old package version, this can cause deterministic cooking issues please resave package.
[2016.08.13-01.04.48:265][263]LogBlueprint:Warning: Node '/Game/Blueprints/MyCharacter.MyCharacter:EventGraph.K2Node_InputAxisEvent_42' missing NodeGuid because of upgrade from old package version, this can cause deterministic cooking issues please resave package.
[2016.08.13-01.04.48:265][263]LogBlueprint:Warning: Node '/Game/Blueprints/MyCharacter.MyCharacter:EventGraph.K2Node_InputAxisEvent_43' missing NodeGuid because of upgrade from old package version, this can cause deterministic cooking issues please resave package.
[2016.08.13-01.04.48:265][263]LogBlueprint:Warning: Node '/Game/Blueprints/MyCharacter.MyCharacter:EventGraph.K2Node_InputAxisEvent_50' missing NodeGuid because of upgrade from old package version, this can cause deterministic cooking issues please resave package.
[2016.08.13-01.04.48:266][263]LogBlueprint:Warning: Node '/Game/Blueprints/MyCharacter.MyCharacter:EventGraph.K2Node_InputAxisEvent_55' missing NodeGuid because of upgrade from old package version, this can cause deterministic cooking issues please resave package.
[2016.08.13-01.04.48:266][263]LogBlueprint:Warning: Node '/Game/Blueprints/MyCharacter.MyCharacter:EventGraph.K2Node_InputAxisEvent_85' missing NodeGuid because of upgrade from old package version, this can cause deterministic cooking issues please resave package.
[2016.08.13-01.04.48:266][263]LogBlueprint:Warning: Node '/Game/Blueprints/MyCharacter.MyCharacter:EventGraph.K2Node_InputAxisEvent_95' missing NodeGuid because of upgrade from old package version, this can cause deterministic cooking issues please resave package.
[2016.08.13-01.04.48:266][263]LogBlueprint:Warning: Node '/Game/Blueprints/MyCharacter.MyCharacter:EventGraph.K2Node_InputTouch_3' missing NodeGuid because of upgrade from old package version, this can cause deterministic cooking issues please resave package.
[2016.08.13-01.04.48:266][263]LogBlueprint:Warning: Node '/Game/Blueprints/MyCharacter.MyCharacter:EventGraph.K2Node_VariableGet_91' missing NodeGuid because of upgrade from old package version, this can cause deterministic cooking issues please resave package.
[2016.08.13-01.04.48:266][263]LogBlueprint:Warning: Node '/Game/Blueprints/MyCharacter.MyCharacter:EventGraph.K2Node_VariableGet_93' missing NodeGuid because of upgrade from old package version, this can cause deterministic cooking issues please resave package.
[2016.08.13-01.04.48:291][263]LogBlueprint:Warning: Node '/Game/Character/HeroTPP_AnimBlueprint.HeroTPP_AnimBlueprint:AnimGraph.AnimGraphNode_StateMachine_1.Default.AnimStateNode_1.Idle/Run.AnimGraphNode_BlendSpacePlayer_9' missing NodeGuid because of upgrade from old package version, this can cause deterministic cooking issues please resave package.
[2016.08.13-01.04.48:291][263]LogBlueprint:Warning: Node '/Game/Character/HeroTPP_AnimBlueprint.HeroTPP_AnimBlueprint:AnimGraph.AnimGraphNode_Root_5' missing NodeGuid because of upgrade from old package version, this can cause deterministic cooking issues please resave package.
[2016.08.13-01.04.48:291][263]LogBlueprint:Warning: Node '/Game/Character/HeroTPP_AnimBlueprint.HeroTPP_AnimBlueprint:AnimGraph.AnimGraphNode_StateMachine_1.Default.AnimStateNode_4.JumpStart.AnimGraphNode_SequencePlayer_34' missing NodeGuid because of upgrade from old package version, this can cause deterministic cooking issues please resave package.
[2016.08.13-01.04.48:291][263]LogBlueprint:Warning: Node '/Game/Character/HeroTPP_AnimBlueprint.HeroTPP_AnimBlueprint:AnimGraph.AnimGraphNode_StateMachine_1.Default.AnimStateNode_6.JumpLoop.AnimGraphNode_SequencePlayer_40' missing NodeGuid because of upgrade from old package version, this can cause deterministic cooking issues please resave package.
[2016.08.13-01.04.48:291][263]LogBlueprint:Warning: Node '/Game/Character/HeroTPP_AnimBlueprint.HeroTPP_AnimBlueprint:AnimGraph.AnimGraphNode_StateMachine_1.Default.AnimStateNode_8.JumpEnd.AnimGraphNode_SequencePlayer_46' missing NodeGuid because of upgrade from old package version, this can cause deterministic cooking issues please resave package.
[2016.08.13-01.04.48:291][263]LogBlueprint:Warning: Node '/Game/Character/HeroTPP_AnimBlueprint.HeroTPP_AnimBlueprint:AnimGraph.AnimGraphNode_StateMachine_1' missing NodeGuid because of upgrade from old package version, this can cause deterministic cooking issues please resave package.
[2016.08.13-01.04.48:291][263]LogBlueprint:Warning: Node '/Game/Character/HeroTPP_AnimBlueprint.HeroTPP_AnimBlueprint:AnimGraph.AnimGraphNode_StateMachine_1.Default.AnimStateNode_1.Idle/Run.AnimGraphNode_StateResult_0' missing NodeGuid because of upgrade from old package version, this can cause deterministic cooking issues please resave package.
[2016.08.13-01.04.48:291][263]LogBlueprint:Warning: Node '/Game/Character/HeroTPP_AnimBlueprint.HeroTPP_AnimBlueprint:AnimGraph.AnimGraphNode_StateMachine_1.Default.AnimStateNode_4.JumpStart.AnimGraphNode_StateResult_9' missing NodeGuid because of upgrade from old package version, this can cause deterministic cooking issues please resave package.
[2016.08.13-01.04.48:291][263]LogBlueprint:Warning: Node '/Game/Character/HeroTPP_AnimBlueprint.HeroTPP_AnimBlueprint:AnimGraph.AnimGraphNode_StateMachine_1.Default.AnimStateNode_6.JumpLoop.AnimGraphNode_StateResult_16' missing NodeGuid because of upgrade from old package version, this can cause deterministic cooking issues please resave package.
[2016.08.13-01.04.48:292][263]LogBlueprint:Warning: Node '/Game/Character/HeroTPP_AnimBlueprint.HeroTPP_AnimBlueprint:AnimGraph.AnimGraphNode_StateMachine_1.Default.AnimStateNode_8.JumpEnd.AnimGraphNode_StateResult_26' missing NodeGuid because of upgrade from old package version, this can cause deterministic cooking issues please resave package.
[2016.08.13-01.04.48:292][263]LogBlueprint:Warning: Node '/Game/Character/HeroTPP_AnimBlueprint.HeroTPP_AnimBlueprint:AnimGraph.AnimGraphNode_StateMachine_1.Default.AnimStateTransitionNode_1.Transition.AnimGraphNode_TransitionResult_0' missing NodeGuid because of upgrade from old package version, this can cause deterministic cooking issues please resave package.
[2016.08.13-01.04.48:292][263]LogBlueprint:Warning: Node '/Game/Character/HeroTPP_AnimBlueprint.HeroTPP_AnimBlueprint:AnimGraph.AnimGraphNode_StateMachine_1.Default.AnimStateTransitionNode_3.Transition.AnimGraphNode_TransitionResult_3' missing NodeGuid because of upgrade from old package version, this can cause deterministic cooking issues please resave package.
[2016.08.13-01.04.48:292][263]LogBlueprint:Warning: Node '/Game/Character/HeroTPP_AnimBlueprint.HeroTPP_AnimBlueprint:AnimGraph.AnimGraphNode_StateMachine_1.Default.AnimStateTransitionNode_5.Transition.AnimGraphNode_TransitionResult_9' missing NodeGuid because of upgrade from old package version, this can cause deterministic cooking issues please resave package.
[2016.08.13-01.04.48:292][263]LogBlueprint:Warning: Node '/Game/Character/HeroTPP_AnimBlueprint.HeroTPP_AnimBlueprint:AnimGraph.AnimGraphNode_StateMachine_1.Default.AnimStateTransitionNode_7.Transition.AnimGraphNode_TransitionResult_18' missing NodeGuid because of upgrade from old package version, this can cause deterministic cooking issues please resave package.
[2016.08.13-01.04.48:292][263]LogBlueprint:Warning: Node '/Game/Character/HeroTPP_AnimBlueprint.HeroTPP_AnimBlueprint:AnimGraph.AnimGraphNode_StateMachine_1.Default.AnimStateEntryNode_0' missing NodeGuid because of upgrade from old package version, this can cause deterministic cooking issues please resave package.
[2016.08.13-01.04.48:292][263]LogBlueprint:Warning: Node '/Game/Character/HeroTPP_AnimBlueprint.HeroTPP_AnimBlueprint:AnimGraph.AnimGraphNode_StateMachine_1.Default.AnimStateNode_1' missing NodeGuid because of upgrade from old package version, this can cause deterministic cooking issues please resave package.
[2016.08.13-01.04.48:292][263]LogBlueprint:Warning: Node '/Game/Character/HeroTPP_AnimBlueprint.HeroTPP_AnimBlueprint:AnimGraph.AnimGraphNode_StateMachine_1.Default.AnimStateNode_4' missing NodeGuid because of upgrade from old package version, this can cause deterministic cooking issues please resave package.
[2016.08.13-01.04.48:292][263]LogBlueprint:Warning: Node '/Game/Character/HeroTPP_AnimBlueprint.HeroTPP_AnimBlueprint:AnimGraph.AnimGraphNode_StateMachine_1.Default.AnimStateNode_6' missing NodeGuid because of upgrade from old package version, this can cause deterministic cooking issues please resave package.
[2016.08.13-01.04.48:292][263]LogBlueprint:Warning: Node '/Game/Character/HeroTPP_AnimBlueprint.HeroTPP_AnimBlueprint:AnimGraph.AnimGraphNode_StateMachine_1.Default.AnimStateNode_8' missing NodeGuid because of upgrade from old package version, this can cause deterministic cooking issues please resave package.
[2016.08.13-01.04.48:292][263]LogBlueprint:Warning: Node '/Game/Character/HeroTPP_AnimBlueprint.HeroTPP_AnimBlueprint:AnimGraph.AnimGraphNode_StateMachine_1.Default.AnimStateTransitionNode_1' missing NodeGuid because of upgrade from old package version, this can cause deterministic cooking issues please resave package.
[2016.08.13-01.04.48:292][263]LogBlueprint:Warning: Node '/Game/Character/HeroTPP_AnimBlueprint.HeroTPP_AnimBlueprint:AnimGraph.AnimGraphNode_StateMachine_1.Default.AnimStateTransitionNode_3' missing NodeGuid because of upgrade from old package version, this can cause deterministic cooking issues please resave package.
[2016.08.13-01.04.48:292][263]LogBlueprint:Warning: Node '/Game/Character/HeroTPP_AnimBlueprint.HeroTPP_AnimBlueprint:AnimGraph.AnimGraphNode_StateMachine_1.Default.AnimStateTransitionNode_5' missing NodeGuid because of upgrade from old package version, this can cause deterministic cooking issues please resave package.
[2016.08.13-01.04.48:293][263]LogBlueprint:Warning: Node '/Game/Character/HeroTPP_AnimBlueprint.HeroTPP_AnimBlueprint:AnimGraph.AnimGraphNode_StateMachine_1.Default.AnimStateTransitionNode_7' missing NodeGuid because of upgrade from old package version, this can cause deterministic cooking issues please resave package.
[2016.08.13-01.04.48:293][263]LogBlueprint:Warning: Node '/Game/Character/HeroTPP_AnimBlueprint.HeroTPP_AnimBlueprint:EventGraph.EdGraphNode_Comment_19' missing NodeGuid because of upgrade from old package version, this can cause deterministic cooking issues please resave package.
[2016.08.13-01.04.48:293][263]LogBlueprint:Warning: Node '/Game/Character/HeroTPP_AnimBlueprint.HeroTPP_AnimBlueprint:EventGraph.K2Node_Comment_22' missing NodeGuid because of upgrade from old package version, this can cause deterministic cooking issues please resave package.
[2016.08.13-01.04.48:293][263]LogBlueprint:Warning: Node '/Game/Character/HeroTPP_AnimBlueprint.HeroTPP_AnimBlueprint:EventGraph.K2Node_Comment_25' missing NodeGuid because of upgrade from old package version, this can cause deterministic cooking issues please resave package.
[2016.08.13-01.04.48:293][263]LogBlueprint:Warning: Node '/Game/Character/HeroTPP_AnimBlueprint.HeroTPP_AnimBlueprint:AnimGraph.AnimGraphNode_StateMachine_1.Default.AnimStateTransitionNode_3.Transition.K2Node_CallFunction_7960' missing NodeGuid because of upgrade from old package version, this can cause deterministic cooking issues please resave package.
[2016.08.13-01.04.48:294][263]LogBlueprint:Warning: Node '/Game/Character/HeroTPP_AnimBlueprint.HeroTPP_AnimBlueprint:AnimGraph.AnimGraphNode_StateMachine_1.Default.AnimStateTransitionNode_5.Transition.K2Node_CallFunction_8008' missing NodeGuid because of upgrade from old package version, this can cause deterministic cooking issues please resave package.
[2016.08.13-01.04.48:294][263]LogBlueprint:Warning: Node '/Game/Character/HeroTPP_AnimBlueprint.HeroTPP_AnimBlueprint:AnimGraph.AnimGraphNode_StateMachine_1.Default.AnimStateTransitionNode_7.Transition.K2Node_CallFunction_8428' missing NodeGuid because of upgrade from old package version, this can cause deterministic cooking issues please resave package.
[2016.08.13-01.04.48:294][263]LogBlueprint:Warning: Node '/Game/Character/HeroTPP_AnimBlueprint.HeroTPP_AnimBlueprint:EventGraph.K2Node_CallFunction_11813' missing NodeGuid because of upgrade from old package version, this can cause deterministic cooking issues please resave package.
[2016.08.13-01.04.48:294][263]LogBlueprint:Warning: Node '/Game/Character/HeroTPP_AnimBlueprint.HeroTPP_AnimBlueprint:EventGraph.K2Node_CallFunction_11990' missing NodeGuid because of upgrade from old package version, this can cause deterministic cooking issues please resave package.
[2016.08.13-01.04.48:294][263]LogBlueprint:Warning: Node '/Game/Character/HeroTPP_AnimBlueprint.HeroTPP_AnimBlueprint:EventGraph.K2Node_CallFunction_2246' missing NodeGuid because of upgrade from old package version, this can cause deterministic cooking issues please resave package.
[2016.08.13-01.04.48:294][263]LogBlueprint:Warning: Node '/Game/Character/HeroTPP_AnimBlueprint.HeroTPP_AnimBlueprint:EventGraph.K2Node_CallFunction_2731' missing NodeGuid because of upgrade from old package version, this can cause deterministic cooking issues please resave package.
[2016.08.13-01.04.48:294][263]LogBlueprint:Warning: Node '/Game/Character/HeroTPP_AnimBlueprint.HeroTPP_AnimBlueprint:EventGraph.K2Node_CallFunction_846' missing NodeGuid because of upgrade from old package version, this can cause deterministic cooking issues please resave package.
[2016.08.13-01.04.48:294][263]LogBlueprint:Warning: Node '/Game/Character/HeroTPP_AnimBlueprint.HeroTPP_AnimBlueprint:EventGraph.K2Node_Event_14' missing NodeGuid because of upgrade from old package version, this can cause deterministic cooking issues please resave package.
[2016.08.13-01.04.48:294][263]LogBlueprint:Warning: Node '/Game/Character/HeroTPP_AnimBlueprint.HeroTPP_AnimBlueprint:EventGraph.K2Node_MacroInstance_40' missing NodeGuid because of upgrade from old package version, this can cause deterministic cooking issues please resave package.
[2016.08.13-01.04.48:294][263]LogBlueprint:Warning: Node '/Game/Character/HeroTPP_AnimBlueprint.HeroTPP_AnimBlueprint:AnimGraph.AnimGraphNode_StateMachine_1.Default.AnimStateTransitionNode_3.Transition.K2Node_TransitionRuleGetter_44' missing NodeGuid because of upgrade from old package version, this can cause deterministic cooking issues please resave package.
[2016.08.13-01.04.48:295][263]LogBlueprint:Warning: Node '/Game/Character/HeroTPP_AnimBlueprint.HeroTPP_AnimBlueprint:AnimGraph.AnimGraphNode_StateMachine_1.Default.AnimStateTransitionNode_7.Transition.K2Node_TransitionRuleGetter_53' missing NodeGuid because of upgrade from old package version, this can cause deterministic cooking issues please resave package.
[2016.08.13-01.04.48:295][263]LogBlueprint:Warning: Node '/Game/Character/HeroTPP_AnimBlueprint.HeroTPP_AnimBlueprint:AnimGraph.AnimGraphNode_StateMachine_1.Default.AnimStateNode_1.Idle/Run.K2Node_VariableGet_75' missing NodeGuid because of upgrade from old package version, this can cause deterministic cooking issues please resave package.
[2016.08.13-01.04.48:295][263]LogBlueprint:Warning: Node '/Game/Character/HeroTPP_AnimBlueprint.HeroTPP_AnimBlueprint:AnimGraph.AnimGraphNode_StateMachine_1.Default.AnimStateTransitionNode_1.Transition.K2Node_VariableGet_120' missing NodeGuid because of upgrade from old package version, this can cause deterministic cooking issues please resave package.
[2016.08.13-01.04.48:295][263]LogBlueprint:Warning: Node '/Game/Character/HeroTPP_AnimBlueprint.HeroTPP_AnimBlueprint:AnimGraph.AnimGraphNode_StateMachine_1.Default.AnimStateTransitionNode_5.Transition.K2Node_VariableGet_122' missing NodeGuid because of upgrade from old package version, this can cause deterministic cooking issues please resave package.
[2016.08.13-01.04.48:295][263]LogBlueprint:Warning: Node '/Game/Character/HeroTPP_AnimBlueprint.HeroTPP_AnimBlueprint:EventGraph.K2Node_VariableSet_24' missing NodeGuid because of upgrade from old package version, this can cause deterministic cooking issues please resave package.
[2016.08.13-01.04.48:295][263]LogBlueprint:Warning: Node '/Game/Character/HeroTPP_AnimBlueprint.HeroTPP_AnimBlueprint:EventGraph.K2Node_VariableSet_64' missing NodeGuid because of upgrade from old package version, this can cause deterministic cooking issues please resave package.
[2016.08.13-01.04.48:390][263]LogBlueprint:Warning: Node '/Game/Blueprints/MyGame.MyGame:UserConstructionScript.K2Node_FunctionEntry_34' missing NodeGuid because of upgrade from old package version, this can cause deterministic cooking issues please resave package.
[2016.08.13-01.04.48:479][263]LogWorld: Game class is 'MyGame_C'
[2016.08.13-01.04.48:489][263]LogFlex:Display: Creating a FLEX system for...
[2016.08.13-01.04.48:512][263]LogWorld: Bringing World /Game/Maps/UEDPIE_0_flexSoftTestMap.flexSoftTestMap up for play (max tick rate 0) at 2016.08.12-20.04.48
[2016.08.13-01.04.48:513][263]LogWorld: Bringing up level for play took: 0.029942
[2016.08.13-01.04.48:564][263]LogContentBrowser: Native class hierarchy updated for 'MovieSceneCapture' in 0.0014 seconds. Added 11 classes and 0 folders.
[2016.08.13-01.04.48:581][263]PIE: Info Play in editor start time for /Game/Maps/UEDPIE_0_flexSoftTestMap 1.016
[2016.08.13-01.04.48:581][263]LogBlueprintUserMessages: Late PlayInEditor Detection: Level '/Game/Maps/flexSoftTestMap.flexSoftTestMap:PersistentLevel' has LevelScriptBlueprint '/Game/Maps/flexSoftTestMap.flexSoftTestMap:PersistentLevel.flexSoftTestMap' with GeneratedClass '/Game/Maps/flexSoftTestMap.flexSoftTestMap_C' with ClassGeneratedBy '/Game/Maps/flexSoftTestMap.flexSoftTestMap:PersistentLevel.flexSoftTestMap'
[2016.08.13-01.04.50:312][364]LogBlueprintUserMessages: Early EndPlayMap Detection: Level '/Game/Maps/flexSoftTestMap.flexSoftTestMap:PersistentLevel' has LevelScriptBlueprint '/Game/Maps/flexSoftTestMap.flexSoftTestMap:PersistentLevel.flexSoftTestMap' with GeneratedClass '/Game/Maps/flexSoftTestMap.flexSoftTestMap_C' with ClassGeneratedBy '/Game/Maps/flexSoftTestMap.flexSoftTestMap:PersistentLevel.flexSoftTestMap'
[2016.08.13-01.04.50:401][364]LogBlueprintUserMessages: Late EndPlayMap Detection: Level '/Game/Maps/flexSoftTestMap.flexSoftTestMap:PersistentLevel' has LevelScriptBlueprint '/Game/Maps/flexSoftTestMap.flexSoftTestMap:PersistentLevel.flexSoftTestMap' with GeneratedClass '/Game/Maps/flexSoftTestMap.flexSoftTestMap_C' with ClassGeneratedBy '/Game/Maps/flexSoft