Log file open, 08/11/16 17:30:50
LogInit:Display: Running engine for game: FlexProject
LogPlatformFile: Not using cached read wrapper
LogInit:Display: RandInit(-2025158227) SRandInit(-2025158226).
LogTaskGraph: Started task graph with 4 named threads and 7 total threads.
LogStats: Stats thread started at 0.069492
LogInit: Version: 4.11.2-2946394+++UE4+Release-4.11
LogInit: API Version: 2927265
LogInit: Compiled (64-bit): Apr 18 2016 02:18:46
LogInit: Compiled with Visual C++: 19.00.23026.00
LogInit: Build Configuration: Development
LogInit: Branch Name: ++UE4+Release-4.11
LogInit: Command line:  
LogInit: Base directory: D:/Epic Games/4.11/Engine/Binaries/Win64/
LogInit: Installed Engine Build: 1
LogInit: Using libcurl 7.41.0
LogInit:  - built for x86_64-pc-win32
LogInit:  - supports SSL with WinSSL
LogInit:  - other features:
LogInit:      CURL_VERSION_SSL
LogInit:      CURL_VERSION_IPV6
LogInit:      CURL_VERSION_ASYNCHDNS
LogInit:      CURL_VERSION_LARGEFILE
LogInit:      CURL_VERSION_IDN
LogInit:  CurlRequestOptions (configurable via config and command line):
LogInit:  - bVerifyPeer = true  - Libcurl will verify peer certificate
LogInit:  - bUseHttpProxy = false  - Libcurl will NOT use HTTP proxy
LogInit:  - bDontReuseConnections = false  - Libcurl will reuse connections
LogInit:  - CertBundlePath = nullptr  - Libcurl will use whatever was configured at build time.
LogInit: Presizing for max 16777216 objects, including 0 objects not considered by GC, pre-allocating 0 bytes for permanent pool.
LogInit: Object subsystem initialized
[2016.08.11-22.30.50:164][  0]LogInit: Selected Device Profile: [Windows]
[2016.08.11-22.30.50:164][  0]LogInit: Applying CVar settings loaded from the selected device profile: [Windows]
[2016.08.11-22.30.50:169][  0]LogInit: Computer: DESKTOP-LAGTANL
[2016.08.11-22.30.50:169][  0]LogInit: User: emman
[2016.08.11-22.30.50:169][  0]LogInit: CPU Page size=65536, Cores=4
[2016.08.11-22.30.50:169][  0]LogInit: High frequency timer resolution =2.531252 MHz
[2016.08.11-22.30.50:170][  0]LogMemory: Memory total: Physical=15.9GB (16GB approx)
[2016.08.11-22.30.50:170][  0]LogMemory: Platform Memory Stats for Windows
[2016.08.11-22.30.50:170][  0]LogMemory: Process Physical Memory: 312.97 MB used, 312.97 MB peak
[2016.08.11-22.30.50:170][  0]LogMemory: Process Virtual Memory: 314.94 MB used, 314.94 MB peak
[2016.08.11-22.30.50:170][  0]LogMemory: Physical Memory: 5612.54 MB used, 16282.52 MB total
[2016.08.11-22.30.50:170][  0]LogMemory: Virtual Memory: 653.49 MB used, 134217728.00 MB total
[2016.08.11-22.30.50:207][  0]LogTextLocalizationManager: No specific translations for ('en-US') exist, so ('en') translations will be used.
[2016.08.11-22.30.50:538][  0]LogD3D11RHI: D3D11 adapters:
[2016.08.11-22.30.50:575][  0]LogD3D11RHI:    0. 'NVIDIA GeForce GTX 960M' (Feature Level 11_0)
[2016.08.11-22.30.50:575][  0]LogD3D11RHI:       2018MB of dedicated video memory, 0MB of dedicated system memory, and 8141MB of shared system memory, 1 output[s]
[2016.08.11-22.30.50:582][  0]LogD3D11RHI:    1. 'Intel(R) HD Graphics 530' (Feature Level 11_0)
[2016.08.11-22.30.50:583][  0]LogD3D11RHI:       128MB of dedicated video memory, 0MB of dedicated system memory, and 8141MB of shared system memory, 0 output[s]
[2016.08.11-22.30.50:585][  0]LogD3D11RHI:    2. 'Microsoft Basic Render Driver' (Feature Level 11_0)
[2016.08.11-22.30.50:585][  0]LogD3D11RHI:       0MB of dedicated video memory, 0MB of dedicated system memory, and 8141MB of shared system memory, 0 output[s]
[2016.08.11-22.30.50:585][  0]LogD3D11RHI: Chosen D3D11 Adapter: 0
[2016.08.11-22.30.50:589][  0]LogD3D11RHI: Creating new Direct3DDevice
[2016.08.11-22.30.50:590][  0]LogD3D11RHI:     Adapter Name: NVIDIA GeForce GTX 960M
[2016.08.11-22.30.50:590][  0]LogD3D11RHI:   Driver Version: Unknown (internal Unknown)
[2016.08.11-22.30.50:590][  0]LogD3D11RHI:      Driver Date: Unknown
[2016.08.11-22.30.50:590][  0]LogRHI: Texture pool is 1361 MB (70% of 1945 MB)
[2016.08.11-22.30.50:605][  0]LogD3D11RHI: Async texture creation enabled
[2016.08.11-22.30.50:616][  0]LogShaderCompilers: Guid format shader working directory is -17 characters bigger than the processId version (../../../../../UnrealEngine-FleX/UnrealEngine-FleX/FlexProject/Intermediate/Shaders/WorkingDirectory/11560/).
[2016.08.11-22.30.50:616][  0]LogShaderCompilers: Cleaned the shader compiler working directory 'C:/Users/emman/AppData/Local/Temp/UnrealShaderWorkingDir/4C883AE44CC2E2608B3C879543275488/'.
[2016.08.11-22.30.50:616][  0]LogShaderCompilers:Display: Using Local Shader Compiler.
[2016.08.11-22.30.51:537][  0]LogTemp:Display: Loaded TP AllDesktopTargetPlatform
[2016.08.11-22.30.51:541][  0]LogTemp:Display: Loaded TP WindowsClientTargetPlatform
[2016.08.11-22.30.51:545][  0]LogTemp:Display: Loaded TP WindowsNoEditorTargetPlatform
[2016.08.11-22.30.51:550][  0]LogTemp:Display: Loaded TP WindowsServerTargetPlatform
[2016.08.11-22.30.51:553][  0]LogTemp:Display: Loaded TP WindowsTargetPlatform
[2016.08.11-22.30.51:557][  0]LogTemp:Display: Loaded TP AndroidTargetPlatform
[2016.08.11-22.30.51:559][  0]LogTemp:Display: Loaded TP Android_ASTCTargetPlatform
[2016.08.11-22.30.51:563][  0]LogTemp:Display: Loaded TP Android_ATCTargetPlatform
[2016.08.11-22.30.51:566][  0]LogTemp:Display: Loaded TP Android_DXTTargetPlatform
[2016.08.11-22.30.51:569][  0]LogTemp:Display: Loaded TP Android_ETC1TargetPlatform
[2016.08.11-22.30.51:572][  0]LogTemp:Display: Loaded TP Android_ETC2TargetPlatform
[2016.08.11-22.30.51:577][  0]LogTemp:Display: Loaded TP Android_MultiTargetPlatform
[2016.08.11-22.30.51:577][  0]LogTemp:Display: Loaded TP Android_PVRTCTargetPlatform
[2016.08.11-22.30.51:578][  0]LogTemp:Display: Loaded TP HTML5TargetPlatform
[2016.08.11-22.30.51:597][  0]LogTemp:Display: Loaded TP IOSTargetPlatform
[2016.08.11-22.30.51:600][  0]LogTemp:Display: Loaded TP TVOSTargetPlatform
[2016.08.11-22.30.51:603][  0]LogTemp:Display: Loaded TP LinuxNoEditorTargetPlatform
[2016.08.11-22.30.51:606][  0]LogTemp:Display: Loaded TP LinuxServerTargetPlatform
[2016.08.11-22.30.51:610][  0]LogTemp:Display: Loaded TP LinuxTargetPlatform
[2016.08.11-22.30.51:610][  0]LogTargetPlatformManager:Display: Building Assets For Windows
[2016.08.11-22.30.51:667][  0]LogDerivedDataCache:Display: Max Cache Size: 512 MB
[2016.08.11-22.30.51:710][  0]LogDerivedDataCache: Loaded boot cache 0.04s 46MB C:/Users/emman/AppData/Local/UnrealEngine/4.11/DerivedDataCache/Boot.ddc.
[2016.08.11-22.30.51:710][  0]LogDerivedDataCache:Display: Loaded Boot cache: C:/Users/emman/AppData/Local/UnrealEngine/4.11/DerivedDataCache/Boot.ddc
[2016.08.11-22.30.51:710][  0]LogDerivedDataCache: FDerivedDataBackendGraph:  Pak pak cache file ../../../../../UnrealEngine-FleX/UnrealEngine-FleX/FlexProject/DerivedDataCache/DDC.ddp not found, will not use a pak cache.
[2016.08.11-22.30.51:710][  0]LogDerivedDataCache: Unable to find inner node Pak for hierarchical cache Hierarchy.
[2016.08.11-22.30.51:710][  0]LogDerivedDataCache: FDerivedDataBackendGraph:  CompressedPak pak cache file ../../../../../UnrealEngine-FleX/UnrealEngine-FleX/FlexProject/DerivedDataCache/Compressed.ddp not found, will not use a pak cache.
[2016.08.11-22.30.51:710][  0]LogDerivedDataCache: Unable to find inner node CompressedPak for hierarchical cache Hierarchy.
[2016.08.11-22.30.51:724][  0]LogDerivedDataCache:Display: Pak cache opened for reading ../../../Engine/DerivedDataCache/Compressed.ddp.
[2016.08.11-22.30.51:736][  0]LogDerivedDataCache: Using Local data cache path C:/Users/emman/AppData/Local/UnrealEngine/Common/DerivedDataCache: Writable
[2016.08.11-22.30.51:872][  0]LogInit: Selected Device Profile: [Windows]
[2016.08.11-22.30.51:872][  0]LogContentStreaming: Texture pool size is 0.00 MB
[2016.08.11-22.30.51:900][  0]LogMaterial: Uniform references updated for custom material expression Custom.
[2016.08.11-22.30.52:011][  0]LogMeshUtilities: No automatic mesh reduction module available
[2016.08.11-22.30.52:011][  0]LogMeshUtilities: No automatic mesh merging module available
[2016.08.11-22.30.52:011][  0]LogMeshUtilities: No distributed automatic mesh merging module available
[2016.08.11-22.30.52:208][  0]LogUObjectArray: 27679 objects as part of root set at end of initial load.
[2016.08.11-22.30.52:208][  0]LogUObjectAllocator: 5591592 out of 0 bytes used by permanent object pool.
[2016.08.11-22.30.52:208][  0]LogUObjectArray: CloseDisregardForGC: 0/0 objects in disregard for GC pool
[2016.08.11-22.30.52:211][  0]LogInit: WinSock: version 1.1 (2.2), MaxSocks=32767, MaxUdp=65467
[2016.08.11-22.30.52:276][  0]LogSlate: SlateFontCache - WITH_FREETYPE: 1, WITH_HARFBUZZ: 1
[2016.08.11-22.30.52:276][  0]LogSlate: SlateFontCache - WITH_FREETYPE: 1, WITH_HARFBUZZ: 1
[2016.08.11-22.30.52:357][  0]LogStreaming:Warning: Failed to read file '../../../Engine/Content/Editor/Slate/Common/Selection_16x.png' error.
[2016.08.11-22.30.52:357][  0]LogSlate: Could not find file for Slate resource: ../../../Engine/Content/Editor/Slate/Common/Selection_16x.png
[2016.08.11-22.30.52:357][  0]LogStreaming:Warning: Failed to read file '../../../Engine/Content/Editor/Slate/Common/Selection_16x.png' error.
[2016.08.11-22.30.52:357][  0]LogSlate: Could not find file for Slate resource: ../../../Engine/Content/Editor/Slate/Common/Selection_16x.png
[2016.08.11-22.30.52:357][  0]LogStreaming:Warning: Failed to read file '../../../Engine/Content/Editor/Slate/Common/Selection_16x.png' error.
[2016.08.11-22.30.52:357][  0]LogSlate: Could not find file for Slate resource: ../../../Engine/Content/Editor/Slate/Common/Selection_16x.png
[2016.08.11-22.30.52:836][  0]LogSubstanceCoreModule: Substance CPU Engine Loaded, Max Texture Size 2048
[2016.08.11-22.30.52:841][  0]LogUdpMessaging: Initializing bridge on interface 0.0.0.0:0 to multicast group 230.0.0.1:6666.
[2016.08.11-22.30.52:942][  0]LogAssetRegistry: FAssetRegistry took 0.0213 seconds to start up
[2016.08.11-22.30.53:058][  0]SourceControl: Info Source control is disabled
[2016.08.11-22.30.53:069][  0]SourceControl: Info Source control is disabled
[2016.08.11-22.30.53:074][  0]SourceControl: Info Source control is disabled
[2016.08.11-22.30.53:079][  0]SourceControl: Info Source control is disabled
[2016.08.11-22.30.53:154][  0]LogHMD: Failed to initialize OpenVR with code 110
[2016.08.11-22.30.53:220][  0]LogEngine: Initializing Engine...
[2016.08.11-22.30.53:341][  0]LogAIModule: Creating AISystem for world NewWorld
[2016.08.11-22.30.53:346][  0]LogInit: XAudio2 using 'Speakers (Conexant SmartAudio HD)' : 2 channels at 48 kHz using 32 bits per sample (channel mask 0x3)
[2016.08.11-22.30.53:360][  0]LogInit: FAudioDevice initialized.
[2016.08.11-22.30.53:380][  0]LogDerivedDataCache: Saved boot cache 0.02s 46MB C:/Users/emman/AppData/Local/UnrealEngine/4.11/DerivedDataCache/Boot.ddc.
[2016.08.11-22.30.53:382][  0]LogInit: Texture streaming: Enabled
[2016.08.11-22.30.53:401][  0]LogInit: Transaction tracking system initialized
[2016.08.11-22.30.53:414][  0]BlueprintLog: New page: Editor Load
[2016.08.11-22.30.53:464][  0]LocalizationService: Info Localization service is disabled
[2016.08.11-22.30.53:517][  0]LogConsoleResponse:Display: 
[2016.08.11-22.30.53:603][  0]LogCook:Display: Max memory allowance for cook 8192mb
[2016.08.11-22.30.53:603][  0]LogCook:Display: Mobile HDR setting 1
[2016.08.11-22.30.53:603][  0]LogCook:Display: Done creating registry. It took  0.00s.
[2016.08.11-22.30.53:639][  0]LogFileCache: Scanning file cache for directory 'D:/UnrealEngine-FleX/UnrealEngine-FleX/FlexProject/Content/' took 0.01s
[2016.08.11-22.30.53:639][  0]SourceControl: Info Source control is disabled
[2016.08.11-22.30.53:639][  0]Cmd: MAP LOAD FILE="../../../../../UnrealEngine-FleX/UnrealEngine-FleX/FlexProject/Content/Maps/flexSoftTestMap.umap" TEMPLATE=0 SHOWPROGRESS=1 FEATURELEVEL=3
[2016.08.11-22.30.53:639][  0]LightingResults: New page: Lighting Build
[2016.08.11-22.30.53:641][  0]MapCheck: New page: Map Check
[2016.08.11-22.30.53:641][  0]LightingResults: New page: Lighting Build
[2016.08.11-22.30.53:650][  0]LogLinker:Warning: Asset '../../../../../UnrealEngine-FleX/UnrealEngine-FleX/FlexProject/Content/Maps/flexSoftTestMap.umap' has been saved with empty engine version. The asset will be loaded but may be incompatible.
[2016.08.11-22.30.53:762][  0]LogLinker:Warning: Asset '../../../../../UnrealEngine-FleX/UnrealEngine-FleX/FlexProject/Content/TestPackages/Flex/flexSoftContainer.uasset' has been saved with empty engine version. The asset will be loaded but may be incompatible.
[2016.08.11-22.30.53:762][  0]LogLinker:Warning: Unable to load package (../../../../../UnrealEngine-FleX/UnrealEngine-FleX/FlexProject/Content/TestPackages/Flex/flexSoftContainer.uasset) PackageVersion 504, MaxExpected 498 : LicenseePackageVersion 0, MaxExpected 0.
[2016.08.11-22.30.53:762][  0]LogLinker:Warning: Asset '../../../../../UnrealEngine-FleX/UnrealEngine-FleX/FlexProject/Content/TestPackages/Flex/flexSoftContainer.uasset' has been saved with empty engine version. The asset will be loaded but may be incompatible.
[2016.08.11-22.30.53:762][  0]LogLinker:Warning: Unable to load package (../../../../../UnrealEngine-FleX/UnrealEngine-FleX/FlexProject/Content/TestPackages/Flex/flexSoftContainer.uasset) PackageVersion 504, MaxExpected 498 : LicenseePackageVersion 0, MaxExpected 0.
[2016.08.11-22.30.53:762][  0]LogLinker:Warning: Asset '../../../../../UnrealEngine-FleX/UnrealEngine-FleX/FlexProject/Content/TestPackages/Flex/flexBlueMaterial.uasset' has been saved with empty engine version. The asset will be loaded but may be incompatible.
[2016.08.11-22.30.53:763][  0]LogLinker:Warning: Asset '../../../../../UnrealEngine-FleX/UnrealEngine-FleX/FlexProject/Content/TestPackages/Flex/flexGlossyMaterial.uasset' has been saved with empty engine version. The asset will be loaded but may be incompatible.
[2016.08.11-22.30.53:763][  0]LogLinker:Warning: Asset '../../../../../UnrealEngine-FleX/UnrealEngine-FleX/FlexProject/Content/TestPackages/Flex/flexGreenMaterial.uasset' has been saved with empty engine version. The asset will be loaded but may be incompatible.
[2016.08.11-22.30.53:764][  0]LogLinker:Warning: Asset '../../../../../UnrealEngine-FleX/UnrealEngine-FleX/FlexProject/Content/TestPackages/Flex/flexFrayTexture.uasset' has been saved with empty engine version. The asset will be loaded but may be incompatible.
[2016.08.11-22.30.53:764][  0]LogLinker:Warning: Asset '../../../../../UnrealEngine-FleX/UnrealEngine-FleX/FlexProject/Content/TestPackages/Flex/flexPinkMaterial.uasset' has been saved with empty engine version. The asset will be loaded but may be incompatible.
[2016.08.11-22.30.53:766][  0]LogLinker:Warning: Asset '../../../../../UnrealEngine-FleX/UnrealEngine-FleX/FlexProject/Content/TestPackages/Flex/flexSandMaterial.uasset' has been saved with empty engine version. The asset will be loaded but may be incompatible.
[2016.08.11-22.30.53:766][  0]LogLinker:Warning: Asset '../../../../../UnrealEngine-FleX/UnrealEngine-FleX/FlexProject/Content/TestPackages/Flex/flexWhiteMaterial.uasset' has been saved with empty engine version. The asset will be loaded but may be incompatible.
[2016.08.11-22.30.53:769][  0]LogLinker:Warning: Asset '../../../../../UnrealEngine-FleX/UnrealEngine-FleX/FlexProject/Content/TestPackages/Flex/flexBacon.uasset' has been saved with empty engine version. The asset will be loaded but may be incompatible.
[2016.08.11-22.30.53:769][  0]LogLinker:Warning: Unable to load package (../../../../../UnrealEngine-FleX/UnrealEngine-FleX/FlexProject/Content/TestPackages/Flex/flexBacon.uasset) PackageVersion 504, MaxExpected 498 : LicenseePackageVersion 0, MaxExpected 0.
[2016.08.11-22.30.53:769][  0]LogLinker:Warning: Asset '../../../../../UnrealEngine-FleX/UnrealEngine-FleX/FlexProject/Content/TestPackages/Flex/flexBacon.uasset' has been saved with empty engine version. The asset will be loaded but may be incompatible.
[2016.08.11-22.30.53:769][  0]LogLinker:Warning: Unable to load package (../../../../../UnrealEngine-FleX/UnrealEngine-FleX/FlexProject/Content/TestPackages/Flex/flexBacon.uasset) PackageVersion 504, MaxExpected 498 : LicenseePackageVersion 0, MaxExpected 0.
[2016.08.11-22.30.53:769][  0]LogLinker:Warning: Asset '../../../../../UnrealEngine-FleX/UnrealEngine-FleX/FlexProject/Content/TestPackages/Flex/flexBox30.uasset' has been saved with empty engine version. The asset will be loaded but may be incompatible.
[2016.08.11-22.30.53:770][  0]LogLinker:Warning: Asset '../../../../../UnrealEngine-FleX/UnrealEngine-FleX/FlexProject/Content/TestPackages/Flex/flexRigidContainer.uasset' has been saved with empty engine version. The asset will be loaded but may be incompatible.
[2016.08.11-22.30.53:771][  0]LogLinker:Warning: Asset '../../../../../UnrealEngine-FleX/UnrealEngine-FleX/FlexProject/Content/TestPackages/Flex/flexOctopus.uasset' has been saved with empty engine version. The asset will be loaded but may be incompatible.
[2016.08.11-22.30.53:771][  0]LogLinker:Warning: Unable to load package (../../../../../UnrealEngine-FleX/UnrealEngine-FleX/FlexProject/Content/TestPackages/Flex/flexOctopus.uasset) PackageVersion 504, MaxExpected 498 : LicenseePackageVersion 0, MaxExpected 0.
[2016.08.11-22.30.53:771][  0]LogLinker:Warning: Asset '../../../../../UnrealEngine-FleX/UnrealEngine-FleX/FlexProject/Content/TestPackages/Flex/flexOctopus.uasset' has been saved with empty engine version. The asset will be loaded but may be incompatible.
[2016.08.11-22.30.53:771][  0]LogLinker:Warning: Unable to load package (../../../../../UnrealEngine-FleX/UnrealEngine-FleX/FlexProject/Content/TestPackages/Flex/flexOctopus.uasset) PackageVersion 504, MaxExpected 498 : LicenseePackageVersion 0, MaxExpected 0.
[2016.08.11-22.30.53:771][  0]LogLinker:Warning: Asset '../../../../../UnrealEngine-FleX/UnrealEngine-FleX/FlexProject/Content/TestPackages/Flex/flexRope.uasset' has been saved with empty engine version. The asset will be loaded but may be incompatible.
[2016.08.11-22.30.53:771][  0]LogLinker:Warning: Asset '../../../../../UnrealEngine-FleX/UnrealEngine-FleX/FlexProject/Content/TestPackages/Flex/flexSoftContainer.uasset' has been saved with empty engine version. The asset will be loaded but may be incompatible.
[2016.08.11-22.30.53:771][  0]LogLinker:Warning: Unable to load package (../../../../../UnrealEngine-FleX/UnrealEngine-FleX/FlexProject/Content/TestPackages/Flex/flexSoftContainer.uasset) PackageVersion 504, MaxExpected 498 : LicenseePackageVersion 0, MaxExpected 0.
[2016.08.11-22.30.53:771][  0]LogLinker:Warning: Asset '../../../../../UnrealEngine-FleX/UnrealEngine-FleX/FlexProject/Content/TestPackages/Flex/flexSoftContainer.uasset' has been saved with empty engine version. The asset will be loaded but may be incompatible.
[2016.08.11-22.30.53:771][  0]LogLinker:Warning: Unable to load package (../../../../../UnrealEngine-FleX/UnrealEngine-FleX/FlexProject/Content/TestPackages/Flex/flexSoftContainer.uasset) PackageVersion 504, MaxExpected 498 : LicenseePackageVersion 0, MaxExpected 0.
[2016.08.11-22.30.53:771][  0]LogLinker:Warning: Asset '../../../../../UnrealEngine-FleX/UnrealEngine-FleX/FlexProject/Content/TestPackages/Flex/flexSoftContainer.uasset' has been saved with empty engine version. The asset will be loaded but may be incompatible.
[2016.08.11-22.30.53:772][  0]LogLinker:Warning: Unable to load package (../../../../../UnrealEngine-FleX/UnrealEngine-FleX/FlexProject/Content/TestPackages/Flex/flexSoftContainer.uasset) PackageVersion 504, MaxExpected 498 : LicenseePackageVersion 0, MaxExpected 0.
[2016.08.11-22.30.53:772][  0]LogLinker:Warning: Asset '../../../../../UnrealEngine-FleX/UnrealEngine-FleX/FlexProject/Content/TestPackages/Flex/flexSoftContainer.uasset' has been saved with empty engine version. The asset will be loaded but may be incompatible.
[2016.08.11-22.30.53:772][  0]LogLinker:Warning: Unable to load package (../../../../../UnrealEngine-FleX/UnrealEngine-FleX/FlexProject/Content/TestPackages/Flex/flexSoftContainer.uasset) PackageVersion 504, MaxExpected 498 : LicenseePackageVersion 0, MaxExpected 0.
[2016.08.11-22.30.53:772][  0]LogLinker:Warning: Asset '../../../../../UnrealEngine-FleX/UnrealEngine-FleX/FlexProject/Content/TestPackages/Flex/flexSoftContainer.uasset' has been saved with empty engine version. The asset will be loaded but may be incompatible.
[2016.08.11-22.30.53:772][  0]LogLinker:Warning: Unable to load package (../../../../../UnrealEngine-FleX/UnrealEngine-FleX/FlexProject/Content/TestPackages/Flex/flexSoftContainer.uasset) PackageVersion 504, MaxExpected 498 : LicenseePackageVersion 0, MaxExpected 0.
[2016.08.11-22.30.53:772][  0]LogLinker:Warning: Asset '../../../../../UnrealEngine-FleX/UnrealEngine-FleX/FlexProject/Content/TestPackages/Flex/flexSoftContainer.uasset' has been saved with empty engine version. The asset will be loaded but may be incompatible.
[2016.08.11-22.30.53:772][  0]LogLinker:Warning: Unable to load package (../../../../../UnrealEngine-FleX/UnrealEngine-FleX/FlexProject/Content/TestPackages/Flex/flexSoftContainer.uasset) PackageVersion 504, MaxExpected 498 : LicenseePackageVersion 0, MaxExpected 0.
[2016.08.11-22.30.53:772][  0]LogLinker:Warning: Asset '../../../../../UnrealEngine-FleX/UnrealEngine-FleX/FlexProject/Content/TestPackages/Flex/flexTorus.uasset' has been saved with empty engine version. The asset will be loaded but may be incompatible.
[2016.08.11-22.30.53:773][  0]LogLinker:Warning: Asset '../../../../../UnrealEngine-FleX/UnrealEngine-FleX/FlexProject/Content/TestPackages/Flex/flexSoftContainer.uasset' has been saved with empty engine version. The asset will be loaded but may be incompatible.
[2016.08.11-22.30.53:773][  0]LogLinker:Warning: Unable to load package (../../../../../UnrealEngine-FleX/UnrealEngine-FleX/FlexProject/Content/TestPackages/Flex/flexSoftContainer.uasset) PackageVersion 504, MaxExpected 498 : LicenseePackageVersion 0, MaxExpected 0.
[2016.08.11-22.30.53:773][  0]LogLinker:Warning: Asset '../../../../../UnrealEngine-FleX/UnrealEngine-FleX/FlexProject/Content/TestPackages/Flex/flexSoftContainer.uasset' has been saved with empty engine version. The asset will be loaded but may be incompatible.
[2016.08.11-22.30.53:773][  0]LogLinker:Warning: Unable to load package (../../../../../UnrealEngine-FleX/UnrealEngine-FleX/FlexProject/Content/TestPackages/Flex/flexSoftContainer.uasset) PackageVersion 504, MaxExpected 498 : LicenseePackageVersion 0, MaxExpected 0.
[2016.08.11-22.30.53:773][  0]LogLinker:Warning: Asset '../../../../../UnrealEngine-FleX/UnrealEngine-FleX/FlexProject/Content/TestPackages/Flex/flexSoftContainer.uasset' has been saved with empty engine version. The asset will be loaded but may be incompatible.
[2016.08.11-22.30.53:773][  0]LogLinker:Warning: Unable to load package (../../../../../UnrealEngine-FleX/UnrealEngine-FleX/FlexProject/Content/TestPackages/Flex/flexSoftContainer.uasset) PackageVersion 504, MaxExpected 498 : LicenseePackageVersion 0, MaxExpected 0.
[2016.08.11-22.30.53:773][  0]LogLinker:Warning: Asset '../../../../../UnrealEngine-FleX/UnrealEngine-FleX/FlexProject/Content/TestPackages/Flex/flexSoftContainer.uasset' has been saved with empty engine version. The asset will be loaded but may be incompatible.
[2016.08.11-22.30.53:773][  0]LogLinker:Warning: Unable to load package (../../../../../UnrealEngine-FleX/UnrealEngine-FleX/FlexProject/Content/TestPackages/Flex/flexSoftContainer.uasset) PackageVersion 504, MaxExpected 498 : LicenseePackageVersion 0, MaxExpected 0.
[2016.08.11-22.30.53:774][  0]LogLinker:Warning: Asset '../../../../../UnrealEngine-FleX/UnrealEngine-FleX/FlexProject/Content/TestPackages/Flex/flexBacon.uasset' has been saved with empty engine version. The asset will be loaded but may be incompatible.
[2016.08.11-22.30.53:774][  0]LogLinker:Warning: Unable to load package (../../../../../UnrealEngine-FleX/UnrealEngine-FleX/FlexProject/Content/TestPackages/Flex/flexBacon.uasset) PackageVersion 504, MaxExpected 498 : LicenseePackageVersion 0, MaxExpected 0.
[2016.08.11-22.30.53:774][  0]LogLinker:Warning: Asset '../../../../../UnrealEngine-FleX/UnrealEngine-FleX/FlexProject/Content/TestPackages/Flex/flexBacon.uasset' has been saved with empty engine version. The asset will be loaded but may be incompatible.
[2016.08.11-22.30.53:774][  0]LogLinker:Warning: Unable to load package (../../../../../UnrealEngine-FleX/UnrealEngine-FleX/FlexProject/Content/TestPackages/Flex/flexBacon.uasset) PackageVersion 504, MaxExpected 498 : LicenseePackageVersion 0, MaxExpected 0.
[2016.08.11-22.30.53:774][  0]LogLinker:Warning: Asset '../../../../../UnrealEngine-FleX/UnrealEngine-FleX/FlexProject/Content/TestPackages/Flex/flexOctopus.uasset' has been saved with empty engine version. The asset will be loaded but may be incompatible.
[2016.08.11-22.30.53:774][  0]LogLinker:Warning: Unable to load package (../../../../../UnrealEngine-FleX/UnrealEngine-FleX/FlexProject/Content/TestPackages/Flex/flexOctopus.uasset) PackageVersion 504, MaxExpected 498 : LicenseePackageVersion 0, MaxExpected 0.
[2016.08.11-22.30.53:774][  0]LogLinker:Warning: Asset '../../../../../UnrealEngine-FleX/UnrealEngine-FleX/FlexProject/Content/TestPackages/Flex/flexOctopus.uasset' has been saved with empty engine version. The asset will be loaded but may be incompatible.
[2016.08.11-22.30.53:774][  0]LogLinker:Warning: Unable to load package (../../../../../UnrealEngine-FleX/UnrealEngine-FleX/FlexProject/Content/TestPackages/Flex/flexOctopus.uasset) PackageVersion 504, MaxExpected 498 : LicenseePackageVersion 0, MaxExpected 0.
[2016.08.11-22.30.53:775][  0]LogLinker:Warning: Asset '../../../../../UnrealEngine-FleX/UnrealEngine-FleX/FlexProject/Content/TestPackages/Flex/flexSoftContainer.uasset' has been saved with empty engine version. The asset will be loaded but may be incompatible.
[2016.08.11-22.30.53:775][  0]LogLinker:Warning: Unable to load package (../../../../../UnrealEngine-FleX/UnrealEngine-FleX/FlexProject/Content/TestPackages/Flex/flexSoftContainer.uasset) PackageVersion 504, MaxExpected 498 : LicenseePackageVersion 0, MaxExpected 0.
[2016.08.11-22.30.53:775][  0]LogLinker:Warning: Asset '../../../../../UnrealEngine-FleX/UnrealEngine-FleX/FlexProject/Content/TestPackages/Flex/flexSoftContainer.uasset' has been saved with empty engine version. The asset will be loaded but may be incompatible.
[2016.08.11-22.30.53:775][  0]LogLinker:Warning: Unable to load package (../../../../../UnrealEngine-FleX/UnrealEngine-FleX/FlexProject/Content/TestPackages/Flex/flexSoftContainer.uasset) PackageVersion 504, MaxExpected 498 : LicenseePackageVersion 0, MaxExpected 0.
[2016.08.11-22.30.53:775][  0]LogLinker:Warning: Asset '../../../../../UnrealEngine-FleX/UnrealEngine-FleX/FlexProject/Content/TestPackages/Flex/flexBacon.uasset' has been saved with empty engine version. The asset will be loaded but may be incompatible.
[2016.08.11-22.30.53:775][  0]LogLinker:Warning: Unable to load package (../../../../../UnrealEngine-FleX/UnrealEngine-FleX/FlexProject/Content/TestPackages/Flex/flexBacon.uasset) PackageVersion 504, MaxExpected 498 : LicenseePackageVersion 0, MaxExpected 0.
[2016.08.11-22.30.53:775][  0]LogLinker:Warning: Asset '../../../../../UnrealEngine-FleX/UnrealEngine-FleX/FlexProject/Content/TestPackages/Flex/flexBacon.uasset' has been saved with empty engine version. The asset will be loaded but may be incompatible.
[2016.08.11-22.30.53:775][  0]LogLinker:Warning: Unable to load package (../../../../../UnrealEngine-FleX/UnrealEngine-FleX/FlexProject/Content/TestPackages/Flex/flexBacon.uasset) PackageVersion 504, MaxExpected 498 : LicenseePackageVersion 0, MaxExpected 0.
[2016.08.11-22.30.53:776][  0]LogLinker:Warning: Asset '../../../../../UnrealEngine-FleX/UnrealEngine-FleX/FlexProject/Content/TestPackages/Flex/flexOctopus.uasset' has been saved with empty engine version. The asset will be loaded but may be incompatible.
[2016.08.11-22.30.53:776][  0]LogLinker:Warning: Unable to load package (../../../../../UnrealEngine-FleX/UnrealEngine-FleX/FlexProject/Content/TestPackages/Flex/flexOctopus.uasset) PackageVersion 504, MaxExpected 498 : LicenseePackageVersion 0, MaxExpected 0.
[2016.08.11-22.30.53:776][  0]LogLinker:Warning: Asset '../../../../../UnrealEngine-FleX/UnrealEngine-FleX/FlexProject/Content/TestPackages/Flex/flexOctopus.uasset' has been saved with empty engine version. The asset will be loaded but may be incompatible.
[2016.08.11-22.30.53:776][  0]LogLinker:Warning: Unable to load package (../../../../../UnrealEngine-FleX/UnrealEngine-FleX/FlexProject/Content/TestPackages/Flex/flexOctopus.uasset) PackageVersion 504, MaxExpected 498 : LicenseePackageVersion 0, MaxExpected 0.
[2016.08.11-22.30.53:776][  0]LogLinker:Warning: Asset '../../../../../UnrealEngine-FleX/UnrealEngine-FleX/FlexProject/Content/TestPackages/Flex/flexSoftContainer.uasset' has been saved with empty engine version. The asset will be loaded but may be incompatible.
[2016.08.11-22.30.53:776][  0]LogLinker:Warning: Unable to load package (../../../../../UnrealEngine-FleX/UnrealEngine-FleX/FlexProject/Content/TestPackages/Flex/flexSoftContainer.uasset) PackageVersion 504, MaxExpected 498 : LicenseePackageVersion 0, MaxExpected 0.
[2016.08.11-22.30.53:776][  0]LogLinker:Warning: Asset '../../../../../UnrealEngine-FleX/UnrealEngine-FleX/FlexProject/Content/TestPackages/Flex/flexSoftContainer.uasset' has been saved with empty engine version. The asset will be loaded but may be incompatible.
[2016.08.11-22.30.53:776][  0]LogLinker:Warning: Unable to load package (../../../../../UnrealEngine-FleX/UnrealEngine-FleX/FlexProject/Content/TestPackages/Flex/flexSoftContainer.uasset) PackageVersion 504, MaxExpected 498 : LicenseePackageVersion 0, MaxExpected 0.
[2016.08.11-22.30.53:776][  0]LogLinker:Warning: Asset '../../../../../UnrealEngine-FleX/UnrealEngine-FleX/FlexProject/Content/TestPackages/Flex/flexBacon.uasset' has been saved with empty engine version. The asset will be loaded but may be incompatible.
[2016.08.11-22.30.53:776][  0]LogLinker:Warning: Unable to load package (../../../../../UnrealEngine-FleX/UnrealEngine-FleX/FlexProject/Content/TestPackages/Flex/flexBacon.uasset) PackageVersion 504, MaxExpected 498 : LicenseePackageVersion 0, MaxExpected 0.
[2016.08.11-22.30.53:776][  0]LogLinker:Warning: Asset '../../../../../UnrealEngine-FleX/UnrealEngine-FleX/FlexProject/Content/TestPackages/Flex/flexBacon.uasset' has been saved with empty engine version. The asset will be loaded but may be incompatible.
[2016.08.11-22.30.53:776][  0]LogLinker:Warning: Unable to load package (../../../../../UnrealEngine-FleX/UnrealEngine-FleX/FlexProject/Content/TestPackages/Flex/flexBacon.uasset) PackageVersion 504, MaxExpected 498 : LicenseePackageVersion 0, MaxExpected 0.
[2016.08.11-22.30.53:776][  0]LogLinker:Warning: Asset '../../../../../UnrealEngine-FleX/UnrealEngine-FleX/FlexProject/Content/TestPackages/Flex/flexOctopus.uasset' has been saved with empty engine version. The asset will be loaded but may be incompatible.
[2016.08.11-22.30.53:776][  0]LogLinker:Warning: Unable to load package (../../../../../UnrealEngine-FleX/UnrealEngine-FleX/FlexProject/Content/TestPackages/Flex/flexOctopus.uasset) PackageVersion 504, MaxExpected 498 : LicenseePackageVersion 0, MaxExpected 0.
[2016.08.11-22.30.53:776][  0]LogLinker:Warning: Asset '../../../../../UnrealEngine-FleX/UnrealEngine-FleX/FlexProject/Content/TestPackages/Flex/flexOctopus.uasset' has been saved with empty engine version. The asset will be loaded but may be incompatible.
[2016.08.11-22.30.53:776][  0]LogLinker:Warning: Unable to load package (../../../../../UnrealEngine-FleX/UnrealEngine-FleX/FlexProject/Content/TestPackages/Flex/flexOctopus.uasset) PackageVersion 504, MaxExpected 498 : LicenseePackageVersion 0, MaxExpected 0.
[2016.08.11-22.30.53:932][  0]LogAIModule: Creating AISystem for world flexSoftTestMap
[2016.08.11-22.30.53:938][  0]LogEditorServer: Finished looking for orphan Actors (0.000 secs)
[2016.08.11-22.30.53:939][  0]Cmd: MAP CHECKDEP NOCLEARLOG
[2016.08.11-22.30.53:963][  0]MapCheck: Info Map check complete: 0 Error(s), 0 Warning(s), took 23.952ms to complete.
[2016.08.11-22.30.53:963][  0]LogFileHelpers: Loading map 'flexSoftTestMap' took 0.324
[2016.08.11-22.30.54:064][  0]LogCollectionManager: Loaded 0 collections in 0.001759 seconds
[2016.08.11-22.30.54:103][  0]LogFileCache: Scanning file cache for directory 'D:/UnrealEngine-FleX/UnrealEngine-FleX/FlexProject/Saved/Collections/' took 0.01s
[2016.08.11-22.30.54:103][  0]LogFileCache: Scanning file cache for directory 'D:/UnrealEngine-FleX/UnrealEngine-FleX/FlexProject/Content/Developers/emman/Collections/' took 0.01s
[2016.08.11-22.30.54:103][  0]LogFileCache: Scanning file cache for directory 'D:/UnrealEngine-FleX/UnrealEngine-FleX/FlexProject/Content/Collections/' took 0.01s
[2016.08.11-22.30.54:103][  0]LogCollectionManager: Rebuilt the GUID cache for 0 collections in 0.000002 seconds
[2016.08.11-22.30.54:110][  0]LogContentBrowser: Native class hierarchy populated in 0.0068 seconds. Added 1994 classes and 349 folders.
[2016.08.11-22.30.54:113][  0]LogStats: UGameplayTagsManager::ConstructGameplayTagTree: Construct from data asset -  0.000 s
[2016.08.11-22.30.54:113][  0]LogStats: UGameplayTagsManager::ConstructGameplayTagTree: GameplayTagTreeChangedEvent.Broadcast -  0.000 s
[2016.08.11-22.30.54:113][  0]LogContentBrowser: Native class hierarchy updated for 'GameplayTags' in 0.0004 seconds. Added 12 classes and 0 folders.
[2016.08.11-22.30.54:117][  0]LogContentBrowser: Native class hierarchy updated for 'WidgetCarousel' in 0.0005 seconds. Added 0 classes and 0 folders.
[2016.08.11-22.30.54:121][  0]LogContentBrowser: Native class hierarchy updated for 'SuperSearch' in 0.0003 seconds. Added 1 classes and 2 folders.
[2016.08.11-22.30.54:154][  0]LogContentBrowser: Native class hierarchy updated for 'AddContentDialog' in 0.0003 seconds. Added 0 classes and 0 folders.
[2016.08.11-22.30.54:157][  0]LogContentBrowser: Native class hierarchy updated for 'SceneOutliner' in 0.0003 seconds. Added 1 classes and 2 folders.
[2016.08.11-22.30.54:213][  0]LogCrashTracker: Crashtracker disabled due to settings.
[2016.08.11-22.30.54:221][  0]LogUObjectGlobals:Warning: Failed to find object 'Class None.'
[2016.08.11-22.30.54:247][  0]LogContentBrowser: Native class hierarchy updated for 'HierarchicalLODOutliner' in 0.0004 seconds. Added 1 classes and 2 folders.
[2016.08.11-22.30.54:247][  0]LogLoad: Full Startup: 4.67 seconds (BP compile: 0.03 seconds)
[2016.08.11-22.30.54:247][  0]LogExternalProfiler: Found external profiler: VSPerf
[2016.08.11-22.30.54:247][  0]LogExternalProfiler: Using external profiler: VSPerf
[2016.08.11-22.30.54:583][  0]LogWindowsTextInputMethodSystem:Display: IME system now deactivated.
[2016.08.11-22.30.54:589][  0]LogOcInput: OculusInput pre-init called
[2016.08.11-22.30.54:629][  0]LogContentStreaming: Texture pool size now 1000 MB
[2016.08.11-22.30.54:765][  0]LogRenderer: Reallocating scene render targets to support 904x436 (Frame:2).
[2016.08.11-22.30.54:915][  1]LogCollectionManager: Rebuilt the object cache for 0 collections in 0.000001 seconds (found 0 objects)
[2016.08.11-22.30.54:936][  1]LogAssetRegistry: Asset discovery search completed in 2.0153 seconds
[2016.08.11-22.30.54:936][  1]LogCollectionManager: Fixed up redirectors for 0 collections in 0.000003 seconds (updated 0 objects)
[2016.08.11-22.32.54:439][416]LogWindowsTextInputMethodSystem:Display: IME system now deactivated.
[2016.08.11-22.32.54:629][417]Cmd: QUIT_EDITOR
[2016.08.11-22.32.54:718][417]LogExit: Preparing to exit.
[2016.08.11-22.32.55:004][417]LogExit: Editor shut down
[2016.08.11-22.32.55:004][417]LogExit: Transaction tracking system shut down
[2016.08.11-22.32.55:090][417]LogObj: Freed 0b from 0 cluster array pools.
[2016.08.11-22.32.55:090][417]LogExit: Object subsystem successfully closed.
[2016.08.11-22.32.55:104][417]LogD3D11RHI: Shutdown
[2016.08.11-22.32.55:104][417]LogD3D11RHI: CleanupD3DDevice
[2016.08.11-22.32.55:171][417]LogD3D11RHI: ~FD3D11DynamicRHI
[2016.08.11-22.32.55:274][417]LogDerivedDataCache: Shutdown
[2016.08.11-22.32.55:274][417]LogModuleManager: Shutting down and abandoning module HierarchicalLODOutliner (206)
[2016.08.11-22.32.55:274][417]LogModuleManager: Shutting down and abandoning module CrashTracker (205)
[2016.08.11-22.32.55:274][417]LogModuleManager: Shutting down and abandoning module SceneOutliner (204)
[2016.08.11-22.32.55:274][417]LogModuleManager: Shutting down and abandoning module SuperSearch (203)
[2016.08.11-22.32.55:274][417]LogModuleManager: Shutting down and abandoning module WidgetCarousel (202)
[2016.08.11-22.32.55:274][417]LogModuleManager: Shutting down and abandoning module AddContentDialog (201)
[2016.08.11-22.32.55:275][417]LogModuleManager: Shutting down and abandoning module GameplayTags (200)
[2016.08.11-22.32.55:275][417]LogModuleManager: Shutting down and abandoning module EditorWidgets (199)
[2016.08.11-22.32.55:275][417]LogModuleManager: Shutting down and abandoning module CollectionManager (198)
[2016.08.11-22.32.55:275][417]LogModuleManager: Shutting down and abandoning module StatsViewer (197)
[2016.08.11-22.32.55:275][417]LogModuleManager: Shutting down and abandoning module FoliageEdit (196)
[2016.08.11-22.32.55:275][417]LogModuleManager: Shutting down and abandoning module LandscapeEditor (195)
[2016.08.11-22.32.55:275][417]LogModuleManager: Shutting down and abandoning module ActorPickerMode (194)
[2016.08.11-22.32.55:275][417]LogModuleManager: Shutting down and abandoning module GeometryMode (193)
[2016.08.11-22.32.55:275][417]LogModuleManager: Shutting down and abandoning module TextureAlignMode (192)
[2016.08.11-22.32.55:275][417]LogModuleManager: Shutting down and abandoning module BspMode (191)
[2016.08.11-22.32.55:275][417]LogModuleManager: Shutting down and abandoning module PlacementMode (190)
[2016.08.11-22.32.55:275][417]LogModuleManager: Shutting down and abandoning module AutomationWorker (189)
[2016.08.11-22.32.55:275][417]LogModuleManager: Shutting down and abandoning module CharacterAI (188)
[2016.08.11-22.32.55:275][417]LogModuleManager: Shutting down and abandoning module SmartSnapping (187)
[2016.08.11-22.32.55:275][417]LogModuleManager: Shutting down and abandoning module ViewportSnapping (186)
[2016.08.11-22.32.55:275][417]LogModuleManager: Shutting down and abandoning module LogVisualizer (185)
[2016.08.11-22.32.55:275][417]LogModuleManager: Shutting down and abandoning module GameProjectGeneration (184)
[2016.08.11-22.32.55:275][417]LogModuleManager: Shutting down and abandoning module IntroTutorials (183)
[2016.08.11-22.32.55:276][417]LogModuleManager: Shutting down and abandoning module EditorLiveStreaming (182)
[2016.08.11-22.32.55:276][417]LogModuleManager: Shutting down and abandoning module IOSPlatformEditor (181)
[2016.08.11-22.32.55:276][417]LogModuleManager: Shutting down and abandoning module HTML5PlatformEditor (180)
[2016.08.11-22.32.55:276][417]LogModuleManager: Shutting down and abandoning module AndroidDeviceDetection (179)
[2016.08.11-22.32.55:527][417]LogModuleManager: Shutting down and abandoning module AndroidPlatformEditor (178)
[2016.08.11-22.32.55:527][417]LogModuleManager: Shutting down and abandoning module IOSRuntimeSettings (177)
[2016.08.11-22.32.55:527][417]LogModuleManager: Shutting down and abandoning module AndroidRuntimeSettings (176)
[2016.08.11-22.32.55:527][417]LogModuleManager: Shutting down and abandoning module MergeActors (175)
[2016.08.11-22.32.55:527][417]LogModuleManager: Shutting down and abandoning module SizeMap (174)
[2016.08.11-22.32.55:527][417]LogModuleManager: Shutting down and abandoning module TreeMap (173)
[2016.08.11-22.32.55:527][417]LogModuleManager: Shutting down and abandoning module ReferenceViewer (172)
[2016.08.11-22.32.55:527][417]LogModuleManager: Shutting down and abandoning module LocalizationService (171)
[2016.08.11-22.32.55:527][417]LogModuleManager: Shutting down and abandoning module LocalizationDashboard (170)
[2016.08.11-22.32.55:527][417]LogModuleManager: Shutting down and abandoning module HardwareTargeting (169)
[2016.08.11-22.32.55:527][417]LogModuleManager: Shutting down and abandoning module DeviceProfileEditor (168)
[2016.08.11-22.32.55:527][417]LogModuleManager: Shutting down and abandoning module UndoHistory (167)
[2016.08.11-22.32.55:527][417]LogModuleManager: Shutting down and abandoning module UserFeedback (166)
[2016.08.11-22.32.55:527][417]LogModuleManager: Shutting down and abandoning module XmlParser (165)
[2016.08.11-22.32.55:527][417]LogModuleManager: Shutting down and abandoning module Blutility (164)
[2016.08.11-22.32.55:527][417]LogModuleManager: Shutting down and abandoning module ProjectTargetPlatformEditor (163)
[2016.08.11-22.32.55:527][417]LogModuleManager: Shutting down and abandoning module ProjectSettingsViewer (162)
[2016.08.11-22.32.55:527][417]LogModuleManager: Shutting down and abandoning module InputBindingEditor (161)
[2016.08.11-22.32.55:528][417]LogModuleManager: Shutting down and abandoning module EditorSettingsViewer (160)
[2016.08.11-22.32.55:528][417]LogModuleManager: Shutting down and abandoning module SettingsEditor (159)
[2016.08.11-22.32.55:528][417]LogModuleManager: Shutting down and abandoning module ProjectLauncher (158)
[2016.08.11-22.32.55:528][417]LogModuleManager: Shutting down and abandoning module SessionFrontend (157)
[2016.08.11-22.32.55:528][417]LogModuleManager: Shutting down and abandoning module ProfilerClient (156)
[2016.08.11-22.32.55:528][417]LogModuleManager: Shutting down and abandoning module TargetDeviceServices (155)
[2016.08.11-22.32.55:528][417]LogModuleManager: Shutting down and abandoning module DeviceManager (154)
[2016.08.11-22.32.55:569][417]LogModuleManager: Shutting down and abandoning module AutomationController (153)
[2016.08.11-22.32.55:569][417]LogModuleManager: Shutting down and abandoning module AutomationWindow (152)
[2016.08.11-22.32.55:569][417]LogModuleManager: Shutting down and abandoning module Layers (151)
[2016.08.11-22.32.55:569][417]LogModuleManager: Shutting down and abandoning module ComponentVisualizers (150)
[2016.08.11-22.32.55:569][417]LogModuleManager: Shutting down and abandoning module DetailCustomizations (149)
[2016.08.11-22.32.55:569][417]LogModuleManager: Shutting down and abandoning module PackagesDialog (148)
[2016.08.11-22.32.55:569][417]LogModuleManager: Shutting down and abandoning module Persona (147)
[2016.08.11-22.32.55:569][417]LogModuleManager: Shutting down and abandoning module Kismet (146)
[2016.08.11-22.32.55:569][417]LogModuleManager: Shutting down and abandoning module GraphEditor (145)
[2016.08.11-22.32.55:569][417]LogModuleManager: Shutting down and abandoning module ClassViewer (144)
[2016.08.11-22.32.55:569][417]LogModuleManager: Shutting down and abandoning module Toolbox (143)
[2016.08.11-22.32.55:569][417]LogModuleManager: Shutting down and abandoning module ModuleUI (142)
[2016.08.11-22.32.55:569][417]LogModuleManager: Shutting down and abandoning module MovieSceneTools (141)
[2016.08.11-22.32.55:569][417]LogModuleManager: Shutting down and abandoning module OutputLog (140)
[2016.08.11-22.32.55:569][417]LogModuleManager: Shutting down and abandoning module GammaUI (139)
[2016.08.11-22.32.55:569][417]LogModuleManager: Shutting down and abandoning module Documentation (138)
[2016.08.11-22.32.55:569][417]LogModuleManager: Shutting down and abandoning module StreamingPauseRendering (137)
[2016.08.11-22.32.55:569][417]LogModuleManager: Shutting down and abandoning module AnalyticsET (136)
[2016.08.11-22.32.55:569][417]LogModuleManager: Shutting down and abandoning module Analytics (135)
[2016.08.11-22.32.55:569][417]LogModuleManager: Shutting down and abandoning module PortalServices (134)
[2016.08.11-22.32.55:569][417]LogModuleManager: Shutting down and abandoning module PortalRpc (133)
[2016.08.11-22.32.55:569][417]LogModuleManager: Shutting down and abandoning module MessagingRpc (132)
[2016.08.11-22.32.55:569][417]LogModuleManager: Shutting down and abandoning module AITestSuite (131)
[2016.08.11-22.32.55:569][417]LogModuleManager: Shutting down and abandoning module GameplayDebugger (130)
[2016.08.11-22.32.55:569][417]LogModuleManager: Shutting down and abandoning module AIModule (129)
[2016.08.11-22.32.55:569][417]LogModuleManager: Shutting down and abandoning module ProfilerService (128)
[2016.08.11-22.32.55:807][417]LogModuleManager: Shutting down and abandoning module TaskGraph (127)
[2016.08.11-22.32.55:807][417]LogModuleManager: Shutting down and abandoning module SubstanceEditor (126)
[2016.08.11-22.32.55:807][417]LogModuleManager: Shutting down and abandoning module SlateRemote (125)
[2016.08.11-22.32.55:807][417]LogModuleManager: Shutting down and abandoning module SteamVRController (124)
[2016.08.11-22.32.55:807][417]LogModuleManager: Shutting down and abandoning module SteamVR (123)
[2016.08.11-22.32.55:807][417]LogModuleManager: Shutting down and abandoning module ProceduralMeshComponent (122)
[2016.08.11-22.32.55:807][417]LogModuleManager: Shutting down and abandoning module OculusLibrary (121)
[2016.08.11-22.32.55:807][417]LogModuleManager: Shutting down and abandoning module OculusInput (120)
[2016.08.11-22.32.55:807][417]LogModuleManager: Shutting down and abandoning module CustomMeshComponent (119)
[2016.08.11-22.32.55:807][417]LogModuleManager: Shutting down and abandoning module CableComponent (118)
[2016.08.11-22.32.55:807][417]LogModuleManager: Shutting down and abandoning module ArchVisCharacter (117)
[2016.08.11-22.32.55:807][417]LogModuleManager: Shutting down and abandoning module MediaPlayerEditor (116)
[2016.08.11-22.32.55:807][417]LogModuleManager: Shutting down and abandoning module HTML5Networking (115)
[2016.08.11-22.32.55:807][417]LogModuleManager: Shutting down and abandoning module SpeedTreeImporter (114)
[2016.08.11-22.32.55:807][417]LogModuleManager: Shutting down and abandoning module PluginBrowser (113)
[2016.08.11-22.32.55:807][417]LogModuleManager: Shutting down and abandoning module EpicSurvey (112)
[2016.08.11-22.32.55:807][417]LogModuleManager: Shutting down and abandoning module DesktopPlatform (111)
[2016.08.11-22.32.55:807][417]LogModuleManager: Shutting down and abandoning module VisualStudioSourceCodeAccess (110)
[2016.08.11-22.32.55:807][417]LogModuleManager: Shutting down and abandoning module UObjectPlugin (109)
[2016.08.11-22.32.55:807][417]LogModuleManager: Shutting down and abandoning module SubversionSourceControl (108)
[2016.08.11-22.32.55:807][417]LogModuleManager: Shutting down and abandoning module PerforceSourceControl (107)
[2016.08.11-22.32.55:807][417]LogModuleManager: Shutting down and abandoning module SourceControl (106)
[2016.08.11-22.32.55:807][417]LogModuleManager: Shutting down and abandoning module GitSourceControl (105)
[2016.08.11-22.32.55:807][417]LogModuleManager: Shutting down and abandoning module LightPropagationVolumeEditor (104)
[2016.08.11-22.32.55:807][417]LogModuleManager: Shutting down and abandoning module PaperTiledImporter (103)
[2016.08.11-22.32.55:807][417]LogModuleManager: Shutting down and abandoning module PaperSpriteSheetImporter (102)
[2016.08.11-22.32.55:807][417]LogModuleManager: Shutting down and abandoning module MeshPaint (101)
[2016.08.11-22.32.55:808][417]LogModuleManager: Shutting down and abandoning module HotReload (100)
[2016.08.11-22.32.55:808][417]LogModuleManager: Shutting down and abandoning module MainFrame (99)
[2016.08.11-22.32.55:808][417]LogModuleManager: Shutting down and abandoning module LevelEditor (98)
[2016.08.11-22.32.55:808][417]LogModuleManager: Shutting down and abandoning module DirectoryWatcher (97)
[2016.08.11-22.32.55:809][417]LogModuleManager: Shutting down and abandoning module AssetRegistry (96)
[2016.08.11-22.32.55:940][417]LogModuleManager: Shutting down and abandoning module ContentBrowser (95)
[2016.08.11-22.32.55:941][417]LogModuleManager: Shutting down and abandoning module Paper2DEditor (94)
[2016.08.11-22.32.55:941][417]LogModuleManager: Shutting down and abandoning module UdpMessaging (93)
[2016.08.11-22.32.56:042][417]LogModuleManager: Shutting down and abandoning module SubstanceCore (92)
[2016.08.11-22.32.56:042][417]LogModuleManager: Shutting down and abandoning module LightPropagationVolumeRuntime (91)
[2016.08.11-22.32.56:042][417]LogModuleManager: Shutting down and abandoning module Paper2D (90)
[2016.08.11-22.32.56:042][417]LogModuleManager: Shutting down and abandoning module WindowsMoviePlayer (89)
[2016.08.11-22.32.56:042][417]LogModuleManager: Shutting down and abandoning module Media (88)
[2016.08.11-22.32.56:042][417]LogModuleManager: Shutting down and abandoning module WmfMedia (87)
[2016.08.11-22.32.56:043][417]LogModuleManager: Shutting down and abandoning module MediaAssets (86)
[2016.08.11-22.32.56:043][417]LogModuleManager: Shutting down and abandoning module GameLiveStreaming (85)
[2016.08.11-22.32.56:043][417]LogModuleManager: Shutting down and abandoning module GameplayTagsEditor (84)
[2016.08.11-22.32.56:043][417]LogModuleManager: Shutting down and abandoning module OnlineBlueprintSupport (83)
[2016.08.11-22.32.56:043][417]LogModuleManager: Shutting down and abandoning module GameplayTasksEditor (82)
[2016.08.11-22.32.56:043][417]LogModuleManager: Shutting down and abandoning module PropertyEditor (81)
[2016.08.11-22.32.56:043][417]LogModuleManager: Shutting down and abandoning module BehaviorTreeEditor (80)
[2016.08.11-22.32.56:043][417]LogModuleManager: Shutting down and abandoning module FunctionalTesting (79)
[2016.08.11-22.32.56:043][417]LogModuleManager: Shutting down and abandoning module CollisionAnalyzer (78)
[2016.08.11-22.32.56:043][417]LogModuleManager: Shutting down and abandoning module WorkspaceMenuStructure (77)
[2016.08.11-22.32.56:043][417]LogModuleManager: Shutting down and abandoning module MessageLog (76)
[2016.08.11-22.32.56:043][417]LogModuleManager: Shutting down and abandoning module Sequencer (75)
[2016.08.11-22.32.56:043][417]LogModuleManager: Shutting down and abandoning module AssetTools (74)
[2016.08.11-22.32.56:043][417]LogModuleManager: Shutting down and abandoning module UMGEditor (73)
[2016.08.11-22.32.56:043][417]LogModuleManager: Shutting down and abandoning module UMG (72)
[2016.08.11-22.32.56:043][417]LogModuleManager: Shutting down and abandoning module SlateReflector (71)
[2016.08.11-22.32.56:043][417]LogModuleManager: Shutting down and abandoning module Slate (70)
[2016.08.11-22.32.56:043][417]LogModuleManager: Shutting down and abandoning module EditorStyle (69)
[2016.08.11-22.32.56:045][417]LogModuleManager: Shutting down and abandoning module SessionServices (68)
[2016.08.11-22.32.56:045][417]LogModuleManager: Shutting down and abandoning module SourceCodeAccess (67)
[2016.08.11-22.32.56:045][417]LogModuleManager: Shutting down and abandoning module HeadMountedDisplay (66)
[2016.08.11-22.32.56:045][417]LogModuleManager: Shutting down and abandoning module XAudio2 (65)
[2016.08.11-22.32.56:045][417]LogModuleManager: Shutting down and abandoning module Networking (63)
[2016.08.11-22.32.56:045][417]LogModuleManager: Shutting down and abandoning module Core (62)
[2016.08.11-22.32.56:045][417]LogModuleManager: Shutting down and abandoning module KismetCompiler (61)
[2016.08.11-22.32.56:045][417]LogModuleManager: Shutting down and abandoning module PhysXFormats (60)
[2016.08.11-22.32.56:045][417]LogModuleManager: Shutting down and abandoning module MeshUtilities (59)
[2016.08.11-22.32.56:045][417]LogModuleManager: Shutting down and abandoning module CookingStats (58)
[2016.08.11-22.32.56:045][417]LogModuleManager: Shutting down and abandoning module DerivedDataCache (57)
[2016.08.11-22.32.56:045][417]LogDerivedDataCache: Shutdown
[2016.08.11-22.32.56:045][417]LogModuleManager: Shutting down and abandoning module ShaderFormatOpenGL (56)
[2016.08.11-22.32.56:045][417]LogModuleManager: Shutting down and abandoning module ShaderFormatD3D (55)
[2016.08.11-22.32.56:045][417]LogModuleManager: Shutting down and abandoning module MetalShaderFormat (54)
[2016.08.11-22.32.56:045][417]LogModuleManager: Shutting down and abandoning module TextureFormatUncompressed (53)
[2016.08.11-22.32.56:045][417]LogModuleManager: Shutting down and abandoning module TextureFormatPVR (52)
[2016.08.11-22.32.56:045][417]LogModuleManager: Shutting down and abandoning module TextureFormatIntelISPCTexComp (51)
[2016.08.11-22.32.56:045][417]LogModuleManager: Shutting down and abandoning module TextureFormatDXT (50)
[2016.08.11-22.32.56:045][417]LogModuleManager: Shutting down and abandoning module ImageWrapper (49)
[2016.08.11-22.32.56:045][417]LogModuleManager: Shutting down and abandoning module TextureFormatASTC (48)
[2016.08.11-22.32.56:045][417]LogModuleManager: Shutting down and abandoning module TextureFormatAndroid (47)
[2016.08.11-22.32.56:045][417]LogModuleManager: Shutting down and abandoning module AudioFormatOpus (46)
[2016.08.11-22.32.56:045][417]LogModuleManager: Shutting down and abandoning module AudioFormatOgg (45)
[2016.08.11-22.32.56:045][417]LogModuleManager: Shutting down and abandoning module AudioFormatADPCM (44)
[2016.08.11-22.32.56:045][417]LogModuleManager: Shutting down and abandoning module LinuxTargetPlatform (43)
[2016.08.11-22.32.56:045][417]LogModuleManager: Shutting down and abandoning module LinuxServerTargetPlatform (42)
[2016.08.11-22.32.56:045][417]LogModuleManager: Shutting down and abandoning module LinuxNoEditorTargetPlatform (41)
[2016.08.11-22.32.56:045][417]LogModuleManager: Shutting down and abandoning module TVOSTargetPlatform (40)
[2016.08.11-22.32.56:045][417]LogModuleManager: Shutting down and abandoning module Messaging (39)
[2016.08.11-22.32.56:045][417]LogModuleManager: Shutting down and abandoning module IOSTargetPlatform (38)
[2016.08.11-22.32.56:045][417]LogModuleManager: Shutting down and abandoning module HTML5TargetPlatform (37)
[2016.08.11-22.32.56:045][417]LogModuleManager: Shutting down and abandoning module Android_PVRTCTargetPlatform (36)
[2016.08.11-22.32.56:045][417]LogModuleManager: Shutting down and abandoning module Android_MultiTargetPlatform (35)
[2016.08.11-22.32.56:045][417]LogModuleManager: Shutting down and abandoning module Android_ETC2TargetPlatform (34)
[2016.08.11-22.32.56:045][417]LogModuleManager: Shutting down and abandoning module Android_ETC1TargetPlatform (33)
[2016.08.11-22.32.56:045][417]LogModuleManager: Shutting down and abandoning module Android_DXTTargetPlatform (32)
[2016.08.11-22.32.56:045][417]LogModuleManager: Shutting down and abandoning module Android_ATCTargetPlatform (31)
[2016.08.11-22.32.56:045][417]LogModuleManager: Shutting down and abandoning module Android_ASTCTargetPlatform (30)
[2016.08.11-22.32.56:045][417]LogModuleManager: Shutting down and abandoning module AndroidTargetPlatform (29)
[2016.08.11-22.32.56:045][417]LogModuleManager: Shutting down and abandoning module WindowsTargetPlatform (28)
[2016.08.11-22.32.56:045][417]LogModuleManager: Shutting down and abandoning module WindowsServerTargetPlatform (27)
[2016.08.11-22.32.56:045][417]LogModuleManager: Shutting down and abandoning module WindowsNoEditorTargetPlatform (26)
[2016.08.11-22.32.56:045][417]LogModuleManager: Shutting down and abandoning module WindowsClientTargetPlatform (25)
[2016.08.11-22.32.56:045][417]LogModuleManager: Shutting down and abandoning module AllDesktopTargetPlatform (24)
[2016.08.11-22.32.56:045][417]LogModuleManager: Shutting down and abandoning module TargetPlatform (23)
[2016.08.11-22.32.56:045][417]LogModuleManager: Shutting down and abandoning module InputCore (22)
[2016.08.11-22.32.56:045][417]LogModuleManager: Shutting down and abandoning module Settings (21)
[2016.08.11-22.32.56:045][417]LogModuleManager: Shutting down and abandoning module OnlineSubsystem (19)
[2016.08.11-22.32.56:045][417]LogModuleManager: Shutting down and abandoning module HTTP (18)
[2016.08.11-22.32.58:047][417]LogModuleManager: Shutting down and abandoning module XMPP (17)
[2016.08.11-22.32.58:047][417]LogModuleManager: Shutting down and abandoning module OculusRift (16)
[2016.08.11-22.32.58:047][417]LogModuleManager: Shutting down and abandoning module ExampleDeviceProfileSelector (15)
[2016.08.11-22.32.58:047][417]LogModuleManager: Shutting down and abandoning module TextureCompressor (14)
[2016.08.11-22.32.58:047][417]LogModuleManager: Shutting down and abandoning module ShaderCore (13)
[2016.08.11-22.32.58:047][417]LogModuleManager: Shutting down and abandoning module Landscape (12)
[2016.08.11-22.32.58:047][417]LogModuleManager: Shutting down and abandoning module SlateRHIRenderer (11)
[2016.08.11-22.32.58:048][417]LogModuleManager: Shutting down and abandoning module OpenGLDrv (10)
[2016.08.11-22.32.58:048][417]LogModuleManager: Shutting down and abandoning module D3D11RHI (9)
[2016.08.11-22.32.58:048][417]LogModuleManager: Shutting down and abandoning module AnimGraphRuntime (8)
[2016.08.11-22.32.58:048][417]LogModuleManager: Shutting down and abandoning module Renderer (7)
[2016.08.11-22.32.58:048][417]LogModuleManager: Shutting down and abandoning module Engine (6)
[2016.08.11-22.32.58:048][417]LogModuleManager: Shutting down and abandoning module CoreUObject (5)
[2016.08.11-22.32.58:048][417]LogModuleManager: Shutting down and abandoning module NetworkFile (4)
[2016.08.11-22.32.58:048][417]LogModuleManager: Shutting down and abandoning module StreamingFile (3)
[2016.08.11-22.32.58:048][417]LogModuleManager: Shutting down and abandoning module SandboxFile (2)
[2016.08.11-22.32.58:048][417]LogModuleManager: Shutting down and abandoning module PakFile (1)
[2016.08.11-22.32.58:051][417]LogExit: Exiting.
[2016.08.11-22.32.58:052][417]Log file closed, 08/11/16 17:32:58
