Log file open, 08/11/16 17:24:10
LogInit:Display: Running engine for game: FlexProject
LogPlatformFile: Not using cached read wrapper
LogInit:Display: RandInit(1257441480) SRandInit(1257441481).
LogTaskGraph: Started task graph with 4 named threads and 7 total threads.
LogStats: Stats thread started at 0.075106
LogInit: Version: 4.11.2-2946394+++UE4+Release-4.11
LogInit: API Version: 2927265
LogInit: Compiled (64-bit): Apr 18 2016 02:18:46
LogInit: Compiled with Visual C++: 19.00.23026.00
LogInit: Build Configuration: Development
LogInit: Branch Name: ++UE4+Release-4.11
LogInit: Command line:  
LogInit: Base directory: D:/Epic Games/4.11/Engine/Binaries/Win64/
LogInit: Installed Engine Build: 1
LogInit: Using libcurl 7.41.0
LogInit:  - built for x86_64-pc-win32
LogInit:  - supports SSL with WinSSL
LogInit:  - other features:
LogInit:      CURL_VERSION_SSL
LogInit:      CURL_VERSION_IPV6
LogInit:      CURL_VERSION_ASYNCHDNS
LogInit:      CURL_VERSION_LARGEFILE
LogInit:      CURL_VERSION_IDN
LogInit:  CurlRequestOptions (configurable via config and command line):
LogInit:  - bVerifyPeer = true  - Libcurl will verify peer certificate
LogInit:  - bUseHttpProxy = false  - Libcurl will NOT use HTTP proxy
LogInit:  - bDontReuseConnections = false  - Libcurl will reuse connections
LogInit:  - CertBundlePath = nullptr  - Libcurl will use whatever was configured at build time.
LogInit: Presizing for max 16777216 objects, including 0 objects not considered by GC, pre-allocating 0 bytes for permanent pool.
LogInit: Object subsystem initialized
[2016.08.11-22.24.10:244][  0]LogInit: Selected Device Profile: [Windows]
[2016.08.11-22.24.10:244][  0]LogInit: Applying CVar settings loaded from the selected device profile: [Windows]
[2016.08.11-22.24.10:252][  0]LogInit: Computer: DESKTOP-LAGTANL
[2016.08.11-22.24.10:252][  0]LogInit: User: emman
[2016.08.11-22.24.10:252][  0]LogInit: CPU Page size=65536, Cores=4
[2016.08.11-22.24.10:252][  0]LogInit: High frequency timer resolution =2.531252 MHz
[2016.08.11-22.24.10:252][  0]LogMemory: Memory total: Physical=15.9GB (16GB approx)
[2016.08.11-22.24.10:252][  0]LogMemory: Platform Memory Stats for Windows
[2016.08.11-22.24.10:252][  0]LogMemory: Process Physical Memory: 312.96 MB used, 312.96 MB peak
[2016.08.11-22.24.10:252][  0]LogMemory: Process Virtual Memory: 314.96 MB used, 314.96 MB peak
[2016.08.11-22.24.10:252][  0]LogMemory: Physical Memory: 5258.43 MB used, 16282.52 MB total
[2016.08.11-22.24.10:252][  0]LogMemory: Virtual Memory: 653.49 MB used, 134217728.00 MB total
[2016.08.11-22.24.10:292][  0]LogTextLocalizationManager: No specific translations for ('en-US') exist, so ('en') translations will be used.
[2016.08.11-22.24.10:722][  0]LogD3D11RHI: D3D11 adapters:
[2016.08.11-22.24.10:758][  0]LogD3D11RHI:    0. 'NVIDIA GeForce GTX 960M' (Feature Level 11_0)
[2016.08.11-22.24.10:758][  0]LogD3D11RHI:       2018MB of dedicated video memory, 0MB of dedicated system memory, and 8141MB of shared system memory, 1 output[s]
[2016.08.11-22.24.10:765][  0]LogD3D11RHI:    1. 'Intel(R) HD Graphics 530' (Feature Level 11_0)
[2016.08.11-22.24.10:765][  0]LogD3D11RHI:       128MB of dedicated video memory, 0MB of dedicated system memory, and 8141MB of shared system memory, 0 output[s]
[2016.08.11-22.24.10:768][  0]LogD3D11RHI:    2. 'Microsoft Basic Render Driver' (Feature Level 11_0)
[2016.08.11-22.24.10:768][  0]LogD3D11RHI:       0MB of dedicated video memory, 0MB of dedicated system memory, and 8141MB of shared system memory, 0 output[s]
[2016.08.11-22.24.10:768][  0]LogD3D11RHI: Chosen D3D11 Adapter: 0
[2016.08.11-22.24.10:774][  0]LogD3D11RHI: Creating new Direct3DDevice
[2016.08.11-22.24.10:774][  0]LogD3D11RHI:     Adapter Name: NVIDIA GeForce GTX 960M
[2016.08.11-22.24.10:774][  0]LogD3D11RHI:   Driver Version: Unknown (internal Unknown)
[2016.08.11-22.24.10:774][  0]LogD3D11RHI:      Driver Date: Unknown
[2016.08.11-22.24.10:774][  0]LogRHI: Texture pool is 1361 MB (70% of 1945 MB)
[2016.08.11-22.24.10:791][  0]LogD3D11RHI: Async texture creation enabled
[2016.08.11-22.24.10:801][  0]LogShaderCompilers: Guid format shader working directory is 4 characters bigger than the processId version (C:/Users/emman/Documents/GitHub/SimuScope/Intermediate/Shaders/WorkingDirectory/11024/).
[2016.08.11-22.24.10:801][  0]LogShaderCompilers: Cleaned the shader compiler working directory 'C:/Users/emman/AppData/Local/Temp/UnrealShaderWorkingDir/75E7611E4025747435A1A78CAE941F73/'.
[2016.08.11-22.24.10:801][  0]LogShaderCompilers:Display: Using Local Shader Compiler.
[2016.08.11-22.24.11:780][  0]LogTemp:Display: Loaded TP AllDesktopTargetPlatform
[2016.08.11-22.24.11:785][  0]LogTemp:Display: Loaded TP WindowsClientTargetPlatform
[2016.08.11-22.24.11:789][  0]LogTemp:Display: Loaded TP WindowsNoEditorTargetPlatform
[2016.08.11-22.24.11:793][  0]LogTemp:Display: Loaded TP WindowsServerTargetPlatform
[2016.08.11-22.24.11:797][  0]LogTemp:Display: Loaded TP WindowsTargetPlatform
[2016.08.11-22.24.11:801][  0]LogTemp:Display: Loaded TP AndroidTargetPlatform
[2016.08.11-22.24.11:804][  0]LogTemp:Display: Loaded TP Android_ASTCTargetPlatform
[2016.08.11-22.24.11:808][  0]LogTemp:Display: Loaded TP Android_ATCTargetPlatform
[2016.08.11-22.24.11:811][  0]LogTemp:Display: Loaded TP Android_DXTTargetPlatform
[2016.08.11-22.24.11:815][  0]LogTemp:Display: Loaded TP Android_ETC1TargetPlatform
[2016.08.11-22.24.11:818][  0]LogTemp:Display: Loaded TP Android_ETC2TargetPlatform
[2016.08.11-22.24.11:825][  0]LogTemp:Display: Loaded TP Android_MultiTargetPlatform
[2016.08.11-22.24.11:825][  0]LogTemp:Display: Loaded TP Android_PVRTCTargetPlatform
[2016.08.11-22.24.11:827][  0]LogTemp:Display: Loaded TP HTML5TargetPlatform
[2016.08.11-22.24.11:843][  0]LogTemp:Display: Loaded TP IOSTargetPlatform
[2016.08.11-22.24.11:846][  0]LogTemp:Display: Loaded TP TVOSTargetPlatform
[2016.08.11-22.24.11:849][  0]LogTemp:Display: Loaded TP LinuxNoEditorTargetPlatform
[2016.08.11-22.24.11:853][  0]LogTemp:Display: Loaded TP LinuxServerTargetPlatform
[2016.08.11-22.24.11:857][  0]LogTemp:Display: Loaded TP LinuxTargetPlatform
[2016.08.11-22.24.11:857][  0]LogTargetPlatformManager:Display: Building Assets For Windows
[2016.08.11-22.24.11:920][  0]LogDerivedDataCache:Display: Max Cache Size: 512 MB
[2016.08.11-22.24.11:966][  0]LogDerivedDataCache: Loaded boot cache 0.05s 46MB C:/Users/emman/AppData/Local/UnrealEngine/4.11/DerivedDataCache/Boot.ddc.
[2016.08.11-22.24.11:966][  0]LogDerivedDataCache:Display: Loaded Boot cache: C:/Users/emman/AppData/Local/UnrealEngine/4.11/DerivedDataCache/Boot.ddc
[2016.08.11-22.24.11:966][  0]LogDerivedDataCache: FDerivedDataBackendGraph:  Pak pak cache file C:/Users/emman/Documents/GitHub/SimuScope/DerivedDataCache/DDC.ddp not found, will not use a pak cache.
[2016.08.11-22.24.11:966][  0]LogDerivedDataCache: Unable to find inner node Pak for hierarchical cache Hierarchy.
[2016.08.11-22.24.11:966][  0]LogDerivedDataCache: FDerivedDataBackendGraph:  CompressedPak pak cache file C:/Users/emman/Documents/GitHub/SimuScope/DerivedDataCache/Compressed.ddp not found, will not use a pak cache.
[2016.08.11-22.24.11:966][  0]LogDerivedDataCache: Unable to find inner node CompressedPak for hierarchical cache Hierarchy.
[2016.08.11-22.24.11:981][  0]LogDerivedDataCache:Display: Pak cache opened for reading ../../../Engine/DerivedDataCache/Compressed.ddp.
[2016.08.11-22.24.11:994][  0]LogDerivedDataCache: Using Local data cache path C:/Users/emman/AppData/Local/UnrealEngine/Common/DerivedDataCache: Writable
[2016.08.11-22.24.12:147][  0]LogInit: Selected Device Profile: [Windows]
[2016.08.11-22.24.12:147][  0]LogContentStreaming: Texture pool size is 0.00 MB
[2016.08.11-22.24.12:180][  0]LogMaterial: Uniform references updated for custom material expression Custom.
[2016.08.11-22.24.12:296][  0]LogMeshUtilities: No automatic mesh reduction module available
[2016.08.11-22.24.12:296][  0]LogMeshUtilities: No automatic mesh merging module available
[2016.08.11-22.24.12:296][  0]LogMeshUtilities: No distributed automatic mesh merging module available
[2016.08.11-22.24.12:515][  0]LogUObjectArray: 27679 objects as part of root set at end of initial load.
[2016.08.11-22.24.12:515][  0]LogUObjectAllocator: 5591592 out of 0 bytes used by permanent object pool.
[2016.08.11-22.24.12:515][  0]LogUObjectArray: CloseDisregardForGC: 0/0 objects in disregard for GC pool
[2016.08.11-22.24.12:520][  0]LogInit: WinSock: version 1.1 (2.2), MaxSocks=32767, MaxUdp=65467
[2016.08.11-22.24.12:593][  0]LogSlate: SlateFontCache - WITH_FREETYPE: 1, WITH_HARFBUZZ: 1
[2016.08.11-22.24.12:593][  0]LogSlate: SlateFontCache - WITH_FREETYPE: 1, WITH_HARFBUZZ: 1
[2016.08.11-22.24.12:685][  0]LogStreaming:Warning: Failed to read file '../../../Engine/Content/Editor/Slate/Common/Selection_16x.png' error.
[2016.08.11-22.24.12:685][  0]LogSlate: Could not find file for Slate resource: ../../../Engine/Content/Editor/Slate/Common/Selection_16x.png
[2016.08.11-22.24.12:685][  0]LogStreaming:Warning: Failed to read file '../../../Engine/Content/Editor/Slate/Common/Selection_16x.png' error.
[2016.08.11-22.24.12:685][  0]LogSlate: Could not find file for Slate resource: ../../../Engine/Content/Editor/Slate/Common/Selection_16x.png
[2016.08.11-22.24.12:685][  0]LogStreaming:Warning: Failed to read file '../../../Engine/Content/Editor/Slate/Common/Selection_16x.png' error.
[2016.08.11-22.24.12:685][  0]LogSlate: Could not find file for Slate resource: ../../../Engine/Content/Editor/Slate/Common/Selection_16x.png
[2016.08.11-22.24.13:198][  0]LogSubstanceCoreModule: Substance CPU Engine Loaded, Max Texture Size 2048
[2016.08.11-22.24.13:206][  0]LogUdpMessaging: Initializing bridge on interface 0.0.0.0:0 to multicast group 230.0.0.1:6666.
[2016.08.11-22.24.13:306][  0]LogAssetRegistry: FAssetRegistry took 0.0213 seconds to start up
[2016.08.11-22.24.13:438][  0]SourceControl: Info Source control is disabled
[2016.08.11-22.24.13:449][  0]SourceControl: Info Source control is disabled
[2016.08.11-22.24.13:454][  0]SourceControl: Info Source control is disabled
[2016.08.11-22.24.13:462][  0]SourceControl: Info Source control is disabled
[2016.08.11-22.24.13:551][  0]LogHMD: Failed to initialize OpenVR with code 110
[2016.08.11-22.24.13:625][  0]LogEngine: Initializing Engine...
[2016.08.11-22.24.13:775][  0]LogAIModule: Creating AISystem for world NewWorld
[2016.08.11-22.24.13:782][  0]LogInit: XAudio2 using 'Speakers (Conexant SmartAudio HD)' : 2 channels at 48 kHz using 32 bits per sample (channel mask 0x3)
[2016.08.11-22.24.13:802][  0]LogInit: FAudioDevice initialized.
[2016.08.11-22.24.13:829][  0]LogDerivedDataCache: Saved boot cache 0.03s 46MB C:/Users/emman/AppData/Local/UnrealEngine/4.11/DerivedDataCache/Boot.ddc.
[2016.08.11-22.24.13:832][  0]LogInit: Texture streaming: Enabled
[2016.08.11-22.24.13:857][  0]LogInit: Transaction tracking system initialized
[2016.08.11-22.24.13:876][  0]BlueprintLog: New page: Editor Load
[2016.08.11-22.24.13:944][  0]LocalizationService: Info Localization service is disabled
[2016.08.11-22.24.14:003][  0]LogConsoleResponse:Display: 
[2016.08.11-22.24.17:300][  0]LogFileCache: Scanning file cache for directory 'C:/Users/emman/Documents/GitHub/SimuScope/Content/' took 0.01s
[2016.08.11-22.24.17:300][  0]LogCook:Display: Max memory allowance for cook 8192mb
[2016.08.11-22.24.17:437][  0]LogCook:Display: Mobile HDR setting 1
[2016.08.11-22.24.17:441][  0]LogCook:Display: Done creating registry. It took  0.00s.
[2016.08.11-22.24.18:572][  0]SourceControl: Info Source control is disabled
[2016.08.11-22.24.18:595][  0]Cmd: MAP LOAD FILE="C:/Users/emman/Documents/GitHub/SimuScope/Content/Maps/flexSoftTestMap.umap" TEMPLATE=0 SHOWPROGRESS=1 FEATURELEVEL=3
[2016.08.11-22.24.18:633][  0]LightingResults: New page: Lighting Build
[2016.08.11-22.24.18:829][  0]MapCheck: New page: Map Check
[2016.08.11-22.24.18:829][  0]LightingResults: New page: Lighting Build
[2016.08.11-22.24.18:876][  0]LogLinker:Warning: Asset 'C:/Users/emman/Documents/GitHub/SimuScope/Content/Maps/flexSoftTestMap.umap' has been saved with empty engine version. The asset will be loaded but may be incompatible.
[2016.08.11-22.24.20:159][  0]LogLinker:Warning: Asset 'C:/Users/emman/Documents/GitHub/SimuScope/Content/TestPackages/Flex/flexSoftContainer.uasset' has been saved with empty engine version. The asset will be loaded but may be incompatible.
[2016.08.11-22.24.20:159][  0]LogLinker:Warning: Unable to load package (C:/Users/emman/Documents/GitHub/SimuScope/Content/TestPackages/Flex/flexSoftContainer.uasset) PackageVersion 504, MaxExpected 498 : LicenseePackageVersion 0, MaxExpected 0.
[2016.08.11-22.24.20:159][  0]LogLinker:Warning: Asset 'C:/Users/emman/Documents/GitHub/SimuScope/Content/TestPackages/Flex/flexSoftContainer.uasset' has been saved with empty engine version. The asset will be loaded but may be incompatible.
[2016.08.11-22.24.20:159][  0]LogLinker:Warning: Unable to load package (C:/Users/emman/Documents/GitHub/SimuScope/Content/TestPackages/Flex/flexSoftContainer.uasset) PackageVersion 504, MaxExpected 498 : LicenseePackageVersion 0, MaxExpected 0.
[2016.08.11-22.24.20:159][  0]LogLinker:Warning: Asset 'C:/Users/emman/Documents/GitHub/SimuScope/Content/TestPackages/Flex/flexBlueMaterial.uasset' has been saved with empty engine version. The asset will be loaded but may be incompatible.
[2016.08.11-22.24.20:160][  0]LogLinker:Warning: Asset 'C:/Users/emman/Documents/GitHub/SimuScope/Content/TestPackages/Flex/flexGlossyMaterial.uasset' has been saved with empty engine version. The asset will be loaded but may be incompatible.
[2016.08.11-22.24.20:161][  0]LogLinker:Warning: Asset 'C:/Users/emman/Documents/GitHub/SimuScope/Content/TestPackages/Flex/flexGreenMaterial.uasset' has been saved with empty engine version. The asset will be loaded but may be incompatible.
[2016.08.11-22.24.20:161][  0]LogLinker:Warning: Asset 'C:/Users/emman/Documents/GitHub/SimuScope/Content/TestPackages/Flex/flexFrayTexture.uasset' has been saved with empty engine version. The asset will be loaded but may be incompatible.
[2016.08.11-22.24.20:162][  0]LogLinker:Warning: Asset 'C:/Users/emman/Documents/GitHub/SimuScope/Content/TestPackages/Flex/flexPinkMaterial.uasset' has been saved with empty engine version. The asset will be loaded but may be incompatible.
[2016.08.11-22.24.20:164][  0]LogLinker:Warning: Asset 'C:/Users/emman/Documents/GitHub/SimuScope/Content/TestPackages/Flex/flexSandMaterial.uasset' has been saved with empty engine version. The asset will be loaded but may be incompatible.
[2016.08.11-22.24.20:164][  0]LogLinker:Warning: Asset 'C:/Users/emman/Documents/GitHub/SimuScope/Content/TestPackages/Flex/flexWhiteMaterial.uasset' has been saved with empty engine version. The asset will be loaded but may be incompatible.
[2016.08.11-22.24.20:283][  0]LogLinker:Warning: Asset 'C:/Users/emman/Documents/GitHub/SimuScope/Content/TestPackages/Flex/flexBacon.uasset' has been saved with empty engine version. The asset will be loaded but may be incompatible.
[2016.08.11-22.24.20:283][  0]LogLinker:Warning: Unable to load package (C:/Users/emman/Documents/GitHub/SimuScope/Content/TestPackages/Flex/flexBacon.uasset) PackageVersion 504, MaxExpected 498 : LicenseePackageVersion 0, MaxExpected 0.
[2016.08.11-22.24.20:283][  0]LogLinker:Warning: Asset 'C:/Users/emman/Documents/GitHub/SimuScope/Content/TestPackages/Flex/flexBacon.uasset' has been saved with empty engine version. The asset will be loaded but may be incompatible.
[2016.08.11-22.24.20:283][  0]LogLinker:Warning: Unable to load package (C:/Users/emman/Documents/GitHub/SimuScope/Content/TestPackages/Flex/flexBacon.uasset) PackageVersion 504, MaxExpected 498 : LicenseePackageVersion 0, MaxExpected 0.
[2016.08.11-22.24.20:283][  0]LogLinker:Warning: Asset 'C:/Users/emman/Documents/GitHub/SimuScope/Content/TestPackages/Flex/flexBox30.uasset' has been saved with empty engine version. The asset will be loaded but may be incompatible.
[2016.08.11-22.24.20:284][  0]LogLinker:Warning: Asset 'C:/Users/emman/Documents/GitHub/SimuScope/Content/TestPackages/Flex/flexRigidContainer.uasset' has been saved with empty engine version. The asset will be loaded but may be incompatible.
[2016.08.11-22.24.20:285][  0]LogLinker:Warning: Asset 'C:/Users/emman/Documents/GitHub/SimuScope/Content/TestPackages/Flex/flexOctopus.uasset' has been saved with empty engine version. The asset will be loaded but may be incompatible.
[2016.08.11-22.24.20:285][  0]LogLinker:Warning: Unable to load package (C:/Users/emman/Documents/GitHub/SimuScope/Content/TestPackages/Flex/flexOctopus.uasset) PackageVersion 504, MaxExpected 498 : LicenseePackageVersion 0, MaxExpected 0.
[2016.08.11-22.24.20:285][  0]LogLinker:Warning: Asset 'C:/Users/emman/Documents/GitHub/SimuScope/Content/TestPackages/Flex/flexOctopus.uasset' has been saved with empty engine version. The asset will be loaded but may be incompatible.
[2016.08.11-22.24.20:285][  0]LogLinker:Warning: Unable to load package (C:/Users/emman/Documents/GitHub/SimuScope/Content/TestPackages/Flex/flexOctopus.uasset) PackageVersion 504, MaxExpected 498 : LicenseePackageVersion 0, MaxExpected 0.
[2016.08.11-22.24.20:286][  0]LogLinker:Warning: Asset 'C:/Users/emman/Documents/GitHub/SimuScope/Content/TestPackages/Flex/flexRope.uasset' has been saved with empty engine version. The asset will be loaded but may be incompatible.
[2016.08.11-22.24.20:286][  0]LogLinker:Warning: Asset 'C:/Users/emman/Documents/GitHub/SimuScope/Content/TestPackages/Flex/flexSoftContainer.uasset' has been saved with empty engine version. The asset will be loaded but may be incompatible.
[2016.08.11-22.24.20:286][  0]LogLinker:Warning: Unable to load package (C:/Users/emman/Documents/GitHub/SimuScope/Content/TestPackages/Flex/flexSoftContainer.uasset) PackageVersion 504, MaxExpected 498 : LicenseePackageVersion 0, MaxExpected 0.
[2016.08.11-22.24.20:286][  0]LogLinker:Warning: Asset 'C:/Users/emman/Documents/GitHub/SimuScope/Content/TestPackages/Flex/flexSoftContainer.uasset' has been saved with empty engine version. The asset will be loaded but may be incompatible.
[2016.08.11-22.24.20:286][  0]LogLinker:Warning: Unable to load package (C:/Users/emman/Documents/GitHub/SimuScope/Content/TestPackages/Flex/flexSoftContainer.uasset) PackageVersion 504, MaxExpected 498 : LicenseePackageVersion 0, MaxExpected 0.
[2016.08.11-22.24.20:287][  0]LogLinker:Warning: Asset 'C:/Users/emman/Documents/GitHub/SimuScope/Content/TestPackages/Flex/flexSoftContainer.uasset' has been saved with empty engine version. The asset will be loaded but may be incompatible.
[2016.08.11-22.24.20:287][  0]LogLinker:Warning: Unable to load package (C:/Users/emman/Documents/GitHub/SimuScope/Content/TestPackages/Flex/flexSoftContainer.uasset) PackageVersion 504, MaxExpected 498 : LicenseePackageVersion 0, MaxExpected 0.
[2016.08.11-22.24.20:287][  0]LogLinker:Warning: Asset 'C:/Users/emman/Documents/GitHub/SimuScope/Content/TestPackages/Flex/flexSoftContainer.uasset' has been saved with empty engine version. The asset will be loaded but may be incompatible.
[2016.08.11-22.24.20:287][  0]LogLinker:Warning: Unable to load package (C:/Users/emman/Documents/GitHub/SimuScope/Content/TestPackages/Flex/flexSoftContainer.uasset) PackageVersion 504, MaxExpected 498 : LicenseePackageVersion 0, MaxExpected 0.
[2016.08.11-22.24.20:287][  0]LogLinker:Warning: Asset 'C:/Users/emman/Documents/GitHub/SimuScope/Content/TestPackages/Flex/flexSoftContainer.uasset' has been saved with empty engine version. The asset will be loaded but may be incompatible.
[2016.08.11-22.24.20:287][  0]LogLinker:Warning: Unable to load package (C:/Users/emman/Documents/GitHub/SimuScope/Content/TestPackages/Flex/flexSoftContainer.uasset) PackageVersion 504, MaxExpected 498 : LicenseePackageVersion 0, MaxExpected 0.
[2016.08.11-22.24.20:288][  0]LogLinker:Warning: Asset 'C:/Users/emman/Documents/GitHub/SimuScope/Content/TestPackages/Flex/flexSoftContainer.uasset' has been saved with empty engine version. The asset will be loaded but may be incompatible.
[2016.08.11-22.24.20:288][  0]LogLinker:Warning: Unable to load package (C:/Users/emman/Documents/GitHub/SimuScope/Content/TestPackages/Flex/flexSoftContainer.uasset) PackageVersion 504, MaxExpected 498 : LicenseePackageVersion 0, MaxExpected 0.
[2016.08.11-22.24.20:288][  0]LogLinker:Warning: Asset 'C:/Users/emman/Documents/GitHub/SimuScope/Content/TestPackages/Flex/flexTorus.uasset' has been saved with empty engine version. The asset will be loaded but may be incompatible.
[2016.08.11-22.24.20:288][  0]LogLinker:Warning: Asset 'C:/Users/emman/Documents/GitHub/SimuScope/Content/TestPackages/Flex/flexSoftContainer.uasset' has been saved with empty engine version. The asset will be loaded but may be incompatible.
[2016.08.11-22.24.20:288][  0]LogLinker:Warning: Unable to load package (C:/Users/emman/Documents/GitHub/SimuScope/Content/TestPackages/Flex/flexSoftContainer.uasset) PackageVersion 504, MaxExpected 498 : LicenseePackageVersion 0, MaxExpected 0.
[2016.08.11-22.24.20:288][  0]LogLinker:Warning: Asset 'C:/Users/emman/Documents/GitHub/SimuScope/Content/TestPackages/Flex/flexSoftContainer.uasset' has been saved with empty engine version. The asset will be loaded but may be incompatible.
[2016.08.11-22.24.20:288][  0]LogLinker:Warning: Unable to load package (C:/Users/emman/Documents/GitHub/SimuScope/Content/TestPackages/Flex/flexSoftContainer.uasset) PackageVersion 504, MaxExpected 498 : LicenseePackageVersion 0, MaxExpected 0.
[2016.08.11-22.24.20:288][  0]LogLinker:Warning: Asset 'C:/Users/emman/Documents/GitHub/SimuScope/Content/TestPackages/Flex/flexSoftContainer.uasset' has been saved with empty engine version. The asset will be loaded but may be incompatible.
[2016.08.11-22.24.20:289][  0]LogLinker:Warning: Unable to load package (C:/Users/emman/Documents/GitHub/SimuScope/Content/TestPackages/Flex/flexSoftContainer.uasset) PackageVersion 504, MaxExpected 498 : LicenseePackageVersion 0, MaxExpected 0.
[2016.08.11-22.24.20:289][  0]LogLinker:Warning: Asset 'C:/Users/emman/Documents/GitHub/SimuScope/Content/TestPackages/Flex/flexSoftContainer.uasset' has been saved with empty engine version. The asset will be loaded but may be incompatible.
[2016.08.11-22.24.20:289][  0]LogLinker:Warning: Unable to load package (C:/Users/emman/Documents/GitHub/SimuScope/Content/TestPackages/Flex/flexSoftContainer.uasset) PackageVersion 504, MaxExpected 498 : LicenseePackageVersion 0, MaxExpected 0.
[2016.08.11-22.24.20:289][  0]LogLinker:Warning: Asset 'C:/Users/emman/Documents/GitHub/SimuScope/Content/TestPackages/Flex/flexBacon.uasset' has been saved with empty engine version. The asset will be loaded but may be incompatible.
[2016.08.11-22.24.20:289][  0]LogLinker:Warning: Unable to load package (C:/Users/emman/Documents/GitHub/SimuScope/Content/TestPackages/Flex/flexBacon.uasset) PackageVersion 504, MaxExpected 498 : LicenseePackageVersion 0, MaxExpected 0.
[2016.08.11-22.24.20:289][  0]LogLinker:Warning: Asset 'C:/Users/emman/Documents/GitHub/SimuScope/Content/TestPackages/Flex/flexBacon.uasset' has been saved with empty engine version. The asset will be loaded but may be incompatible.
[2016.08.11-22.24.20:289][  0]LogLinker:Warning: Unable to load package (C:/Users/emman/Documents/GitHub/SimuScope/Content/TestPackages/Flex/flexBacon.uasset) PackageVersion 504, MaxExpected 498 : LicenseePackageVersion 0, MaxExpected 0.
[2016.08.11-22.24.20:290][  0]LogLinker:Warning: Asset 'C:/Users/emman/Documents/GitHub/SimuScope/Content/TestPackages/Flex/flexOctopus.uasset' has been saved with empty engine version. The asset will be loaded but may be incompatible.
[2016.08.11-22.24.20:290][  0]LogLinker:Warning: Unable to load package (C:/Users/emman/Documents/GitHub/SimuScope/Content/TestPackages/Flex/flexOctopus.uasset) PackageVersion 504, MaxExpected 498 : LicenseePackageVersion 0, MaxExpected 0.
[2016.08.11-22.24.20:290][  0]LogLinker:Warning: Asset 'C:/Users/emman/Documents/GitHub/SimuScope/Content/TestPackages/Flex/flexOctopus.uasset' has been saved with empty engine version. The asset will be loaded but may be incompatible.
[2016.08.11-22.24.20:290][  0]LogLinker:Warning: Unable to load package (C:/Users/emman/Documents/GitHub/SimuScope/Content/TestPackages/Flex/flexOctopus.uasset) PackageVersion 504, MaxExpected 498 : LicenseePackageVersion 0, MaxExpected 0.
[2016.08.11-22.24.20:291][  0]LogLinker:Warning: Asset 'C:/Users/emman/Documents/GitHub/SimuScope/Content/TestPackages/Flex/flexSoftContainer.uasset' has been saved with empty engine version. The asset will be loaded but may be incompatible.
[2016.08.11-22.24.20:291][  0]LogLinker:Warning: Unable to load package (C:/Users/emman/Documents/GitHub/SimuScope/Content/TestPackages/Flex/flexSoftContainer.uasset) PackageVersion 504, MaxExpected 498 : LicenseePackageVersion 0, MaxExpected 0.
[2016.08.11-22.24.20:291][  0]LogLinker:Warning: Asset 'C:/Users/emman/Documents/GitHub/SimuScope/Content/TestPackages/Flex/flexSoftContainer.uasset' has been saved with empty engine version. The asset will be loaded but may be incompatible.
[2016.08.11-22.24.20:291][  0]LogLinker:Warning: Unable to load package (C:/Users/emman/Documents/GitHub/SimuScope/Content/TestPackages/Flex/flexSoftContainer.uasset) PackageVersion 504, MaxExpected 498 : LicenseePackageVersion 0, MaxExpected 0.
[2016.08.11-22.24.20:291][  0]LogLinker:Warning: Asset 'C:/Users/emman/Documents/GitHub/SimuScope/Content/TestPackages/Flex/flexBacon.uasset' has been saved with empty engine version. The asset will be loaded but may be incompatible.
[2016.08.11-22.24.20:291][  0]LogLinker:Warning: Unable to load package (C:/Users/emman/Documents/GitHub/SimuScope/Content/TestPackages/Flex/flexBacon.uasset) PackageVersion 504, MaxExpected 498 : LicenseePackageVersion 0, MaxExpected 0.
[2016.08.11-22.24.20:292][  0]LogLinker:Warning: Asset 'C:/Users/emman/Documents/GitHub/SimuScope/Content/TestPackages/Flex/flexBacon.uasset' has been saved with empty engine version. The asset will be loaded but may be incompatible.
[2016.08.11-22.24.20:292][  0]LogLinker:Warning: Unable to load package (C:/Users/emman/Documents/GitHub/SimuScope/Content/TestPackages/Flex/flexBacon.uasset) PackageVersion 504, MaxExpected 498 : LicenseePackageVersion 0, MaxExpected 0.
[2016.08.11-22.24.20:292][  0]LogLinker:Warning: Asset 'C:/Users/emman/Documents/GitHub/SimuScope/Content/TestPackages/Flex/flexOctopus.uasset' has been saved with empty engine version. The asset will be loaded but may be incompatible.
[2016.08.11-22.24.20:292][  0]LogLinker:Warning: Unable to load package (C:/Users/emman/Documents/GitHub/SimuScope/Content/TestPackages/Flex/flexOctopus.uasset) PackageVersion 504, MaxExpected 498 : LicenseePackageVersion 0, MaxExpected 0.
[2016.08.11-22.24.20:292][  0]LogLinker:Warning: Asset 'C:/Users/emman/Documents/GitHub/SimuScope/Content/TestPackages/Flex/flexOctopus.uasset' has been saved with empty engine version. The asset will be loaded but may be incompatible.
[2016.08.11-22.24.20:292][  0]LogLinker:Warning: Unable to load package (C:/Users/emman/Documents/GitHub/SimuScope/Content/TestPackages/Flex/flexOctopus.uasset) PackageVersion 504, MaxExpected 498 : LicenseePackageVersion 0, MaxExpected 0.
[2016.08.11-22.24.20:292][  0]LogLinker:Warning: Asset 'C:/Users/emman/Documents/GitHub/SimuScope/Content/TestPackages/Flex/flexSoftContainer.uasset' has been saved with empty engine version. The asset will be loaded but may be incompatible.
[2016.08.11-22.24.20:292][  0]LogLinker:Warning: Unable to load package (C:/Users/emman/Documents/GitHub/SimuScope/Content/TestPackages/Flex/flexSoftContainer.uasset) PackageVersion 504, MaxExpected 498 : LicenseePackageVersion 0, MaxExpected 0.
[2016.08.11-22.24.20:292][  0]LogLinker:Warning: Asset 'C:/Users/emman/Documents/GitHub/SimuScope/Content/TestPackages/Flex/flexSoftContainer.uasset' has been saved with empty engine version. The asset will be loaded but may be incompatible.
[2016.08.11-22.24.20:292][  0]LogLinker:Warning: Unable to load package (C:/Users/emman/Documents/GitHub/SimuScope/Content/TestPackages/Flex/flexSoftContainer.uasset) PackageVersion 504, MaxExpected 498 : LicenseePackageVersion 0, MaxExpected 0.
[2016.08.11-22.24.20:292][  0]LogLinker:Warning: Asset 'C:/Users/emman/Documents/GitHub/SimuScope/Content/TestPackages/Flex/flexBacon.uasset' has been saved with empty engine version. The asset will be loaded but may be incompatible.
[2016.08.11-22.24.20:293][  0]LogLinker:Warning: Unable to load package (C:/Users/emman/Documents/GitHub/SimuScope/Content/TestPackages/Flex/flexBacon.uasset) PackageVersion 504, MaxExpected 498 : LicenseePackageVersion 0, MaxExpected 0.
[2016.08.11-22.24.20:293][  0]LogLinker:Warning: Asset 'C:/Users/emman/Documents/GitHub/SimuScope/Content/TestPackages/Flex/flexBacon.uasset' has been saved with empty engine version. The asset will be loaded but may be incompatible.
[2016.08.11-22.24.20:293][  0]LogLinker:Warning: Unable to load package (C:/Users/emman/Documents/GitHub/SimuScope/Content/TestPackages/Flex/flexBacon.uasset) PackageVersion 504, MaxExpected 498 : LicenseePackageVersion 0, MaxExpected 0.
[2016.08.11-22.24.20:293][  0]LogLinker:Warning: Asset 'C:/Users/emman/Documents/GitHub/SimuScope/Content/TestPackages/Flex/flexOctopus.uasset' has been saved with empty engine version. The asset will be loaded but may be incompatible.
[2016.08.11-22.24.20:293][  0]LogLinker:Warning: Unable to load package (C:/Users/emman/Documents/GitHub/SimuScope/Content/TestPackages/Flex/flexOctopus.uasset) PackageVersion 504, MaxExpected 498 : LicenseePackageVersion 0, MaxExpected 0.
[2016.08.11-22.24.20:293][  0]LogLinker:Warning: Asset 'C:/Users/emman/Documents/GitHub/SimuScope/Content/TestPackages/Flex/flexOctopus.uasset' has been saved with empty engine version. The asset will be loaded but may be incompatible.
[2016.08.11-22.24.20:293][  0]LogLinker:Warning: Unable to load package (C:/Users/emman/Documents/GitHub/SimuScope/Content/TestPackages/Flex/flexOctopus.uasset) PackageVersion 504, MaxExpected 498 : LicenseePackageVersion 0, MaxExpected 0.
[2016.08.11-22.24.20:584][  0]LogStaticMesh: Building static mesh flexTorus...
[2016.08.11-22.24.20:650][  0]LogStaticMesh: Built static mesh [0.12s] /Game/TestPackages/Flex/flexTorus.flexTorus
[2016.08.11-22.24.20:727][  0]LogStaticMesh: Building static mesh flexRope...
[2016.08.11-22.24.20:822][  0]LogStaticMesh: Built static mesh [0.10s] /Game/TestPackages/Flex/flexRope.flexRope
[2016.08.11-22.24.20:884][  0]LogStaticMesh: Building static mesh flexBox30...
[2016.08.11-22.24.20:884][  0]LogStaticMesh: Built static mesh [0.00s] /Game/TestPackages/Flex/flexBox30.flexBox30
[2016.08.11-22.24.20:925][  0]LogMaterial: Missing cached shader map for material flexWhiteMaterial, compiling. 
[2016.08.11-22.24.21:063][  0]LogTexture:Display: Building textures: FlatNormal (BC5)
[2016.08.11-22.24.21:200][  0]LogMaterial: Missing cached shader map for material flexSandMaterial, compiling. 
[2016.08.11-22.24.21:423][  0]LogTexture:Display: Building textures: T_ScreenDirt02_w (AutoDXT)
[2016.08.11-22.24.22:143][  0]LogTexture:Display: Building textures: Bokeh_5Sides (BGRA8)
[2016.08.11-22.24.22:321][  0]LogMaterial: Missing cached shader map for material flexPinkMaterial, compiling. 
[2016.08.11-22.24.22:421][  0]LogTexture:Display: Building textures: flexFrayTexture (AutoDXT)
[2016.08.11-22.24.23:269][  0]LogMaterial: Missing cached shader map for material flexBlueMaterial, compiling. 
[2016.08.11-22.24.23:324][  0]LogMaterial: Missing cached shader map for material flexGlossyMaterial, compiling. 
[2016.08.11-22.24.23:344][  0]LogMaterial: Missing cached shader map for material flexGreenMaterial, compiling. 
[2016.08.11-22.24.24:011][  0]LogDerivedDataCache: FFileSystemDerivedDataBackend: Move collision, attempt at redundant update, OK C:/Users/emman/AppData/Local/UnrealEngine/Common/DerivedDataCache/4/9/2/PHYSX_1D9C17C451EA4FB88CB7A27536A65DB0_PHYSXPC_615E53C54AF8919CDB394A85366107E4__1_0_13123_0.udd.
[2016.08.11-22.24.24:011][  0]LogDerivedDataCache: FFileSystemDerivedDataBackend: Move collision, attempt at redundant update, OK C:/Users/emman/AppData/Local/UnrealEngine/Common/DerivedDataCache/0/1/2/PHYSX_1D9C17C451EA4FB88CB7A27536A65DB0_PHYSXPC_D00B8BD94AB9053060DE38AFA8B671DF__1_0_13123_0.udd.
[2016.08.11-22.24.24:011][  0]LogTexture:Display: Building textures: HQ_Lightmap0_2 (AutoDXT)
[2016.08.11-22.24.24:019][  0]LogTexture:Display: Building textures: HQ_Lightmap0_3 (AutoDXT)
[2016.08.11-22.24.24:024][  0]LogTexture:Display: Building textures: LQ_Lightmap_0_2 (DXT1)
[2016.08.11-22.24.24:026][  0]LogTexture:Display: Building textures: LQ_Lightmap_0_3 (DXT1)
[2016.08.11-22.24.24:030][  0]LogTexture:Display: Building textures: ShadowMapTexture2D_5 (BGRA8)
[2016.08.11-22.24.24:030][  0]LogTexture:Display: Building textures: ShadowMapTexture2D_6 (BGRA8)
[2016.08.11-22.24.24:140][  0]LogDerivedDataCache: FFileSystemDerivedDataBackend: Move collision, attempt at redundant update, OK C:/Users/emman/AppData/Local/UnrealEngine/Common/DerivedDataCache/9/5/2/REFL_ENC_96DFC022836B48889143E9DF484C3296_2BC575BB41315CE46C87EC880C1B64AE.udd.
[2016.08.11-22.24.24:140][  0]LogAIModule: Creating AISystem for world flexSoftTestMap
[2016.08.11-22.24.24:897][  0]LogEditorServer: Finished looking for orphan Actors (0.004 secs)
[2016.08.11-22.24.24:964][  0]Cmd: MAP CHECKDEP NOCLEARLOG
[2016.08.11-22.24.25:191][  0]MapCheck: Info Map check complete: 0 Error(s), 0 Warning(s), took 227.747ms to complete.
[2016.08.11-22.24.25:192][  0]LogFileHelpers: Loading map 'flexSoftTestMap' took 6.596
[2016.08.11-22.24.25:866][  0]LogCollectionManager: Loaded 0 collections in 0.001760 seconds
[2016.08.11-22.24.25:959][  0]LogFileCache: Scanning file cache for directory 'C:/Users/emman/Documents/GitHub/SimuScope/Saved/Collections/' took 0.01s
[2016.08.11-22.24.25:959][  0]LogFileCache: Scanning file cache for directory 'C:/Users/emman/Documents/GitHub/SimuScope/Content/Developers/emman/Collections/' took 0.01s
[2016.08.11-22.24.25:959][  0]LogFileCache: Scanning file cache for directory 'C:/Users/emman/Documents/GitHub/SimuScope/Content/Collections/' took 0.01s
[2016.08.11-22.24.25:959][  0]LogCollectionManager: Rebuilt the GUID cache for 0 collections in 0.000172 seconds
[2016.08.11-22.24.25:971][  0]LogContentBrowser: Native class hierarchy populated in 0.0113 seconds. Added 1994 classes and 349 folders.
[2016.08.11-22.24.26:006][  0]LogStats: UGameplayTagsManager::ConstructGameplayTagTree: Construct from data asset -  0.000 s
[2016.08.11-22.24.26:006][  0]LogStats: UGameplayTagsManager::ConstructGameplayTagTree: GameplayTagTreeChangedEvent.Broadcast -  0.000 s
[2016.08.11-22.24.26:007][  0]LogContentBrowser: Native class hierarchy updated for 'GameplayTags' in 0.0006 seconds. Added 12 classes and 0 folders.
[2016.08.11-22.24.26:021][  0]LogContentBrowser: Native class hierarchy updated for 'WidgetCarousel' in 0.0004 seconds. Added 0 classes and 0 folders.
[2016.08.11-22.24.26:183][  0]LogContentBrowser: Native class hierarchy updated for 'SuperSearch' in 0.0005 seconds. Added 1 classes and 2 folders.
[2016.08.11-22.24.26:886][  0]LogContentBrowser: Native class hierarchy updated for 'AddContentDialog' in 0.0005 seconds. Added 0 classes and 0 folders.
[2016.08.11-22.24.26:919][  0]LogContentBrowser: Native class hierarchy updated for 'SceneOutliner' in 0.0005 seconds. Added 1 classes and 2 folders.
[2016.08.11-22.24.27:455][  0]LogCrashTracker: Crashtracker disabled due to settings.
[2016.08.11-22.24.27:554][  0]LogUObjectGlobals:Warning: Failed to find object 'Class None.'
[2016.08.11-22.24.27:662][  0]LogContentBrowser: Native class hierarchy updated for 'HierarchicalLODOutliner' in 0.0005 seconds. Added 1 classes and 2 folders.
[2016.08.11-22.24.27:662][  0]LogLoad: Full Startup: 18.04 seconds (BP compile: 0.50 seconds)
[2016.08.11-22.24.27:662][  0]LogExternalProfiler: Found external profiler: VSPerf
[2016.08.11-22.24.27:662][  0]LogExternalProfiler: Using external profiler: VSPerf
[2016.08.11-22.24.27:686][  0]LogWindowsTextInputMethodSystem:Display: IME system now deactivated.
[2016.08.11-22.24.27:686][  0]LogOcInput: OculusInput pre-init called
[2016.08.11-22.24.27:921][  0]LogContentStreaming: Texture pool size now 1000 MB
[2016.08.11-22.24.28:275][  0]LogRenderer: Reallocating scene render targets to support 904x436 (Frame:2).
[2016.08.11-22.24.28:988][  2]LogAssetRegistry: Asset discovery search completed in 15.7034 seconds
[2016.08.11-22.24.29:005][  2]LogCollectionManager: Rebuilt the object cache for 0 collections in 0.000001 seconds (found 0 objects)
[2016.08.11-22.24.29:005][  2]LogCollectionManager: Fixed up redirectors for 0 collections in 0.017548 seconds (updated 0 objects)
[2016.08.11-22.25.13:939][413]LogWindowsTextInputMethodSystem:Display: IME system now deactivated.
[2016.08.11-22.25.14:415][414]Cmd: QUIT_EDITOR
[2016.08.11-22.25.14:626][414]LogExit: Preparing to exit.
[2016.08.11-22.25.15:629][414]LogExit: Editor shut down
[2016.08.11-22.25.15:629][414]LogExit: Transaction tracking system shut down
[2016.08.11-22.25.16:261][414]LogObj: Freed 0b from 0 cluster array pools.
[2016.08.11-22.25.16:262][414]LogExit: Object subsystem successfully closed.
[2016.08.11-22.25.16:430][414]LogD3D11RHI: Shutdown
[2016.08.11-22.25.16:430][414]LogD3D11RHI: CleanupD3DDevice
[2016.08.11-22.25.16:513][414]LogD3D11RHI: ~FD3D11DynamicRHI
[2016.08.11-22.25.16:810][414]LogDerivedDataCache: Shutdown
[2016.08.11-22.25.17:230][414]LogModuleManager: Shutting down and abandoning module HierarchicalLODOutliner (206)
[2016.08.11-22.25.17:237][414]LogModuleManager: Shutting down and abandoning module CrashTracker (205)
[2016.08.11-22.25.17:237][414]LogModuleManager: Shutting down and abandoning module SceneOutliner (204)
[2016.08.11-22.25.17:248][414]LogModuleManager: Shutting down and abandoning module SuperSearch (203)
[2016.08.11-22.25.17:248][414]LogModuleManager: Shutting down and abandoning module WidgetCarousel (202)
[2016.08.11-22.25.17:248][414]LogModuleManager: Shutting down and abandoning module AddContentDialog (201)
[2016.08.11-22.25.17:254][414]LogModuleManager: Shutting down and abandoning module GameplayTags (200)
[2016.08.11-22.25.17:254][414]LogModuleManager: Shutting down and abandoning module EditorWidgets (199)
[2016.08.11-22.25.17:254][414]LogModuleManager: Shutting down and abandoning module CollectionManager (198)
[2016.08.11-22.25.17:254][414]LogModuleManager: Shutting down and abandoning module StatsViewer (197)
[2016.08.11-22.25.17:261][414]LogModuleManager: Shutting down and abandoning module FoliageEdit (196)
[2016.08.11-22.25.17:261][414]LogModuleManager: Shutting down and abandoning module LandscapeEditor (195)
[2016.08.11-22.25.17:274][414]LogModuleManager: Shutting down and abandoning module ActorPickerMode (194)
[2016.08.11-22.25.17:274][414]LogModuleManager: Shutting down and abandoning module GeometryMode (193)
[2016.08.11-22.25.17:274][414]LogModuleManager: Shutting down and abandoning module TextureAlignMode (192)
[2016.08.11-22.25.17:274][414]LogModuleManager: Shutting down and abandoning module BspMode (191)
[2016.08.11-22.25.17:274][414]LogModuleManager: Shutting down and abandoning module PlacementMode (190)
[2016.08.11-22.25.17:274][414]LogModuleManager: Shutting down and abandoning module AutomationWorker (189)
[2016.08.11-22.25.17:274][414]LogModuleManager: Shutting down and abandoning module CharacterAI (188)
[2016.08.11-22.25.17:274][414]LogModuleManager: Shutting down and abandoning module SmartSnapping (187)
[2016.08.11-22.25.17:274][414]LogModuleManager: Shutting down and abandoning module ViewportSnapping (186)
[2016.08.11-22.25.17:274][414]LogModuleManager: Shutting down and abandoning module LogVisualizer (185)
[2016.08.11-22.25.17:321][414]LogModuleManager: Shutting down and abandoning module GameProjectGeneration (184)
[2016.08.11-22.25.17:327][414]LogModuleManager: Shutting down and abandoning module IntroTutorials (183)
[2016.08.11-22.25.17:332][414]LogModuleManager: Shutting down and abandoning module EditorLiveStreaming (182)
[2016.08.11-22.25.17:332][414]LogModuleManager: Shutting down and abandoning module IOSPlatformEditor (181)
[2016.08.11-22.25.17:342][414]LogModuleManager: Shutting down and abandoning module HTML5PlatformEditor (180)
[2016.08.11-22.25.17:342][414]LogModuleManager: Shutting down and abandoning module AndroidDeviceDetection (179)
[2016.08.11-22.25.17:990][414]LogModuleManager: Shutting down and abandoning module AndroidPlatformEditor (178)
[2016.08.11-22.25.17:990][414]LogModuleManager: Shutting down and abandoning module IOSRuntimeSettings (177)
[2016.08.11-22.25.17:990][414]LogModuleManager: Shutting down and abandoning module AndroidRuntimeSettings (176)
[2016.08.11-22.25.17:990][414]LogModuleManager: Shutting down and abandoning module MergeActors (175)
[2016.08.11-22.25.18:179][414]LogModuleManager: Shutting down and abandoning module SizeMap (174)
[2016.08.11-22.25.18:179][414]LogModuleManager: Shutting down and abandoning module TreeMap (173)
[2016.08.11-22.25.18:187][414]LogModuleManager: Shutting down and abandoning module ReferenceViewer (172)
[2016.08.11-22.25.18:187][414]LogModuleManager: Shutting down and abandoning module LocalizationService (171)
[2016.08.11-22.25.18:195][414]LogModuleManager: Shutting down and abandoning module LocalizationDashboard (170)
[2016.08.11-22.25.18:201][414]LogModuleManager: Shutting down and abandoning module HardwareTargeting (169)
[2016.08.11-22.25.18:201][414]LogModuleManager: Shutting down and abandoning module DeviceProfileEditor (168)
[2016.08.11-22.25.18:211][414]LogModuleManager: Shutting down and abandoning module UndoHistory (167)
[2016.08.11-22.25.18:219][414]LogModuleManager: Shutting down and abandoning module UserFeedback (166)
[2016.08.11-22.25.18:219][414]LogModuleManager: Shutting down and abandoning module XmlParser (165)
[2016.08.11-22.25.18:219][414]LogModuleManager: Shutting down and abandoning module Blutility (164)
[2016.08.11-22.25.18:219][414]LogModuleManager: Shutting down and abandoning module ProjectTargetPlatformEditor (163)
[2016.08.11-22.25.18:219][414]LogModuleManager: Shutting down and abandoning module ProjectSettingsViewer (162)
[2016.08.11-22.25.18:219][414]LogModuleManager: Shutting down and abandoning module InputBindingEditor (161)
[2016.08.11-22.25.18:223][414]LogModuleManager: Shutting down and abandoning module EditorSettingsViewer (160)
[2016.08.11-22.25.18:223][414]LogModuleManager: Shutting down and abandoning module SettingsEditor (159)
[2016.08.11-22.25.18:243][414]LogModuleManager: Shutting down and abandoning module ProjectLauncher (158)
[2016.08.11-22.25.18:295][414]LogModuleManager: Shutting down and abandoning module SessionFrontend (157)
[2016.08.11-22.25.18:300][414]LogModuleManager: Shutting down and abandoning module ProfilerClient (156)
[2016.08.11-22.25.18:347][414]LogModuleManager: Shutting down and abandoning module TargetDeviceServices (155)
[2016.08.11-22.25.18:347][414]LogModuleManager: Shutting down and abandoning module DeviceManager (154)
[2016.08.11-22.25.18:492][414]LogModuleManager: Shutting down and abandoning module AutomationController (153)
[2016.08.11-22.25.18:503][414]LogModuleManager: Shutting down and abandoning module AutomationWindow (152)
[2016.08.11-22.25.18:516][414]LogModuleManager: Shutting down and abandoning module Layers (151)
[2016.08.11-22.25.18:530][414]LogModuleManager: Shutting down and abandoning module ComponentVisualizers (150)
[2016.08.11-22.25.18:530][414]LogModuleManager: Shutting down and abandoning module DetailCustomizations (149)
[2016.08.11-22.25.18:565][414]LogModuleManager: Shutting down and abandoning module PackagesDialog (148)
[2016.08.11-22.25.18:566][414]LogModuleManager: Shutting down and abandoning module Persona (147)
[2016.08.11-22.25.18:582][414]LogModuleManager: Shutting down and abandoning module Kismet (146)
[2016.08.11-22.25.18:589][414]LogModuleManager: Shutting down and abandoning module GraphEditor (145)
[2016.08.11-22.25.18:634][414]LogModuleManager: Shutting down and abandoning module ClassViewer (144)
[2016.08.11-22.25.18:638][414]LogModuleManager: Shutting down and abandoning module Toolbox (143)
[2016.08.11-22.25.18:641][414]LogModuleManager: Shutting down and abandoning module ModuleUI (142)
[2016.08.11-22.25.18:647][414]LogModuleManager: Shutting down and abandoning module MovieSceneTools (141)
[2016.08.11-22.25.18:654][414]LogModuleManager: Shutting down and abandoning module OutputLog (140)
[2016.08.11-22.25.18:654][414]LogModuleManager: Shutting down and abandoning module GammaUI (139)
[2016.08.11-22.25.18:665][414]LogModuleManager: Shutting down and abandoning module Documentation (138)
[2016.08.11-22.25.18:665][414]LogModuleManager: Shutting down and abandoning module StreamingPauseRendering (137)
[2016.08.11-22.25.18:665][414]LogModuleManager: Shutting down and abandoning module AnalyticsET (136)
[2016.08.11-22.25.18:665][414]LogModuleManager: Shutting down and abandoning module Analytics (135)
[2016.08.11-22.25.18:665][414]LogModuleManager: Shutting down and abandoning module PortalServices (134)
[2016.08.11-22.25.18:665][414]LogModuleManager: Shutting down and abandoning module PortalRpc (133)
[2016.08.11-22.25.18:665][414]LogModuleManager: Shutting down and abandoning module MessagingRpc (132)
[2016.08.11-22.25.18:665][414]LogModuleManager: Shutting down and abandoning module AITestSuite (131)
[2016.08.11-22.25.18:665][414]LogModuleManager: Shutting down and abandoning module GameplayDebugger (130)
[2016.08.11-22.25.18:665][414]LogModuleManager: Shutting down and abandoning module AIModule (129)
[2016.08.11-22.25.18:665][414]LogModuleManager: Shutting down and abandoning module ProfilerService (128)
[2016.08.11-22.25.18:863][414]LogModuleManager: Shutting down and abandoning module TaskGraph (127)
[2016.08.11-22.25.18:910][414]LogModuleManager: Shutting down and abandoning module SubstanceEditor (126)
[2016.08.11-22.25.18:919][414]LogModuleManager: Shutting down and abandoning module SlateRemote (125)
[2016.08.11-22.25.18:919][414]LogModuleManager: Shutting down and abandoning module SteamVRController (124)
[2016.08.11-22.25.18:919][414]LogModuleManager: Shutting down and abandoning module SteamVR (123)
[2016.08.11-22.25.18:919][414]LogModuleManager: Shutting down and abandoning module ProceduralMeshComponent (122)
[2016.08.11-22.25.18:930][414]LogModuleManager: Shutting down and abandoning module OculusLibrary (121)
[2016.08.11-22.25.18:930][414]LogModuleManager: Shutting down and abandoning module OculusInput (120)
[2016.08.11-22.25.18:930][414]LogModuleManager: Shutting down and abandoning module CustomMeshComponent (119)
[2016.08.11-22.25.18:930][414]LogModuleManager: Shutting down and abandoning module CableComponent (118)
[2016.08.11-22.25.18:930][414]LogModuleManager: Shutting down and abandoning module ArchVisCharacter (117)
[2016.08.11-22.25.18:930][414]LogModuleManager: Shutting down and abandoning module MediaPlayerEditor (116)
[2016.08.11-22.25.18:947][414]LogModuleManager: Shutting down and abandoning module HTML5Networking (115)
[2016.08.11-22.25.18:947][414]LogModuleManager: Shutting down and abandoning module SpeedTreeImporter (114)
[2016.08.11-22.25.18:947][414]LogModuleManager: Shutting down and abandoning module PluginBrowser (113)
[2016.08.11-22.25.18:955][414]LogModuleManager: Shutting down and abandoning module EpicSurvey (112)
[2016.08.11-22.25.18:961][414]LogModuleManager: Shutting down and abandoning module DesktopPlatform (111)
[2016.08.11-22.25.18:961][414]LogModuleManager: Shutting down and abandoning module VisualStudioSourceCodeAccess (110)
[2016.08.11-22.25.18:961][414]LogModuleManager: Shutting down and abandoning module UObjectPlugin (109)
[2016.08.11-22.25.18:961][414]LogModuleManager: Shutting down and abandoning module SubversionSourceControl (108)
[2016.08.11-22.25.18:961][414]LogModuleManager: Shutting down and abandoning module PerforceSourceControl (107)
[2016.08.11-22.25.18:962][414]LogModuleManager: Shutting down and abandoning module SourceControl (106)
[2016.08.11-22.25.18:962][414]LogModuleManager: Shutting down and abandoning module GitSourceControl (105)
[2016.08.11-22.25.18:962][414]LogModuleManager: Shutting down and abandoning module LightPropagationVolumeEditor (104)
[2016.08.11-22.25.18:962][414]LogModuleManager: Shutting down and abandoning module PaperTiledImporter (103)
[2016.08.11-22.25.18:962][414]LogModuleManager: Shutting down and abandoning module PaperSpriteSheetImporter (102)
[2016.08.11-22.25.18:962][414]LogModuleManager: Shutting down and abandoning module MeshPaint (101)
[2016.08.11-22.25.18:962][414]LogModuleManager: Shutting down and abandoning module HotReload (100)
[2016.08.11-22.25.18:969][414]LogModuleManager: Shutting down and abandoning module MainFrame (99)
[2016.08.11-22.25.18:969][414]LogModuleManager: Shutting down and abandoning module LevelEditor (98)
[2016.08.11-22.25.18:970][414]LogModuleManager: Shutting down and abandoning module DirectoryWatcher (97)
[2016.08.11-22.25.18:971][414]LogModuleManager: Shutting down and abandoning module AssetRegistry (96)
[2016.08.11-22.25.19:233][414]LogModuleManager: Shutting down and abandoning module ContentBrowser (95)
[2016.08.11-22.25.19:235][414]LogModuleManager: Shutting down and abandoning module Paper2DEditor (94)
[2016.08.11-22.25.19:235][414]LogModuleManager: Shutting down and abandoning module UdpMessaging (93)
[2016.08.11-22.25.19:336][414]LogModuleManager: Shutting down and abandoning module SubstanceCore (92)
[2016.08.11-22.25.19:365][414]LogModuleManager: Shutting down and abandoning module LightPropagationVolumeRuntime (91)
[2016.08.11-22.25.19:365][414]LogModuleManager: Shutting down and abandoning module Paper2D (90)
[2016.08.11-22.25.19:365][414]LogModuleManager: Shutting down and abandoning module WindowsMoviePlayer (89)
[2016.08.11-22.25.19:365][414]LogModuleManager: Shutting down and abandoning module Media (88)
[2016.08.11-22.25.19:365][414]LogModuleManager: Shutting down and abandoning module WmfMedia (87)
[2016.08.11-22.25.19:375][414]LogModuleManager: Shutting down and abandoning module MediaAssets (86)
[2016.08.11-22.25.19:375][414]LogModuleManager: Shutting down and abandoning module GameLiveStreaming (85)
[2016.08.11-22.25.19:375][414]LogModuleManager: Shutting down and abandoning module GameplayTagsEditor (84)
[2016.08.11-22.25.19:375][414]LogModuleManager: Shutting down and abandoning module OnlineBlueprintSupport (83)
[2016.08.11-22.25.19:375][414]LogModuleManager: Shutting down and abandoning module GameplayTasksEditor (82)
[2016.08.11-22.25.19:375][414]LogModuleManager: Shutting down and abandoning module PropertyEditor (81)
[2016.08.11-22.25.19:375][414]LogModuleManager: Shutting down and abandoning module BehaviorTreeEditor (80)
[2016.08.11-22.25.19:388][414]LogModuleManager: Shutting down and abandoning module FunctionalTesting (79)
[2016.08.11-22.25.19:388][414]LogModuleManager: Shutting down and abandoning module CollisionAnalyzer (78)
[2016.08.11-22.25.19:394][414]LogModuleManager: Shutting down and abandoning module WorkspaceMenuStructure (77)
[2016.08.11-22.25.19:394][414]LogModuleManager: Shutting down and abandoning module MessageLog (76)
[2016.08.11-22.25.19:394][414]LogModuleManager: Shutting down and abandoning module Sequencer (75)
[2016.08.11-22.25.19:412][414]LogModuleManager: Shutting down and abandoning module AssetTools (74)
[2016.08.11-22.25.19:419][414]LogModuleManager: Shutting down and abandoning module UMGEditor (73)
[2016.08.11-22.25.19:437][414]LogModuleManager: Shutting down and abandoning module UMG (72)
[2016.08.11-22.25.19:446][414]LogModuleManager: Shutting down and abandoning module SlateReflector (71)
[2016.08.11-22.25.19:525][414]LogModuleManager: Shutting down and abandoning module Slate (70)
[2016.08.11-22.25.19:525][414]LogModuleManager: Shutting down and abandoning module EditorStyle (69)
[2016.08.11-22.25.19:527][414]LogModuleManager: Shutting down and abandoning module SessionServices (68)
[2016.08.11-22.25.19:527][414]LogModuleManager: Shutting down and abandoning module SourceCodeAccess (67)
[2016.08.11-22.25.19:527][414]LogModuleManager: Shutting down and abandoning module HeadMountedDisplay (66)
[2016.08.11-22.25.19:527][414]LogModuleManager: Shutting down and abandoning module XAudio2 (65)
[2016.08.11-22.25.19:527][414]LogModuleManager: Shutting down and abandoning module Networking (63)
[2016.08.11-22.25.19:527][414]LogModuleManager: Shutting down and abandoning module Core (62)
[2016.08.11-22.25.19:527][414]LogModuleManager: Shutting down and abandoning module KismetCompiler (61)
[2016.08.11-22.25.19:527][414]LogModuleManager: Shutting down and abandoning module PhysXFormats (60)
[2016.08.11-22.25.19:527][414]LogModuleManager: Shutting down and abandoning module MeshUtilities (59)
[2016.08.11-22.25.19:527][414]LogModuleManager: Shutting down and abandoning module CookingStats (58)
[2016.08.11-22.25.19:527][414]LogModuleManager: Shutting down and abandoning module DerivedDataCache (57)
[2016.08.11-22.25.19:527][414]LogDerivedDataCache: Shutdown
[2016.08.11-22.25.19:527][414]LogModuleManager: Shutting down and abandoning module ShaderFormatOpenGL (56)
[2016.08.11-22.25.19:538][414]LogModuleManager: Shutting down and abandoning module ShaderFormatD3D (55)
[2016.08.11-22.25.19:539][414]LogModuleManager: Shutting down and abandoning module MetalShaderFormat (54)
[2016.08.11-22.25.19:539][414]LogModuleManager: Shutting down and abandoning module TextureFormatUncompressed (53)
[2016.08.11-22.25.19:539][414]LogModuleManager: Shutting down and abandoning module TextureFormatPVR (52)
[2016.08.11-22.25.19:539][414]LogModuleManager: Shutting down and abandoning module TextureFormatIntelISPCTexComp (51)
[2016.08.11-22.25.19:539][414]LogModuleManager: Shutting down and abandoning module TextureFormatDXT (50)
[2016.08.11-22.25.19:539][414]LogModuleManager: Shutting down and abandoning module ImageWrapper (49)
[2016.08.11-22.25.19:539][414]LogModuleManager: Shutting down and abandoning module TextureFormatASTC (48)
[2016.08.11-22.25.19:539][414]LogModuleManager: Shutting down and abandoning module TextureFormatAndroid (47)
[2016.08.11-22.25.19:539][414]LogModuleManager: Shutting down and abandoning module AudioFormatOpus (46)
[2016.08.11-22.25.19:543][414]LogModuleManager: Shutting down and abandoning module AudioFormatOgg (45)
[2016.08.11-22.25.19:543][414]LogModuleManager: Shutting down and abandoning module AudioFormatADPCM (44)
[2016.08.11-22.25.19:543][414]LogModuleManager: Shutting down and abandoning module LinuxTargetPlatform (43)
[2016.08.11-22.25.19:543][414]LogModuleManager: Shutting down and abandoning module LinuxServerTargetPlatform (42)
[2016.08.11-22.25.19:543][414]LogModuleManager: Shutting down and abandoning module LinuxNoEditorTargetPlatform (41)
[2016.08.11-22.25.19:543][414]LogModuleManager: Shutting down and abandoning module TVOSTargetPlatform (40)
[2016.08.11-22.25.19:543][414]LogModuleManager: Shutting down and abandoning module Messaging (39)
[2016.08.11-22.25.19:543][414]LogModuleManager: Shutting down and abandoning module IOSTargetPlatform (38)
[2016.08.11-22.25.19:543][414]LogModuleManager: Shutting down and abandoning module HTML5TargetPlatform (37)
[2016.08.11-22.25.19:543][414]LogModuleManager: Shutting down and abandoning module Android_PVRTCTargetPlatform (36)
[2016.08.11-22.25.19:543][414]LogModuleManager: Shutting down and abandoning module Android_MultiTargetPlatform (35)
[2016.08.11-22.25.19:554][414]LogModuleManager: Shutting down and abandoning module Android_ETC2TargetPlatform (34)
[2016.08.11-22.25.19:554][414]LogModuleManager: Shutting down and abandoning module Android_ETC1TargetPlatform (33)
[2016.08.11-22.25.19:554][414]LogModuleManager: Shutting down and abandoning module Android_DXTTargetPlatform (32)
[2016.08.11-22.25.19:554][414]LogModuleManager: Shutting down and abandoning module Android_ATCTargetPlatform (31)
[2016.08.11-22.25.19:554][414]LogModuleManager: Shutting down and abandoning module Android_ASTCTargetPlatform (30)
[2016.08.11-22.25.19:555][414]LogModuleManager: Shutting down and abandoning module AndroidTargetPlatform (29)
[2016.08.11-22.25.19:555][414]LogModuleManager: Shutting down and abandoning module WindowsTargetPlatform (28)
[2016.08.11-22.25.19:555][414]LogModuleManager: Shutting down and abandoning module WindowsServerTargetPlatform (27)
[2016.08.11-22.25.19:555][414]LogModuleManager: Shutting down and abandoning module WindowsNoEditorTargetPlatform (26)
[2016.08.11-22.25.19:555][414]LogModuleManager: Shutting down and abandoning module WindowsClientTargetPlatform (25)
[2016.08.11-22.25.19:555][414]LogModuleManager: Shutting down and abandoning module AllDesktopTargetPlatform (24)
[2016.08.11-22.25.19:555][414]LogModuleManager: Shutting down and abandoning module TargetPlatform (23)
[2016.08.11-22.25.19:555][414]LogModuleManager: Shutting down and abandoning module InputCore (22)
[2016.08.11-22.25.19:555][414]LogModuleManager: Shutting down and abandoning module Settings (21)
[2016.08.11-22.25.19:555][414]LogModuleManager: Shutting down and abandoning module OnlineSubsystem (19)
[2016.08.11-22.25.19:555][414]LogModuleManager: Shutting down and abandoning module HTTP (18)
[2016.08.11-22.25.21:559][414]LogModuleManager: Shutting down and abandoning module XMPP (17)
[2016.08.11-22.25.21:594][414]LogModuleManager: Shutting down and abandoning module OculusRift (16)
[2016.08.11-22.25.21:638][414]LogModuleManager: Shutting down and abandoning module ExampleDeviceProfileSelector (15)
[2016.08.11-22.25.21:638][414]LogModuleManager: Shutting down and abandoning module TextureCompressor (14)
[2016.08.11-22.25.21:638][414]LogModuleManager: Shutting down and abandoning module ShaderCore (13)
[2016.08.11-22.25.21:638][414]LogModuleManager: Shutting down and abandoning module Landscape (12)
[2016.08.11-22.25.21:638][414]LogModuleManager: Shutting down and abandoning module SlateRHIRenderer (11)
[2016.08.11-22.25.21:814][414]LogModuleManager: Shutting down and abandoning module OpenGLDrv (10)
[2016.08.11-22.25.22:143][414]LogModuleManager: Shutting down and abandoning module D3D11RHI (9)
[2016.08.11-22.25.22:143][414]LogModuleManager: Shutting down and abandoning module AnimGraphRuntime (8)
[2016.08.11-22.25.22:171][414]LogModuleManager: Shutting down and abandoning module Renderer (7)
[2016.08.11-22.25.22:171][414]LogModuleManager: Shutting down and abandoning module Engine (6)
[2016.08.11-22.25.22:171][414]LogModuleManager: Shutting down and abandoning module CoreUObject (5)
[2016.08.11-22.25.22:171][414]LogModuleManager: Shutting down and abandoning module NetworkFile (4)
[2016.08.11-22.25.22:204][414]LogModuleManager: Shutting down and abandoning module StreamingFile (3)
[2016.08.11-22.25.22:204][414]LogModuleManager: Shutting down and abandoning module SandboxFile (2)
[2016.08.11-22.25.22:204][414]LogModuleManager: Shutting down and abandoning module PakFile (1)
[2016.08.11-22.25.22:244][414]LogExit: Exiting.
[2016.08.11-22.25.22:275][414]Log file closed, 08/11/16 17:25:22
