Log file open, 08/22/16 17:12:57
LogInit:Display: Running engine for game: FlexProject
LogPlatformFile: Not using cached read wrapper
LogInit:Display: RandInit(685285036) SRandInit(685285037).
LogInit: Using version manifest at CL 0 with build ID '7c48e37e-af59-471d-a33a-e5509b5ef975'
LogTaskGraph: Started task graph with 4 named threads and 7 total threads with 1 sets of task threads.
LogStats: Stats thread started at 0.075126
LogInit: Version: 4.12.4-0+UE4
LogInit: API Version: 0
LogInit: Net Version: 0
LogDevObjectVersion: Number of dev versions registered: 13
LogDevObjectVersion:   Dev-Blueprints (B0D832E4-1F89-4F0D-ACCF-7EB736FD4AA2): 3
LogDevObjectVersion:   Dev-Build (E1C64328-A22C-4D53-A36C-8E866417BD8C): 0
LogDevObjectVersion:   Dev-Core (375EC13C-06E4-48FB-B500-84F0262A717E): 1
LogDevObjectVersion:   Dev-Editor (E4B068ED-F494-42E9-A231-DA0B2E46BB41): 2
LogDevObjectVersion:   Dev-Framework (CFFC743F-43B0-4480-9391-14DF171D2073): 6
LogDevObjectVersion:   Dev-Mobile (B02B49B5-BB20-44E9-A304-32B752E40360): 0
LogDevObjectVersion:   Dev-Networking (A4E4105C-59A1-49B5-A7C5-40C4547EDFEE): 0
LogDevObjectVersion:   Dev-Online (39C831C9-5AE6-47DC-9A44-9C173E1C8E7C): 0
LogDevObjectVersion:   Dev-Physics (78F01B33-EBEA-4F98-B9B4-84EACCB95AA2): 0
LogDevObjectVersion:   Dev-Platform (6631380F-2D4D-43E0-8009-CF276956A95A): 0
LogDevObjectVersion:   Dev-Rendering (12F88B9F-8875-4AFC-A67C-D90C383ABD29): 2
LogDevObjectVersion:   Dev-Sequencer (7B5AE74C-D270-4C10-A958-57980B212A5A): 0
LogDevObjectVersion:   Dev-VR (D7296918-1DD6-4BDD-9DE2-64A83CC13884): 0
LogInit: Compiled (64-bit): Aug  3 2016 13:12:31
LogInit: Compiled with Visual C++: 19.00.23506.00
LogInit: Build Configuration: Development
LogInit: Branch Name: UE4
LogInit: Command line:  
LogInit: Base directory: D:/UnrealEngine-FleX/UnrealEngine-FleX/Engine/Binaries/Win64/
LogInit: Installed Engine Build: 0
LogInit: Using libcurl 7.41.0
LogInit:  - built for x86_64-pc-win32
LogInit:  - supports SSL with WinSSL
LogInit:  - other features:
LogInit:      CURL_VERSION_SSL
LogInit:      CURL_VERSION_IPV6
LogInit:      CURL_VERSION_ASYNCHDNS
LogInit:      CURL_VERSION_LARGEFILE
LogInit:      CURL_VERSION_IDN
LogInit:  CurlRequestOptions (configurable via config and command line):
LogInit:  - bVerifyPeer = true  - Libcurl will verify peer certificate
LogInit:  - bUseHttpProxy = false  - Libcurl will NOT use HTTP proxy
LogInit:  - bDontReuseConnections = false  - Libcurl will reuse connections
LogInit:  - CertBundlePath = nullptr  - Libcurl will use whatever was configured at build time.
LogInit: Presizing for max 8388607 objects, including 0 objects not considered by GC, pre-allocating 0 bytes for permanent pool.
LogInit: Object subsystem initialized
[2016.08.22-22.12.57:705][  0]LogInit: Selected Device Profile: [Windows]
[2016.08.22-22.12.57:705][  0]LogInit: Applying CVar settings loaded from the selected device profile: [Windows]
[2016.08.22-22.12.57:714][  0]LogInit: Computer: DESKTOP-LAGTANL
[2016.08.22-22.12.57:714][  0]LogInit: User: emman
[2016.08.22-22.12.57:714][  0]LogInit: CPU Page size=65536, Cores=4
[2016.08.22-22.12.57:714][  0]LogInit: High frequency timer resolution =2.531248 MHz
[2016.08.22-22.12.57:715][  0]LogMemory: Memory total: Physical=15.9GB (16GB approx)
[2016.08.22-22.12.57:715][  0]LogMemory: Platform Memory Stats for Windows
[2016.08.22-22.12.57:715][  0]LogMemory: Process Physical Memory: 190.82 MB used, 190.82 MB peak
[2016.08.22-22.12.57:715][  0]LogMemory: Process Virtual Memory: 195.39 MB used, 195.39 MB peak
[2016.08.22-22.12.57:715][  0]LogMemory: Physical Memory: 5099.80 MB used, 16282.52 MB total
[2016.08.22-22.12.57:715][  0]LogMemory: Virtual Memory: 553.54 MB used, 134217728.00 MB total
[2016.08.22-22.12.58:237][  0]LogTextLocalizationManager: No specific translations for ('en-US') exist, so ('en') translations will be used.
[2016.08.22-22.12.58:651][  0]LogD3D11RHI: D3D11 adapters:
[2016.08.22-22.12.58:681][  0]LogD3D11RHI:    0. 'NVIDIA GeForce GTX 960M' (Feature Level 11_0)
[2016.08.22-22.12.58:681][  0]LogD3D11RHI:       2018/0/8141 MB DedicatedVideo/DedicatedSystem/SharedSystem, Outputs:1, VendorId:0x10de
[2016.08.22-22.12.58:688][  0]LogD3D11RHI:    1. 'Intel(R) HD Graphics 530' (Feature Level 11_0)
[2016.08.22-22.12.58:688][  0]LogD3D11RHI:       128/0/8141 MB DedicatedVideo/DedicatedSystem/SharedSystem, Outputs:0, VendorId:0x8086
[2016.08.22-22.12.58:690][  0]LogD3D11RHI:    2. 'Microsoft Basic Render Driver' (Feature Level 11_0)
[2016.08.22-22.12.58:690][  0]LogD3D11RHI:       0/0/8141 MB DedicatedVideo/DedicatedSystem/SharedSystem, Outputs:0, VendorId:0x1414
[2016.08.22-22.12.58:690][  0]LogD3D11RHI: Chosen D3D11 Adapter: 0
[2016.08.22-22.12.58:697][  0]LogD3D11RHI: Creating new Direct3DDevice
[2016.08.22-22.12.58:697][  0]LogD3D11RHI:     GPU DeviceId: 0x139b (for the marketing name, search the web for "GPU Device Id")
[2016.08.22-22.12.58:697][  0]LogWindows: EnumDisplayDevices:
[2016.08.22-22.12.58:697][  0]LogWindows:    0. 'Intel(R) HD Graphics 530' (P:1 D:1)
[2016.08.22-22.12.58:697][  0]LogWindows:    1. 'Intel(R) HD Graphics 530' (P:0 D:0)
[2016.08.22-22.12.58:697][  0]LogWindows:    2. 'Intel(R) HD Graphics 530' (P:0 D:0)
[2016.08.22-22.12.58:697][  0]LogWindows: DebugString: PrimaryIsNotTheChoosenAdapter PrimaryIsNotTheChoosenAdapter PrimaryIsNotTheChoosenAdapter FoundDriverCount:0 
[2016.08.22-22.12.58:697][  0]LogD3D11RHI:     Adapter Name: NVIDIA GeForce GTX 960M
[2016.08.22-22.12.58:697][  0]LogD3D11RHI:   Driver Version: Unknown (internal:Unknown, unified:Unknown)
[2016.08.22-22.12.58:697][  0]LogD3D11RHI:      Driver Date: Unknown
[2016.08.22-22.12.58:697][  0]LogRHI: Texture pool is 1361 MB (70% of 1945 MB)
[2016.08.22-22.12.58:714][  0]LogD3D11RHI: Async texture creation enabled
[2016.08.22-22.12.58:724][  0]LogD3D11RHI: GPU Timing Frequency: 1000.000000 (Debug: 2 1)
[2016.08.22-22.12.58:725][  0]LogShaderCompilers: Guid format shader working directory is 26 characters bigger than the processId version (../../../FlexProject/Intermediate/Shaders/WorkingDirectory/8912/).
[2016.08.22-22.12.58:725][  0]LogShaderCompilers: Cleaned the shader compiler working directory 'C:/Users/emman/AppData/Local/Temp/UnrealShaderWorkingDir/226679EE4FF4F3B20E4AB495235B7F5F/'.
[2016.08.22-22.12.58:725][  0]LogShaderCompilers:Display: Using Local Shader Compiler.
[2016.08.22-22.12.59:550][  0]LogTemp:Display: Loaded TP WindowsTargetPlatform
[2016.08.22-22.12.59:556][  0]LogTemp:Display: Loaded TP WindowsNoEditorTargetPlatform
[2016.08.22-22.12.59:564][  0]LogTemp:Display: Loaded TP WindowsServerTargetPlatform
[2016.08.22-22.12.59:571][  0]LogTemp:Display: Loaded TP WindowsClientTargetPlatform
[2016.08.22-22.12.59:578][  0]LogTemp:Display: Loaded TP AllDesktopTargetPlatform
[2016.08.22-22.12.59:586][  0]LogTemp:Display: Loaded TP AndroidTargetPlatform
[2016.08.22-22.12.59:593][  0]LogTemp:Display: Loaded TP Android_PVRTCTargetPlatform
[2016.08.22-22.12.59:600][  0]LogTemp:Display: Loaded TP Android_ATCTargetPlatform
[2016.08.22-22.12.59:606][  0]LogTemp:Display: Loaded TP Android_DXTTargetPlatform
[2016.08.22-22.12.59:613][  0]LogTemp:Display: Loaded TP Android_ETC1TargetPlatform
[2016.08.22-22.12.59:620][  0]LogTemp:Display: Loaded TP Android_ETC2TargetPlatform
[2016.08.22-22.12.59:628][  0]LogTemp:Display: Loaded TP Android_ASTCTargetPlatform
[2016.08.22-22.12.59:635][  0]LogTemp:Display: Loaded TP Android_MultiTargetPlatform
[2016.08.22-22.12.59:636][  0]LogTemp:Display: Loaded TP HTML5TargetPlatform
[2016.08.22-22.12.59:657][  0]LogTemp:Display: Loaded TP IOSTargetPlatform
[2016.08.22-22.12.59:665][  0]LogTemp:Display: Loaded TP TVOSTargetPlatform
[2016.08.22-22.12.59:665][  0]LogTargetPlatformManager:Display: Building Assets For Windows
[2016.08.22-22.12.59:735][  0]LogDerivedDataCache:Display: Max Cache Size: 512 MB
[2016.08.22-22.12.59:795][  0]LogDerivedDataCache: Loaded boot cache 0.06s 54MB ../../../FlexProject/DerivedDataCache/Boot.ddc.
[2016.08.22-22.12.59:795][  0]LogDerivedDataCache:Display: Loaded Boot cache: ../../../FlexProject/DerivedDataCache/Boot.ddc
[2016.08.22-22.12.59:796][  0]LogDerivedDataCache: FDerivedDataBackendGraph:  Pak pak cache file ../../../FlexProject/DerivedDataCache/DDC.ddp not found, will not use a pak cache.
[2016.08.22-22.12.59:796][  0]LogDerivedDataCache: Unable to find inner node Pak for hierarchical cache Hierarchy.
[2016.08.22-22.12.59:796][  0]LogDerivedDataCache: FDerivedDataBackendGraph:  EnginePak pak cache file ../../../Engine/DerivedDataCache/DDC.ddp not found, will not use a pak cache.
[2016.08.22-22.12.59:796][  0]LogDerivedDataCache: Unable to find inner node EnginePak for hierarchical cache Hierarchy.
[2016.08.22-22.12.59:810][  0]LogDerivedDataCache: Using Local data cache path ../../../Engine/DerivedDataCache: Writable
[2016.08.22-22.12.59:810][  0]LogDerivedDataCache: Shared data cache path not found in *engine.ini, will not use an Shared cache.
[2016.08.22-22.12.59:810][  0]LogDerivedDataCache: Unable to find inner node Shared for hierarchical cache Hierarchy.
[2016.08.22-22.12.59:994][  0]LogInit: Selected Device Profile: [Windows]
[2016.08.22-22.12.59:995][  0]LogContentStreaming: Texture pool size is 0.00 MB
[2016.08.22-22.13.00:176][  0]LogMeshUtilities: No automatic mesh reduction module available
[2016.08.22-22.13.00:176][  0]LogMeshUtilities: No automatic mesh merging module available
[2016.08.22-22.13.00:176][  0]LogMeshUtilities: No distributed automatic mesh merging module available
[2016.08.22-22.13.00:434][  0]LogAssetRegistry: FAssetRegistry took 0.0217 seconds to start up
[2016.08.22-22.13.00:466][  0]LogPackageLocalizationCache: Processed 3 localized package path(s) for 2 prioritized culture(s) in 0.030606 seconds
[2016.08.22-22.13.00:470][  0]LogUObjectArray: 28946 objects as part of root set at end of initial load.
[2016.08.22-22.13.00:470][  0]LogUObjectAllocator: 5899888 out of 0 bytes used by permanent object pool.
[2016.08.22-22.13.00:470][  0]LogUObjectArray: CloseDisregardForGC: 0/0 objects in disregard for GC pool
[2016.08.22-22.13.00:475][  0]LogInit: WinSock: version 1.1 (2.2), MaxSocks=32767, MaxUdp=65467
[2016.08.22-22.13.00:640][  0]LogSlate: SlateFontCache - WITH_FREETYPE: 1, WITH_HARFBUZZ: 1
[2016.08.22-22.13.00:640][  0]LogSlate: SlateFontCache - WITH_FREETYPE: 1, WITH_HARFBUZZ: 1
[2016.08.22-22.13.01:249][  0]LogUdpMessaging: Initializing bridge on interface 0.0.0.0:0 to multicast group 230.0.0.1:6666.
[2016.08.22-22.13.01:477][  0]SourceControl: Info Source control is disabled
[2016.08.22-22.13.01:495][  0]SourceControl: Info Source control is disabled
[2016.08.22-22.13.01:503][  0]SourceControl: Info Source control is disabled
[2016.08.22-22.13.01:512][  0]SourceControl: Info Source control is disabled
[2016.08.22-22.13.02:246][  0]LogEngine: Initializing Engine...
[2016.08.22-22.13.02:267][  0]LogHMD: SteamVR failed to initialize.  Err: 110
[2016.08.22-22.13.02:284][  0]LogHMD: SteamVR failed to initialize.  Err: 110
[2016.08.22-22.13.02:968][  0]LogAIModule: Creating AISystem for world NewWorld
[2016.08.22-22.13.03:066][  0]LogInit: XAudio2 using 'Speakers (Conexant SmartAudio HD)' : 2 channels at 48 kHz using 32 bits per sample (channel mask 0x3)
[2016.08.22-22.13.03:104][  0]LogInit: FAudioDevice initialized.
[2016.08.22-22.13.03:135][  0]LogDerivedDataCache: Saved boot cache 0.03s 54MB ../../../FlexProject/DerivedDataCache/Boot.ddc.
[2016.08.22-22.13.03:140][  0]LogInit: Texture streaming: Enabled
[2016.08.22-22.13.03:365][  0]LogInit: Transaction tracking system initialized
[2016.08.22-22.13.03:706][  0]BlueprintLog: New page: Editor Load
[2016.08.22-22.13.04:870][  0]LocalizationService: Info Localization service is disabled
[2016.08.22-22.13.05:937][  0]LogConsoleResponse:Display: 
[2016.08.22-22.13.07:716][  0]LogFileCache: Scanning file cache for directory 'D:/UnrealEngine-FleX/UnrealEngine-FleX/FlexProject/Content/' took 0.03s
[2016.08.22-22.13.07:716][  0]LogCook:Display: Max memory allowance for cook 8192mb
[2016.08.22-22.13.07:716][  0]LogCook:Display: Mobile HDR setting 1
[2016.08.22-22.13.09:364][  0]SourceControl: Info Source control is disabled
[2016.08.22-22.13.09:420][  0]Cmd: MAP LOAD FILE="../../../FlexProject/Content/Maps/flexSoftTestMap.umap" TEMPLATE=0 SHOWPROGRESS=1 FEATURELEVEL=3
[2016.08.22-22.13.09:435][  0]LightingResults: New page: Lighting Build
[2016.08.22-22.13.09:491][  0]MapCheck: New page: Map Check
[2016.08.22-22.13.09:491][  0]LightingResults: New page: Lighting Build
[2016.08.22-22.13.11:628][  0]LogAIModule: Creating AISystem for world flexSoftTestMap
[2016.08.22-22.13.12:227][  0]LogEditorServer: Finished looking for orphan Actors (0.009 secs)
[2016.08.22-22.13.12:265][  0]Cmd: MAP CHECKDEP NOCLEARLOG
[2016.08.22-22.13.12:309][  0]MapCheck: Info Map check complete: 0 Error(s), 0 Warning(s), took 44.23ms to complete.
[2016.08.22-22.13.12:309][  0]LogFileHelpers: Loading map 'flexSoftTestMap' took 2.927
[2016.08.22-22.13.13:214][  0]LogCollectionManager: Loaded 0 collections in 0.004888 seconds
[2016.08.22-22.13.13:364][  0]LogFileCache: Scanning file cache for directory 'D:/UnrealEngine-FleX/UnrealEngine-FleX/FlexProject/Saved/Collections/' took 0.01s
[2016.08.22-22.13.13:364][  0]LogFileCache: Scanning file cache for directory 'D:/UnrealEngine-FleX/UnrealEngine-FleX/FlexProject/Content/Developers/emman/Collections/' took 0.01s
[2016.08.22-22.13.13:364][  0]LogFileCache: Scanning file cache for directory 'D:/UnrealEngine-FleX/UnrealEngine-FleX/FlexProject/Content/Collections/' took 0.01s
[2016.08.22-22.13.13:364][  0]LogCollectionManager: Rebuilt the GUID cache for 0 collections in 0.000018 seconds
[2016.08.22-22.13.13:382][  0]LogContentBrowser: Native class hierarchy populated in 0.0178 seconds. Added 2065 classes and 368 folders.
[2016.08.22-22.13.13:436][  0]LogStats: UGameplayTagsManager::ConstructGameplayTagTree: Construct from data asset -  0.000 s
[2016.08.22-22.13.13:437][  0]LogStats: UGameplayTagsManager::ConstructGameplayTagTree: GameplayTagTreeChangedEvent.Broadcast -  0.000 s
[2016.08.22-22.13.13:437][  0]LogContentBrowser: Native class hierarchy updated for 'GameplayTags' in 0.0005 seconds. Added 12 classes and 0 folders.
[2016.08.22-22.13.13:471][  0]LogContentBrowser: Native class hierarchy updated for 'WidgetCarousel' in 0.0003 seconds. Added 0 classes and 0 folders.
[2016.08.22-22.13.14:137][  0]LogContentBrowser: Native class hierarchy updated for 'AddContentDialog' in 0.0003 seconds. Added 0 classes and 0 folders.
[2016.08.22-22.13.14:206][  0]LogContentBrowser: Native class hierarchy updated for 'SceneOutliner' in 0.0004 seconds. Added 1 classes and 2 folders.
[2016.08.22-22.13.15:063][  0]LogCrashTracker: Crashtracker disabled due to settings.
[2016.08.22-22.13.15:205][  0]LogUObjectGlobals:Warning: Failed to find object 'Class None.'
[2016.08.22-22.13.15:393][  0]LogContentBrowser: Native class hierarchy updated for 'HierarchicalLODOutliner' in 0.0006 seconds. Added 1 classes and 2 folders.
[2016.08.22-22.13.15:394][  0]LogLoad: Full Startup: 18.38 seconds (BP compile: 0.12 seconds)
[2016.08.22-22.13.15:394][  0]LogExternalProfiler: No external profilers were discovered.  External profiling features will not be available.
[2016.08.22-22.13.15:418][  0]LogWindowsTextInputMethodSystem:Display: IME system now deactivated.
[2016.08.22-22.13.15:419][  0]LogOcInput: OculusInput pre-init called
[2016.08.22-22.13.15:642][  0]LogContentStreaming: Texture pool size now 200 MB
[2016.08.22-22.13.16:713][  0]LogRenderer: Reallocating scene render targets to support 888x436 (Frame:2).
[2016.08.22-22.13.17:010][  2]LogAssetRegistry: Asset discovery search completed in 16.5983 seconds
[2016.08.22-22.13.17:010][  2]LogCollectionManager: Rebuilt the object cache for 0 collections in 0.000000 seconds (found 0 objects)
[2016.08.22-22.13.17:014][  2]LogCollectionManager: Fixed up redirectors for 0 collections in 0.004319 seconds (updated 0 objects)
[2016.08.22-22.13.44:052][ 57]Running D:/UnrealEngine-FleX/UnrealEngine-FleX/Engine/Binaries/DotNET/UnrealBuildTool.exe  -projectfiles -progress
[2016.08.22-22.13.51:285][ 57]Messages while compiling D:\UnrealEngine-FleX\UnrealEngine-FleX\Engine\Intermediate\Build\BuildRules\UE4Rules.dll:
[2016.08.22-22.13.51:385][ 57]d:\UnrealEngine-FleX\UnrealEngine-FleX\Engine\Plugins\Experimental\Wiimote\Source\Wiimote\Wiimote.Build.cs(11,48) : error CS0619: 'UnrealBuildTool.RulesCompiler.GetModuleFilename(string)' is obsolete: 'GetModuleFilename is deprecated, use the ModuleDirectory property on any ModuleRules instead to get a path to your module.'
[2016.08.22-22.13.51:385][ 57]UnrealBuildTool Exception: ERROR: UnrealBuildTool encountered an error while compiling source files
[2016.08.22-22.15.39:853][ 61]LogWindowsTextInputMethodSystem:Display: IME system now deactivated.
[2016.08.22-22.15.40:169][ 62]Cmd: QUIT_EDITOR
[2016.08.22-22.15.40:300][ 62]LogExit: Preparing to exit.
[2016.08.22-22.15.41:462][ 62]LogExit: Editor shut down
[2016.08.22-22.15.41:462][ 62]LogExit: Transaction tracking system shut down
[2016.08.22-22.15.41:573][ 62]LogObj: Freed 0b from 0 cluster array pools.
[2016.08.22-22.15.41:574][ 62]LogExit: Object subsystem successfully closed.
[2016.08.22-22.15.41:778][ 62]LogD3D11RHI: Shutdown
[2016.08.22-22.15.41:778][ 62]LogD3D11RHI: CleanupD3DDevice
[2016.08.22-22.15.41:882][ 62]LogD3D11RHI: ~FD3D11DynamicRHI
[2016.08.22-22.15.41:983][ 62]LogModuleManager: Shutting down and abandoning module HierarchicalLODOutliner (208)
[2016.08.22-22.15.41:988][ 62]LogModuleManager: Shutting down and abandoning module CrashTracker (207)
[2016.08.22-22.15.41:988][ 62]LogModuleManager: Shutting down and abandoning module SceneOutliner (206)
[2016.08.22-22.15.41:988][ 62]LogModuleManager: Shutting down and abandoning module WidgetCarousel (205)
[2016.08.22-22.15.41:988][ 62]LogModuleManager: Shutting down and abandoning module AddContentDialog (204)
[2016.08.22-22.15.41:989][ 62]LogModuleManager: Shutting down and abandoning module GameplayTags (203)
[2016.08.22-22.15.41:989][ 62]LogModuleManager: Shutting down and abandoning module EditorWidgets (202)
[2016.08.22-22.15.41:989][ 62]LogModuleManager: Shutting down and abandoning module CollectionManager (201)
[2016.08.22-22.15.41:989][ 62]LogModuleManager: Shutting down and abandoning module StatsViewer (200)
[2016.08.22-22.15.42:000][ 62]LogModuleManager: Shutting down and abandoning module FoliageEdit (199)
[2016.08.22-22.15.42:001][ 62]LogModuleManager: Shutting down and abandoning module LandscapeEditor (198)
[2016.08.22-22.15.42:010][ 62]LogModuleManager: Shutting down and abandoning module SceneDepthPickerMode (197)
[2016.08.22-22.15.42:010][ 62]LogModuleManager: Shutting down and abandoning module ActorPickerMode (196)
[2016.08.22-22.15.42:010][ 62]LogModuleManager: Shutting down and abandoning module GeometryMode (195)
[2016.08.22-22.15.42:010][ 62]LogModuleManager: Shutting down and abandoning module TextureAlignMode (194)
[2016.08.22-22.15.42:010][ 62]LogModuleManager: Shutting down and abandoning module BspMode (193)
[2016.08.22-22.15.42:010][ 62]LogModuleManager: Shutting down and abandoning module HardwareSurvey (192)
[2016.08.22-22.15.42:010][ 62]LogModuleManager: Shutting down and abandoning module SequenceRecorderSections (191)
[2016.08.22-22.15.42:010][ 62]LogModuleManager: Shutting down and abandoning module SequenceRecorder (190)
[2016.08.22-22.15.42:010][ 62]LogModuleManager: Shutting down and abandoning module AutomationWorker (189)
[2016.08.22-22.15.42:010][ 62]LogModuleManager: Shutting down and abandoning module MatineeToLevelSequence (188)
[2016.08.22-22.15.42:010][ 62]LogModuleManager: Shutting down and abandoning module PlacementMode (187)
[2016.08.22-22.15.42:017][ 62]LogModuleManager: Shutting down and abandoning module LevelSequenceEditor (186)
[2016.08.22-22.15.42:017][ 62]LogModuleManager: Shutting down and abandoning module CharacterAI (185)
[2016.08.22-22.15.42:017][ 62]LogModuleManager: Shutting down and abandoning module SmartSnapping (184)
[2016.08.22-22.15.42:017][ 62]LogModuleManager: Shutting down and abandoning module SessionServices (183)
[2016.08.22-22.15.42:017][ 62]LogModuleManager: Shutting down and abandoning module ViewportSnapping (182)
[2016.08.22-22.15.42:017][ 62]LogModuleManager: Shutting down and abandoning module LogVisualizer (181)
[2016.08.22-22.15.42:017][ 62]LogModuleManager: Shutting down and abandoning module GameProjectGeneration (180)
[2016.08.22-22.15.42:017][ 62]LogModuleManager: Shutting down and abandoning module IntroTutorials (179)
[2016.08.22-22.15.42:017][ 62]LogModuleManager: Shutting down and abandoning module EditorLiveStreaming (178)
[2016.08.22-22.15.42:017][ 62]LogModuleManager: Shutting down and abandoning module IOSPlatformEditor (177)
[2016.08.22-22.15.42:017][ 62]LogModuleManager: Shutting down and abandoning module HTML5PlatformEditor (176)
[2016.08.22-22.15.42:017][ 62]LogModuleManager: Shutting down and abandoning module AndroidDeviceDetection (175)
[2016.08.22-22.15.42:117][ 62]LogModuleManager: Shutting down and abandoning module AndroidPlatformEditor (174)
[2016.08.22-22.15.42:117][ 62]LogModuleManager: Shutting down and abandoning module IOSRuntimeSettings (173)
[2016.08.22-22.15.42:117][ 62]LogModuleManager: Shutting down and abandoning module AndroidRuntimeSettings (172)
[2016.08.22-22.15.42:117][ 62]LogModuleManager: Shutting down and abandoning module MergeActors (171)
[2016.08.22-22.15.42:136][ 62]LogModuleManager: Shutting down and abandoning module SizeMap (170)
[2016.08.22-22.15.42:136][ 62]LogModuleManager: Shutting down and abandoning module TreeMap (169)
[2016.08.22-22.15.42:136][ 62]LogModuleManager: Shutting down and abandoning module ReferenceViewer (168)
[2016.08.22-22.15.42:136][ 62]LogModuleManager: Shutting down and abandoning module LocalizationService (167)
[2016.08.22-22.15.42:136][ 62]LogModuleManager: Shutting down and abandoning module LocalizationDashboard (166)
[2016.08.22-22.15.42:144][ 62]LogModuleManager: Shutting down and abandoning module HardwareTargeting (165)
[2016.08.22-22.15.42:144][ 62]LogModuleManager: Shutting down and abandoning module DeviceProfileEditor (164)
[2016.08.22-22.15.42:151][ 62]LogModuleManager: Shutting down and abandoning module UndoHistory (163)
[2016.08.22-22.15.42:151][ 62]LogModuleManager: Shutting down and abandoning module UserFeedback (162)
[2016.08.22-22.15.42:151][ 62]LogModuleManager: Shutting down and abandoning module XmlParser (161)
[2016.08.22-22.15.42:151][ 62]LogModuleManager: Shutting down and abandoning module Blutility (160)
[2016.08.22-22.15.42:151][ 62]LogModuleManager: Shutting down and abandoning module ProjectTargetPlatformEditor (159)
[2016.08.22-22.15.42:151][ 62]LogModuleManager: Shutting down and abandoning module ProjectSettingsViewer (158)
[2016.08.22-22.15.42:151][ 62]LogModuleManager: Shutting down and abandoning module InputBindingEditor (157)
[2016.08.22-22.15.42:151][ 62]LogModuleManager: Shutting down and abandoning module EditorSettingsViewer (156)
[2016.08.22-22.15.42:151][ 62]LogModuleManager: Shutting down and abandoning module SettingsEditor (155)
[2016.08.22-22.15.42:158][ 62]LogModuleManager: Shutting down and abandoning module ProjectLauncher (154)
[2016.08.22-22.15.42:170][ 62]LogModuleManager: Shutting down and abandoning module SessionFrontend (153)
[2016.08.22-22.15.42:175][ 62]LogModuleManager: Shutting down and abandoning module ProfilerClient (152)
[2016.08.22-22.15.42:183][ 62]LogModuleManager: Shutting down and abandoning module TargetDeviceServices (151)
[2016.08.22-22.15.42:183][ 62]LogModuleManager: Shutting down and abandoning module DeviceManager (150)
[2016.08.22-22.15.42:268][ 62]LogModuleManager: Shutting down and abandoning module AutomationController (149)
[2016.08.22-22.15.42:272][ 62]LogModuleManager: Shutting down and abandoning module AutomationWindow (148)
[2016.08.22-22.15.42:281][ 62]LogModuleManager: Shutting down and abandoning module Layers (147)
[2016.08.22-22.15.42:294][ 62]LogModuleManager: Shutting down and abandoning module ComponentVisualizers (146)
[2016.08.22-22.15.42:294][ 62]LogModuleManager: Shutting down and abandoning module DetailCustomizations (145)
[2016.08.22-22.15.42:294][ 62]LogModuleManager: Shutting down and abandoning module PackagesDialog (144)
[2016.08.22-22.15.42:300][ 62]LogModuleManager: Shutting down and abandoning module Persona (143)
[2016.08.22-22.15.42:316][ 62]LogModuleManager: Shutting down and abandoning module Kismet (142)
[2016.08.22-22.15.42:316][ 62]LogModuleManager: Shutting down and abandoning module GraphEditor (141)
[2016.08.22-22.15.42:349][ 62]LogModuleManager: Shutting down and abandoning module ClassViewer (140)
[2016.08.22-22.15.42:350][ 62]LogModuleManager: Shutting down and abandoning module Toolbox (139)
[2016.08.22-22.15.42:350][ 62]LogModuleManager: Shutting down and abandoning module ModuleUI (138)
[2016.08.22-22.15.42:363][ 62]LogModuleManager: Shutting down and abandoning module MovieSceneTools (137)
[2016.08.22-22.15.42:363][ 62]LogModuleManager: Shutting down and abandoning module OutputLog (136)
[2016.08.22-22.15.42:363][ 62]LogModuleManager: Shutting down and abandoning module GammaUI (135)
[2016.08.22-22.15.42:368][ 62]LogModuleManager: Shutting down and abandoning module Documentation (134)
[2016.08.22-22.15.42:368][ 62]LogModuleManager: Shutting down and abandoning module StreamingPauseRendering (133)
[2016.08.22-22.15.42:368][ 62]LogModuleManager: Shutting down and abandoning module AnalyticsET (132)
[2016.08.22-22.15.42:368][ 62]LogModuleManager: Shutting down and abandoning module Analytics (131)
[2016.08.22-22.15.42:368][ 62]LogModuleManager: Shutting down and abandoning module PortalServices (130)
[2016.08.22-22.15.42:368][ 62]LogModuleManager: Shutting down and abandoning module PortalRpc (129)
[2016.08.22-22.15.42:368][ 62]LogModuleManager: Shutting down and abandoning module MessagingRpc (128)
[2016.08.22-22.15.42:368][ 62]LogModuleManager: Shutting down and abandoning module GameplayDebugger (127)
[2016.08.22-22.15.42:368][ 62]LogModuleManager: Shutting down and abandoning module AITestSuite (126)
[2016.08.22-22.15.42:368][ 62]LogModuleManager: Shutting down and abandoning module AIModule (125)
[2016.08.22-22.15.42:368][ 62]LogModuleManager: Shutting down and abandoning module ProfilerService (124)
[2016.08.22-22.15.42:414][ 62]LogModuleManager: Shutting down and abandoning module TaskGraph (123)
[2016.08.22-22.15.42:414][ 62]LogModuleManager: Shutting down and abandoning module SlateRemote (122)
[2016.08.22-22.15.42:415][ 62]LogModuleManager: Shutting down and abandoning module SteamVRController (121)
[2016.08.22-22.15.42:415][ 62]LogModuleManager: Shutting down and abandoning module SteamVR (120)
[2016.08.22-22.15.42:415][ 62]LogModuleManager: Shutting down and abandoning module ProceduralMeshComponent (119)
[2016.08.22-22.15.42:415][ 62]LogModuleManager: Shutting down and abandoning module OculusLibrary (118)
[2016.08.22-22.15.42:415][ 62]LogModuleManager: Shutting down and abandoning module OculusInput (117)
[2016.08.22-22.15.42:415][ 62]LogModuleManager: Shutting down and abandoning module CustomMeshComponent (116)
[2016.08.22-22.15.42:415][ 62]LogModuleManager: Shutting down and abandoning module CableComponent (115)
[2016.08.22-22.15.42:415][ 62]LogModuleManager: Shutting down and abandoning module ArchVisCharacter (114)
[2016.08.22-22.15.42:415][ 62]LogModuleManager: Shutting down and abandoning module MediaPlayerEditor (113)
[2016.08.22-22.15.42:415][ 62]LogModuleManager: Shutting down and abandoning module HTML5Networking (112)
[2016.08.22-22.15.42:415][ 62]LogModuleManager: Shutting down and abandoning module SuperSearch (111)
[2016.08.22-22.15.42:415][ 62]LogModuleManager: Shutting down and abandoning module SuperSearchEditor (110)
[2016.08.22-22.15.42:415][ 62]LogModuleManager: Shutting down and abandoning module SpeedTreeImporter (109)
[2016.08.22-22.15.42:415][ 62]LogModuleManager: Shutting down and abandoning module PluginBrowser (108)
[2016.08.22-22.15.42:415][ 62]LogModuleManager: Shutting down and abandoning module EpicSurvey (107)
[2016.08.22-22.15.42:415][ 62]LogModuleManager: Shutting down and abandoning module DesktopPlatform (106)
[2016.08.22-22.15.42:415][ 62]LogModuleManager: Shutting down and abandoning module VisualStudioSourceCodeAccess (105)
[2016.08.22-22.15.42:415][ 62]LogModuleManager: Shutting down and abandoning module UObjectPlugin (104)
[2016.08.22-22.15.42:415][ 62]LogModuleManager: Shutting down and abandoning module SubversionSourceControl (103)
[2016.08.22-22.15.42:415][ 62]LogModuleManager: Shutting down and abandoning module PerforceSourceControl (102)
[2016.08.22-22.15.42:415][ 62]LogModuleManager: Shutting down and abandoning module SourceControl (101)
[2016.08.22-22.15.42:415][ 62]LogModuleManager: Shutting down and abandoning module GitSourceControl (100)
[2016.08.22-22.15.42:415][ 62]LogModuleManager: Shutting down and abandoning module LightPropagationVolumeEditor (99)
[2016.08.22-22.15.42:415][ 62]LogModuleManager: Shutting down and abandoning module PaperTiledImporter (98)
[2016.08.22-22.15.42:415][ 62]LogModuleManager: Shutting down and abandoning module PaperSpriteSheetImporter (97)
[2016.08.22-22.15.42:415][ 62]LogModuleManager: Shutting down and abandoning module MeshPaint (96)
[2016.08.22-22.15.42:415][ 62]LogModuleManager: Shutting down and abandoning module PixelInspectorModule (95)
[2016.08.22-22.15.42:415][ 62]LogModuleManager: Shutting down and abandoning module HotReload (94)
[2016.08.22-22.15.42:416][ 62]LogModuleManager: Shutting down and abandoning module MainFrame (93)
[2016.08.22-22.15.42:416][ 62]LogModuleManager: Shutting down and abandoning module LevelEditor (92)
[2016.08.22-22.15.42:416][ 62]LogModuleManager: Shutting down and abandoning module ContentBrowser (91)
[2016.08.22-22.15.42:417][ 62]LogModuleManager: Shutting down and abandoning module Paper2DEditor (90)
[2016.08.22-22.15.42:417][ 62]LogModuleManager: Shutting down and abandoning module UdpMessaging (89)
[2016.08.22-22.15.42:517][ 62]LogModuleManager: Shutting down and abandoning module LightPropagationVolumeRuntime (88)
[2016.08.22-22.15.42:517][ 62]LogModuleManager: Shutting down and abandoning module Paper2D (87)
[2016.08.22-22.15.42:517][ 62]LogModuleManager: Shutting down and abandoning module WindowsMoviePlayer (86)
[2016.08.22-22.15.42:517][ 62]LogModuleManager: Shutting down and abandoning module Media (85)
[2016.08.22-22.15.42:517][ 62]LogModuleManager: Shutting down and abandoning module WmfMedia (84)
[2016.08.22-22.15.42:517][ 62]LogModuleManager: Shutting down and abandoning module MediaAssets (83)
[2016.08.22-22.15.42:518][ 62]LogModuleManager: Shutting down and abandoning module GameLiveStreaming (82)
[2016.08.22-22.15.42:518][ 62]LogModuleManager: Shutting down and abandoning module GameplayTagsEditor (81)
[2016.08.22-22.15.42:518][ 62]LogModuleManager: Shutting down and abandoning module OnlineBlueprintSupport (80)
[2016.08.22-22.15.42:518][ 62]LogModuleManager: Shutting down and abandoning module VREditor (79)
[2016.08.22-22.15.42:518][ 62]LogModuleManager: Shutting down and abandoning module GameplayTasksEditor (78)
[2016.08.22-22.15.42:518][ 62]LogModuleManager: Shutting down and abandoning module PropertyEditor (77)
[2016.08.22-22.15.42:518][ 62]LogModuleManager: Shutting down and abandoning module BehaviorTreeEditor (76)
[2016.08.22-22.15.42:518][ 62]LogModuleManager: Shutting down and abandoning module FunctionalTesting (75)
[2016.08.22-22.15.42:518][ 62]LogModuleManager: Shutting down and abandoning module CollisionAnalyzer (74)
[2016.08.22-22.15.42:518][ 62]LogModuleManager: Shutting down and abandoning module Sequencer (73)
[2016.08.22-22.15.42:525][ 62]LogModuleManager: Shutting down and abandoning module WorkspaceMenuStructure (72)
[2016.08.22-22.15.42:525][ 62]LogModuleManager: Shutting down and abandoning module MessageLog (71)
[2016.08.22-22.15.42:525][ 62]LogModuleManager: Shutting down and abandoning module AssetTools (70)
[2016.08.22-22.15.42:525][ 62]LogModuleManager: Shutting down and abandoning module UMGEditor (69)
[2016.08.22-22.15.42:525][ 62]LogModuleManager: Shutting down and abandoning module UMG (68)
[2016.08.22-22.15.42:525][ 62]LogModuleManager: Shutting down and abandoning module SlateReflector (67)
[2016.08.22-22.15.42:525][ 62]LogModuleManager: Shutting down and abandoning module Slate (66)
[2016.08.22-22.15.42:525][ 62]LogModuleManager: Shutting down and abandoning module EditorStyle (65)
[2016.08.22-22.15.42:528][ 62]LogModuleManager: Shutting down and abandoning module SourceCodeAccess (64)
[2016.08.22-22.15.42:528][ 62]LogModuleManager: Shutting down and abandoning module HeadMountedDisplay (63)
[2016.08.22-22.15.42:528][ 62]LogModuleManager: Shutting down and abandoning module XAudio2 (62)
[2016.08.22-22.15.42:528][ 62]LogModuleManager: Shutting down and abandoning module Networking (60)
[2016.08.22-22.15.42:528][ 62]LogModuleManager: Shutting down and abandoning module Core (59)
[2016.08.22-22.15.42:528][ 62]LogModuleManager: Shutting down and abandoning module DirectoryWatcher (58)
[2016.08.22-22.15.42:530][ 62]LogModuleManager: Shutting down and abandoning module AssetRegistry (57)
[2016.08.22-22.15.42:616][ 62]LogModuleManager: Shutting down and abandoning module KismetCompiler (56)
[2016.08.22-22.15.42:616][ 62]LogModuleManager: Shutting down and abandoning module PhysXFormats (55)
[2016.08.22-22.15.42:616][ 62]LogModuleManager: Shutting down and abandoning module MeshUtilities (54)
[2016.08.22-22.15.42:616][ 62]LogModuleManager: Shutting down and abandoning module DerivedDataCache (53)
[2016.08.22-22.15.42:632][ 62]LogDerivedDataCache: Shutdown
[2016.08.22-22.15.42:632][ 62]LogModuleManager: Shutting down and abandoning module MetalShaderFormat (52)
[2016.08.22-22.15.42:632][ 62]LogModuleManager: Shutting down and abandoning module VulkanShaderFormat (51)
[2016.08.22-22.15.42:632][ 62]LogModuleManager: Shutting down and abandoning module ShaderFormatD3D (50)
[2016.08.22-22.15.42:632][ 62]LogModuleManager: Shutting down and abandoning module ShaderFormatOpenGL (49)
[2016.08.22-22.15.42:632][ 62]LogModuleManager: Shutting down and abandoning module TextureFormatUncompressed (48)
[2016.08.22-22.15.42:632][ 62]LogModuleManager: Shutting down and abandoning module ImageWrapper (47)
[2016.08.22-22.15.42:632][ 62]LogModuleManager: Shutting down and abandoning module TextureFormatASTC (46)
[2016.08.22-22.15.42:632][ 62]LogModuleManager: Shutting down and abandoning module TextureFormatPVR (45)
[2016.08.22-22.15.42:632][ 62]LogModuleManager: Shutting down and abandoning module TextureFormatDXT (44)
[2016.08.22-22.15.42:632][ 62]LogModuleManager: Shutting down and abandoning module TextureFormatIntelISPCTexComp (43)
[2016.08.22-22.15.42:632][ 62]LogModuleManager: Shutting down and abandoning module AudioFormatOpus (42)
[2016.08.22-22.15.42:632][ 62]LogModuleManager: Shutting down and abandoning module AudioFormatOgg (41)
[2016.08.22-22.15.42:632][ 62]LogModuleManager: Shutting down and abandoning module AudioFormatADPCM (40)
[2016.08.22-22.15.42:632][ 62]LogModuleManager: Shutting down and abandoning module TVOSTargetPlatform (39)
[2016.08.22-22.15.42:633][ 62]LogModuleManager: Shutting down and abandoning module Messaging (38)
[2016.08.22-22.15.42:633][ 62]LogModuleManager: Shutting down and abandoning module IOSTargetPlatform (37)
[2016.08.22-22.15.42:633][ 62]LogModuleManager: Shutting down and abandoning module HTML5TargetPlatform (36)
[2016.08.22-22.15.42:633][ 62]LogModuleManager: Shutting down and abandoning module Android_MultiTargetPlatform (35)
[2016.08.22-22.15.42:633][ 62]LogModuleManager: Shutting down and abandoning module Android_ASTCTargetPlatform (34)
[2016.08.22-22.15.42:633][ 62]LogModuleManager: Shutting down and abandoning module Android_ETC2TargetPlatform (33)
[2016.08.22-22.15.42:633][ 62]LogModuleManager: Shutting down and abandoning module Android_ETC1TargetPlatform (32)
[2016.08.22-22.15.42:633][ 62]LogModuleManager: Shutting down and abandoning module Android_DXTTargetPlatform (31)
[2016.08.22-22.15.42:633][ 62]LogModuleManager: Shutting down and abandoning module Android_ATCTargetPlatform (30)
[2016.08.22-22.15.42:633][ 62]LogModuleManager: Shutting down and abandoning module Android_PVRTCTargetPlatform (29)
[2016.08.22-22.15.42:633][ 62]LogModuleManager: Shutting down and abandoning module AndroidTargetPlatform (28)
[2016.08.22-22.15.42:633][ 62]LogModuleManager: Shutting down and abandoning module AllDesktopTargetPlatform (27)
[2016.08.22-22.15.42:633][ 62]LogModuleManager: Shutting down and abandoning module WindowsClientTargetPlatform (26)
[2016.08.22-22.15.42:633][ 62]LogModuleManager: Shutting down and abandoning module WindowsServerTargetPlatform (25)
[2016.08.22-22.15.42:633][ 62]LogModuleManager: Shutting down and abandoning module WindowsNoEditorTargetPlatform (24)
[2016.08.22-22.15.42:633][ 62]LogModuleManager: Shutting down and abandoning module WindowsTargetPlatform (23)
[2016.08.22-22.15.42:633][ 62]LogModuleManager: Shutting down and abandoning module TargetPlatform (22)
[2016.08.22-22.15.42:633][ 62]LogModuleManager: Shutting down and abandoning module InputCore (21)
[2016.08.22-22.15.42:633][ 62]LogModuleManager: Shutting down and abandoning module Settings (20)
[2016.08.22-22.15.42:633][ 62]LogModuleManager: Shutting down and abandoning module OnlineSubsystem (18)
[2016.08.22-22.15.42:633][ 62]LogModuleManager: Shutting down and abandoning module HTTP (17)
[2016.08.22-22.15.47:142][ 62]LogModuleManager: Shutting down and abandoning module OculusRift (16)
[2016.08.22-22.15.47:142][ 62]LogModuleManager: Shutting down and abandoning module ExampleDeviceProfileSelector (15)
[2016.08.22-22.15.47:142][ 62]LogModuleManager: Shutting down and abandoning module TextureCompressor (14)
[2016.08.22-22.15.47:142][ 62]LogModuleManager: Shutting down and abandoning module ShaderCore (13)
[2016.08.22-22.15.47:143][ 62]LogModuleManager: Shutting down and abandoning module Landscape (12)
[2016.08.22-22.15.47:143][ 62]LogModuleManager: Shutting down and abandoning module SlateRHIRenderer (11)
[2016.08.22-22.15.47:144][ 62]LogModuleManager: Shutting down and abandoning module OpenGLDrv (10)
[2016.08.22-22.15.47:144][ 62]LogModuleManager: Shutting down and abandoning module D3D11RHI (9)
[2016.08.22-22.15.47:144][ 62]LogModuleManager: Shutting down and abandoning module AnimGraphRuntime (8)
[2016.08.22-22.15.47:144][ 62]LogModuleManager: Shutting down and abandoning module Renderer (7)
[2016.08.22-22.15.47:144][ 62]LogModuleManager: Shutting down and abandoning module Engine (6)
[2016.08.22-22.15.47:144][ 62]LogModuleManager: Shutting down and abandoning module CoreUObject (5)
[2016.08.22-22.15.47:144][ 62]LogModuleManager: Shutting down and abandoning module NetworkFile (4)
[2016.08.22-22.15.47:144][ 62]LogModuleManager: Shutting down and abandoning module StreamingFile (3)
[2016.08.22-22.15.47:144][ 62]LogModuleManager: Shutting down and abandoning module SandboxFile (2)
[2016.08.22-22.15.47:144][ 62]LogModuleManager: Shutting down and abandoning module PakFile (1)
[2016.08.22-22.15.47:146][ 62]LogExit: Exiting.
[2016.08.22-22.15.47:147][ 62]Log file closed, 08/22/16 17:15:47
