Log file open, 08/22/16 09:51:22
LogInit:Display: Running engine for game: FlexProject
LogPlatformFile: Not using cached read wrapper
LogInit:Display: RandInit(-2061951739) SRandInit(-2061951737).
LogInit: Using version manifest at CL 0 with build ID '7c48e37e-af59-471d-a33a-e5509b5ef975'
LogTaskGraph: Started task graph with 4 named threads and 7 total threads with 1 sets of task threads.
LogStats: Stats thread started at 3.335583
LogInit: Version: 4.12.4-0+UE4
LogInit: API Version: 0
LogInit: Net Version: 0
LogDevObjectVersion: Number of dev versions registered: 13
LogDevObjectVersion:   Dev-Blueprints (B0D832E4-1F89-4F0D-ACCF-7EB736FD4AA2): 3
LogDevObjectVersion:   Dev-Build (E1C64328-A22C-4D53-A36C-8E866417BD8C): 0
LogDevObjectVersion:   Dev-Core (375EC13C-06E4-48FB-B500-84F0262A717E): 1
LogDevObjectVersion:   Dev-Editor (E4B068ED-F494-42E9-A231-DA0B2E46BB41): 2
LogDevObjectVersion:   Dev-Framework (CFFC743F-43B0-4480-9391-14DF171D2073): 6
LogDevObjectVersion:   Dev-Mobile (B02B49B5-BB20-44E9-A304-32B752E40360): 0
LogDevObjectVersion:   Dev-Networking (A4E4105C-59A1-49B5-A7C5-40C4547EDFEE): 0
LogDevObjectVersion:   Dev-Online (39C831C9-5AE6-47DC-9A44-9C173E1C8E7C): 0
LogDevObjectVersion:   Dev-Physics (78F01B33-EBEA-4F98-B9B4-84EACCB95AA2): 0
LogDevObjectVersion:   Dev-Platform (6631380F-2D4D-43E0-8009-CF276956A95A): 0
LogDevObjectVersion:   Dev-Rendering (12F88B9F-8875-4AFC-A67C-D90C383ABD29): 2
LogDevObjectVersion:   Dev-Sequencer (7B5AE74C-D270-4C10-A958-57980B212A5A): 0
LogDevObjectVersion:   Dev-VR (D7296918-1DD6-4BDD-9DE2-64A83CC13884): 0
LogInit: Compiled (64-bit): Aug  3 2016 13:12:31
LogInit: Compiled with Visual C++: 19.00.23506.00
LogInit: Build Configuration: Development
LogInit: Branch Name: UE4
LogInit: Command line:  
LogInit: Base directory: D:/UnrealEngine-FleX/UnrealEngine-FleX/Engine/Binaries/Win64/
LogInit: Installed Engine Build: 0
LogInit: Using libcurl 7.41.0
LogInit:  - built for x86_64-pc-win32
LogInit:  - supports SSL with WinSSL
LogInit:  - other features:
LogInit:      CURL_VERSION_SSL
LogInit:      CURL_VERSION_IPV6
LogInit:      CURL_VERSION_ASYNCHDNS
LogInit:      CURL_VERSION_LARGEFILE
LogInit:      CURL_VERSION_IDN
LogInit:  CurlRequestOptions (configurable via config and command line):
LogInit:  - bVerifyPeer = true  - Libcurl will verify peer certificate
LogInit:  - bUseHttpProxy = false  - Libcurl will NOT use HTTP proxy
LogInit:  - bDontReuseConnections = false  - Libcurl will reuse connections
LogInit:  - CertBundlePath = nullptr  - Libcurl will use whatever was configured at build time.
LogInit: Presizing for max 8388607 objects, including 0 objects not considered by GC, pre-allocating 0 bytes for permanent pool.
LogInit: Object subsystem initialized
[2016.08.22-14.51.22:722][  0]LogInit: Selected Device Profile: [Windows]
[2016.08.22-14.51.22:722][  0]LogInit: Applying CVar settings loaded from the selected device profile: [Windows]
[2016.08.22-14.51.22:822][  0]LogInit: Computer: DESKTOP-LAGTANL
[2016.08.22-14.51.22:822][  0]LogInit: User: emman
[2016.08.22-14.51.22:822][  0]LogInit: CPU Page size=65536, Cores=4
[2016.08.22-14.51.22:822][  0]LogInit: High frequency timer resolution =2.531248 MHz
[2016.08.22-14.51.22:822][  0]LogMemory: Memory total: Physical=15.9GB (16GB approx)
[2016.08.22-14.51.22:822][  0]LogMemory: Platform Memory Stats for Windows
[2016.08.22-14.51.22:822][  0]LogMemory: Process Physical Memory: 190.71 MB used, 190.71 MB peak
[2016.08.22-14.51.22:822][  0]LogMemory: Process Virtual Memory: 195.23 MB used, 195.23 MB peak
[2016.08.22-14.51.22:822][  0]LogMemory: Physical Memory: 3555.67 MB used, 16282.52 MB total
[2016.08.22-14.51.22:822][  0]LogMemory: Virtual Memory: 553.54 MB used, 134217728.00 MB total
[2016.08.22-14.51.24:915][  0]LogTextLocalizationManager: No specific translations for ('en-US') exist, so ('en') translations will be used.
[2016.08.22-14.51.25:868][  0]LogD3D11RHI: D3D11 adapters:
[2016.08.22-14.51.25:892][  0]LogD3D11RHI:    0. 'NVIDIA GeForce GTX 960M' (Feature Level 11_0)
[2016.08.22-14.51.25:892][  0]LogD3D11RHI:       2018/0/8141 MB DedicatedVideo/DedicatedSystem/SharedSystem, Outputs:1, VendorId:0x10de
[2016.08.22-14.51.25:924][  0]LogD3D11RHI:    1. 'Intel(R) HD Graphics 530' (Feature Level 11_0)
[2016.08.22-14.51.25:924][  0]LogD3D11RHI:       128/0/8141 MB DedicatedVideo/DedicatedSystem/SharedSystem, Outputs:0, VendorId:0x8086
[2016.08.22-14.51.25:926][  0]LogD3D11RHI:    2. 'Microsoft Basic Render Driver' (Feature Level 11_0)
[2016.08.22-14.51.25:926][  0]LogD3D11RHI:       0/0/8141 MB DedicatedVideo/DedicatedSystem/SharedSystem, Outputs:0, VendorId:0x1414
[2016.08.22-14.51.25:926][  0]LogD3D11RHI: Chosen D3D11 Adapter: 0
[2016.08.22-14.51.25:935][  0]LogD3D11RHI: Creating new Direct3DDevice
[2016.08.22-14.51.25:935][  0]LogD3D11RHI:     GPU DeviceId: 0x139b (for the marketing name, search the web for "GPU Device Id")
[2016.08.22-14.51.25:935][  0]LogWindows: EnumDisplayDevices:
[2016.08.22-14.51.25:935][  0]LogWindows:    0. 'Intel(R) HD Graphics 530' (P:1 D:1)
[2016.08.22-14.51.25:936][  0]LogWindows:    1. 'Intel(R) HD Graphics 530' (P:0 D:0)
[2016.08.22-14.51.25:936][  0]LogWindows:    2. 'Intel(R) HD Graphics 530' (P:0 D:0)
[2016.08.22-14.51.25:937][  0]LogWindows: DebugString: PrimaryIsNotTheChoosenAdapter PrimaryIsNotTheChoosenAdapter PrimaryIsNotTheChoosenAdapter FoundDriverCount:0 
[2016.08.22-14.51.25:937][  0]LogD3D11RHI:     Adapter Name: NVIDIA GeForce GTX 960M
[2016.08.22-14.51.25:937][  0]LogD3D11RHI:   Driver Version: Unknown (internal:Unknown, unified:Unknown)
[2016.08.22-14.51.25:937][  0]LogD3D11RHI:      Driver Date: Unknown
[2016.08.22-14.51.25:937][  0]LogRHI: Texture pool is 1361 MB (70% of 1945 MB)
[2016.08.22-14.51.25:949][  0]LogD3D11RHI: Async texture creation enabled
[2016.08.22-14.51.26:204][  0]LogD3D11RHI: GPU Timing Frequency: 1000.000000 (Debug: 2 1)
[2016.08.22-14.51.26:299][  0]LogShaderCompilers: Guid format shader working directory is 25 characters bigger than the processId version (../../../FlexProject/Intermediate/Shaders/WorkingDirectory/17100/).
[2016.08.22-14.51.26:299][  0]LogShaderCompilers: Cleaned the shader compiler working directory 'C:/Users/emman/AppData/Local/Temp/UnrealShaderWorkingDir/08BFAF074FF8CE0FEEE785B82FD4DD2E/'.
[2016.08.22-14.51.26:306][  0]LogShaderCompilers:Display: Using Local Shader Compiler.
[2016.08.22-14.51.28:577][  0]LogTemp:Display: Loaded TP WindowsTargetPlatform
[2016.08.22-14.51.28:592][  0]LogTemp:Display: Loaded TP WindowsNoEditorTargetPlatform
[2016.08.22-14.51.28:609][  0]LogTemp:Display: Loaded TP WindowsServerTargetPlatform
[2016.08.22-14.51.28:626][  0]LogTemp:Display: Loaded TP WindowsClientTargetPlatform
[2016.08.22-14.51.28:653][  0]LogTemp:Display: Loaded TP AllDesktopTargetPlatform
[2016.08.22-14.51.28:675][  0]LogTemp:Display: Loaded TP AndroidTargetPlatform
[2016.08.22-14.51.28:691][  0]LogTemp:Display: Loaded TP Android_PVRTCTargetPlatform
[2016.08.22-14.51.28:710][  0]LogTemp:Display: Loaded TP Android_ATCTargetPlatform
[2016.08.22-14.51.28:723][  0]LogTemp:Display: Loaded TP Android_DXTTargetPlatform
[2016.08.22-14.51.28:742][  0]LogTemp:Display: Loaded TP Android_ETC1TargetPlatform
[2016.08.22-14.51.28:760][  0]LogTemp:Display: Loaded TP Android_ETC2TargetPlatform
[2016.08.22-14.51.28:774][  0]LogTemp:Display: Loaded TP Android_ASTCTargetPlatform
[2016.08.22-14.51.28:787][  0]LogTemp:Display: Loaded TP Android_MultiTargetPlatform
[2016.08.22-14.51.28:809][  0]LogTemp:Display: Loaded TP HTML5TargetPlatform
[2016.08.22-14.51.28:892][  0]LogTemp:Display: Loaded TP IOSTargetPlatform
[2016.08.22-14.51.28:899][  0]LogTemp:Display: Loaded TP TVOSTargetPlatform
[2016.08.22-14.51.28:899][  0]LogTargetPlatformManager:Display: Building Assets For Windows
[2016.08.22-14.51.29:433][  0]LogDerivedDataCache:Display: Max Cache Size: 512 MB
[2016.08.22-14.51.29:972][  0]LogDerivedDataCache: Loaded boot cache 0.54s 54MB ../../../FlexProject/DerivedDataCache/Boot.ddc.
[2016.08.22-14.51.29:972][  0]LogDerivedDataCache:Display: Loaded Boot cache: ../../../FlexProject/DerivedDataCache/Boot.ddc
[2016.08.22-14.51.29:972][  0]LogDerivedDataCache: FDerivedDataBackendGraph:  Pak pak cache file ../../../FlexProject/DerivedDataCache/DDC.ddp not found, will not use a pak cache.
[2016.08.22-14.51.29:972][  0]LogDerivedDataCache: Unable to find inner node Pak for hierarchical cache Hierarchy.
[2016.08.22-14.51.30:001][  0]LogDerivedDataCache: FDerivedDataBackendGraph:  EnginePak pak cache file ../../../Engine/DerivedDataCache/DDC.ddp not found, will not use a pak cache.
[2016.08.22-14.51.30:001][  0]LogDerivedDataCache: Unable to find inner node EnginePak for hierarchical cache Hierarchy.
[2016.08.22-14.51.30:012][  0]LogDerivedDataCache: Using Local data cache path ../../../Engine/DerivedDataCache: Writable
[2016.08.22-14.51.30:012][  0]LogDerivedDataCache: Shared data cache path not found in *engine.ini, will not use an Shared cache.
[2016.08.22-14.51.30:012][  0]LogDerivedDataCache: Unable to find inner node Shared for hierarchical cache Hierarchy.
[2016.08.22-14.51.35:746][  0]LogInit: Selected Device Profile: [Windows]
[2016.08.22-14.51.35:838][  0]LogContentStreaming: Texture pool size is 0.00 MB
[2016.08.22-14.51.38:365][  0]LogMeshUtilities: No automatic mesh reduction module available
[2016.08.22-14.51.38:365][  0]LogMeshUtilities: No automatic mesh merging module available
[2016.08.22-14.51.38:365][  0]LogMeshUtilities: No distributed automatic mesh merging module available
[2016.08.22-14.51.42:086][  0]LogAssetRegistry: FAssetRegistry took 0.0273 seconds to start up
[2016.08.22-14.51.42:258][  0]LogPackageLocalizationCache: Processed 3 localized package path(s) for 2 prioritized culture(s) in 0.105242 seconds
[2016.08.22-14.51.42:320][  0]LogUObjectArray: 28946 objects as part of root set at end of initial load.
[2016.08.22-14.51.42:320][  0]LogUObjectAllocator: 5899888 out of 0 bytes used by permanent object pool.
[2016.08.22-14.51.42:320][  0]LogUObjectArray: CloseDisregardForGC: 0/0 objects in disregard for GC pool
[2016.08.22-14.51.42:362][  0]LogInit: WinSock: version 1.1 (2.2), MaxSocks=32767, MaxUdp=65467
[2016.08.22-14.51.47:035][  0]LogSlate: SlateFontCache - WITH_FREETYPE: 1, WITH_HARFBUZZ: 1
[2016.08.22-14.51.47:035][  0]LogSlate: SlateFontCache - WITH_FREETYPE: 1, WITH_HARFBUZZ: 1
[2016.08.22-14.51.56:774][  0]LogUdpMessaging: Initializing bridge on interface 0.0.0.0:0 to multicast group 230.0.0.1:6666.
[2016.08.22-14.51.58:499][  0]SourceControl: Info Source control is disabled
[2016.08.22-14.51.58:524][  0]SourceControl: Info Source control is disabled
[2016.08.22-14.51.58:601][  0]SourceControl: Info Source control is disabled
[2016.08.22-14.51.58:663][  0]SourceControl: Info Source control is disabled
[2016.08.22-14.52.00:146][  0]LogEngine: Initializing Engine...
[2016.08.22-14.52.00:233][  0]LogHMD: SteamVR failed to initialize.  Err: 110
[2016.08.22-14.52.00:234][  0]LogHMD: SteamVR failed to initialize.  Err: 110
[2016.08.22-14.52.01:078][  0]LogAIModule: Creating AISystem for world NewWorld
[2016.08.22-14.52.01:170][  0]LogInit: XAudio2 using 'Speakers (Conexant SmartAudio HD)' : 2 channels at 48 kHz using 32 bits per sample (channel mask 0x3)
[2016.08.22-14.52.01:203][  0]LogInit: FAudioDevice initialized.
[2016.08.22-14.52.01:269][  0]LogDerivedDataCache: Saved boot cache 0.07s 54MB ../../../FlexProject/DerivedDataCache/Boot.ddc.
[2016.08.22-14.52.01:524][  0]LogInit: Texture streaming: Enabled
[2016.08.22-14.52.01:907][  0]LogInit: Transaction tracking system initialized
[2016.08.22-14.52.02:260][  0]BlueprintLog: New page: Editor Load
[2016.08.22-14.52.03:564][  0]LocalizationService: Info Localization service is disabled
[2016.08.22-14.52.04:846][  0]LogConsoleResponse:Display: 
[2016.08.22-14.52.07:125][  0]LogFileCache: Scanning file cache for directory 'D:/UnrealEngine-FleX/UnrealEngine-FleX/FlexProject/Content/' took 0.01s
[2016.08.22-14.52.07:125][  0]LogCook:Display: Max memory allowance for cook 8192mb
[2016.08.22-14.52.07:125][  0]LogCook:Display: Mobile HDR setting 1
[2016.08.22-14.52.09:688][  0]SourceControl: Info Source control is disabled
[2016.08.22-14.52.09:751][  0]Cmd: MAP LOAD FILE="../../../FlexProject/Content/Maps/flexSoftTestMap.umap" TEMPLATE=0 SHOWPROGRESS=1 FEATURELEVEL=3
[2016.08.22-14.52.09:802][  0]LightingResults: New page: Lighting Build
[2016.08.22-14.52.10:036][  0]MapCheck: New page: Map Check
[2016.08.22-14.52.10:036][  0]LightingResults: New page: Lighting Build
[2016.08.22-14.52.12:587][  0]LogAIModule: Creating AISystem for world flexSoftTestMap
[2016.08.22-14.52.13:092][  0]LogEditorServer: Finished looking for orphan Actors (0.000 secs)
[2016.08.22-14.52.13:158][  0]Cmd: MAP CHECKDEP NOCLEARLOG
[2016.08.22-14.52.13:211][  0]MapCheck: Info Map check complete: 0 Error(s), 0 Warning(s), took 53.668ms to complete.
[2016.08.22-14.52.13:211][  0]LogFileHelpers: Loading map 'flexSoftTestMap' took 3.496
[2016.08.22-14.52.14:521][  0]LogCollectionManager: Loaded 0 collections in 0.001303 seconds
[2016.08.22-14.52.14:672][  0]LogFileCache: Scanning file cache for directory 'D:/UnrealEngine-FleX/UnrealEngine-FleX/FlexProject/Saved/Collections/' took 0.01s
[2016.08.22-14.52.14:672][  0]LogFileCache: Scanning file cache for directory 'D:/UnrealEngine-FleX/UnrealEngine-FleX/FlexProject/Content/Developers/emman/Collections/' took 0.01s
[2016.08.22-14.52.14:672][  0]LogFileCache: Scanning file cache for directory 'D:/UnrealEngine-FleX/UnrealEngine-FleX/FlexProject/Content/Collections/' took 0.01s
[2016.08.22-14.52.14:672][  0]LogCollectionManager: Rebuilt the GUID cache for 0 collections in 0.000003 seconds
[2016.08.22-14.52.14:680][  0]LogContentBrowser: Native class hierarchy populated in 0.0081 seconds. Added 2065 classes and 368 folders.
[2016.08.22-14.52.14:718][  0]LogStats: UGameplayTagsManager::ConstructGameplayTagTree: Construct from data asset -  0.000 s
[2016.08.22-14.52.14:718][  0]LogStats: UGameplayTagsManager::ConstructGameplayTagTree: GameplayTagTreeChangedEvent.Broadcast -  0.000 s
[2016.08.22-14.52.14:719][  0]LogContentBrowser: Native class hierarchy updated for 'GameplayTags' in 0.0005 seconds. Added 12 classes and 0 folders.
[2016.08.22-14.52.14:770][  0]LogContentBrowser: Native class hierarchy updated for 'WidgetCarousel' in 0.0004 seconds. Added 0 classes and 0 folders.
[2016.08.22-14.52.16:144][  0]LogContentBrowser: Native class hierarchy updated for 'AddContentDialog' in 0.0004 seconds. Added 0 classes and 0 folders.
[2016.08.22-14.52.16:222][  0]LogContentBrowser: Native class hierarchy updated for 'SceneOutliner' in 0.0004 seconds. Added 1 classes and 2 folders.
[2016.08.22-14.52.17:169][  0]LogCrashTracker: Crashtracker disabled due to settings.
[2016.08.22-14.52.17:297][  0]LogUObjectGlobals:Warning: Failed to find object 'Class None.'
[2016.08.22-14.52.17:410][  0]LogContentBrowser: Native class hierarchy updated for 'HierarchicalLODOutliner' in 0.0005 seconds. Added 1 classes and 2 folders.
[2016.08.22-14.52.17:411][  0]LogLoad: Full Startup: 61.82 seconds (BP compile: 0.46 seconds)
[2016.08.22-14.52.17:411][  0]LogExternalProfiler: No external profilers were discovered.  External profiling features will not be available.
[2016.08.22-14.52.17:452][  0]LogWindowsTextInputMethodSystem:Display: IME system now deactivated.
[2016.08.22-14.52.17:453][  0]LogOcInput: OculusInput pre-init called
[2016.08.22-14.52.17:592][  0]LogContentStreaming: Texture pool size now 200 MB
[2016.08.22-14.52.18:589][  1]LogRenderer: Reallocating scene render targets to support 884x420 (Frame:2).
[2016.08.22-14.52.19:101][  2]LogAssetRegistry: Asset discovery search completed in 37.0380 seconds
[2016.08.22-14.52.19:102][  2]LogCollectionManager: Rebuilt the object cache for 0 collections in 0.000001 seconds (found 0 objects)
[2016.08.22-14.52.19:107][  2]LogCollectionManager: Fixed up redirectors for 0 collections in 0.004853 seconds (updated 0 objects)
[2016.08.22-14.52.28:051][242]LogLinker:Warning: Can't find file '/Game/Texturas/Pink'
[2016.08.22-14.52.28:051][242]LogLinker:Warning: Can't find file for asset '/Game/Texturas/Pink' while loading ../../../FlexProject/Content/Organos/stomach.uasset.
[2016.08.22-14.52.28:051][242]LoadErrors:Error: Error /Game/Organos/stomach : Can't find file for asset. /Game/Texturas/Pink
[2016.08.22-14.52.28:051][242]LogLinker:Warning: Can't find file '/Game/Texturas/Pink'
[2016.08.22-14.52.28:051][242]LogLinker:Warning: Can't find file for asset '/Game/Texturas/Pink' while loading ../../../FlexProject/Content/Organos/stomach.uasset.
[2016.08.22-14.52.28:078][242]LogLinker:Warning: Can't find file '/Game/Texturas/Pink'
[2016.08.22-14.52.28:078][242]LoadErrors: Info Failed to load /Game/Texturas/Pink.Pink Referenced by stomach
[2016.08.22-14.52.28:078][242]LogLinker:Warning: Can't find file for asset '/Game/Texturas/Pink' while loading NULL.
[2016.08.22-14.52.28:970][242]LogAIModule: Creating AISystem for world Inicial
[2016.08.22-14.52.29:130][242]Cmd: MAP LOAD FILE="../../../FlexProject/Content/Maps/Inicial.umap" TEMPLATE=0 SHOWPROGRESS=1 FEATURELEVEL=3
[2016.08.22-14.52.29:130][242]LightingResults: New page: Lighting Build
[2016.08.22-14.52.29:131][242]LoadErrors: New page: Loading map: Inicial.umap
[2016.08.22-14.52.29:138][242]MapCheck: New page: Map Check
[2016.08.22-14.52.29:138][242]LightingResults: New page: Lighting Build
[2016.08.22-14.52.29:297][242]LogEditorServer: Finished looking for orphan Actors (0.000 secs)
[2016.08.22-14.52.29:323][242]Cmd: MAP CHECKDEP NOCLEARLOG
[2016.08.22-14.52.29:350][242]MapCheck: Info Map check complete: 0 Error(s), 0 Warning(s), took 26.265ms to complete.
[2016.08.22-14.52.29:350][242]LogFileHelpers: Loading map 'Inicial' took 0.234
[2016.08.22-14.52.39:732][624]LogPlayLevel: PlayLevel: No blueprints needed recompiling
[2016.08.22-14.52.39:747][624]PIE: New page: PIE session: Inicial (Aug 22, 2016, 4:52:39 AM)
[2016.08.22-14.52.39:747][624]LogPlayLevel: Creating play world package: /Game/Maps/UEDPIE_0_Inicial
[2016.08.22-14.52.39:749][624]LogPlayLevel: PIE: StaticDuplicateObject took: (0.002158s)
[2016.08.22-14.52.39:749][624]LogAIModule: Creating AISystem for world Inicial
[2016.08.22-14.52.39:749][624]LogPlayLevel: PIE: World Init took: (0.000496s)
[2016.08.22-14.52.39:750][624]LogPlayLevel: PIE: Created PIE world by copying editor world from /Game/Maps/Inicial.Inicial to /Game/Maps/UEDPIE_0_Inicial.Inicial (0.002843s)
[2016.08.22-14.52.39:783][624]LogInit: XAudio2 using 'Speakers (Conexant SmartAudio HD)' : 2 channels at 48 kHz using 32 bits per sample (channel mask 0x3)
[2016.08.22-14.52.39:794][624]LogInit: FAudioDevice initialized.
[2016.08.22-14.52.40:638][624]LogWorld: Game class is 'MyGame_C'
[2016.08.22-14.52.40:660][624]LogFlex:Display: Creating a FLEX system for...
[2016.08.22-14.52.40:723][624]LogMaterial:Warning: Material /Game/TestPackages/Flex/RedExample.RedExample missing bUsedWithFlexMeshes=True! Default Material will be used in game.
[2016.08.22-14.52.40:723][624]LogMaterial:Warning:      The material will recompile every editor launch until resaved.
[2016.08.22-14.52.40:723][624]LogMaterial:Warning: Material /Game/TestPackages/Flex/flexOrangeMaterial.flexOrangeMaterial missing bUsedWithFlexMeshes=True! Default Material will be used in game.
[2016.08.22-14.52.40:723][624]LogMaterial:Warning:      The material will recompile every editor launch until resaved.
[2016.08.22-14.52.40:724][624]LogWorld: Bringing World /Game/Maps/UEDPIE_0_Inicial.Inicial up for play (max tick rate 60) at 2016.08.22-09.52.40
[2016.08.22-14.52.40:744][624]LogWorld: Bringing up level for play took: 0.084822
[2016.08.22-14.52.40:841][624]LogContentBrowser: Native class hierarchy updated for 'MovieSceneCapture' in 0.0005 seconds. Added 11 classes and 0 folders.
[2016.08.22-14.52.40:950][624]PIE: Info Play in editor start time for /Game/Maps/UEDPIE_0_Inicial 1.372
[2016.08.22-14.52.50:767][ 41]LogRenderer: Reallocating scene render targets to support 888x436 (Frame:1021).
[2016.08.22-14.53.05:501][548]LogPlayLevel: PlayLevel: No blueprints needed recompiling
[2016.08.22-14.53.05:501][548]PIE: New page: PIE session: Inicial (Aug 22, 2016, 4:53:05 AM)
[2016.08.22-14.53.05:501][548]LogPlayLevel: Creating play world package: /Game/Maps/UEDPIE_0_Inicial
[2016.08.22-14.53.05:503][548]LogPlayLevel: PIE: StaticDuplicateObject took: (0.002271s)
[2016.08.22-14.53.05:504][548]LogAIModule: Creating AISystem for world Inicial
[2016.08.22-14.53.05:504][548]LogPlayLevel: PIE: World Init took: (0.000648s)
[2016.08.22-14.53.05:504][548]LogPlayLevel: PIE: Created PIE world by copying editor world from /Game/Maps/Inicial.Inicial to /Game/Maps/UEDPIE_0_Inicial.Inicial (0.003140s)
[2016.08.22-14.53.05:514][548]LogInit: XAudio2 using 'Speakers (Conexant SmartAudio HD)' : 2 channels at 48 kHz using 32 bits per sample (channel mask 0x3)
[2016.08.22-14.53.05:524][548]LogInit: FAudioDevice initialized.
[2016.08.22-14.53.05:602][548]LogWorld: Game class is 'MyGame_C'
[2016.08.22-14.53.05:605][548]LogFlex:Display: Creating a FLEX system for...
[2016.08.22-14.53.05:616][548]LogWorld: Bringing World /Game/Maps/UEDPIE_0_Inicial.Inicial up for play (max tick rate 60) at 2016.08.22-09.53.05
[2016.08.22-14.53.05:617][548]LogWorld: Bringing up level for play took: 0.013309
[2016.08.22-14.53.05:619][548]PIE: Info Play in editor start time for /Game/Maps/UEDPIE_0_Inicial 0.041
[2016.08.22-14.53.10:121][763]LogScript:Warning: Accessed None trying to read property CallFunc_BreakHitResult_HitComponent
	FirstPersonCharacter_C /Game/Maps/UEDPIE_0_Inicial.Inicial:PersistentLevel.FirstPersonCharacter_C_0
	Function /Game/Blueprints/FirstPersonCharacter.FirstPersonCharacter_C:Grab Object:0219
[2016.08.22-14.53.10:121][763]PIE:Error: Error Blueprint Runtime Error: Accessed None trying to read property CallFunc_BreakHitResult_HitComponent from function: 'Grab Object' from node: Branch in graph: Grab Object in object: FirstPersonCharacter with description: Accessed None trying to read property CallFunc_BreakHitResult_HitComponent
[2016.08.22-14.53.10:446][780]LogScript:Warning: Accessed None trying to read property CallFunc_BreakHitResult_HitComponent
	FirstPersonCharacter_C /Game/Maps/UEDPIE_0_Inicial.Inicial:PersistentLevel.FirstPersonCharacter_C_0
	Function /Game/Blueprints/FirstPersonCharacter.FirstPersonCharacter_C:Grab Object:0219
[2016.08.22-14.53.10:446][780]PIE:Error: Error Blueprint Runtime Error: Accessed None trying to read property CallFunc_BreakHitResult_HitComponent from function: 'Grab Object' from node: Branch in graph: Grab Object in object: FirstPersonCharacter with description: Accessed None trying to read property CallFunc_BreakHitResult_HitComponent
[2016.08.22-14.53.31:813][722]Cmd: TRANSACTION UNDO
[2016.08.22-14.53.31:814][722]LogEditorTransaction: Undo Move Actors
[2016.08.22-14.53.33:481][737]LogPlayLevel: PlayLevel: No blueprints needed recompiling
[2016.08.22-14.53.33:481][737]PIE: New page: PIE session: Inicial (Aug 22, 2016, 4:53:33 AM)
[2016.08.22-14.53.33:481][737]LogPlayLevel: Creating play world package: /Game/Maps/UEDPIE_0_Inicial
[2016.08.22-14.53.33:484][737]LogPlayLevel: PIE: StaticDuplicateObject took: (0.002335s)
[2016.08.22-14.53.33:484][737]LogAIModule: Creating AISystem for world Inicial
[2016.08.22-14.53.33:484][737]LogPlayLevel: PIE: World Init took: (0.000518s)
[2016.08.22-14.53.33:484][737]LogPlayLevel: PIE: Created PIE world by copying editor world from /Game/Maps/Inicial.Inicial to /Game/Maps/UEDPIE_0_Inicial.Inicial (0.003011s)
[2016.08.22-14.53.33:493][737]LogInit: XAudio2 using 'Speakers (Conexant SmartAudio HD)' : 2 channels at 48 kHz using 32 bits per sample (channel mask 0x3)
[2016.08.22-14.53.33:503][737]LogInit: FAudioDevice initialized.
[2016.08.22-14.53.33:645][737]LogWorld: Game class is 'MyGame_C'
[2016.08.22-14.53.33:648][737]LogFlex:Display: Creating a FLEX system for...
[2016.08.22-14.53.33:655][737]LogWorld: Bringing World /Game/Maps/UEDPIE_0_Inicial.Inicial up for play (max tick rate 60) at 2016.08.22-09.53.33
[2016.08.22-14.53.33:656][737]LogWorld: Bringing up level for play took: 0.009366
[2016.08.22-14.53.33:658][737]PIE: Info Play in editor start time for /Game/Maps/UEDPIE_0_Inicial 0.08
[2016.08.22-14.53.51:819][431]LogAIModule: Creating AISystem for world Simu
[2016.08.22-14.53.51:866][431]Cmd: MAP LOAD FILE="../../../FlexProject/Content/Maps/Simu.umap" TEMPLATE=0 SHOWPROGRESS=1 FEATURELEVEL=3
[2016.08.22-14.53.51:866][431]LightingResults: New page: Lighting Build
[2016.08.22-14.53.51:868][431]LoadErrors: New page: Loading map: Simu.umap
[2016.08.22-14.53.51:870][431]MapCheck: New page: Map Check
[2016.08.22-14.53.51:870][431]LightingResults: New page: Lighting Build
[2016.08.22-14.53.52:052][431]LogEditorServer: Finished looking for orphan Actors (0.000 secs)
[2016.08.22-14.53.52:155][431]Cmd: MAP CHECKDEP NOCLEARLOG
[2016.08.22-14.53.52:271][431]MapCheck: Info Map check complete: 0 Error(s), 0 Warning(s), took 115.906ms to complete.
[2016.08.22-14.53.52:273][431]LogFileHelpers: Loading map 'Simu' took 0.409
[2016.08.22-14.53.53:923][508]LogBlueprintUserMessages: Early PlayInEditor Detection: Level '/Game/Maps/Simu.Simu:PersistentLevel' has LevelScriptBlueprint '/Game/Maps/Simu.Simu:PersistentLevel.Simu' with GeneratedClass '/Game/Maps/Simu.Simu_C' with ClassGeneratedBy '/Game/Maps/Simu.Simu:PersistentLevel.Simu'
[2016.08.22-14.53.53:923][508]LogPlayLevel: PlayLevel: No blueprints needed recompiling
[2016.08.22-14.53.53:923][508]PIE: New page: PIE session: Simu (Aug 22, 2016, 4:53:53 AM)
[2016.08.22-14.53.53:923][508]LogPlayLevel: Creating play world package: /Game/Maps/UEDPIE_0_Simu
[2016.08.22-14.53.53:925][508]LogPlayLevel: PIE: StaticDuplicateObject took: (0.002056s)
[2016.08.22-14.53.53:926][508]LogAIModule: Creating AISystem for world Simu
[2016.08.22-14.53.53:926][508]LogPlayLevel: PIE: World Init took: (0.000483s)
[2016.08.22-14.53.53:926][508]LogPlayLevel: PIE: Created PIE world by copying editor world from /Game/Maps/Simu.Simu to /Game/Maps/UEDPIE_0_Simu.Simu (0.002688s)
[2016.08.22-14.53.53:944][508]LogInit: XAudio2 using 'Speakers (Conexant SmartAudio HD)' : 2 channels at 48 kHz using 32 bits per sample (channel mask 0x3)
[2016.08.22-14.53.53:954][508]LogInit: FAudioDevice initialized.
[2016.08.22-14.53.54:000][508]LogWorld: Game class is 'MyGame_C'
[2016.08.22-14.53.54:003][508]LogFlex:Display: Creating a FLEX system for...
[2016.08.22-14.53.54:009][508]LogMaterial:Warning: Material /Game/TestPackages/Flex/Pink.Pink missing bUsedWithFlexMeshes=True! Default Material will be used in game.
[2016.08.22-14.53.54:009][508]LogMaterial:Warning:      The material will recompile every editor launch until resaved.
[2016.08.22-14.53.54:009][508]LogMaterial:Warning: Material /Game/TestPackages/Flex/Purple.Purple missing bUsedWithFlexMeshes=True! Default Material will be used in game.
[2016.08.22-14.53.54:009][508]LogMaterial:Warning:      The material will recompile every editor launch until resaved.
[2016.08.22-14.53.54:010][508]LogWorld: Bringing World /Game/Maps/UEDPIE_0_Simu.Simu up for play (max tick rate 60) at 2016.08.22-09.53.54
[2016.08.22-14.53.54:010][508]LogWorld: Bringing up level for play took: 0.008204
[2016.08.22-14.53.54:012][508]PIE: Info Play in editor start time for /Game/Maps/UEDPIE_0_Simu 0.434
[2016.08.22-14.53.54:012][508]LogBlueprintUserMessages: Late PlayInEditor Detection: Level '/Game/Maps/Simu.Simu:PersistentLevel' has LevelScriptBlueprint '/Game/Maps/Simu.Simu:PersistentLevel.Simu' with GeneratedClass '/Game/Maps/Simu.Simu_C' with ClassGeneratedBy '/Game/Maps/Simu.Simu:PersistentLevel.Simu'
[2016.08.22-14.54.29:667][604]LogBlueprintUserMessages: Early EndPlayMap Detection: Level '/Game/Maps/Simu.Simu:PersistentLevel' has LevelScriptBlueprint '/Game/Maps/Simu.Simu:PersistentLevel.Simu' with GeneratedClass '/Game/Maps/Simu.Simu_C' with ClassGeneratedBy '/Game/Maps/Simu.Simu:PersistentLevel.Simu'
[2016.08.22-14.54.29:714][604]LogBlueprintUserMessages: Late EndPlayMap Detection: Level '/Game/Maps/Simu.Simu:PersistentLevel' has LevelScriptBlueprint '/Game/Maps/Simu.Simu:PersistentLevel.Simu' with GeneratedClass '/Game/Maps/Simu.Simu_C' with ClassGeneratedBy '/Game/Maps/Simu.Simu:PersistentLevel.Simu'
[2016.08.22-14.54.33:987][821]LogAIModule: Creating AISystem for world Inicial
[2016.08.22-14.54.34:037][821]Cmd: MAP LOAD FILE="../../../FlexProject/Content/Maps/Inicial.umap" TEMPLATE=0 SHOWPROGRESS=1 FEATURELEVEL=3
[2016.08.22-14.54.34:038][821]LightingResults: New page: Lighting Build
[2016.08.22-14.54.34:039][821]LoadErrors: New page: Loading map: Inicial.umap
[2016.08.22-14.54.34:041][821]MapCheck: New page: Map Check
[2016.08.22-14.54.34:041][821]LightingResults: New page: Lighting Build
[2016.08.22-14.54.34:254][821]LogEditorServer: Finished looking for orphan Actors (0.000 secs)
[2016.08.22-14.54.34:364][821]Cmd: MAP CHECKDEP NOCLEARLOG
[2016.08.22-14.54.34:498][821]MapCheck: Info Map check complete: 0 Error(s), 0 Warning(s), took 134.088ms to complete.
[2016.08.22-14.54.34:501][821]LogFileHelpers: Loading map 'Inicial' took 0.465
[2016.08.22-14.54.36:873][885]LogPlayLevel: PlayLevel: No blueprints needed recompiling
[2016.08.22-14.54.36:874][885]PIE: New page: PIE session: Inicial (Aug 22, 2016, 4:54:36 AM)
[2016.08.22-14.54.36:874][885]LogPlayLevel: Creating play world package: /Game/Maps/UEDPIE_0_Inicial
[2016.08.22-14.54.36:882][885]LogPlayLevel: PIE: StaticDuplicateObject took: (0.008158s)
[2016.08.22-14.54.36:883][885]LogAIModule: Creating AISystem for world Inicial
[2016.08.22-14.54.36:884][885]LogPlayLevel: PIE: World Init took: (0.001491s)
[2016.08.22-14.54.36:884][885]LogPlayLevel: PIE: Created PIE world by copying editor world from /Game/Maps/Inicial.Inicial to /Game/Maps/UEDPIE_0_Inicial.Inicial (0.010105s)
[2016.08.22-14.54.36:914][885]LogInit: XAudio2 using 'Speakers (Conexant SmartAudio HD)' : 2 channels at 48 kHz using 32 bits per sample (channel mask 0x3)
[2016.08.22-14.54.36:947][885]LogInit: FAudioDevice initialized.
[2016.08.22-14.54.37:063][885]LogWorld: Game class is 'MyGame_C'
[2016.08.22-14.54.37:070][885]LogFlex:Display: Creating a FLEX system for...
[2016.08.22-14.54.37:085][885]LogWorld: Bringing World /Game/Maps/UEDPIE_0_Inicial.Inicial up for play (max tick rate 60) at 2016.08.22-09.54.37
[2016.08.22-14.54.37:086][885]LogWorld: Bringing up level for play took: 0.019974
[2016.08.22-14.54.37:093][885]PIE: Info Play in editor start time for /Game/Maps/UEDPIE_0_Inicial -0.484
[2016.08.22-14.55.34:503][397]LogPlayLevel: PlayLevel: No blueprints needed recompiling
[2016.08.22-14.55.34:503][397]PIE: New page: PIE session: Inicial (Aug 22, 2016, 4:55:34 AM)
[2016.08.22-14.55.34:503][397]LogPlayLevel: Creating play world package: /Game/Maps/UEDPIE_0_Inicial
[2016.08.22-14.55.34:505][397]LogPlayLevel: PIE: StaticDuplicateObject took: (0.002406s)
[2016.08.22-14.55.34:506][397]LogAIModule: Creating AISystem for world Inicial
[2016.08.22-14.55.34:507][397]LogPlayLevel: PIE: World Init took: (0.001449s)
[2016.08.22-14.55.34:507][397]LogPlayLevel: PIE: Created PIE world by copying editor world from /Game/Maps/Inicial.Inicial to /Game/Maps/UEDPIE_0_Inicial.Inicial (0.004124s)
[2016.08.22-14.55.34:518][397]LogInit: XAudio2 using 'Speakers (Conexant SmartAudio HD)' : 2 channels at 48 kHz using 32 bits per sample (channel mask 0x3)
[2016.08.22-14.55.34:531][397]LogInit: FAudioDevice initialized.
[2016.08.22-14.55.34:580][397]LogWorld: Game class is 'MyGame_C'
[2016.08.22-14.55.34:583][397]LogFlex:Display: Creating a FLEX system for...
[2016.08.22-14.55.34:592][397]LogWorld: Bringing World /Game/Maps/UEDPIE_0_Inicial.Inicial up for play (max tick rate 60) at 2016.08.22-09.55.34
[2016.08.22-14.55.34:592][397]LogWorld: Bringing up level for play took: 0.011657
[2016.08.22-14.55.34:596][397]PIE: Info Play in editor start time for /Game/Maps/UEDPIE_0_Inicial 1.018
[2016.08.22-14.55.46:183][745]Cmd: OBJ SAVEPACKAGE PACKAGE="/Game/Maps/Inicial" FILE="../../../FlexProject/Content/Maps/Inicial.umap" SILENT=true AUTOSAVING=false KEEPDIRTY=false
[2016.08.22-14.55.46:433][745]LogSavePackage: Save=101.39ms
[2016.08.22-14.55.46:433][745]LogSavePackage: Moving '../../../FlexProject/Saved/Inicial3658256E49BA159FCA03ABB74063FA6E.tmp' to '../../../FlexProject/Content/Maps/Inicial.umap'
[2016.08.22-14.55.46:447][745]LogSavePackage:Display: Finished SavePackage ../../../FlexProject/Content/Maps/Inicial.umap
[2016.08.22-14.55.46:549][745]LogFileHelpers: Saving map 'Inicial' took 0.506
[2016.08.22-14.55.46:864][745]LogWindowsTextInputMethodSystem:Display: IME system now deactivated.
[2016.08.22-14.55.47:304][746]Cmd: QUIT_EDITOR
[2016.08.22-14.55.47:630][746]LogExit: Preparing to exit.
[2016.08.22-14.55.48:098][746]LogExit: Editor shut down
[2016.08.22-14.55.48:098][746]LogExit: Transaction tracking system shut down
[2016.08.22-14.55.48:454][746]LogObj: Freed 0b from 0 cluster array pools.
[2016.08.22-14.55.48:454][746]LogExit: Object subsystem successfully closed.
[2016.08.22-14.55.48:648][746]LogD3D11RHI: Shutdown
[2016.08.22-14.55.48:648][746]LogD3D11RHI: CleanupD3DDevice
[2016.08.22-14.55.48:776][746]LogD3D11RHI: ~FD3D11DynamicRHI
[2016.08.22-14.55.48:923][746]LogModuleManager: Shutting down and abandoning module MovieSceneCapture (209)
[2016.08.22-14.55.48:923][746]LogModuleManager: Shutting down and abandoning module HierarchicalLODOutliner (208)
[2016.08.22-14.55.48:923][746]LogModuleManager: Shutting down and abandoning module CrashTracker (207)
[2016.08.22-14.55.48:923][746]LogModuleManager: Shutting down and abandoning module SceneOutliner (206)
[2016.08.22-14.55.48:923][746]LogModuleManager: Shutting down and abandoning module WidgetCarousel (205)
[2016.08.22-14.55.48:923][746]LogModuleManager: Shutting down and abandoning module AddContentDialog (204)
[2016.08.22-14.55.48:924][746]LogModuleManager: Shutting down and abandoning module GameplayTags (203)
[2016.08.22-14.55.48:924][746]LogModuleManager: Shutting down and abandoning module EditorWidgets (202)
[2016.08.22-14.55.48:924][746]LogModuleManager: Shutting down and abandoning module CollectionManager (201)
[2016.08.22-14.55.48:924][746]LogModuleManager: Shutting down and abandoning module StatsViewer (200)
[2016.08.22-14.55.48:925][746]LogModuleManager: Shutting down and abandoning module FoliageEdit (199)
[2016.08.22-14.55.48:925][746]LogModuleManager: Shutting down and abandoning module LandscapeEditor (198)
[2016.08.22-14.55.48:930][746]LogModuleManager: Shutting down and abandoning module SceneDepthPickerMode (197)
[2016.08.22-14.55.48:930][746]LogModuleManager: Shutting down and abandoning module ActorPickerMode (196)
[2016.08.22-14.55.48:930][746]LogModuleManager: Shutting down and abandoning module GeometryMode (195)
[2016.08.22-14.55.48:930][746]LogModuleManager: Shutting down and abandoning module TextureAlignMode (194)
[2016.08.22-14.55.48:930][746]LogModuleManager: Shutting down and abandoning module BspMode (193)
[2016.08.22-14.55.48:930][746]LogModuleManager: Shutting down and abandoning module HardwareSurvey (192)
[2016.08.22-14.55.48:930][746]LogModuleManager: Shutting down and abandoning module SequenceRecorderSections (191)
[2016.08.22-14.55.48:930][746]LogModuleManager: Shutting down and abandoning module SequenceRecorder (190)
[2016.08.22-14.55.48:930][746]LogModuleManager: Shutting down and abandoning module AutomationWorker (189)
[2016.08.22-14.55.48:930][746]LogModuleManager: Shutting down and abandoning module MatineeToLevelSequence (188)
[2016.08.22-14.55.48:930][746]LogModuleManager: Shutting down and abandoning module PlacementMode (187)
[2016.08.22-14.55.48:937][746]LogModuleManager: Shutting down and abandoning module LevelSequenceEditor (186)
[2016.08.22-14.55.48:937][746]LogModuleManager: Shutting down and abandoning module CharacterAI (185)
[2016.08.22-14.55.48:937][746]LogModuleManager: Shutting down and abandoning module SmartSnapping (184)
[2016.08.22-14.55.48:937][746]LogModuleManager: Shutting down and abandoning module SessionServices (183)
[2016.08.22-14.55.48:937][746]LogModuleManager: Shutting down and abandoning module ViewportSnapping (182)
[2016.08.22-14.55.48:937][746]LogModuleManager: Shutting down and abandoning module LogVisualizer (181)
[2016.08.22-14.55.48:937][746]LogModuleManager: Shutting down and abandoning module GameProjectGeneration (180)
[2016.08.22-14.55.48:950][746]LogModuleManager: Shutting down and abandoning module IntroTutorials (179)
[2016.08.22-14.55.48:950][746]LogModuleManager: Shutting down and abandoning module EditorLiveStreaming (178)
[2016.08.22-14.55.48:950][746]LogModuleManager: Shutting down and abandoning module IOSPlatformEditor (177)
[2016.08.22-14.55.48:950][746]LogModuleManager: Shutting down and abandoning module HTML5PlatformEditor (176)
[2016.08.22-14.55.48:950][746]LogModuleManager: Shutting down and abandoning module AndroidDeviceDetection (175)
[2016.08.22-14.55.49:871][746]LogModuleManager: Shutting down and abandoning module AndroidPlatformEditor (174)
[2016.08.22-14.55.49:871][746]LogModuleManager: Shutting down and abandoning module IOSRuntimeSettings (173)
[2016.08.22-14.55.49:871][746]LogModuleManager: Shutting down and abandoning module AndroidRuntimeSettings (172)
[2016.08.22-14.55.49:871][746]LogModuleManager: Shutting down and abandoning module MergeActors (171)
[2016.08.22-14.55.49:949][746]LogModuleManager: Shutting down and abandoning module SizeMap (170)
[2016.08.22-14.55.49:949][746]LogModuleManager: Shutting down and abandoning module TreeMap (169)
[2016.08.22-14.55.49:949][746]LogModuleManager: Shutting down and abandoning module ReferenceViewer (168)
[2016.08.22-14.55.49:949][746]LogModuleManager: Shutting down and abandoning module LocalizationService (167)
[2016.08.22-14.55.49:949][746]LogModuleManager: Shutting down and abandoning module LocalizationDashboard (166)
[2016.08.22-14.55.49:956][746]LogModuleManager: Shutting down and abandoning module HardwareTargeting (165)
[2016.08.22-14.55.49:956][746]LogModuleManager: Shutting down and abandoning module DeviceProfileEditor (164)
[2016.08.22-14.55.49:963][746]LogModuleManager: Shutting down and abandoning module UndoHistory (163)
[2016.08.22-14.55.49:963][746]LogModuleManager: Shutting down and abandoning module UserFeedback (162)
[2016.08.22-14.55.49:963][746]LogModuleManager: Shutting down and abandoning module XmlParser (161)
[2016.08.22-14.55.49:963][746]LogModuleManager: Shutting down and abandoning module Blutility (160)
[2016.08.22-14.55.49:963][746]LogModuleManager: Shutting down and abandoning module ProjectTargetPlatformEditor (159)
[2016.08.22-14.55.49:963][746]LogModuleManager: Shutting down and abandoning module ProjectSettingsViewer (158)
[2016.08.22-14.55.49:963][746]LogModuleManager: Shutting down and abandoning module InputBindingEditor (157)
[2016.08.22-14.55.49:975][746]LogModuleManager: Shutting down and abandoning module EditorSettingsViewer (156)
[2016.08.22-14.55.49:975][746]LogModuleManager: Shutting down and abandoning module SettingsEditor (155)
[2016.08.22-14.55.49:988][746]LogModuleManager: Shutting down and abandoning module ProjectLauncher (154)
[2016.08.22-14.55.49:999][746]LogModuleManager: Shutting down and abandoning module SessionFrontend (153)
[2016.08.22-14.55.50:004][746]LogModuleManager: Shutting down and abandoning module ProfilerClient (152)
[2016.08.22-14.55.50:012][746]LogModuleManager: Shutting down and abandoning module TargetDeviceServices (151)
[2016.08.22-14.55.50:012][746]LogModuleManager: Shutting down and abandoning module DeviceManager (150)
[2016.08.22-14.55.50:072][746]LogModuleManager: Shutting down and abandoning module AutomationController (149)
[2016.08.22-14.55.50:075][746]LogModuleManager: Shutting down and abandoning module AutomationWindow (148)
[2016.08.22-14.55.50:085][746]LogModuleManager: Shutting down and abandoning module Layers (147)
[2016.08.22-14.55.50:098][746]LogModuleManager: Shutting down and abandoning module ComponentVisualizers (146)
[2016.08.22-14.55.50:098][746]LogModuleManager: Shutting down and abandoning module DetailCustomizations (145)
[2016.08.22-14.55.50:098][746]LogModuleManager: Shutting down and abandoning module PackagesDialog (144)
[2016.08.22-14.55.50:098][746]LogModuleManager: Shutting down and abandoning module Persona (143)
[2016.08.22-14.55.50:111][746]LogModuleManager: Shutting down and abandoning module Kismet (142)
[2016.08.22-14.55.50:111][746]LogModuleManager: Shutting down and abandoning module GraphEditor (141)
[2016.08.22-14.55.50:144][746]LogModuleManager: Shutting down and abandoning module ClassViewer (140)
[2016.08.22-14.55.50:150][746]LogModuleManager: Shutting down and abandoning module Toolbox (139)
[2016.08.22-14.55.50:150][746]LogModuleManager: Shutting down and abandoning module ModuleUI (138)
[2016.08.22-14.55.50:158][746]LogModuleManager: Shutting down and abandoning module MovieSceneTools (137)
[2016.08.22-14.55.50:158][746]LogModuleManager: Shutting down and abandoning module OutputLog (136)
[2016.08.22-14.55.50:158][746]LogModuleManager: Shutting down and abandoning module GammaUI (135)
[2016.08.22-14.55.50:164][746]LogModuleManager: Shutting down and abandoning module Documentation (134)
[2016.08.22-14.55.50:164][746]LogModuleManager: Shutting down and abandoning module StreamingPauseRendering (133)
[2016.08.22-14.55.50:164][746]LogModuleManager: Shutting down and abandoning module AnalyticsET (132)
[2016.08.22-14.55.50:164][746]LogModuleManager: Shutting down and abandoning module Analytics (131)
[2016.08.22-14.55.50:164][746]LogModuleManager: Shutting down and abandoning module PortalServices (130)
[2016.08.22-14.55.50:164][746]LogModuleManager: Shutting down and abandoning module PortalRpc (129)
[2016.08.22-14.55.50:164][746]LogModuleManager: Shutting down and abandoning module MessagingRpc (128)
[2016.08.22-14.55.50:164][746]LogModuleManager: Shutting down and abandoning module GameplayDebugger (127)
[2016.08.22-14.55.50:164][746]LogModuleManager: Shutting down and abandoning module AITestSuite (126)
[2016.08.22-14.55.50:164][746]LogModuleManager: Shutting down and abandoning module AIModule (125)
[2016.08.22-14.55.50:171][746]LogModuleManager: Shutting down and abandoning module ProfilerService (124)
[2016.08.22-14.55.50:315][746]LogModuleManager: Shutting down and abandoning module TaskGraph (123)
[2016.08.22-14.55.50:315][746]LogModuleManager: Shutting down and abandoning module SlateRemote (122)
[2016.08.22-14.55.50:316][746]LogModuleManager: Shutting down and abandoning module SteamVRController (121)
[2016.08.22-14.55.50:316][746]LogModuleManager: Shutting down and abandoning module SteamVR (120)
[2016.08.22-14.55.50:316][746]LogModuleManager: Shutting down and abandoning module ProceduralMeshComponent (119)
[2016.08.22-14.55.50:316][746]LogModuleManager: Shutting down and abandoning module OculusLibrary (118)
[2016.08.22-14.55.50:316][746]LogModuleManager: Shutting down and abandoning module OculusInput (117)
[2016.08.22-14.55.50:316][746]LogModuleManager: Shutting down and abandoning module CustomMeshComponent (116)
[2016.08.22-14.55.50:316][746]LogModuleManager: Shutting down and abandoning module CableComponent (115)
[2016.08.22-14.55.50:316][746]LogModuleManager: Shutting down and abandoning module ArchVisCharacter (114)
[2016.08.22-14.55.50:316][746]LogModuleManager: Shutting down and abandoning module MediaPlayerEditor (113)
[2016.08.22-14.55.50:344][746]LogModuleManager: Shutting down and abandoning module HTML5Networking (112)
[2016.08.22-14.55.50:345][746]LogModuleManager: Shutting down and abandoning module SuperSearch (111)
[2016.08.22-14.55.50:345][746]LogModuleManager: Shutting down and abandoning module SuperSearchEditor (110)
[2016.08.22-14.55.50:345][746]LogModuleManager: Shutting down and abandoning module SpeedTreeImporter (109)
[2016.08.22-14.55.50:345][746]LogModuleManager: Shutting down and abandoning module PluginBrowser (108)
[2016.08.22-14.55.50:345][746]LogModuleManager: Shutting down and abandoning module EpicSurvey (107)
[2016.08.22-14.55.50:345][746]LogModuleManager: Shutting down and abandoning module DesktopPlatform (106)
[2016.08.22-14.55.50:353][746]LogModuleManager: Shutting down and abandoning module VisualStudioSourceCodeAccess (105)
[2016.08.22-14.55.50:353][746]LogModuleManager: Shutting down and abandoning module UObjectPlugin (104)
[2016.08.22-14.55.50:353][746]LogModuleManager: Shutting down and abandoning module SubversionSourceControl (103)
[2016.08.22-14.55.50:353][746]LogModuleManager: Shutting down and abandoning module PerforceSourceControl (102)
[2016.08.22-14.55.50:353][746]LogModuleManager: Shutting down and abandoning module SourceControl (101)
[2016.08.22-14.55.50:354][746]LogModuleManager: Shutting down and abandoning module GitSourceControl (100)
[2016.08.22-14.55.50:354][746]LogModuleManager: Shutting down and abandoning module LightPropagationVolumeEditor (99)
[2016.08.22-14.55.50:354][746]LogModuleManager: Shutting down and abandoning module PaperTiledImporter (98)
[2016.08.22-14.55.50:354][746]LogModuleManager: Shutting down and abandoning module PaperSpriteSheetImporter (97)
[2016.08.22-14.55.50:354][746]LogModuleManager: Shutting down and abandoning module MeshPaint (96)
[2016.08.22-14.55.50:354][746]LogModuleManager: Shutting down and abandoning module PixelInspectorModule (95)
[2016.08.22-14.55.50:354][746]LogModuleManager: Shutting down and abandoning module HotReload (94)
[2016.08.22-14.55.50:354][746]LogModuleManager: Shutting down and abandoning module MainFrame (93)
[2016.08.22-14.55.50:354][746]LogModuleManager: Shutting down and abandoning module LevelEditor (92)
[2016.08.22-14.55.50:355][746]LogModuleManager: Shutting down and abandoning module ContentBrowser (91)
[2016.08.22-14.55.50:356][746]LogModuleManager: Shutting down and abandoning module Paper2DEditor (90)
[2016.08.22-14.55.50:367][746]LogModuleManager: Shutting down and abandoning module UdpMessaging (89)
[2016.08.22-14.55.50:468][746]LogModuleManager: Shutting down and abandoning module LightPropagationVolumeRuntime (88)
[2016.08.22-14.55.50:468][746]LogModuleManager: Shutting down and abandoning module Paper2D (87)
[2016.08.22-14.55.50:468][746]LogModuleManager: Shutting down and abandoning module WindowsMoviePlayer (86)
[2016.08.22-14.55.50:468][746]LogModuleManager: Shutting down and abandoning module Media (85)
[2016.08.22-14.55.50:468][746]LogModuleManager: Shutting down and abandoning module WmfMedia (84)
[2016.08.22-14.55.50:468][746]LogModuleManager: Shutting down and abandoning module MediaAssets (83)
[2016.08.22-14.55.50:468][746]LogModuleManager: Shutting down and abandoning module GameLiveStreaming (82)
[2016.08.22-14.55.50:468][746]LogModuleManager: Shutting down and abandoning module GameplayTagsEditor (81)
[2016.08.22-14.55.50:468][746]LogModuleManager: Shutting down and abandoning module OnlineBlueprintSupport (80)
[2016.08.22-14.55.50:468][746]LogModuleManager: Shutting down and abandoning module VREditor (79)
[2016.08.22-14.55.50:469][746]LogModuleManager: Shutting down and abandoning module GameplayTasksEditor (78)
[2016.08.22-14.55.50:469][746]LogModuleManager: Shutting down and abandoning module PropertyEditor (77)
[2016.08.22-14.55.50:469][746]LogModuleManager: Shutting down and abandoning module BehaviorTreeEditor (76)
[2016.08.22-14.55.50:492][746]LogModuleManager: Shutting down and abandoning module FunctionalTesting (75)
[2016.08.22-14.55.50:492][746]LogModuleManager: Shutting down and abandoning module CollisionAnalyzer (74)
[2016.08.22-14.55.50:499][746]LogModuleManager: Shutting down and abandoning module Sequencer (73)
[2016.08.22-14.55.50:512][746]LogModuleManager: Shutting down and abandoning module WorkspaceMenuStructure (72)
[2016.08.22-14.55.50:512][746]LogModuleManager: Shutting down and abandoning module MessageLog (71)
[2016.08.22-14.55.50:512][746]LogModuleManager: Shutting down and abandoning module AssetTools (70)
[2016.08.22-14.55.50:531][746]LogModuleManager: Shutting down and abandoning module UMGEditor (69)
[2016.08.22-14.55.50:543][746]LogModuleManager: Shutting down and abandoning module UMG (68)
[2016.08.22-14.55.50:555][746]LogModuleManager: Shutting down and abandoning module SlateReflector (67)
[2016.08.22-14.55.50:566][746]LogModuleManager: Shutting down and abandoning module Slate (66)
[2016.08.22-14.55.50:566][746]LogModuleManager: Shutting down and abandoning module EditorStyle (65)
[2016.08.22-14.55.50:568][746]LogModuleManager: Shutting down and abandoning module SourceCodeAccess (64)
[2016.08.22-14.55.50:568][746]LogModuleManager: Shutting down and abandoning module HeadMountedDisplay (63)
[2016.08.22-14.55.50:568][746]LogModuleManager: Shutting down and abandoning module XAudio2 (62)
[2016.08.22-14.55.50:568][746]LogModuleManager: Shutting down and abandoning module Networking (60)
[2016.08.22-14.55.50:568][746]LogModuleManager: Shutting down and abandoning module Core (59)
[2016.08.22-14.55.50:568][746]LogModuleManager: Shutting down and abandoning module DirectoryWatcher (58)
[2016.08.22-14.55.50:568][746]LogModuleManager: Shutting down and abandoning module AssetRegistry (57)
[2016.08.22-14.55.50:670][746]LogModuleManager: Shutting down and abandoning module KismetCompiler (56)
[2016.08.22-14.55.50:670][746]LogModuleManager: Shutting down and abandoning module PhysXFormats (55)
[2016.08.22-14.55.50:670][746]LogModuleManager: Shutting down and abandoning module MeshUtilities (54)
[2016.08.22-14.55.50:682][746]LogModuleManager: Shutting down and abandoning module DerivedDataCache (53)
[2016.08.22-14.55.50:769][746]LogDerivedDataCache: Shutdown
[2016.08.22-14.55.50:769][746]LogModuleManager: Shutting down and abandoning module MetalShaderFormat (52)
[2016.08.22-14.55.50:780][746]LogModuleManager: Shutting down and abandoning module VulkanShaderFormat (51)
[2016.08.22-14.55.50:780][746]LogModuleManager: Shutting down and abandoning module ShaderFormatD3D (50)
[2016.08.22-14.55.50:780][746]LogModuleManager: Shutting down and abandoning module ShaderFormatOpenGL (49)
[2016.08.22-14.55.50:788][746]LogModuleManager: Shutting down and abandoning module TextureFormatUncompressed (48)
[2016.08.22-14.55.50:788][746]LogModuleManager: Shutting down and abandoning module ImageWrapper (47)
[2016.08.22-14.55.50:788][746]LogModuleManager: Shutting down and abandoning module TextureFormatASTC (46)
[2016.08.22-14.55.50:788][746]LogModuleManager: Shutting down and abandoning module TextureFormatPVR (45)
[2016.08.22-14.55.50:788][746]LogModuleManager: Shutting down and abandoning module TextureFormatDXT (44)
[2016.08.22-14.55.50:788][746]LogModuleManager: Shutting down and abandoning module TextureFormatIntelISPCTexComp (43)
[2016.08.22-14.55.50:788][746]LogModuleManager: Shutting down and abandoning module AudioFormatOpus (42)
[2016.08.22-14.55.50:788][746]LogModuleManager: Shutting down and abandoning module AudioFormatOgg (41)
[2016.08.22-14.55.50:788][746]LogModuleManager: Shutting down and abandoning module AudioFormatADPCM (40)
[2016.08.22-14.55.50:788][746]LogModuleManager: Shutting down and abandoning module TVOSTargetPlatform (39)
[2016.08.22-14.55.50:788][746]LogModuleManager: Shutting down and abandoning module Messaging (38)
[2016.08.22-14.55.50:788][746]LogModuleManager: Shutting down and abandoning module IOSTargetPlatform (37)
[2016.08.22-14.55.50:788][746]LogModuleManager: Shutting down and abandoning module HTML5TargetPlatform (36)
[2016.08.22-14.55.50:788][746]LogModuleManager: Shutting down and abandoning module Android_MultiTargetPlatform (35)
[2016.08.22-14.55.50:788][746]LogModuleManager: Shutting down and abandoning module Android_ASTCTargetPlatform (34)
[2016.08.22-14.55.50:788][746]LogModuleManager: Shutting down and abandoning module Android_ETC2TargetPlatform (33)
[2016.08.22-14.55.50:788][746]LogModuleManager: Shutting down and abandoning module Android_ETC1TargetPlatform (32)
[2016.08.22-14.55.50:788][746]LogModuleManager: Shutting down and abandoning module Android_DXTTargetPlatform (31)
[2016.08.22-14.55.50:788][746]LogModuleManager: Shutting down and abandoning module Android_ATCTargetPlatform (30)
[2016.08.22-14.55.50:788][746]LogModuleManager: Shutting down and abandoning module Android_PVRTCTargetPlatform (29)
[2016.08.22-14.55.50:788][746]LogModuleManager: Shutting down and abandoning module AndroidTargetPlatform (28)
[2016.08.22-14.55.50:788][746]LogModuleManager: Shutting down and abandoning module AllDesktopTargetPlatform (27)
[2016.08.22-14.55.50:788][746]LogModuleManager: Shutting down and abandoning module WindowsClientTargetPlatform (26)
[2016.08.22-14.55.50:788][746]LogModuleManager: Shutting down and abandoning module WindowsServerTargetPlatform (25)
[2016.08.22-14.55.50:788][746]LogModuleManager: Shutting down and abandoning module WindowsNoEditorTargetPlatform (24)
[2016.08.22-14.55.50:788][746]LogModuleManager: Shutting down and abandoning module WindowsTargetPlatform (23)
[2016.08.22-14.55.50:788][746]LogModuleManager: Shutting down and abandoning module TargetPlatform (22)
[2016.08.22-14.55.50:788][746]LogModuleManager: Shutting down and abandoning module InputCore (21)
[2016.08.22-14.55.50:788][746]LogModuleManager: Shutting down and abandoning module Settings (20)
[2016.08.22-14.55.50:788][746]LogModuleManager: Shutting down and abandoning module OnlineSubsystem (18)
[2016.08.22-14.55.50:788][746]LogModuleManager: Shutting down and abandoning module HTTP (17)
[2016.08.22-14.55.52:291][746]LogModuleManager: Shutting down and abandoning module OculusRift (16)
[2016.08.22-14.55.52:345][746]LogModuleManager: Shutting down and abandoning module ExampleDeviceProfileSelector (15)
[2016.08.22-14.55.52:345][746]LogModuleManager: Shutting down and abandoning module TextureCompressor (14)
[2016.08.22-14.55.52:345][746]LogModuleManager: Shutting down and abandoning module ShaderCore (13)
[2016.08.22-14.55.52:345][746]LogModuleManager: Shutting down and abandoning module Landscape (12)
[2016.08.22-14.55.52:345][746]LogModuleManager: Shutting down and abandoning module SlateRHIRenderer (11)
[2016.08.22-14.55.52:357][746]LogModuleManager: Shutting down and abandoning module OpenGLDrv (10)
[2016.08.22-14.55.52:372][746]LogModuleManager: Shutting down and abandoning module D3D11RHI (9)
[2016.08.22-14.55.52:372][746]LogModuleManager: Shutting down and abandoning module AnimGraphRuntime (8)
[2016.08.22-14.55.52:372][746]LogModuleManager: Shutting down and abandoning module Renderer (7)
[2016.08.22-14.55.52:372][746]LogModuleManager: Shutting down and abandoning module Engine (6)
[2016.08.22-14.55.52:372][746]LogModuleManager: Shutting down and abandoning module CoreUObject (5)
[2016.08.22-14.55.52:372][746]LogModuleManager: Shutting down and abandoning module NetworkFile (4)
[2016.08.22-14.55.52:372][746]LogModuleManager: Shutting down and abandoning module StreamingFile (3)
[2016.08.22-14.55.52:372][746]LogModuleManager: Shutting down and abandoning module SandboxFile (2)
[2016.08.22-14.55.52:372][746]LogModuleManager: Shutting down and abandoning module PakFile (1)
[2016.08.22-14.55.52:374][746]LogExit: Exiting.
[2016.08.22-14.55.52:375][746]Log file closed, 08/22/16 09:55:52
