Log file open, 08/10/16 15:32:24
LogInit:Display: Running engine for game: FlexProject
LogPlatformFile: Not using cached read wrapper
LogInit:Display: RandInit(576391887) SRandInit(576391888).
LogInit: Using version manifest at CL 0 with build ID '7c48e37e-af59-471d-a33a-e5509b5ef975'
LogTaskGraph: Started task graph with 4 named threads and 7 total threads with 1 sets of task threads.
LogStats: Stats thread started at 0.072602
LogInit: Version: 4.12.4-0+UE4
LogInit: API Version: 0
LogInit: Net Version: 0
LogDevObjectVersion: Number of dev versions registered: 13
LogDevObjectVersion:   Dev-Blueprints (B0D832E4-1F89-4F0D-ACCF-7EB736FD4AA2): 3
LogDevObjectVersion:   Dev-Build (E1C64328-A22C-4D53-A36C-8E866417BD8C): 0
LogDevObjectVersion:   Dev-Core (375EC13C-06E4-48FB-B500-84F0262A717E): 1
LogDevObjectVersion:   Dev-Editor (E4B068ED-F494-42E9-A231-DA0B2E46BB41): 2
LogDevObjectVersion:   Dev-Framework (CFFC743F-43B0-4480-9391-14DF171D2073): 6
LogDevObjectVersion:   Dev-Mobile (B02B49B5-BB20-44E9-A304-32B752E40360): 0
LogDevObjectVersion:   Dev-Networking (A4E4105C-59A1-49B5-A7C5-40C4547EDFEE): 0
LogDevObjectVersion:   Dev-Online (39C831C9-5AE6-47DC-9A44-9C173E1C8E7C): 0
LogDevObjectVersion:   Dev-Physics (78F01B33-EBEA-4F98-B9B4-84EACCB95AA2): 0
LogDevObjectVersion:   Dev-Platform (6631380F-2D4D-43E0-8009-CF276956A95A): 0
LogDevObjectVersion:   Dev-Rendering (12F88B9F-8875-4AFC-A67C-D90C383ABD29): 2
LogDevObjectVersion:   Dev-Sequencer (7B5AE74C-D270-4C10-A958-57980B212A5A): 0
LogDevObjectVersion:   Dev-VR (D7296918-1DD6-4BDD-9DE2-64A83CC13884): 0
LogInit: Compiled (64-bit): Aug  3 2016 13:12:31
LogInit: Compiled with Visual C++: 19.00.23506.00
LogInit: Build Configuration: Development
LogInit: Branch Name: UE4
LogInit: Command line:  
LogInit: Base directory: D:/UnrealEngine-FleX/UnrealEngine-FleX/Engine/Binaries/Win64/
LogInit: Installed Engine Build: 0
LogInit: Using libcurl 7.41.0
LogInit:  - built for x86_64-pc-win32
LogInit:  - supports SSL with WinSSL
LogInit:  - other features:
LogInit:      CURL_VERSION_SSL
LogInit:      CURL_VERSION_IPV6
LogInit:      CURL_VERSION_ASYNCHDNS
LogInit:      CURL_VERSION_LARGEFILE
LogInit:      CURL_VERSION_IDN
LogInit:  CurlRequestOptions (configurable via config and command line):
LogInit:  - bVerifyPeer = true  - Libcurl will verify peer certificate
LogInit:  - bUseHttpProxy = false  - Libcurl will NOT use HTTP proxy
LogInit:  - bDontReuseConnections = false  - Libcurl will reuse connections
LogInit:  - CertBundlePath = nullptr  - Libcurl will use whatever was configured at build time.
LogInit: Presizing for max 8388607 objects, including 0 objects not considered by GC, pre-allocating 0 bytes for permanent pool.
LogInit: Object subsystem initialized
[2016.08.10-20.32.25:066][  0]LogInit: Selected Device Profile: [Windows]
[2016.08.10-20.32.25:066][  0]LogInit: Applying CVar settings loaded from the selected device profile: [Windows]
[2016.08.10-20.32.25:252][  0]LogInit: Computer: DESKTOP-LAGTANL
[2016.08.10-20.32.25:252][  0]LogInit: User: emman
[2016.08.10-20.32.25:252][  0]LogInit: CPU Page size=65536, Cores=4
[2016.08.10-20.32.25:252][  0]LogInit: High frequency timer resolution =2.531251 MHz
[2016.08.10-20.32.25:253][  0]LogMemory: Memory total: Physical=15.9GB (16GB approx)
[2016.08.10-20.32.25:253][  0]LogMemory: Platform Memory Stats for Windows
[2016.08.10-20.32.25:253][  0]LogMemory: Process Physical Memory: 190.43 MB used, 190.43 MB peak
[2016.08.10-20.32.25:253][  0]LogMemory: Process Virtual Memory: 195.22 MB used, 195.22 MB peak
[2016.08.10-20.32.25:253][  0]LogMemory: Physical Memory: 4009.98 MB used, 16282.52 MB total
[2016.08.10-20.32.25:253][  0]LogMemory: Virtual Memory: 552.97 MB used, 134217728.00 MB total
[2016.08.10-20.32.27:270][  0]LogTextLocalizationManager: No specific translations for ('en-US') exist, so ('en') translations will be used.
[2016.08.10-20.32.28:551][  0]LogD3D11RHI: D3D11 adapters:
[2016.08.10-20.32.28:577][  0]LogD3D11RHI:    0. 'NVIDIA GeForce GTX 960M' (Feature Level 11_0)
[2016.08.10-20.32.28:577][  0]LogD3D11RHI:       2018/0/8141 MB DedicatedVideo/DedicatedSystem/SharedSystem, Outputs:1, VendorId:0x10de
[2016.08.10-20.32.28:607][  0]LogD3D11RHI:    1. 'Intel(R) HD Graphics 530' (Feature Level 11_0)
[2016.08.10-20.32.28:607][  0]LogD3D11RHI:       128/0/8141 MB DedicatedVideo/DedicatedSystem/SharedSystem, Outputs:0, VendorId:0x8086
[2016.08.10-20.32.28:608][  0]LogD3D11RHI:    2. 'Microsoft Basic Render Driver' (Feature Level 11_0)
[2016.08.10-20.32.28:609][  0]LogD3D11RHI:       0/0/8141 MB DedicatedVideo/DedicatedSystem/SharedSystem, Outputs:0, VendorId:0x1414
[2016.08.10-20.32.28:609][  0]LogD3D11RHI: Chosen D3D11 Adapter: 0
[2016.08.10-20.32.28:619][  0]LogD3D11RHI: Creating new Direct3DDevice
[2016.08.10-20.32.28:619][  0]LogD3D11RHI:     GPU DeviceId: 0x139b (for the marketing name, search the web for "GPU Device Id")
[2016.08.10-20.32.28:619][  0]LogWindows: EnumDisplayDevices:
[2016.08.10-20.32.28:619][  0]LogWindows:    0. 'Intel(R) HD Graphics 530' (P:1 D:1)
[2016.08.10-20.32.28:619][  0]LogWindows:    1. 'Intel(R) HD Graphics 530' (P:0 D:0)
[2016.08.10-20.32.28:619][  0]LogWindows:    2. 'Intel(R) HD Graphics 530' (P:0 D:0)
[2016.08.10-20.32.28:619][  0]LogWindows: DebugString: PrimaryIsNotTheChoosenAdapter PrimaryIsNotTheChoosenAdapter PrimaryIsNotTheChoosenAdapter FoundDriverCount:0 
[2016.08.10-20.32.28:625][  0]LogD3D11RHI:     Adapter Name: NVIDIA GeForce GTX 960M
[2016.08.10-20.32.28:625][  0]LogD3D11RHI:   Driver Version: Unknown (internal:Unknown, unified:Unknown)
[2016.08.10-20.32.28:625][  0]LogD3D11RHI:      Driver Date: Unknown
[2016.08.10-20.32.28:625][  0]LogRHI: Texture pool is 1361 MB (70% of 1945 MB)
[2016.08.10-20.32.28:639][  0]LogD3D11RHI: Async texture creation enabled
[2016.08.10-20.32.29:011][  0]LogD3D11RHI: GPU Timing Frequency: 1000.000000 (Debug: 2 1)
[2016.08.10-20.32.29:132][  0]LogShaderCompilers: Guid format shader working directory is 25 characters bigger than the processId version (../../../FlexProject/Intermediate/Shaders/WorkingDirectory/16472/).
[2016.08.10-20.32.29:132][  0]LogShaderCompilers: Cleaned the shader compiler working directory 'C:/Users/emman/AppData/Local/Temp/UnrealShaderWorkingDir/A7107C9240BCC44614B4D39BECF04EC7/'.
[2016.08.10-20.32.29:139][  0]LogShaderCompilers:Display: Using Local Shader Compiler.
[2016.08.10-20.32.31:435][  0]LogTemp:Display: Loaded TP WindowsTargetPlatform
[2016.08.10-20.32.31:458][  0]LogTemp:Display: Loaded TP WindowsNoEditorTargetPlatform
[2016.08.10-20.32.31:466][  0]LogTemp:Display: Loaded TP WindowsServerTargetPlatform
[2016.08.10-20.32.31:474][  0]LogTemp:Display: Loaded TP WindowsClientTargetPlatform
[2016.08.10-20.32.31:480][  0]LogTemp:Display: Loaded TP AllDesktopTargetPlatform
[2016.08.10-20.32.31:488][  0]LogTemp:Display: Loaded TP AndroidTargetPlatform
[2016.08.10-20.32.31:496][  0]LogTemp:Display: Loaded TP Android_PVRTCTargetPlatform
[2016.08.10-20.32.31:504][  0]LogTemp:Display: Loaded TP Android_ATCTargetPlatform
[2016.08.10-20.32.31:511][  0]LogTemp:Display: Loaded TP Android_DXTTargetPlatform
[2016.08.10-20.32.31:520][  0]LogTemp:Display: Loaded TP Android_ETC1TargetPlatform
[2016.08.10-20.32.31:528][  0]LogTemp:Display: Loaded TP Android_ETC2TargetPlatform
[2016.08.10-20.32.31:536][  0]LogTemp:Display: Loaded TP Android_ASTCTargetPlatform
[2016.08.10-20.32.31:544][  0]LogTemp:Display: Loaded TP Android_MultiTargetPlatform
[2016.08.10-20.32.31:546][  0]LogTemp:Display: Loaded TP HTML5TargetPlatform
[2016.08.10-20.32.31:600][  0]LogTemp:Display: Loaded TP IOSTargetPlatform
[2016.08.10-20.32.31:606][  0]LogTemp:Display: Loaded TP TVOSTargetPlatform
[2016.08.10-20.32.31:606][  0]LogTargetPlatformManager:Display: Building Assets For Windows
[2016.08.10-20.32.32:183][  0]LogDerivedDataCache:Display: Max Cache Size: 512 MB
[2016.08.10-20.32.32:862][  0]LogDerivedDataCache: Loaded boot cache 0.67s 54MB ../../../FlexProject/DerivedDataCache/Boot.ddc.
[2016.08.10-20.32.32:862][  0]LogDerivedDataCache:Display: Loaded Boot cache: ../../../FlexProject/DerivedDataCache/Boot.ddc
[2016.08.10-20.32.32:862][  0]LogDerivedDataCache: FDerivedDataBackendGraph:  Pak pak cache file ../../../FlexProject/DerivedDataCache/DDC.ddp not found, will not use a pak cache.
[2016.08.10-20.32.32:862][  0]LogDerivedDataCache: Unable to find inner node Pak for hierarchical cache Hierarchy.
[2016.08.10-20.32.32:874][  0]LogDerivedDataCache: FDerivedDataBackendGraph:  EnginePak pak cache file ../../../Engine/DerivedDataCache/DDC.ddp not found, will not use a pak cache.
[2016.08.10-20.32.32:874][  0]LogDerivedDataCache: Unable to find inner node EnginePak for hierarchical cache Hierarchy.
[2016.08.10-20.32.32:892][  0]LogDerivedDataCache: Using Local data cache path ../../../Engine/DerivedDataCache: Writable
[2016.08.10-20.32.32:892][  0]LogDerivedDataCache: Shared data cache path not found in *engine.ini, will not use an Shared cache.
[2016.08.10-20.32.32:892][  0]LogDerivedDataCache: Unable to find inner node Shared for hierarchical cache Hierarchy.
[2016.08.10-20.32.39:580][  0]LogInit: Selected Device Profile: [Windows]
[2016.08.10-20.32.39:795][  0]LogContentStreaming: Texture pool size is 0.00 MB
[2016.08.10-20.32.42:856][  0]LogMeshUtilities: No automatic mesh reduction module available
[2016.08.10-20.32.42:856][  0]LogMeshUtilities: No automatic mesh merging module available
[2016.08.10-20.32.42:856][  0]LogMeshUtilities: No distributed automatic mesh merging module available
[2016.08.10-20.32.46:827][  0]LogAssetRegistry: FAssetRegistry took 0.0275 seconds to start up
[2016.08.10-20.32.47:136][  0]LogPackageLocalizationCache: Processed 3 localized package path(s) for 2 prioritized culture(s) in 0.191700 seconds
[2016.08.10-20.32.47:202][  0]LogUObjectArray: 28946 objects as part of root set at end of initial load.
[2016.08.10-20.32.47:202][  0]LogUObjectAllocator: 5899888 out of 0 bytes used by permanent object pool.
[2016.08.10-20.32.47:202][  0]LogUObjectArray: CloseDisregardForGC: 0/0 objects in disregard for GC pool
[2016.08.10-20.32.47:344][  0]LogInit: WinSock: version 1.1 (2.2), MaxSocks=32767, MaxUdp=65467
[2016.08.10-20.32.55:075][  0]LogSlate: SlateFontCache - WITH_FREETYPE: 1, WITH_HARFBUZZ: 1
[2016.08.10-20.32.55:075][  0]LogSlate: SlateFontCache - WITH_FREETYPE: 1, WITH_HARFBUZZ: 1
[2016.08.10-20.33.04:815][  0]LogUdpMessaging: Initializing bridge on interface 0.0.0.0:0 to multicast group 230.0.0.1:6666.
[2016.08.10-20.33.06:610][  0]SourceControl: Info Source control is disabled
[2016.08.10-20.33.06:748][  0]SourceControl: Info Source control is disabled
[2016.08.10-20.33.06:832][  0]SourceControl: Info Source control is disabled
[2016.08.10-20.33.06:903][  0]SourceControl: Info Source control is disabled
[2016.08.10-20.33.08:287][  0]LogEngine: Initializing Engine...
[2016.08.10-20.33.08:340][  0]LogHMD: SteamVR failed to initialize.  Err: 110
[2016.08.10-20.33.08:349][  0]LogHMD: SteamVR failed to initialize.  Err: 110
[2016.08.10-20.33.09:226][  0]LogAIModule: Creating AISystem for world NewWorld
[2016.08.10-20.33.09:342][  0]LogInit: XAudio2 using 'Speakers (Conexant SmartAudio HD)' : 2 channels at 48 kHz using 32 bits per sample (channel mask 0x3)
[2016.08.10-20.33.09:370][  0]LogInit: FAudioDevice initialized.
[2016.08.10-20.33.09:448][  0]LogDerivedDataCache: Saved boot cache 0.08s 54MB ../../../FlexProject/DerivedDataCache/Boot.ddc.
[2016.08.10-20.33.09:455][  0]LogInit: Texture streaming: Enabled
[2016.08.10-20.33.09:939][  0]LogInit: Transaction tracking system initialized
[2016.08.10-20.33.10:523][  0]BlueprintLog: New page: Editor Load
[2016.08.10-20.33.12:586][  0]LocalizationService: Info Localization service is disabled
[2016.08.10-20.33.13:470][  0]LogConsoleResponse:Display: 
[2016.08.10-20.33.16:175][  0]LogFileCache: Scanning file cache for directory 'D:/UnrealEngine-FleX/UnrealEngine-FleX/FlexProject/Content/' took 0.01s
[2016.08.10-20.33.16:175][  0]LogCook:Display: Max memory allowance for cook 8192mb
[2016.08.10-20.33.16:175][  0]LogCook:Display: Mobile HDR setting 1
[2016.08.10-20.33.19:971][  0]SourceControl: Info Source control is disabled
[2016.08.10-20.33.20:103][  0]Cmd: MAP LOAD FILE="../../../FlexProject/Content/Maps/flexSoftTestMap.umap" TEMPLATE=0 SHOWPROGRESS=1 FEATURELEVEL=3
[2016.08.10-20.33.20:149][  0]LightingResults: New page: Lighting Build
[2016.08.10-20.33.20:384][  0]MapCheck: New page: Map Check
[2016.08.10-20.33.20:384][  0]LightingResults: New page: Lighting Build
[2016.08.10-20.33.23:394][  0]LogAIModule: Creating AISystem for world flexSoftTestMap
[2016.08.10-20.33.23:960][  0]LogEditorServer: Finished looking for orphan Actors (0.000 secs)
[2016.08.10-20.33.24:006][  0]Cmd: MAP CHECKDEP NOCLEARLOG
[2016.08.10-20.33.24:057][  0]MapCheck: Info Map check complete: 0 Error(s), 0 Warning(s), took 50.778ms to complete.
[2016.08.10-20.33.24:057][  0]LogFileHelpers: Loading map 'flexSoftTestMap' took 4.067
[2016.08.10-20.33.25:164][  0]LogCollectionManager: Loaded 0 collections in 0.006054 seconds
[2016.08.10-20.33.25:338][  0]LogFileCache: Scanning file cache for directory 'D:/UnrealEngine-FleX/UnrealEngine-FleX/FlexProject/Saved/Collections/' took 0.01s
[2016.08.10-20.33.25:338][  0]LogFileCache: Scanning file cache for directory 'D:/UnrealEngine-FleX/UnrealEngine-FleX/FlexProject/Content/Developers/emman/Collections/' took 0.01s
[2016.08.10-20.33.25:338][  0]LogFileCache: Scanning file cache for directory 'D:/UnrealEngine-FleX/UnrealEngine-FleX/FlexProject/Content/Collections/' took 0.01s
[2016.08.10-20.33.25:338][  0]LogCollectionManager: Rebuilt the GUID cache for 0 collections in 0.000002 seconds
[2016.08.10-20.33.25:356][  0]LogContentBrowser: Native class hierarchy populated in 0.0173 seconds. Added 2065 classes and 368 folders.
[2016.08.10-20.33.25:406][  0]LogStats: UGameplayTagsManager::ConstructGameplayTagTree: Construct from data asset -  0.011 s
[2016.08.10-20.33.25:406][  0]LogStats: UGameplayTagsManager::ConstructGameplayTagTree: GameplayTagTreeChangedEvent.Broadcast -  0.000 s
[2016.08.10-20.33.25:407][  0]LogContentBrowser: Native class hierarchy updated for 'GameplayTags' in 0.0007 seconds. Added 12 classes and 0 folders.
[2016.08.10-20.33.25:437][  0]LogContentBrowser: Native class hierarchy updated for 'WidgetCarousel' in 0.0003 seconds. Added 0 classes and 0 folders.
[2016.08.10-20.33.26:829][  0]LogContentBrowser: Native class hierarchy updated for 'AddContentDialog' in 0.0005 seconds. Added 0 classes and 0 folders.
[2016.08.10-20.33.26:907][  0]LogContentBrowser: Native class hierarchy updated for 'SceneOutliner' in 0.0004 seconds. Added 1 classes and 2 folders.
[2016.08.10-20.33.27:794][  0]LogCrashTracker: Crashtracker disabled due to settings.
[2016.08.10-20.33.28:055][  0]LogUObjectGlobals:Warning: Failed to find object 'Class None.'
[2016.08.10-20.33.28:143][  0]LogContentBrowser: Native class hierarchy updated for 'HierarchicalLODOutliner' in 0.0004 seconds. Added 1 classes and 2 folders.
[2016.08.10-20.33.28:144][  0]LogLoad: Full Startup: 65.17 seconds (BP compile: 0.73 seconds)
[2016.08.10-20.33.28:144][  0]LogExternalProfiler: No external profilers were discovered.  External profiling features will not be available.
[2016.08.10-20.33.28:160][  0]LogOcInput: OculusInput pre-init called
[2016.08.10-20.33.28:402][  0]LogContentStreaming: Texture pool size now 200 MB
[2016.08.10-20.33.29:709][  1]LogRenderer: Reallocating scene render targets to support 828x388 (Frame:2).
[2016.08.10-20.33.30:056][  2]LogAssetRegistry: Asset discovery search completed in 43.2523 seconds
[2016.08.10-20.33.30:056][  2]LogCollectionManager: Rebuilt the object cache for 0 collections in 0.000000 seconds (found 0 objects)
[2016.08.10-20.33.30:089][  2]LogCollectionManager: Fixed up redirectors for 0 collections in 0.033079 seconds (updated 0 objects)
[2016.08.10-20.33.45:436][619]LogAIModule: Creating AISystem for world Example
[2016.08.10-20.33.45:497][619]Cmd: MAP LOAD FILE="../../../FlexProject/Content/Maps/Example.umap" TEMPLATE=0 SHOWPROGRESS=1 FEATURELEVEL=3
[2016.08.10-20.33.45:497][619]LightingResults: New page: Lighting Build
[2016.08.10-20.33.45:498][619]LoadErrors: New page: Loading map: Example.umap
[2016.08.10-20.33.45:499][619]MapCheck: New page: Map Check
[2016.08.10-20.33.45:499][619]LightingResults: New page: Lighting Build
[2016.08.10-20.33.45:558][619]LogEditorServer: Finished looking for orphan Actors (0.000 secs)
[2016.08.10-20.33.45:577][619]Cmd: MAP CHECKDEP NOCLEARLOG
[2016.08.10-20.33.45:604][619]MapCheck: Info Map check complete: 0 Error(s), 0 Warning(s), took 26.515ms to complete.
[2016.08.10-20.33.45:604][619]LogFileHelpers: Loading map 'Example' took 0.127
[2016.08.10-20.33.51:339][290]LogEditorViewport: Clicking on Actor (LMB): FlexActor (Sphere)
[2016.08.10-20.34.23:274][927]LogRenderer: Reallocating scene render targets to support 964x436 (Frame:5530).
[2016.08.10-20.34.57:517][969]LogEditorViewport: Clicking on Actor (LMB): FlexActor (Sphere)
[2016.08.10-20.34.58:000][ 26]LogEditorViewport: Clicking on Actor (context menu): BP_Sky_Sphere_C (Sky Sphere)
[2016.08.10-20.34.58:568][ 82]LogEditorViewport: Clicking on Actor (LMB): StaticMeshActor (Floor)
[2016.08.10-20.34.58:904][118]LogEditorViewport: Clicking on Actor (LMB): FlexActor (Sphere)
[2016.08.10-20.34.59:849][227]LogEditorViewport: Clicking on Actor (context menu): FlexActor (Sphere)
[2016.08.10-20.35.01:481][375]LogRenderer: Reallocating scene render targets to support 1144x708 (Frame:9166).
[2016.08.10-20.35.01:481][375]LogSlateStyle:Warning: Unable to find Slate Widget Style 'TextBlock.HighlighColor'. Using FTextBlockStyle defaults instead.
[2016.08.10-20.35.01:482][375]LogSlateStyle:Warning: Unable to find Slate Widget Style 'TextBlock.HighlighColor'. Using FTextBlockStyle defaults instead.
[2016.08.10-20.35.01:482][375]LogSlateStyle:Warning: Unable to find Slate Widget Style 'TextBlock.HighlighColor'. Using FTextBlockStyle defaults instead.
[2016.08.10-20.35.01:523][376]LogSlateStyle:Warning: Unable to find Slate Widget Style 'TextBlock.HighlighColor'. Using FTextBlockStyle defaults instead.
[2016.08.10-20.35.01:523][376]LogSlateStyle:Warning: Unable to find Slate Widget Style 'TextBlock.HighlighColor'. Using FTextBlockStyle defaults instead.
[2016.08.10-20.35.01:523][376]LogSlateStyle:Warning: Unable to find Slate Widget Style 'TextBlock.HighlighColor'. Using FTextBlockStyle defaults instead.
[2016.08.10-20.35.01:594][383]LogSlateStyle:Warning: Unable to find Slate Widget Style 'TextBlock.HighlighColor'. Using FTextBlockStyle defaults instead.
[2016.08.10-20.35.01:594][383]LogSlateStyle:Warning: Unable to find Slate Widget Style 'TextBlock.HighlighColor'. Using FTextBlockStyle defaults instead.
[2016.08.10-20.35.01:594][383]LogSlateStyle:Warning: Unable to find Slate Widget Style 'TextBlock.HighlighColor'. Using FTextBlockStyle defaults instead.
[2016.08.10-20.35.02:545][494]LogSlateStyle:Warning: Unable to find Slate Widget Style 'TextBlock.HighlighColor'. Using FTextBlockStyle defaults instead.
[2016.08.10-20.35.02:545][494]LogSlateStyle:Warning: Unable to find Slate Widget Style 'TextBlock.HighlighColor'. Using FTextBlockStyle defaults instead.
[2016.08.10-20.35.02:545][494]LogSlateStyle:Warning: Unable to find Slate Widget Style 'TextBlock.HighlighColor'. Using FTextBlockStyle defaults instead.
[2016.08.10-20.35.02:560][495]LogSlateStyle:Warning: Unable to find Slate Widget Style 'TextBlock.HighlighColor'. Using FTextBlockStyle defaults instead.
[2016.08.10-20.35.02:560][495]LogSlateStyle:Warning: Unable to find Slate Widget Style 'TextBlock.HighlighColor'. Using FTextBlockStyle defaults instead.
[2016.08.10-20.35.02:561][495]LogSlateStyle:Warning: Unable to find Slate Widget Style 'TextBlock.HighlighColor'. Using FTextBlockStyle defaults instead.
[2016.08.10-20.35.02:578][496]LogSlateStyle:Warning: Unable to find Slate Widget Style 'TextBlock.HighlighColor'. Using FTextBlockStyle defaults instead.
[2016.08.10-20.35.02:578][496]LogSlateStyle:Warning: Unable to find Slate Widget Style 'TextBlock.HighlighColor'. Using FTextBlockStyle defaults instead.
[2016.08.10-20.35.02:578][496]LogSlateStyle:Warning: Unable to find Slate Widget Style 'TextBlock.HighlighColor'. Using FTextBlockStyle defaults instead.
[2016.08.10-20.35.02:591][497]LogSlateStyle:Warning: Unable to find Slate Widget Style 'TextBlock.HighlighColor'. Using FTextBlockStyle defaults instead.
[2016.08.10-20.35.02:591][497]LogSlateStyle:Warning: Unable to find Slate Widget Style 'TextBlock.HighlighColor'. Using FTextBlockStyle defaults instead.
[2016.08.10-20.35.02:591][497]LogSlateStyle:Warning: Unable to find Slate Widget Style 'TextBlock.HighlighColor'. Using FTextBlockStyle defaults instead.
[2016.08.10-20.35.02:607][498]LogSlateStyle:Warning: Unable to find Slate Widget Style 'TextBlock.HighlighColor'. Using FTextBlockStyle defaults instead.
[2016.08.10-20.35.02:607][498]LogSlateStyle:Warning: Unable to find Slate Widget Style 'TextBlock.HighlighColor'. Using FTextBlockStyle defaults instead.
[2016.08.10-20.35.02:607][498]LogSlateStyle:Warning: Unable to find Slate Widget Style 'TextBlock.HighlighColor'. Using FTextBlockStyle defaults instead.
[2016.08.10-20.35.02:620][499]LogSlateStyle:Warning: Unable to find Slate Widget Style 'TextBlock.HighlighColor'. Using FTextBlockStyle defaults instead.
[2016.08.10-20.35.02:620][499]LogSlateStyle:Warning: Unable to find Slate Widget Style 'TextBlock.HighlighColor'. Using FTextBlockStyle defaults instead.
[2016.08.10-20.35.02:620][499]LogSlateStyle:Warning: Unable to find Slate Widget Style 'TextBlock.HighlighColor'. Using FTextBlockStyle defaults instead.
[2016.08.10-20.35.02:632][500]LogSlateStyle:Warning: Unable to find Slate Widget Style 'TextBlock.HighlighColor'. Using FTextBlockStyle defaults instead.
[2016.08.10-20.35.02:632][500]LogSlateStyle:Warning: Unable to find Slate Widget Style 'TextBlock.HighlighColor'. Using FTextBlockStyle defaults instead.
[2016.08.10-20.35.02:633][500]LogSlateStyle:Warning: Unable to find Slate Widget Style 'TextBlock.HighlighColor'. Using FTextBlockStyle defaults instead.
[2016.08.10-20.35.02:646][501]LogSlateStyle:Warning: Unable to find Slate Widget Style 'TextBlock.HighlighColor'. Using FTextBlockStyle defaults instead.
[2016.08.10-20.35.02:646][501]LogSlateStyle:Warning: Unable to find Slate Widget Style 'TextBlock.HighlighColor'. Using FTextBlockStyle defaults instead.
[2016.08.10-20.35.02:646][501]LogSlateStyle:Warning: Unable to find Slate Widget Style 'TextBlock.HighlighColor'. Using FTextBlockStyle defaults instead.
[2016.08.10-20.35.02:659][502]LogSlateStyle:Warning: Unable to find Slate Widget Style 'TextBlock.HighlighColor'. Using FTextBlockStyle defaults instead.
[2016.08.10-20.35.02:659][502]LogSlateStyle:Warning: Unable to find Slate Widget Style 'TextBlock.HighlighColor'. Using FTextBlockStyle defaults instead.
[2016.08.10-20.35.02:659][502]LogSlateStyle:Warning: Unable to find Slate Widget Style 'TextBlock.HighlighColor'. Using FTextBlockStyle defaults instead.
[2016.08.10-20.35.02:674][503]LogSlateStyle:Warning: Unable to find Slate Widget Style 'TextBlock.HighlighColor'. Using FTextBlockStyle defaults instead.
[2016.08.10-20.35.02:674][503]LogSlateStyle:Warning: Unable to find Slate Widget Style 'TextBlock.HighlighColor'. Using FTextBlockStyle defaults instead.
[2016.08.10-20.35.02:674][503]LogSlateStyle:Warning: Unable to find Slate Widget Style 'TextBlock.HighlighColor'. Using FTextBlockStyle defaults instead.
[2016.08.10-20.35.02:689][504]LogSlateStyle:Warning: Unable to find Slate Widget Style 'TextBlock.HighlighColor'. Using FTextBlockStyle defaults instead.
[2016.08.10-20.35.02:689][504]LogSlateStyle:Warning: Unable to find Slate Widget Style 'TextBlock.HighlighColor'. Using FTextBlockStyle defaults instead.
[2016.08.10-20.35.02:689][504]LogSlateStyle:Warning: Unable to find Slate Widget Style 'TextBlock.HighlighColor'. Using FTextBlockStyle defaults instead.
[2016.08.10-20.35.02:751][511]LogSlateStyle:Warning: Unable to find Slate Widget Style 'TextBlock.HighlighColor'. Using FTextBlockStyle defaults instead.
[2016.08.10-20.35.02:751][511]LogSlateStyle:Warning: Unable to find Slate Widget Style 'TextBlock.HighlighColor'. Using FTextBlockStyle defaults instead.
[2016.08.10-20.35.02:751][511]LogSlateStyle:Warning: Unable to find Slate Widget Style 'TextBlock.HighlighColor'. Using FTextBlockStyle defaults instead.
[2016.08.10-20.35.02:763][512]LogSlateStyle:Warning: Unable to find Slate Widget Style 'TextBlock.HighlighColor'. Using FTextBlockStyle defaults instead.
[2016.08.10-20.35.02:764][512]LogSlateStyle:Warning: Unable to find Slate Widget Style 'TextBlock.HighlighColor'. Using FTextBlockStyle defaults instead.
[2016.08.10-20.35.02:764][512]LogSlateStyle:Warning: Unable to find Slate Widget Style 'TextBlock.HighlighColor'. Using FTextBlockStyle defaults instead.
[2016.08.10-20.35.02:774][513]LogSlateStyle:Warning: Unable to find Slate Widget Style 'TextBlock.HighlighColor'. Using FTextBlockStyle defaults instead.
[2016.08.10-20.35.02:774][513]LogSlateStyle:Warning: Unable to find Slate Widget Style 'TextBlock.HighlighColor'. Using FTextBlockStyle defaults instead.
[2016.08.10-20.35.02:774][513]LogSlateStyle:Warning: Unable to find Slate Widget Style 'TextBlock.HighlighColor'. Using FTextBlockStyle defaults instead.
[2016.08.10-20.35.02:784][514]LogSlateStyle:Warning: Unable to find Slate Widget Style 'TextBlock.HighlighColor'. Using FTextBlockStyle defaults instead.
[2016.08.10-20.35.02:784][514]LogSlateStyle:Warning: Unable to find Slate Widget Style 'TextBlock.HighlighColor'. Using FTextBlockStyle defaults instead.
[2016.08.10-20.35.02:785][514]LogSlateStyle:Warning: Unable to find Slate Widget Style 'TextBlock.HighlighColor'. Using FTextBlockStyle defaults instead.
[2016.08.10-20.35.02:796][515]LogSlateStyle:Warning: Unable to find Slate Widget Style 'TextBlock.HighlighColor'. Using FTextBlockStyle defaults instead.
[2016.08.10-20.35.02:796][515]LogSlateStyle:Warning: Unable to find Slate Widget Style 'TextBlock.HighlighColor'. Using FTextBlockStyle defaults instead.
[2016.08.10-20.35.02:796][515]LogSlateStyle:Warning: Unable to find Slate Widget Style 'TextBlock.HighlighColor'. Using FTextBlockStyle defaults instead.
[2016.08.10-20.35.02:809][516]LogSlateStyle:Warning: Unable to find Slate Widget Style 'TextBlock.HighlighColor'. Using FTextBlockStyle defaults instead.
[2016.08.10-20.35.02:809][516]LogSlateStyle:Warning: Unable to find Slate Widget Style 'TextBlock.HighlighColor'. Using FTextBlockStyle defaults instead.
[2016.08.10-20.35.02:809][516]LogSlateStyle:Warning: Unable to find Slate Widget Style 'TextBlock.HighlighColor'. Using FTextBlockStyle defaults instead.
[2016.08.10-20.35.02:819][517]LogSlateStyle:Warning: Unable to find Slate Widget Style 'TextBlock.HighlighColor'. Using FTextBlockStyle defaults instead.
[2016.08.10-20.35.02:819][517]LogSlateStyle:Warning: Unable to find Slate Widget Style 'TextBlock.HighlighColor'. Using FTextBlockStyle defaults instead.
[2016.08.10-20.35.02:819][517]LogSlateStyle:Warning: Unable to find Slate Widget Style 'TextBlock.HighlighColor'. Using FTextBlockStyle defaults instead.
[2016.08.10-20.35.02:827][518]LogSlateStyle:Warning: Unable to find Slate Widget Style 'TextBlock.HighlighColor'. Using FTextBlockStyle defaults instead.
[2016.08.10-20.35.02:827][518]LogSlateStyle:Warning: Unable to find Slate Widget Style 'TextBlock.HighlighColor'. Using FTextBlockStyle defaults instead.
[2016.08.10-20.35.02:827][518]LogSlateStyle:Warning: Unable to find Slate Widget Style 'TextBlock.HighlighColor'. Using FTextBlockStyle defaults instead.
[2016.08.10-20.35.02:837][519]LogSlateStyle:Warning: Unable to find Slate Widget Style 'TextBlock.HighlighColor'. Using FTextBlockStyle defaults instead.
[2016.08.10-20.35.02:837][519]LogSlateStyle:Warning: Unable to find Slate Widget Style 'TextBlock.HighlighColor'. Using FTextBlockStyle defaults instead.
[2016.08.10-20.35.02:837][519]LogSlateStyle:Warning: Unable to find Slate Widget Style 'TextBlock.HighlighColor'. Using FTextBlockStyle defaults instead.
[2016.08.10-20.35.02:846][520]LogSlateStyle:Warning: Unable to find Slate Widget Style 'TextBlock.HighlighColor'. Using FTextBlockStyle defaults instead.
[2016.08.10-20.35.02:846][520]LogSlateStyle:Warning: Unable to find Slate Widget Style 'TextBlock.HighlighColor'. Using FTextBlockStyle defaults instead.
[2016.08.10-20.35.02:846][520]LogSlateStyle:Warning: Unable to find Slate Widget Style 'TextBlock.HighlighColor'. Using FTextBlockStyle defaults instead.
[2016.08.10-20.35.03:356][581]LogSlateStyle:Warning: Unable to find Slate Widget Style 'TextBlock.HighlighColor'. Using FTextBlockStyle defaults instead.
[2016.08.10-20.35.03:356][581]LogSlateStyle:Warning: Unable to find Slate Widget Style 'TextBlock.HighlighColor'. Using FTextBlockStyle defaults instead.
[2016.08.10-20.35.03:356][581]LogSlateStyle:Warning: Unable to find Slate Widget Style 'TextBlock.HighlighColor'. Using FTextBlockStyle defaults instead.
[2016.08.10-20.35.03:372][582]LogSlateStyle:Warning: Unable to find Slate Widget Style 'TextBlock.HighlighColor'. Using FTextBlockStyle defaults instead.
[2016.08.10-20.35.03:372][582]LogSlateStyle:Warning: Unable to find Slate Widget Style 'TextBlock.HighlighColor'. Using FTextBlockStyle defaults instead.
[2016.08.10-20.35.03:372][582]LogSlateStyle:Warning: Unable to find Slate Widget Style 'TextBlock.HighlighColor'. Using FTextBlockStyle defaults instead.
[2016.08.10-20.35.03:385][583]LogSlateStyle:Warning: Unable to find Slate Widget Style 'TextBlock.HighlighColor'. Using FTextBlockStyle defaults instead.
[2016.08.10-20.35.03:385][583]LogSlateStyle:Warning: Unable to find Slate Widget Style 'TextBlock.HighlighColor'. Using FTextBlockStyle defaults instead.
[2016.08.10-20.35.03:385][583]LogSlateStyle:Warning: Unable to find Slate Widget Style 'TextBlock.HighlighColor'. Using FTextBlockStyle defaults instead.
[2016.08.10-20.35.03:396][584]LogSlateStyle:Warning: Unable to find Slate Widget Style 'TextBlock.HighlighColor'. Using FTextBlockStyle defaults instead.
[2016.08.10-20.35.03:396][584]LogSlateStyle:Warning: Unable to find Slate Widget Style 'TextBlock.HighlighColor'. Using FTextBlockStyle defaults instead.
[2016.08.10-20.35.03:396][584]LogSlateStyle:Warning: Unable to find Slate Widget Style 'TextBlock.HighlighColor'. Using FTextBlockStyle defaults instead.
[2016.08.10-20.35.03:410][585]LogSlateStyle:Warning: Unable to find Slate Widget Style 'TextBlock.HighlighColor'. Using FTextBlockStyle defaults instead.
[2016.08.10-20.35.03:410][585]LogSlateStyle:Warning: Unable to find Slate Widget Style 'TextBlock.HighlighColor'. Using FTextBlockStyle defaults instead.
[2016.08.10-20.35.03:410][585]LogSlateStyle:Warning: Unable to find Slate Widget Style 'TextBlock.HighlighColor'. Using FTextBlockStyle defaults instead.
[2016.08.10-20.35.03:424][586]LogSlateStyle:Warning: Unable to find Slate Widget Style 'TextBlock.HighlighColor'. Using FTextBlockStyle defaults instead.
[2016.08.10-20.35.03:424][586]LogSlateStyle:Warning: Unable to find Slate Widget Style 'TextBlock.HighlighColor'. Using FTextBlockStyle defaults instead.
[2016.08.10-20.35.03:424][586]LogSlateStyle:Warning: Unable to find Slate Widget Style 'TextBlock.HighlighColor'. Using FTextBlockStyle defaults instead.
[2016.08.10-20.35.03:437][587]LogSlateStyle:Warning: Unable to find Slate Widget Style 'TextBlock.HighlighColor'. Using FTextBlockStyle defaults instead.
[2016.08.10-20.35.03:437][587]LogSlateStyle:Warning: Unable to find Slate Widget Style 'TextBlock.HighlighColor'. Using FTextBlockStyle defaults instead.
[2016.08.10-20.35.03:437][587]LogSlateStyle:Warning: Unable to find Slate Widget Style 'TextBlock.HighlighColor'. Using FTextBlockStyle defaults instead.
[2016.08.10-20.35.03:449][588]LogSlateStyle:Warning: Unable to find Slate Widget Style 'TextBlock.HighlighColor'. Using FTextBlockStyle defaults instead.
[2016.08.10-20.35.03:449][588]LogSlateStyle:Warning: Unable to find Slate Widget Style 'TextBlock.HighlighColor'. Using FTextBlockStyle defaults instead.
[2016.08.10-20.35.03:449][588]LogSlateStyle:Warning: Unable to find Slate Widget Style 'TextBlock.HighlighColor'. Using FTextBlockStyle defaults instead.
[2016.08.10-20.35.03:462][589]LogSlateStyle:Warning: Unable to find Slate Widget Style 'TextBlock.HighlighColor'. Using FTextBlockStyle defaults instead.
[2016.08.10-20.35.03:462][589]LogSlateStyle:Warning: Unable to find Slate Widget Style 'TextBlock.HighlighColor'. Using FTextBlockStyle defaults instead.
[2016.08.10-20.35.03:462][589]LogSlateStyle:Warning: Unable to find Slate Widget Style 'TextBlock.HighlighColor'. Using FTextBlockStyle defaults instead.
[2016.08.10-20.35.03:476][590]LogSlateStyle:Warning: Unable to find Slate Widget Style 'TextBlock.HighlighColor'. Using FTextBlockStyle defaults instead.
[2016.08.10-20.35.03:476][590]LogSlateStyle:Warning: Unable to find Slate Widget Style 'TextBlock.HighlighColor'. Using FTextBlockStyle defaults instead.
[2016.08.10-20.35.03:476][590]LogSlateStyle:Warning: Unable to find Slate Widget Style 'TextBlock.HighlighColor'. Using FTextBlockStyle defaults instead.
[2016.08.10-20.35.03:490][591]LogSlateStyle:Warning: Unable to find Slate Widget Style 'TextBlock.HighlighColor'. Using FTextBlockStyle defaults instead.
[2016.08.10-20.35.03:490][591]LogSlateStyle:Warning: Unable to find Slate Widget Style 'TextBlock.HighlighColor'. Using FTextBlockStyle defaults instead.
[2016.08.10-20.35.03:490][591]LogSlateStyle:Warning: Unable to find Slate Widget Style 'TextBlock.HighlighColor'. Using FTextBlockStyle defaults instead.
[2016.08.10-20.35.03:725][619]LogSlateStyle:Warning: Unable to find Slate Widget Style 'TextBlock.HighlighColor'. Using FTextBlockStyle defaults instead.
[2016.08.10-20.35.03:725][619]LogSlateStyle:Warning: Unable to find Slate Widget Style 'TextBlock.HighlighColor'. Using FTextBlockStyle defaults instead.
[2016.08.10-20.35.03:725][619]LogSlateStyle:Warning: Unable to find Slate Widget Style 'TextBlock.HighlighColor'. Using FTextBlockStyle defaults instead.
[2016.08.10-20.35.03:738][620]LogSlateStyle:Warning: Unable to find Slate Widget Style 'TextBlock.HighlighColor'. Using FTextBlockStyle defaults instead.
[2016.08.10-20.35.03:739][620]LogSlateStyle:Warning: Unable to find Slate Widget Style 'TextBlock.HighlighColor'. Using FTextBlockStyle defaults instead.
[2016.08.10-20.35.03:739][620]LogSlateStyle:Warning: Unable to find Slate Widget Style 'TextBlock.HighlighColor'. Using FTextBlockStyle defaults instead.
[2016.08.10-20.35.03:768][623]LogSlateStyle:Warning: Unable to find Slate Widget Style 'TextBlock.HighlighColor'. Using FTextBlockStyle defaults instead.
[2016.08.10-20.35.03:768][623]LogSlateStyle:Warning: Unable to find Slate Widget Style 'TextBlock.HighlighColor'. Using FTextBlockStyle defaults instead.
[2016.08.10-20.35.03:768][623]LogSlateStyle:Warning: Unable to find Slate Widget Style 'TextBlock.HighlighColor'. Using FTextBlockStyle defaults instead.
[2016.08.10-20.35.03:779][624]LogSlateStyle:Warning: Unable to find Slate Widget Style 'TextBlock.HighlighColor'. Using FTextBlockStyle defaults instead.
[2016.08.10-20.35.03:779][624]LogSlateStyle:Warning: Unable to find Slate Widget Style 'TextBlock.HighlighColor'. Using FTextBlockStyle defaults instead.
[2016.08.10-20.35.03:779][624]LogSlateStyle:Warning: Unable to find Slate Widget Style 'TextBlock.HighlighColor'. Using FTextBlockStyle defaults instead.
[2016.08.10-20.35.03:848][632]LogSlateStyle:Warning: Unable to find Slate Widget Style 'TextBlock.HighlighColor'. Using FTextBlockStyle defaults instead.
[2016.08.10-20.35.03:848][632]LogSlateStyle:Warning: Unable to find Slate Widget Style 'TextBlock.HighlighColor'. Using FTextBlockStyle defaults instead.
[2016.08.10-20.35.03:848][632]LogSlateStyle:Warning: Unable to find Slate Widget Style 'TextBlock.HighlighColor'. Using FTextBlockStyle defaults instead.
[2016.08.10-20.35.03:857][632]LogSlateStyle:Warning: Unable to find Slate Widget Style 'TextBlock.HighlighColor'. Using FTextBlockStyle defaults instead.
[2016.08.10-20.35.03:857][632]LogSlateStyle:Warning: Unable to find Slate Widget Style 'TextBlock.HighlighColor'. Using FTextBlockStyle defaults instead.
[2016.08.10-20.35.03:857][632]LogSlateStyle:Warning: Unable to find Slate Widget Style 'TextBlock.HighlighColor'. Using FTextBlockStyle defaults instead.
[2016.08.10-20.35.04:909][757]LogSlateStyle:Warning: Unable to find Slate Widget Style 'TextBlock.HighlighColor'. Using FTextBlockStyle defaults instead.
[2016.08.10-20.35.04:909][757]LogSlateStyle:Warning: Unable to find Slate Widget Style 'TextBlock.HighlighColor'. Using FTextBlockStyle defaults instead.
[2016.08.10-20.35.04:909][757]LogSlateStyle:Warning: Unable to find Slate Widget Style 'TextBlock.HighlighColor'. Using FTextBlockStyle defaults instead.
[2016.08.10-20.35.05:025][771]LogSlateStyle:Warning: Unable to find Slate Widget Style 'TextBlock.HighlighColor'. Using FTextBlockStyle defaults instead.
[2016.08.10-20.35.05:025][771]LogSlateStyle:Warning: Unable to find Slate Widget Style 'TextBlock.HighlighColor'. Using FTextBlockStyle defaults instead.
[2016.08.10-20.35.05:025][771]LogSlateStyle:Warning: Unable to find Slate Widget Style 'TextBlock.HighlighColor'. Using FTextBlockStyle defaults instead.
[2016.08.10-20.35.07:002][  2]LogSlateStyle:Warning: Unable to find Slate Widget Style 'TextBlock.HighlighColor'. Using FTextBlockStyle defaults instead.
[2016.08.10-20.35.07:002][  2]LogSlateStyle:Warning: Unable to find Slate Widget Style 'TextBlock.HighlighColor'. Using FTextBlockStyle defaults instead.
[2016.08.10-20.35.07:002][  2]LogSlateStyle:Warning: Unable to find Slate Widget Style 'TextBlock.HighlighColor'. Using FTextBlockStyle defaults instead.
[2016.08.10-20.35.07:124][ 16]LogSlateStyle:Warning: Unable to find Slate Widget Style 'TextBlock.HighlighColor'. Using FTextBlockStyle defaults instead.
[2016.08.10-20.35.07:124][ 16]LogSlateStyle:Warning: Unable to find Slate Widget Style 'TextBlock.HighlighColor'. Using FTextBlockStyle defaults instead.
[2016.08.10-20.35.07:124][ 16]LogSlateStyle:Warning: Unable to find Slate Widget Style 'TextBlock.HighlighColor'. Using FTextBlockStyle defaults instead.
[2016.08.10-20.36.28:612][778]LogSlate:Warning: Prevented a slow task dialog from being summoned while a context menu was open
[2016.08.10-20.37.42:458][586]LogPlayLevel: PlayLevel: No blueprints needed recompiling
[2016.08.10-20.37.42:477][586]PIE: New page: PIE session: Example (Aug 10, 2016, 10:37:42 AM)
[2016.08.10-20.37.42:477][586]LogPlayLevel: Creating play world package: /Game/Maps/UEDPIE_0_Example
[2016.08.10-20.37.42:479][586]LogPlayLevel: PIE: StaticDuplicateObject took: (0.002658s)
[2016.08.10-20.37.42:481][586]LogAIModule: Creating AISystem for world Example
[2016.08.10-20.37.42:481][586]LogPlayLevel: PIE: World Init took: (0.001557s)
[2016.08.10-20.37.42:481][586]LogPlayLevel: PIE: Created PIE world by copying editor world from /Game/Maps/Example.Example to /Game/Maps/UEDPIE_0_Example.Example (0.004518s)
[2016.08.10-20.37.42:492][586]LogInit: XAudio2 using 'Speakers (Conexant SmartAudio HD)' : 2 channels at 48 kHz using 32 bits per sample (channel mask 0x3)
[2016.08.10-20.37.42:503][586]LogInit: FAudioDevice initialized.
[2016.08.10-20.37.42:704][586]LogBlueprint:Warning: Node '/Game/Blueprints/MyGame.MyGame:EdGraph_0.K2Node_FunctionEntry_34' missing NodeGuid because of upgrade from old package version, this can cause deterministic cooking issues please resave package.
[2016.08.10-20.37.42:705][586]LogBlueprint:Warning: Node '/Game/Blueprints/MyGame.MyGame:EdGraph_1.K2Node_FunctionEntry_34' missing NodeGuid because of upgrade from old package version, this can cause deterministic cooking issues please resave package.
[2016.08.10-20.37.42:725][586]LogBlueprint:Warning: Node '/Game/Character/HeroTPP_AnimBlueprint.HeroTPP_AnimBlueprint:AnimGraph.AnimGraphNode_StateMachine_1.Default.AnimStateNode_1.Idle/Run.AnimGraphNode_BlendSpacePlayer_9' missing NodeGuid because of upgrade from old package version, this can cause deterministic cooking issues please resave package.
[2016.08.10-20.37.42:725][586]LogBlueprint:Warning: Node '/Game/Character/HeroTPP_AnimBlueprint.HeroTPP_AnimBlueprint:AnimGraph.AnimGraphNode_Root_5' missing NodeGuid because of upgrade from old package version, this can cause deterministic cooking issues please resave package.
[2016.08.10-20.37.42:725][586]LogBlueprint:Warning: Node '/Game/Character/HeroTPP_AnimBlueprint.HeroTPP_AnimBlueprint:AnimGraph.AnimGraphNode_StateMachine_1.Default.AnimStateNode_4.JumpStart.AnimGraphNode_SequencePlayer_34' missing NodeGuid because of upgrade from old package version, this can cause deterministic cooking issues please resave package.
[2016.08.10-20.37.42:725][586]LogBlueprint:Warning: Node '/Game/Character/HeroTPP_AnimBlueprint.HeroTPP_AnimBlueprint:AnimGraph.AnimGraphNode_StateMachine_1.Default.AnimStateNode_6.JumpLoop.AnimGraphNode_SequencePlayer_40' missing NodeGuid because of upgrade from old package version, this can cause deterministic cooking issues please resave package.
[2016.08.10-20.37.42:725][586]LogBlueprint:Warning: Node '/Game/Character/HeroTPP_AnimBlueprint.HeroTPP_AnimBlueprint:AnimGraph.AnimGraphNode_StateMachine_1.Default.AnimStateNode_8.JumpEnd.AnimGraphNode_SequencePlayer_46' missing NodeGuid because of upgrade from old package version, this can cause deterministic cooking issues please resave package.
[2016.08.10-20.37.42:725][586]LogBlueprint:Warning: Node '/Game/Character/HeroTPP_AnimBlueprint.HeroTPP_AnimBlueprint:AnimGraph.AnimGraphNode_StateMachine_1' missing NodeGuid because of upgrade from old package version, this can cause deterministic cooking issues please resave package.
[2016.08.10-20.37.42:725][586]LogBlueprint:Warning: Node '/Game/Character/HeroTPP_AnimBlueprint.HeroTPP_AnimBlueprint:AnimGraph.AnimGraphNode_StateMachine_1.Default.AnimStateNode_1.Idle/Run.AnimGraphNode_StateResult_0' missing NodeGuid because of upgrade from old package version, this can cause deterministic cooking issues please resave package.
[2016.08.10-20.37.42:725][586]LogBlueprint:Warning: Node '/Game/Character/HeroTPP_AnimBlueprint.HeroTPP_AnimBlueprint:AnimGraph.AnimGraphNode_StateMachine_1.Default.AnimStateNode_4.JumpStart.AnimGraphNode_StateResult_9' missing NodeGuid because of upgrade from old package version, this can cause deterministic cooking issues please resave package.
[2016.08.10-20.37.42:725][586]LogBlueprint:Warning: Node '/Game/Character/HeroTPP_AnimBlueprint.HeroTPP_AnimBlueprint:AnimGraph.AnimGraphNode_StateMachine_1.Default.AnimStateNode_6.JumpLoop.AnimGraphNode_StateResult_16' missing NodeGuid because of upgrade from old package version, this can cause deterministic cooking issues please resave package.
[2016.08.10-20.37.42:725][586]LogBlueprint:Warning: Node '/Game/Character/HeroTPP_AnimBlueprint.HeroTPP_AnimBlueprint:AnimGraph.AnimGraphNode_StateMachine_1.Default.AnimStateNode_8.JumpEnd.AnimGraphNode_StateResult_26' missing NodeGuid because of upgrade from old package version, this can cause deterministic cooking issues please resave package.
[2016.08.10-20.37.42:725][586]LogBlueprint:Warning: Node '/Game/Character/HeroTPP_AnimBlueprint.HeroTPP_AnimBlueprint:AnimGraph.AnimGraphNode_StateMachine_1.Default.AnimStateTransitionNode_1.Transition.AnimGraphNode_TransitionResult_0' missing NodeGuid because of upgrade from old package version, this can cause deterministic cooking issues please resave package.
[2016.08.10-20.37.42:726][586]LogBlueprint:Warning: Node '/Game/Character/HeroTPP_AnimBlueprint.HeroTPP_AnimBlueprint:AnimGraph.AnimGraphNode_StateMachine_1.Default.AnimStateTransitionNode_3.Transition.AnimGraphNode_TransitionResult_3' missing NodeGuid because of upgrade from old package version, this can cause deterministic cooking issues please resave package.
[2016.08.10-20.37.42:726][586]LogBlueprint:Warning: Node '/Game/Character/HeroTPP_AnimBlueprint.HeroTPP_AnimBlueprint:AnimGraph.AnimGraphNode_StateMachine_1.Default.AnimStateTransitionNode_5.Transition.AnimGraphNode_TransitionResult_9' missing NodeGuid because of upgrade from old package version, this can cause deterministic cooking issues please resave package.
[2016.08.10-20.37.42:726][586]LogBlueprint:Warning: Node '/Game/Character/HeroTPP_AnimBlueprint.HeroTPP_AnimBlueprint:AnimGraph.AnimGraphNode_StateMachine_1.Default.AnimStateTransitionNode_7.Transition.AnimGraphNode_TransitionResult_18' missing NodeGuid because of upgrade from old package version, this can cause deterministic cooking issues please resave package.
[2016.08.10-20.37.42:726][586]LogBlueprint:Warning: Node '/Game/Character/HeroTPP_AnimBlueprint.HeroTPP_AnimBlueprint:AnimGraph.AnimGraphNode_StateMachine_1.Default.AnimStateEntryNode_0' missing NodeGuid because of upgrade from old package version, this can cause deterministic cooking issues please resave package.
[2016.08.10-20.37.42:726][586]LogBlueprint:Warning: Node '/Game/Character/HeroTPP_AnimBlueprint.HeroTPP_AnimBlueprint:AnimGraph.AnimGraphNode_StateMachine_1.Default.AnimStateNode_1' missing NodeGuid because of upgrade from old package version, this can cause deterministic cooking issues please resave package.
[2016.08.10-20.37.42:726][586]LogBlueprint:Warning: Node '/Game/Character/HeroTPP_AnimBlueprint.HeroTPP_AnimBlueprint:AnimGraph.AnimGraphNode_StateMachine_1.Default.AnimStateNode_4' missing NodeGuid because of upgrade from old package version, this can cause deterministic cooking issues please resave package.
[2016.08.10-20.37.42:726][586]LogBlueprint:Warning: Node '/Game/Character/HeroTPP_AnimBlueprint.HeroTPP_AnimBlueprint:AnimGraph.AnimGraphNode_StateMachine_1.Default.AnimStateNode_6' missing NodeGuid because of upgrade from old package version, this can cause deterministic cooking issues please resave package.
[2016.08.10-20.37.42:726][586]LogBlueprint:Warning: Node '/Game/Character/HeroTPP_AnimBlueprint.HeroTPP_AnimBlueprint:AnimGraph.AnimGraphNode_StateMachine_1.Default.AnimStateNode_8' missing NodeGuid because of upgrade from old package version, this can cause deterministic cooking issues please resave package.
[2016.08.10-20.37.42:726][586]LogBlueprint:Warning: Node '/Game/Character/HeroTPP_AnimBlueprint.HeroTPP_AnimBlueprint:AnimGraph.AnimGraphNode_StateMachine_1.Default.AnimStateTransitionNode_1' missing NodeGuid because of upgrade from old package version, this can cause deterministic cooking issues please resave package.
[2016.08.10-20.37.42:726][586]LogBlueprint:Warning: Node '/Game/Character/HeroTPP_AnimBlueprint.HeroTPP_AnimBlueprint:AnimGraph.AnimGraphNode_StateMachine_1.Default.AnimStateTransitionNode_3' missing NodeGuid because of upgrade from old package version, this can cause deterministic cooking issues please resave package.
[2016.08.10-20.37.42:726][586]LogBlueprint:Warning: Node '/Game/Character/HeroTPP_AnimBlueprint.HeroTPP_AnimBlueprint:AnimGraph.AnimGraphNode_StateMachine_1.Default.AnimStateTransitionNode_5' missing NodeGuid because of upgrade from old package version, this can cause deterministic cooking issues please resave package.
[2016.08.10-20.37.42:726][586]LogBlueprint:Warning: Node '/Game/Character/HeroTPP_AnimBlueprint.HeroTPP_AnimBlueprint:AnimGraph.AnimGraphNode_StateMachine_1.Default.AnimStateTransitionNode_7' missing NodeGuid because of upgrade from old package version, this can cause deterministic cooking issues please resave package.
[2016.08.10-20.37.42:726][586]LogBlueprint:Warning: Node '/Game/Character/HeroTPP_AnimBlueprint.HeroTPP_AnimBlueprint:EventGraph.EdGraphNode_Comment_19' missing NodeGuid because of upgrade from old package version, this can cause deterministic cooking issues please resave package.
[2016.08.10-20.37.42:726][586]LogBlueprint:Warning: Node '/Game/Character/HeroTPP_AnimBlueprint.HeroTPP_AnimBlueprint:EventGraph.K2Node_Comment_22' missing NodeGuid because of upgrade from old package version, this can cause deterministic cooking issues please resave package.
[2016.08.10-20.37.42:726][586]LogBlueprint:Warning: Node '/Game/Character/HeroTPP_AnimBlueprint.HeroTPP_AnimBlueprint:EventGraph.K2Node_Comment_25' missing NodeGuid because of upgrade from old package version, this can cause deterministic cooking issues please resave package.
[2016.08.10-20.37.42:726][586]LogBlueprint:Warning: Node '/Game/Character/HeroTPP_AnimBlueprint.HeroTPP_AnimBlueprint:AnimGraph.AnimGraphNode_StateMachine_1.Default.AnimStateTransitionNode_3.Transition.K2Node_CallFunction_7960' missing NodeGuid because of upgrade from old package version, this can cause deterministic cooking issues please resave package.
[2016.08.10-20.37.42:726][586]LogBlueprint:Warning: Node '/Game/Character/HeroTPP_AnimBlueprint.HeroTPP_AnimBlueprint:AnimGraph.AnimGraphNode_StateMachine_1.Default.AnimStateTransitionNode_5.Transition.K2Node_CallFunction_8008' missing NodeGuid because of upgrade from old package version, this can cause deterministic cooking issues please resave package.
[2016.08.10-20.37.42:726][586]LogBlueprint:Warning: Node '/Game/Character/HeroTPP_AnimBlueprint.HeroTPP_AnimBlueprint:AnimGraph.AnimGraphNode_StateMachine_1.Default.AnimStateTransitionNode_7.Transition.K2Node_CallFunction_8428' missing NodeGuid because of upgrade from old package version, this can cause deterministic cooking issues please resave package.
[2016.08.10-20.37.42:726][586]LogBlueprint:Warning: Node '/Game/Character/HeroTPP_AnimBlueprint.HeroTPP_AnimBlueprint:EventGraph.K2Node_CallFunction_11813' missing NodeGuid because of upgrade from old package version, this can cause deterministic cooking issues please resave package.
[2016.08.10-20.37.42:726][586]LogBlueprint:Warning: Node '/Game/Character/HeroTPP_AnimBlueprint.HeroTPP_AnimBlueprint:EventGraph.K2Node_CallFunction_11990' missing NodeGuid because of upgrade from old package version, this can cause deterministic cooking issues please resave package.
[2016.08.10-20.37.42:726][586]LogBlueprint:Warning: Node '/Game/Character/HeroTPP_AnimBlueprint.HeroTPP_AnimBlueprint:EventGraph.K2Node_CallFunction_2246' missing NodeGuid because of upgrade from old package version, this can cause deterministic cooking issues please resave package.
[2016.08.10-20.37.42:726][586]LogBlueprint:Warning: Node '/Game/Character/HeroTPP_AnimBlueprint.HeroTPP_AnimBlueprint:EventGraph.K2Node_CallFunction_2731' missing NodeGuid because of upgrade from old package version, this can cause deterministic cooking issues please resave package.
[2016.08.10-20.37.42:726][586]LogBlueprint:Warning: Node '/Game/Character/HeroTPP_AnimBlueprint.HeroTPP_AnimBlueprint:EventGraph.K2Node_CallFunction_846' missing NodeGuid because of upgrade from old package version, this can cause deterministic cooking issues please resave package.
[2016.08.10-20.37.42:726][586]LogBlueprint:Warning: Node '/Game/Character/HeroTPP_AnimBlueprint.HeroTPP_AnimBlueprint:EventGraph.K2Node_Event_14' missing NodeGuid because of upgrade from old package version, this can cause deterministic cooking issues please resave package.
[2016.08.10-20.37.42:726][586]LogBlueprint:Warning: Node '/Game/Character/HeroTPP_AnimBlueprint.HeroTPP_AnimBlueprint:EventGraph.K2Node_MacroInstance_40' missing NodeGuid because of upgrade from old package version, this can cause deterministic cooking issues please resave package.
[2016.08.10-20.37.42:726][586]LogBlueprint:Warning: Node '/Game/Character/HeroTPP_AnimBlueprint.HeroTPP_AnimBlueprint:AnimGraph.AnimGraphNode_StateMachine_1.Default.AnimStateTransitionNode_3.Transition.K2Node_TransitionRuleGetter_44' missing NodeGuid because of upgrade from old package version, this can cause deterministic cooking issues please resave package.
[2016.08.10-20.37.42:726][586]LogBlueprint:Warning: Node '/Game/Character/HeroTPP_AnimBlueprint.HeroTPP_AnimBlueprint:AnimGraph.AnimGraphNode_StateMachine_1.Default.AnimStateTransitionNode_7.Transition.K2Node_TransitionRuleGetter_53' missing NodeGuid because of upgrade from old package version, this can cause deterministic cooking issues please resave package.
[2016.08.10-20.37.42:726][586]LogBlueprint:Warning: Node '/Game/Character/HeroTPP_AnimBlueprint.HeroTPP_AnimBlueprint:AnimGraph.AnimGraphNode_StateMachine_1.Default.AnimStateNode_1.Idle/Run.K2Node_VariableGet_75' missing NodeGuid because of upgrade from old package version, this can cause deterministic cooking issues please resave package.
[2016.08.10-20.37.42:726][586]LogBlueprint:Warning: Node '/Game/Character/HeroTPP_AnimBlueprint.HeroTPP_AnimBlueprint:AnimGraph.AnimGraphNode_StateMachine_1.Default.AnimStateTransitionNode_1.Transition.K2Node_VariableGet_120' missing NodeGuid because of upgrade from old package version, this can cause deterministic cooking issues please resave package.
[2016.08.10-20.37.42:726][586]LogBlueprint:Warning: Node '/Game/Character/HeroTPP_AnimBlueprint.HeroTPP_AnimBlueprint:AnimGraph.AnimGraphNode_StateMachine_1.Default.AnimStateTransitionNode_5.Transition.K2Node_VariableGet_122' missing NodeGuid because of upgrade from old package version, this can cause deterministic cooking issues please resave package.
[2016.08.10-20.37.42:726][586]LogBlueprint:Warning: Node '/Game/Character/HeroTPP_AnimBlueprint.HeroTPP_AnimBlueprint:EventGraph.K2Node_VariableSet_24' missing NodeGuid because of upgrade from old package version, this can cause deterministic cooking issues please resave package.
[2016.08.10-20.37.42:726][586]LogBlueprint:Warning: Node '/Game/Character/HeroTPP_AnimBlueprint.HeroTPP_AnimBlueprint:EventGraph.K2Node_VariableSet_64' missing NodeGuid because of upgrade from old package version, this can cause deterministic cooking issues please resave package.
[2016.08.10-20.37.42:727][586]LogBlueprint:Warning: Node '/Game/Blueprints/MyGame.MyGame:UserConstructionScript.K2Node_FunctionEntry_34' missing NodeGuid because of upgrade from old package version, this can cause deterministic cooking issues please resave package.
[2016.08.10-20.37.42:837][586]LogWorld: Game class is 'MyGame_C'
[2016.08.10-20.37.42:840][586]LogFlex:Display: Creating a FLEX system for...
[2016.08.10-20.37.42:848][586]LogMaterial:Warning: Material /Engine/BasicShapes/BasicShapeMaterial.BasicShapeMaterial missing bUsedWithFlexMeshes=True! Default Material will be used in game.
[2016.08.10-20.37.42:848][586]LogMaterial:Warning:      The material will recompile every editor launch until resaved.
[2016.08.10-20.37.42:848][586]LogWorld: Bringing World /Game/Maps/UEDPIE_0_Example.Example up for play (max tick rate 0) at 2016.08.10-15.37.42
[2016.08.10-20.37.42:849][586]LogWorld: Bringing up level for play took: 0.010210
[2016.08.10-20.37.42:863][586]LogContentBrowser: Native class hierarchy updated for 'MovieSceneCapture' in 0.0005 seconds. Added 11 classes and 0 folders.
[2016.08.10-20.37.42:866][586]PIE: Info Play in editor start time for /Game/Maps/UEDPIE_0_Example 0.792
[2016.08.10-20.37.42:868][586]LogSlateStyle:Warning: Unable to find Slate Widget Style 'TextBlock.HighlighColor'. Using FTextBlockStyle defaults instead.
[2016.08.10-20.37.42:868][586]LogSlateStyle:Warning: Unable to find Slate Widget Style 'TextBlock.HighlighColor'. Using FTextBlockStyle defaults instead.
[2016.08.10-20.37.42:868][586]LogSlateStyle:Warning: Unable to find Slate Widget Style 'TextBlock.HighlighColor'. Using FTextBlockStyle defaults instead.
[2016.08.10-20.37.47:582][133]LogSlateStyle:Warning: Unable to find Slate Widget Style 'TextBlock.HighlighColor'. Using FTextBlockStyle defaults instead.
[2016.08.10-20.37.47:582][133]LogSlateStyle:Warning: Unable to find Slate Widget Style 'TextBlock.HighlighColor'. Using FTextBlockStyle defaults instead.
[2016.08.10-20.37.47:583][133]LogSlateStyle:Warning: Unable to find Slate Widget Style 'TextBlock.HighlighColor'. Using FTextBlockStyle defaults instead.
[2016.08.10-20.37.55:786][ 72]LogAIModule: Creating AISystem for world Simu
[2016.08.10-20.37.55:799][ 72]Cmd: MAP LOAD FILE="../../../FlexProject/Content/Maps/Simu.umap" TEMPLATE=0 SHOWPROGRESS=1 FEATURELEVEL=3
[2016.08.10-20.37.55:799][ 72]LightingResults: New page: Lighting Build
[2016.08.10-20.37.55:799][ 72]LoadErrors: New page: Loading map: Simu.umap
[2016.08.10-20.37.55:800][ 72]MapCheck: New page: Map Check
[2016.08.10-20.37.55:800][ 72]LightingResults: New page: Lighting Build
[2016.08.10-20.37.55:877][ 72]LogEditorServer: Finished looking for orphan Actors (0.000 secs)
[2016.08.10-20.37.55:896][ 72]Cmd: MAP CHECKDEP NOCLEARLOG
[2016.08.10-20.37.55:924][ 72]MapCheck: Info Map check complete: 0 Error(s), 0 Warning(s), took 28.528ms to complete.
[2016.08.10-20.37.55:924][ 72]LogFileHelpers: Loading map 'Simu' took 0.127
[2016.08.10-20.38.00:059][560]LogEditorViewport: Clicking on Actor (LMB): FlexActor (liver)
[2016.08.10-20.38.45:247][884]LogSlateStyle:Warning: Unable to find Slate Widget Style 'TextBlock.HighlighColor'. Using FTextBlockStyle defaults instead.
[2016.08.10-20.38.45:247][884]LogSlateStyle:Warning: Unable to find Slate Widget Style 'TextBlock.HighlighColor'. Using FTextBlockStyle defaults instead.
[2016.08.10-20.38.45:247][884]LogSlateStyle:Warning: Unable to find Slate Widget Style 'TextBlock.HighlighColor'. Using FTextBlockStyle defaults instead.
[2016.08.10-20.38.46:216][984]LogSlateStyle:Warning: Unable to find Slate Widget Style 'TextBlock.HighlighColor'. Using FTextBlockStyle defaults instead.
[2016.08.10-20.38.46:216][984]LogSlateStyle:Warning: Unable to find Slate Widget Style 'TextBlock.HighlighColor'. Using FTextBlockStyle defaults instead.
[2016.08.10-20.38.46:216][984]LogSlateStyle:Warning: Unable to find Slate Widget Style 'TextBlock.HighlighColor'. Using FTextBlockStyle defaults instead.
[2016.08.10-20.38.47:135][ 84]Cmd: OBJ SAVEPACKAGE PACKAGE="/Game/Physics/SoftContainerLiver" FILE="../../../FlexProject/Content/Physics/SoftContainerLiver.uasset" SILENT=true
[2016.08.10-20.38.47:152][ 84]LogSavePackage: Save=1.13ms
[2016.08.10-20.38.47:152][ 84]LogSavePackage: Moving '../../../FlexProject/Saved/SoftContainerLiver91C723984033D23C9710D299A73BD7E1.tmp' to '../../../FlexProject/Content/Physics/SoftContainerLiver.uasset'
[2016.08.10-20.38.47:162][ 84]LogSavePackage:Display: Finished SavePackage ../../../FlexProject/Content/Physics/SoftContainerLiver.uasset
[2016.08.10-20.38.48:877][279]LogPlayLevel: PlayLevel: No blueprints needed recompiling
[2016.08.10-20.38.48:877][279]PIE: New page: PIE session: Simu (Aug 10, 2016, 10:38:48 AM)
[2016.08.10-20.38.48:877][279]LogPlayLevel: Creating play world package: /Game/Maps/UEDPIE_0_Simu
[2016.08.10-20.38.48:880][279]LogPlayLevel: PIE: StaticDuplicateObject took: (0.002127s)
[2016.08.10-20.38.48:880][279]LogAIModule: Creating AISystem for world Simu
[2016.08.10-20.38.48:880][279]LogPlayLevel: PIE: World Init took: (0.000888s)
[2016.08.10-20.38.48:881][279]LogPlayLevel: PIE: Created PIE world by copying editor world from /Game/Maps/Simu.Simu to /Game/Maps/UEDPIE_0_Simu.Simu (0.003188s)
[2016.08.10-20.38.48:891][279]LogInit: XAudio2 using 'Speakers (Conexant SmartAudio HD)' : 2 channels at 48 kHz using 32 bits per sample (channel mask 0x3)
[2016.08.10-20.38.48:901][279]LogInit: FAudioDevice initialized.
[2016.08.10-20.38.48:947][279]LogWorld: Game class is 'MyGame_C'
[2016.08.10-20.38.48:949][279]LogFlex:Display: Creating a FLEX system for...
[2016.08.10-20.38.48:956][279]LogWorld: Bringing World /Game/Maps/UEDPIE_0_Simu.Simu up for play (max tick rate 0) at 2016.08.10-15.38.48
[2016.08.10-20.38.48:956][279]LogWorld: Bringing up level for play took: 0.007980
[2016.08.10-20.38.48:958][279]PIE: Info Play in editor start time for /Game/Maps/UEDPIE_0_Simu 0.885
[2016.08.10-20.38.48:961][279]LogSlateStyle:Warning: Unable to find Slate Widget Style 'TextBlock.HighlighColor'. Using FTextBlockStyle defaults instead.
[2016.08.10-20.38.48:961][279]LogSlateStyle:Warning: Unable to find Slate Widget Style 'TextBlock.HighlighColor'. Using FTextBlockStyle defaults instead.
[2016.08.10-20.38.48:961][279]LogSlateStyle:Warning: Unable to find Slate Widget Style 'TextBlock.HighlighColor'. Using FTextBlockStyle defaults instead.
[2016.08.10-20.38.50:660][473]LogSlateStyle:Warning: Unable to find Slate Widget Style 'TextBlock.HighlighColor'. Using FTextBlockStyle defaults instead.
[2016.08.10-20.38.50:660][473]LogSlateStyle:Warning: Unable to find Slate Widget Style 'TextBlock.HighlighColor'. Using FTextBlockStyle defaults instead.
[2016.08.10-20.38.50:660][473]LogSlateStyle:Warning: Unable to find Slate Widget Style 'TextBlock.HighlighColor'. Using FTextBlockStyle defaults instead.
[2016.08.10-20.38.56:657][167]LogSlateStyle:Warning: Unable to find Slate Widget Style 'TextBlock.HighlighColor'. Using FTextBlockStyle defaults instead.
[2016.08.10-20.38.56:657][167]LogSlateStyle:Warning: Unable to find Slate Widget Style 'TextBlock.HighlighColor'. Using FTextBlockStyle defaults instead.
[2016.08.10-20.38.56:657][167]LogSlateStyle:Warn